619,619,2024-05-15 05:36:38.9096470,8197,Info,Microsoft-Windows-Security-SPP,Application,0,0,DC01.forela.local,6,,,,,,,,,,,,False,C:\Users\quentin\Documents\repo\writeups\CrownJewel-2\too\APPLICATION.evtx,0x80000000000000,0,"{""EventData"":{""Data"":""RuleId=8244d55f-dcd7-4010-8151-2a5af187b1ed;Action=NotifyUser;AppId=55c92734-d682-4d71-983e-d6ec3f16059f;SkuId=c1a197b6-ba5e-4394-b9bf-b659a6c1b873;NotificationInterval=240;Trigger=UserLogon;SessionId=1"",""Binary"":""""}}"
620,620,2024-05-15 05:37:28.8200394,0,Info,edgeupdate,Application,0,0,DC01.forela.local,6,,,,,,,,,,,,False,C:\Users\quentin\Documents\repo\writeups\CrownJewel-2\too\APPLICATION.evtx,0x80000000000000,0,"{""EventData"":{""Data"":""Service stopped"",""Binary"":""""}}"
621,621,2024-05-15 05:38:20.0490840,1001,Info,Windows Error Reporting,Application,0,0,DC01.forela.local,6,,Application Crash,,,,,,,,,explorer.exe | \C:\ProgramData\Microsoft\Windows\WER\ReportArchive\AppHang_explorer.exe,False,C:\Users\quentin\Documents\repo\writeups\CrownJewel-2\too\APPLICATION.evtx,0x80000000000000,0,"{""EventData"":{""Data"":""1448714414992242423, 5, AppHangB1, Not available, 0, explorer.exe, 10.0.20348.558, aac38ef2, baaa, 134217728, \n\\\\?\\C:\\ProgramData\\Microsoft\\Windows\\WER\\Temp\\WER.80236430-44cf-4916-bfba-a1d4e9b5206d.tmp.WERInternalMetadata.xml, \\\\?\\C:\\ProgramData\\Microsoft\\Windows\\WER\\ReportArchive\\AppHang_explorer.exe_14a7c8eb37fcb9a43b2eb8e4f888efc511b812bc_9a67017a_d5cae3a1-e6ee-4c10-bd0f-a74325502147, 0, 1d9debdf-10e2-4be5-8b69-2e79c07655e5, 268435556, e16a4850296641c4141ade15b699b6f7, 0"",""Binary"":""""}}"
622,622,2024-05-15 05:38:29.6740033,8224,Info,VSS,Application,0,0,DC01.forela.local,6,,,,,,,,,,,,False,C:\Users\quentin\Documents\repo\writeups\CrownJewel-2\too\APPLICATION.evtx,0x80000000000000,0,"{""EventData"":{""Data"":"""",""Binary"":""2D-20-43-6F-64-65-3A-20-20-43-4F-52-53-56-43-43-30-30-30-30-30-37-37-38-2D-20-43-61-6C-6C-3A-20-20-43-4F-52-53-56-43-43-30-30-30-30-30-37-36-30-2D-20-50-49-44-3A-20-20-30-30-30-30-34-37-34-38-2D-20-54-49-44-3A-20-20-30-30-30-30-34-37-36-38-2D-20-43-4D-44-3A-20-20-43-3A-5C-57-69-6E-64-6F-77-73-5C-73-79-73-74-65-6D-33-32-5C-76-73-73-76-63-2E-65-78-65-20-20-20-2D-20-55-73-65-72-3A-20-4E-61-6D-65-3A-20-4E-54-20-41-55-54-48-4F-52-49-54-59-5C-53-59-53-54-45-4D-2C-20-53-49-44-3A-53-2D-31-2D-35-2D-31-38-20""}}"
623,623,2024-05-15 05:39:05.0805099,0,Info,edgeupdate,Application,0,0,DC01.forela.local,6,,,,,,,,,,,,False,C:\Users\quentin\Documents\repo\writeups\CrownJewel-2\too\APPLICATION.evtx,0x80000000000000,0,"{""EventData"":{""Data"":""Service stopped"",""Binary"":""""}}"
624,624,2024-05-15 05:39:55.8459243,2005,Info,ESENT,Application,0,0,DC01.forela.local,6,,,,,,,,,,,,False,C:\Users\quentin\Documents\repo\writeups\CrownJewel-2\too\APPLICATION.evtx,0x80000000000000,0,"{""EventData"":{""Data"":""lsass, 764,G,0, 1"",""Binary"":""""}}"
625,625,2024-05-15 05:39:55.8459243,2001,Info,ESENT,Application,0,0,DC01.forela.local,6,,,,,,,,,,,,False,C:\Users\quentin\Documents\repo\writeups\CrownJewel-2\too\APPLICATION.evtx,0x80000000000000,0,"{""EventData"":{""Data"":""lsass, 764,G,0, 1"",""Binary"":""""}}"
626,626,2024-05-15 05:39:56.0958586,2003,Info,ESENT,Application,0,0,DC01.forela.local,7,,,,,,,,,,,,False,C:\Users\quentin\Documents\repo\writeups\CrownJewel-2\too\APPLICATION.evtx,0x80000000000000,0,"{""EventData"":{""Data"":""lsass, 764,G,0, 1"",""Binary"":""""}}"
627,627,2024-05-15 05:39:56.0958586,2006,Info,ESENT,Application,0,0,DC01.forela.local,7,,,,,,,,,,,,False,C:\Users\quentin\Documents\repo\writeups\CrownJewel-2\too\APPLICATION.evtx,0x80000000000000,0,"{""EventData"":{""Data"":""lsass, 764,G,0, 1"",""Binary"":""""}}"
628,628,2024-05-15 05:39:56.1583850,102,Info,ESENT,Application,0,0,DC01.forela.local,7,,,,,,,,,,,,False,C:\Users\quentin\Documents\repo\writeups\CrownJewel-2\too\APPLICATION.evtx,0x80000000000000,0,"{""EventData"":{""Data"":""lsass, 764,P,98, 1, 10, 00, 20348, 0000"",""Binary"":""""}}"
629,629,2024-05-15 05:39:56.1583850,300,Info,ESENT,Application,0,0,DC01.forela.local,7,,,,,,,,,,,,False,C:\Users\quentin\Documents\repo\writeups\CrownJewel-2\too\APPLICATION.evtx,0x80000000000000,0,"{""EventData"":{""Data"":""lsass, 764,R,98"",""Binary"":""""}}"
630,630,2024-05-15 05:39:56.1740710,216,Info,ESENT,Application,0,0,DC01.forela.local,7,,NTDS database location change was detected,,,"Database: C:\Windows\NTDS\ntds.dit, \\?\GLOBALROOT\Device\HarddiskVolumeShadowCopy1\Windows\NTDS\ntds.dit",,,,,,,False,C:\Users\quentin\Documents\repo\writeups\CrownJewel-2\too\APPLICATION.evtx,0x80000000000000,0,"{""EventData"":{""Data"":""lsass, 764,R,98, C:\\Windows\\NTDS\\ntds.dit, \\\\?\\GLOBALROOT\\Device\\HarddiskVolumeShadowCopy1\\Windows\\NTDS\\ntds.dit"",""Binary"":""""}}"
631,631,2024-05-15 05:39:56.1899674,216,Info,ESENT,Application,0,0,DC01.forela.local,7,,NTDS database location change was detected,,,"Database: C:\Windows\NTDS\ntds.dit, \\?\GLOBALROOT\Device\HarddiskVolumeShadowCopy1\Windows\NTDS\ntds.dit",,,,,,,False,C:\Users\quentin\Documents\repo\writeups\CrownJewel-2\too\APPLICATION.evtx,0x80000000000000,0,"{""EventData"":{""Data"":""lsass, 764,R,98, C:\\Windows\\NTDS\\ntds.dit, \\\\?\\GLOBALROOT\\Device\\HarddiskVolumeShadowCopy1\\Windows\\NTDS\\ntds.dit"",""Binary"":""""}}"
632,632,2024-05-15 05:39:56.1899674,216,Info,ESENT,Application,0,0,DC01.forela.local,7,,NTDS database location change was detected,,,"Database: C:\Windows\NTDS\ntds.dit, \\?\GLOBALROOT\Device\HarddiskVolumeShadowCopy1\Windows\NTDS\ntds.dit",,,,,,,False,C:\Users\quentin\Documents\repo\writeups\CrownJewel-2\too\APPLICATION.evtx,0x80000000000000,0,"{""EventData"":{""Data"":""lsass, 764,R,98, C:\\Windows\\NTDS\\ntds.dit, \\\\?\\GLOBALROOT\\Device\\HarddiskVolumeShadowCopy1\\Windows\\NTDS\\ntds.dit"",""Binary"":""""}}"
633,633,2024-05-15 05:39:56.1899674,216,Info,ESENT,Application,0,0,DC01.forela.local,7,,NTDS database location change was detected,,,"Database: C:\Windows\NTDS\ntds.dit, \\?\GLOBALROOT\Device\HarddiskVolumeShadowCopy1\Windows\NTDS\ntds.dit",,,,,,,False,C:\Users\quentin\Documents\repo\writeups\CrownJewel-2\too\APPLICATION.evtx,0x80000000000000,0,"{""EventData"":{""Data"":""lsass, 764,R,98, C:\\Windows\\NTDS\\ntds.dit, \\\\?\\GLOBALROOT\\Device\\HarddiskVolumeShadowCopy1\\Windows\\NTDS\\ntds.dit"",""Binary"":""""}}"
634,634,2024-05-15 05:39:56.1899674,216,Info,ESENT,Application,0,0,DC01.forela.local,7,,NTDS database location change was detected,,,"Database: C:\Windows\NTDS\ntds.dit, \\?\GLOBALROOT\Device\HarddiskVolumeShadowCopy1\Windows\NTDS\ntds.dit",,,,,,,False,C:\Users\quentin\Documents\repo\writeups\CrownJewel-2\too\APPLICATION.evtx,0x80000000000000,0,"{""EventData"":{""Data"":""lsass, 764,R,98, C:\\Windows\\NTDS\\ntds.dit, \\\\?\\GLOBALROOT\\Device\\HarddiskVolumeShadowCopy1\\Windows\\NTDS\\ntds.dit"",""Binary"":""""}}"
635,635,2024-05-15 05:39:56.1899674,216,Info,ESENT,Application,0,0,DC01.forela.local,7,,NTDS database location change was detected,,,"Database: C:\Windows\NTDS\ntds.dit, \\?\GLOBALROOT\Device\HarddiskVolumeShadowCopy1\Windows\NTDS\ntds.dit",,,,,,,False,C:\Users\quentin\Documents\repo\writeups\CrownJewel-2\too\APPLICATION.evtx,0x80000000000000,0,"{""EventData"":{""Data"":""lsass, 764,R,98, C:\\Windows\\NTDS\\ntds.dit, \\\\?\\GLOBALROOT\\Device\\HarddiskVolumeShadowCopy1\\Windows\\NTDS\\ntds.dit"",""Binary"":""""}}"
636,636,2024-05-15 05:39:56.1899674,216,Info,ESENT,Application,0,0,DC01.forela.local,7,,NTDS database location change was detected,,,"Database: C:\Windows\NTDS\ntds.dit, \\?\GLOBALROOT\Device\HarddiskVolumeShadowCopy1\Windows\NTDS\ntds.dit",,,,,,,False,C:\Users\quentin\Documents\repo\writeups\CrownJewel-2\too\APPLICATION.evtx,0x80000000000000,0,"{""EventData"":{""Data"":""lsass, 764,R,98, C:\\Windows\\NTDS\\ntds.dit, \\\\?\\GLOBALROOT\\Device\\HarddiskVolumeShadowCopy1\\Windows\\NTDS\\ntds.dit"",""Binary"":""""}}"
637,637,2024-05-15 05:39:56.2054925,330,Info,ESENT,Application,0,0,DC01.forela.local,7,,,,,,,,,,,,False,C:\Users\quentin\Documents\repo\writeups\CrownJewel-2\too\APPLICATION.evtx,0x80000000000000,0,"{""EventData"":{""Data"":""lsass, 764,R,98, \\\\?\\GLOBALROOT\\Device\\HarddiskVolumeShadowCopy1\\Windows\\NTDS\\ntds.dit, 0x22D8 (8920), 8920 (0x22d8), 9360 (0x2490)"",""Binary"":""""}}"
638,638,2024-05-15 05:39:56.2054925,301,Info,ESENT,Application,0,0,DC01.forela.local,7,,,,,,,,,,,,False,C:\Users\quentin\Documents\repo\writeups\CrownJewel-2\too\APPLICATION.evtx,0x80000000000000,0,"{""EventData"":{""Data"":""lsass, 764,R,98, \\\\?\\GLOBALROOT\\Device\\HarddiskVolumeShadowCopy1\\Windows\\NTDS\\edb.log, \n[1] 0.034683 -0.001601 (10) CM -0.010675 (41) WT +J(CM:10, PgRf:24, Rd:0/10, Dy:10/38, Lg:5721645/58408) +M(C:0K, Fs:944, WS:260K # 188K, PF:136K # 108K, P:136K)., Insert   , 7314"",""Binary"":""""}}"
639,639,2024-05-15 05:39:56.2211428,302,Info,ESENT,Application,0,0,DC01.forela.local,7,,,,,,,,,,,,False,C:\Users\quentin\Documents\repo\writeups\CrownJewel-2\too\APPLICATION.evtx,0x80000000000000,0,"{""EventData"":{""Data"":""lsass, 764,U,98"",""Binary"":""""}}"
640,640,2024-05-15 05:39:56.2211428,105,Info,ESENT,Application,0,0,DC01.forela.local,7,,,,,,,,,,,,False,C:\Users\quentin\Documents\repo\writeups\CrownJewel-2\too\APPLICATION.evtx,0x80000000000000,0,"{""EventData"":{""Data"":""lsass, 764,D,0, 1, 0, \n[1] -\n[2] -\n[3] 0.000012 +J(0) +M(C:0K, Fs:1, WS:4K # 0K, PF:0K # 0K, P:0K)\n[4] 0.000895 -0.000394 (1) WT +J(0) +M(C:0K, Fs:23, WS:16K # 56K, PF:68K # 0K, P:68K)\n[5] 0.000005 +J(0)\n[6] 0.000529 +J(0) +M(C:0K, Fs:1, WS:4K # 0K, PF:12K # 0K, P:12K)\n[7] 0.014000 -0.008733 (21) WT +J(0) +M(C:0K, Fs:2565, WS:10240K # 10176K, PF:10260K # 10028K, P:10260K)\n[8] 0.037406 -0.001601 (10) CM -0.000001 (5) CB -0.011336 (45) WT +J(CM:10, PgRf:24, Rd:0/10, Dy:10/38, Lg:5721645/58408) +M(C:0K, Fs:1117, WS:872K # 872K, PF:660K # 704K, P:660K)\n[9] 0.000188 +J(0)\n[10] 0.010739 -0.000000 (1) CB -0.007182 (20) WT +J(0) +M(C:0K, Fs:2, WS:-10228K # 8K, PF:-10252K # 0K, P:-10252K)\n[11] 0.000021 +J(CM:0, PgRf:0, Rd:0/0, Dy:0/0, Lg:49/1) +M(C:0K, Fs:1, WS:4K # 0K, PF:0K # 0K, P:0K)\n[12] 0.002849 -0.002126 (3) WT +J(0) +M(C:-12K, Fs:4, WS:4K # 0K, PF:20K # 0K, P:20K)\n[13] 0.021202 -0.000370 (2) CM -0.000001 (2) CB -0.011349 (42) WT +J(CM:2, PgRf:2, Rd:0/2, Dy:0/0, Lg:8759/5) +M(C:-8K, Fs:2579, WS:-540K # 0K, PF:-560K # 0K, P:-560K)\n[14] 0.000010 +J(0)\n[15] 0.000006 +J(0)\n[16] 0.000427 -0.000130 (1) WT +J(0) +M(C:0K, Fs:2, WS:0K # 0K, PF:0K # 0K, P:0K)., lgposV2[] = 00000002:0001:0000 - 00000002:058B:03F9 - 00000002:058C:0000 - 00000002:058C:0000 (00000000:0000:0000)\ncReInits = 6\n"",""Binary"":""""}}"
641,641,2024-05-15 05:39:56.2525259,103,Info,ESENT,Application,0,0,DC01.forela.local,7,,,,,,,,,,,,False,C:\Users\quentin\Documents\repo\writeups\CrownJewel-2\too\APPLICATION.evtx,0x80000000000000,0,"{""EventData"":{""Data"":""lsass, 764,T,97, 1, \n[1] 0.000001 +J(0)\n[2] 0.000002 +J(0)\n[3] 0.000001 +J(0)\n[4] 0.000001 +J(0)\n[5] 0.000262 +J(0) +M(C:0K, Fs:1, WS:0K # 0K, PF:0K # 0K, P:0K)\n[6] 0.0 +J(0)\n[7] 0.0 +J(0)\n[8] 0.0 +J(CM:0, PgRf:0, Rd:0/0, Dy:0/0, Lg:3480/2) +M(C:0K, Fs:1, WS:0K # 0K, PF:0K # 0K, P:0K)\n[9] 0.0 +J(CM:0, PgRf:0, Rd:0/0, Dy:0/0, Lg:66/1) +M(C:0K, Fs:1, WS:4K # 0K, PF:20K # 0K, P:20K)\n[10] 0.0 +J(0)\n[11] 0.006448 -0.006266 (2) WT +J(0)\n[12] 0.000025 +J(0) +M(C:0K, Fs:0, WS:-4K # 0K, PF:-4K # 0K, P:-4K)\n[13] 0.000019 +J(0)\n[14] 0.000006 +J(0) +M(C:0K, Fs:0, WS:-12K # 0K, PF:-32K # 0K, P:-32K)\n[15] 0.000001 +J(0)., 0"",""Binary"":""""}}"
642,642,2024-05-15 05:39:56.3927279,102,Info,ESENT,Application,0,0,DC01.forela.local,7,,,,,,,,,,,,False,C:\Users\quentin\Documents\repo\writeups\CrownJewel-2\too\APPLICATION.evtx,0x80000000000000,0,"{""EventData"":{""Data"":""NTDS, 3940,P,98, 0, 10, 00, 20348, 0000"",""Binary"":""""}}"
643,643,2024-05-15 05:39:56.4086063,105,Info,ESENT,Application,0,0,DC01.forela.local,7,,,,,,,,,,,,False,C:\Users\quentin\Documents\repo\writeups\CrownJewel-2\too\APPLICATION.evtx,0x80000000000000,0,"{""EventData"":{""Data"":""NTDS, 3940,D,0, 0, 0, \n[1] 0.000309 +J(0) +M(C:0K, Fs:79, WS:288K # 0K, PF:2624K # 0K, P:2624K)\n[2] 0.000166 +J(0) +M(C:16K, Fs:126, WS:496K # 0K, PF:824K # 248K, P:824K)\n[3] 0.000007 +J(0) +M(C:0K, Fs:4, WS:16K # 16K, PF:64K # 64K, P:64K)\n[4] 0.000042 +J(0) +M(C:0K, Fs:42, WS:168K # 168K, PF:152K # 152K, P:152K)\n[5] 0.000141 +J(0) +M(C:0K, Fs:50, WS:200K # 200K, PF:20K # 20K, P:20K)\n[6] -\n[7] -\n[8] -\n[9] -\n[10] -\n[11] -\n[12] -\n[13] 0.000574 +J(0) +M(C:0K, Fs:7, WS:28K # 28K, PF:0K # 0K, P:0K)\n[14] 0.000009 +J(0) +M(C:0K, Fs:1, WS:4K # 4K, PF:0K # 0K, P:0K)\n[15] 0.000033 +J(0) +M(C:0K, Fs:16, WS:64K # 64K, PF:64K # 64K, P:64K)\n[16] 0.000002 +J(0)."",""Binary"":""""}}"
644,644,2024-05-15 05:39:56.4086063,326,Info,ESENT,Application,0,0,DC01.forela.local,7,,NTDS the database engine attached a database,,,Database: C:\$SNAP_202405151039_VOLUMEC$\Windows\NTDS\ntds.dit,,,,,,,False,C:\Users\quentin\Documents\repo\writeups\CrownJewel-2\too\APPLICATION.evtx,0x80000000000000,0,"{""EventData"":{""Data"":""NTDS, 3940,D,100, 1, C:\\$SNAP_202405151039_VOLUMEC$\\Windows\\NTDS\\ntds.dit, 0, \n[1] 0.000002 +J(0) +M(C:0K, Fs:1, WS:4K # 4K, PF:0K # 0K, P:0K)\n[2] 0.000944 -0.000265 (1) WT +J(0) +M(C:0K, Fs:41, WS:100K # 164K, PF:160K # 224K, P:160K)\n[3] 0.001053 -0.000595 (2) WT +J(0) +M(C:0K, Fs:11, WS:44K # 0K, PF:104K # 44K, P:104K)\n[4] 0.000040 +J(0)\n[5] -\n[6] -\n[7] -\n[8] 0.000525 -0.000375 (2) CM -0.000208 (2) WT +J(CM:2, PgRf:2, Rd:4/2, Dy:0/0, Lg:0/0) +M(C:16K, Fs:52, WS:200K # 180K, PF:208K # 208K, P:208K)\n[9] 0.000003 +J(0)\n[10] 0.0 +J(0)\n[11] 0.0 +J(0)\n[12] 0.0 +J(0)\n[13] 0.0 +J(0)\n[14] 0.0 +J(0)\n[15] 0.0 +J(0)., 0 0, ,\ndbv = 1568.20.0 (36)"",""Binary"":""""}}"
645,645,2024-05-15 05:39:56.4867740,330,Info,ESENT,Application,0,0,DC01.forela.local,7,,,,,,,,,,,,False,C:\Users\quentin\Documents\repo\writeups\CrownJewel-2\too\APPLICATION.evtx,0x80000000000000,0,"{""EventData"":{""Data"":""NTDS, 3940,D,100, C:\\Windows\\Temp\\dump_tmp\\Active Directory\\ntds.dit, 0x22D8 (8920), 8920 (0x22d8), 9360 (0x2490)"",""Binary"":""""}}"
646,646,2024-05-15 05:39:56.5025731,325,Info,ESENT,Application,0,0,DC01.forela.local,7,,NTDS the database engine created a new database,,,Database: C:\Windows\Temp\dump_tmp\Active Directory\ntds.dit,,,,,,,False,C:\Users\quentin\Documents\repo\writeups\CrownJewel-2\too\APPLICATION.evtx,0x80000000000000,0,"{""EventData"":{""Data"":""NTDS, 3940,D,100, 2, C:\\Windows\\Temp\\dump_tmp\\Active Directory\\ntds.dit, 0, \n[1] 0.000402 +J(0) +M(C:0K, Fs:17, WS:68K # 68K, PF:20K # 20K, P:20K)\n[2] 0.000002 +J(0) +M(C:0K, Fs:1, WS:4K # 4K, PF:0K # 0K, P:0K)\n[3] 0.004469 +J(0) +M(C:16K, Fs:14, WS:48K # 56K, PF:36K # 44K, P:36K)\n[4] 0.000100 +J(0)\n[5] 0.000057 +J(CM:0, PgRf:3, Rd:0/0, Dy:3/3, Lg:0/0) +M(C:-16K, Fs:16, WS:48K # 40K, PF:-16K # 0K, P:-16K)\n[6] 0.059418 -0.000591 (3) CM -0.058075 (6) WT +J(CM:3, PgRf:213, Rd:0/3, Dy:20/200, Lg:0/0) +M(C:80K, Fs:74, WS:240K # 240K, PF:280K # 260K, P:280K)\n[7] 0.000316 +J(0) +M(C:0K, Fs:2, WS:8K # 8K, PF:0K # 0K, P:0K)\n[8] 0.000001 +J(0)\n[9] 0.000718 -0.000360 (3) WT +J(0) +M(C:-28K, Fs:10, WS:-20K # 8K, PF:-28K # 8K, P:-28K)\n[10] 0.015953 -0.000330 (3) CM -0.014071 (6) WT +J(CM:3, PgRf:354, Rd:0/3, Dy:14/41, Lg:0/0) +M(C:44K, Fs:44, WS:136K # 116K, PF:112K # 80K, P:112K)\n[11] 0.000001 +J(0)., 0 0, ,\ndbv = 1568.20.0 (36)"",""Binary"":""""}}"
647,647,2024-05-15 05:39:56.5025731,330,Info,ESENT,Application,0,0,DC01.forela.local,7,,,,,,,,,,,,False,C:\Users\quentin\Documents\repo\writeups\CrownJewel-2\too\APPLICATION.evtx,0x80000000000000,0,"{""EventData"":{""Data"":""NTDS, 3940,D,100, C:\\Users\\ADMINI~1\\AppData\\Local\\Temp\\tmp.edb, 0x22D8 (8920), 8920 (0x22d8), 9360 (0x2490)"",""Binary"":""""}}"
648,648,2024-05-15 05:39:58.5490187,327,Info,ESENT,Application,0,0,DC01.forela.local,7,,NTDS the database engine detached a database,,,Database: C:\Windows\Temp\dump_tmp\Active Directory\ntds.dit,,,,,,,False,C:\Users\quentin\Documents\repo\writeups\CrownJewel-2\too\APPLICATION.evtx,0x80000000000000,0,"{""EventData"":{""Data"":""NTDS, 3940,D,100, 2, C:\\Windows\\Temp\\dump_tmp\\Active Directory\\ntds.dit, 0, \n[1] 0.000003 +J(0)\n[2] 0.0 +J(0)\n[3] 0.000007 +J(0) +M(C:0K, Fs:1, WS:4K # 0K, PF:0K # 0K, P:0K)\n[4] 0.0 +J(0)\n[5] 0.0 +J(0)\n[6] 0.023198 -0.019281 (2) WT +J(0) +M(C:-424K, Fs:26, WS:-464K # 76K, PF:-356K # 0K, P:-356K)\n[7] 0.000279 +J(0)\n[8] 0.000029 +J(0) +M(C:0K, Fs:1, WS:4K # 0K, PF:0K # 0K, P:0K)\n[9] 0.001762 -0.000919 (6) WT +J(0) +M(C:0K, Fs:4, WS:-20K # 0K, PF:-20K # 0K, P:-20K)\n[10] 0.000140 +J(0)\n[11] 0.000060 +J(0) +M(C:0K, Fs:1, WS:-4K # 0K, PF:-8K # 0K, P:-8K)., 0 0"",""Binary"":""""}}"
649,649,2024-05-15 05:39:58.5647753,327,Info,ESENT,Application,0,0,DC01.forela.local,7,,NTDS the database engine detached a database,,,Database: C:\$SNAP_202405151039_VOLUMEC$\Windows\NTDS\ntds.dit,,,,,,,False,C:\Users\quentin\Documents\repo\writeups\CrownJewel-2\too\APPLICATION.evtx,0x80000000000000,0,"{""EventData"":{""Data"":""NTDS, 3940,D,100, 1, C:\\$SNAP_202405151039_VOLUMEC$\\Windows\\NTDS\\ntds.dit, 0, \n[1] 0.000002 +J(0)\n[2] 0.0 +J(0)\n[3] 0.000001 +J(0)\n[4] 0.0 +J(0)\n[5] 0.0 +J(0)\n[6] 0.001632 -0.001582 (1) WT +J(0) +M(C:0K, Fs:2, WS:8K # 0K, PF:40K # 0K, P:40K)\n[7] 0.000048 +J(0) +M(C:0K, Fs:0, WS:0K # 0K, PF:64K # 0K, P:64K)\n[8] 0.0 +J(0)\n[9] 0.000030 +J(0) +M(C:0K, Fs:0, WS:-20K # 0K, PF:-20K # 0K, P:-20K)\n[10] 0.000011 +J(0)\n[11] 0.000068 +J(0) +M(C:0K, Fs:0, WS:-200K # 0K, PF:-200K # 0K, P:-200K)., 0 0"",""Binary"":""""}}"
650,650,2024-05-15 05:39:58.5647753,103,Info,ESENT,Application,0,0,DC01.forela.local,7,,,,,,,,,,,,False,C:\Users\quentin\Documents\repo\writeups\CrownJewel-2\too\APPLICATION.evtx,0x80000000000000,0,"{""EventData"":{""Data"":""NTDS, 3940,T,97, 0, \n[1] 0.000003 +J(0)\n[2] 0.000007 +J(0) +M(C:0K, Fs:1, WS:4K # 0K, PF:0K # 0K, P:0K)\n[3] 0.000001 +J(0)\n[4] 0.000002 +J(0)\n[5] 0.000010 +J(0)\n[6] 0.000001 +J(0)\n[7] 0.000002 +J(0)\n[8] 0.000299 +J(0) +M(C:0K, Fs:2, WS:-232K # 0K, PF:-264K # 0K, P:-264K)\n[9] -\n[10] -\n[11] -\n[12] -\n[13] 0.000003 +J(0) +M(C:0K, Fs:1, WS:4K # 0K, PF:0K # 0K, P:0K)\n[14] 0.000001 +J(0)\n[15] 0.000003 +J(0) +M(C:0K, Fs:0, WS:0K # 0K, PF:132K # 0K, P:132K)., 0"",""Binary"":""""}}"
651,651,2024-05-15 05:40:47.0806335,102,Info,ESENT,Application,0,0,DC01.forela.local,7,,,,,,,,,,,,False,C:\Users\quentin\Documents\repo\writeups\CrownJewel-2\too\APPLICATION.evtx,0x80000000000000,0,"{""EventData"":{""Data"":""DFSRs, 3064,P,98, \\\\.\\C:\\System Volume Information\\DFSR\\database_72E6_EF45_E6EF_865\\dfsr.db: , 0, 10, 00, 20348, 0000"",""Binary"":""""}}"
652,652,2024-05-15 05:40:47.0960660,105,Info,ESENT,Application,0,0,DC01.forela.local,7,,,,,,,,,,,,False,C:\Users\quentin\Documents\repo\writeups\CrownJewel-2\too\APPLICATION.evtx,0x80000000000000,0,"{""EventData"":{""Data"":""DFSRs, 3064,D,0, \\\\.\\C:\\System Volume Information\\DFSR\\database_72E6_EF45_E6EF_865\\dfsr.db: , 0, 0, \n[1] 0.002481 +J(0) +M(C:0K, Fs:325, WS:1256K # 1256K, PF:6776K # 6776K, P:6776K)\n[2] 0.000159 +J(0) +M(C:16K, Fs:107, WS:420K # 420K, PF:356K # 352K, P:356K)\n[3] 0.000009 +J(0) +M(C:0K, Fs:4, WS:12K # 12K, PF:68K # 68K, P:68K)\n[4] 0.000083 +J(0) +M(C:2032K, Fs:35, WS:136K # 136K, PF:2448K # 2448K, P:2448K)\n[5] 0.000367 +J(0) +M(C:0K, Fs:9, WS:36K # 36K, PF:24K # 24K, P:24K)\n[6] 0.001505 +J(0) +M(C:0K, Fs:22, WS:84K # 84K, PF:12K # 12K, P:12K)\n[7] 0.012666 -0.009930 (11) WT +J(0) +M(C:0K, Fs:1300, WS:5192K # 5192K, PF:5132K # 5132K, P:5132K)\n[8] -\n[9] -\n[10] -\n[11] -\n[12] -\n[13] 0.006337 -0.003165 (12) WT +J(CM:0, PgRf:0, Rd:0/0, Dy:0/0, Lg:616/1) +M(C:0K, Fs:6, WS:-5104K # 16K, PF:-5124K # 12K, P:-5124K)\n[14] 0.000010 +J(0)\n[15] 0.000055 +J(0) +M(C:0K, Fs:64, WS:256K # 0K, PF:64K # 0K, P:64K)\n[16] 0.000191 -0.000076 (1) WT +J(0) +M(C:0K, Fs:3, WS:4K # 0K, PF:0K # 0K, P:0K)."",""Binary"":""""}}"
653,653,2024-05-15 05:40:47.0960660,326,Info,ESENT,Application,0,0,DC01.forela.local,7,,NTDS the database engine attached a database,,,"Database: DFSRs, 3064,D,50, \\.\C:\System Volume Information\DFSR\database_72E6_EF45_E6EF_865\dfsr.db: , 1, \\.\C:\System Volume Information\DFSR\database_72E6_EF45_E6EF_865\dfsr.db, 0, 
[1] 0.000003 +J(0) +M(C:0K, Fs:1, WS:4K # 0K, PF:0K # 0K, P:0K)
[2] 0.000657 -0.000486 (1) WT +J(0) +M(C:0K, Fs:19, WS:12K # 0K, PF:8K # 0K, P:8K)
[3] 0.002595 -0.001002 (6) WT +J(CM:0, PgRf:0, Rd:0/0, Dy:0/0, Lg:3480/2) +M(C:0K, Fs:31, WS:116K # 0K, PF:148K # 0K, P:148K)
[4] 0.000050 +J(0)
[5] -
[6] -
[7] -
[8] 0.000522 -0.000258 (2) CM -0.000150 (2) WT +J(CM:2, PgRf:2, Rd:14/2, Dy:0/0, Lg:54/1) +M(C:-8K, Fs:62, WS:240K # 0K, PF:144K # 0K, P:144K)
[9] 0.000844 -0.000700 (2) CM -0.000642 (2) WT +J(CM:2, PgRf:23, Rd:0/1, Dy:0/0, Lg:0/0) +M(C:-12K, Fs:31, WS:108K # 0K, PF:192K # 0K, P:192K)
[10] 0.000311 -0.000260 (1) CM -0.000225 (1) WT +J(CM:1, PgRf:40, Rd:0/1, Dy:0/0, Lg:0/0) +M(C:-4K, Fs:6, WS:20K # 0K, PF:60K # 0K, P:60K)
[11] 0.000009 +J(CM:0, PgRf:1, Rd:0/0, Dy:0/0, Lg:0/0) +M(C:0K, Fs:4, WS:16K # 0K, PF:0K # 0K, P:0K)
[12] 0.000010 +J(CM:0, PgRf:36, Rd:0/0, Dy:0/0, Lg:0/0) +M(C:0K, Fs:1, WS:4K # 0K, PF:0K # 0K, P:0K)
[13] 0.0 +J(0)
[14] 0.0 +J(0)
[15] 0.000002 +J(CM:0, PgRf:1, Rd:0/0, Dy:0/0, Lg:0/0)., 0 0, lgposAttach = 00000001:00A4:0268,
dbv = 1568.180.400 (9360)",,,,,,,False,C:\Users\quentin\Documents\repo\writeups\CrownJewel-2\too\APPLICATION.evtx,0x80000000000000,0,"{""EventData"":{""Data"":""DFSRs, 3064,D,50, \\\\.\\C:\\System Volume Information\\DFSR\\database_72E6_EF45_E6EF_865\\dfsr.db: , 1, \\\\.\\C:\\System Volume Information\\DFSR\\database_72E6_EF45_E6EF_865\\dfsr.db, 0, \n[1] 0.000003 +J(0) +M(C:0K, Fs:1, WS:4K # 0K, PF:0K # 0K, P:0K)\n[2] 0.000657 -0.000486 (1) WT +J(0) +M(C:0K, Fs:19, WS:12K # 0K, PF:8K # 0K, P:8K)\n[3] 0.002595 -0.001002 (6) WT +J(CM:0, PgRf:0, Rd:0/0, Dy:0/0, Lg:3480/2) +M(C:0K, Fs:31, WS:116K # 0K, PF:148K # 0K, P:148K)\n[4] 0.000050 +J(0)\n[5] -\n[6] -\n[7] -\n[8] 0.000522 -0.000258 (2) CM -0.000150 (2) WT +J(CM:2, PgRf:2, Rd:14/2, Dy:0/0, Lg:54/1) +M(C:-8K, Fs:62, WS:240K # 0K, PF:144K # 0K, P:144K)\n[9] 0.000844 -0.000700 (2) CM -0.000642 (2) WT +J(CM:2, PgRf:23, Rd:0/1, Dy:0/0, Lg:0/0) +M(C:-12K, Fs:31, WS:108K # 0K, PF:192K # 0K, P:192K)\n[10] 0.000311 -0.000260 (1) CM -0.000225 (1) WT +J(CM:1, PgRf:40, Rd:0/1, Dy:0/0, Lg:0/0) +M(C:-4K, Fs:6, WS:20K # 0K, PF:60K # 0K, P:60K)\n[11] 0.000009 +J(CM:0, PgRf:1, Rd:0/0, Dy:0/0, Lg:0/0) +M(C:0K, Fs:4, WS:16K # 0K, PF:0K # 0K, P:0K)\n[12] 0.000010 +J(CM:0, PgRf:36, Rd:0/0, Dy:0/0, Lg:0/0) +M(C:0K, Fs:1, WS:4K # 0K, PF:0K # 0K, P:0K)\n[13] 0.0 +J(0)\n[14] 0.0 +J(0)\n[15] 0.000002 +J(CM:0, PgRf:1, Rd:0/0, Dy:0/0, Lg:0/0)., 0 0, lgposAttach = 00000001:00A4:0268,\ndbv = 1568.180.400 (9360)"",""Binary"":""""}}"
1,5883,2024-05-15 05:35:11.7435880,4688,LogAlways,Microsoft-Windows-Security-Auditing,Security,4,176,DC01.forela.local,0,,A new process has been created,-\-,,"Parent process: ",PID: 0xAC,Parent PID: 0x4,Mandatory label: SECURITY_MANDATORY_SYSTEM_RID,Target User: -\-,,"Registry ",False,C:\Users\quentin\Documents\repo\writeups\CrownJewel-2\too\SECURITY.evtx,Audit success,0,"{""EventData"":{""Data"":[{""@Name"":""SubjectUserSid"",""#text"":""S-1-5-18""},{""@Name"":""SubjectUserName"",""#text"":""-""},{""@Name"":""SubjectDomainName"",""#text"":""-""},{""@Name"":""SubjectLogonId"",""#text"":""0x3E7""},{""@Name"":""NewProcessId"",""#text"":""0xAC""},{""@Name"":""NewProcessName"",""#text"":""Registry""},{""@Name"":""TokenElevationType"",""#text"":""%%1936""},{""@Name"":""ProcessId"",""#text"":""0x4""},{""@Name"":""CommandLine""},{""@Name"":""TargetUserSid"",""#text"":""S-1-0-0""},{""@Name"":""TargetUserName"",""#text"":""-""},{""@Name"":""TargetDomainName"",""#text"":""-""},{""@Name"":""TargetLogonId"",""#text"":""0x0""},{""@Name"":""ParentProcessName""},{""@Name"":""MandatoryLabel"",""#text"":""S-1-16-16384""}]}}"
2,5884,2024-05-15 05:35:11.7437676,4696,LogAlways,Microsoft-Windows-Security-Auditing,Security,4,176,DC01.forela.local,0,,A privileged service was called,-\- (S-1-5-18),,Target: -\- (S-1-0-0),,,,,Registry (PID: 0xAC)," (PID: 0x4)",False,C:\Users\quentin\Documents\repo\writeups\CrownJewel-2\too\SECURITY.evtx,Audit success,0,"{""EventData"":{""Data"":[{""@Name"":""SubjectUserSid"",""#text"":""S-1-5-18""},{""@Name"":""SubjectUserName"",""#text"":""-""},{""@Name"":""SubjectDomainName"",""#text"":""-""},{""@Name"":""SubjectLogonId"",""#text"":""0x3E7""},{""@Name"":""TargetUserSid"",""#text"":""S-1-0-0""},{""@Name"":""TargetUserName"",""#text"":""-""},{""@Name"":""TargetDomainName"",""#text"":""-""},{""@Name"":""TargetLogonId"",""#text"":""0x3E7""},{""@Name"":""TargetProcessId"",""#text"":""0xAC""},{""@Name"":""TargetProcessName"",""#text"":""Registry""},{""@Name"":""ProcessId"",""#text"":""0x4""},{""@Name"":""ProcessName""}]}}"
3,5885,2024-05-15 05:35:11.7437706,4826,LogAlways,Microsoft-Windows-Security-Auditing,Security,4,176,DC01.forela.local,0,,,,,,,,,,,,False,C:\Users\quentin\Documents\repo\writeups\CrownJewel-2\too\SECURITY.evtx,Audit success,0,"{""EventData"":{""Data"":[{""@Name"":""SubjectUserSid"",""#text"":""S-1-5-18""},{""@Name"":""SubjectUserName"",""#text"":""-""},{""@Name"":""SubjectDomainName"",""#text"":""-""},{""@Name"":""SubjectLogonId"",""#text"":""0x3E7""},{""@Name"":""LoadOptions"",""#text"":""-""},{""@Name"":""AdvancedOptions"",""#text"":""%%1843""},{""@Name"":""ConfigAccessPolicy"",""#text"":""%%1846""},{""@Name"":""RemoteEventLogging"",""#text"":""%%1843""},{""@Name"":""KernelDebug"",""#text"":""%%1843""},{""@Name"":""VsmLaunchType"",""#text"":""%%1848""},{""@Name"":""TestSigning"",""#text"":""%%1843""},{""@Name"":""FlightSigning"",""#text"":""%%1843""},{""@Name"":""DisableIntegrityChecks"",""#text"":""%%1843""},{""@Name"":""HypervisorLoadOptions"",""#text"":""-""},{""@Name"":""HypervisorLaunchType"",""#text"":""%%1848""},{""@Name"":""HypervisorDebug"",""#text"":""%%1843""}]}}"
4,5886,2024-05-15 05:35:11.7470845,4688,LogAlways,Microsoft-Windows-Security-Auditing,Security,4,176,DC01.forela.local,0,,A new process has been created,-\-,,"Parent process: ",PID: 0x18C,Parent PID: 0x4,Mandatory label: SECURITY_MANDATORY_SYSTEM_RID,Target User: -\-,,"C:\Windows\System32\smss.exe ",False,C:\Users\quentin\Documents\repo\writeups\CrownJewel-2\too\SECURITY.evtx,Audit success,0,"{""EventData"":{""Data"":[{""@Name"":""SubjectUserSid"",""#text"":""S-1-5-18""},{""@Name"":""SubjectUserName"",""#text"":""-""},{""@Name"":""SubjectDomainName"",""#text"":""-""},{""@Name"":""SubjectLogonId"",""#text"":""0x3E7""},{""@Name"":""NewProcessId"",""#text"":""0x18C""},{""@Name"":""NewProcessName"",""#text"":""C:\\Windows\\System32\\smss.exe""},{""@Name"":""TokenElevationType"",""#text"":""%%1936""},{""@Name"":""ProcessId"",""#text"":""0x4""},{""@Name"":""CommandLine""},{""@Name"":""TargetUserSid"",""#text"":""S-1-0-0""},{""@Name"":""TargetUserName"",""#text"":""-""},{""@Name"":""TargetDomainName"",""#text"":""-""},{""@Name"":""TargetLogonId"",""#text"":""0x0""},{""@Name"":""ParentProcessName""},{""@Name"":""MandatoryLabel"",""#text"":""S-1-16-16384""}]}}"
5,5887,2024-05-15 05:35:14.1320751,4688,LogAlways,Microsoft-Windows-Security-Auditing,Security,4,356,DC01.forela.local,0,,A new process has been created,-\-,,Parent process: C:\Windows\System32\smss.exe,PID: 0x1C0,Parent PID: 0x18C,Mandatory label: SECURITY_MANDATORY_SYSTEM_RID,Target User: -\-,,"C:\Windows\System32\autochk.exe ",False,C:\Users\quentin\Documents\repo\writeups\CrownJewel-2\too\SECURITY.evtx,Audit success,0,"{""EventData"":{""Data"":[{""@Name"":""SubjectUserSid"",""#text"":""S-1-5-18""},{""@Name"":""SubjectUserName"",""#text"":""-""},{""@Name"":""SubjectDomainName"",""#text"":""-""},{""@Name"":""SubjectLogonId"",""#text"":""0x3E7""},{""@Name"":""NewProcessId"",""#text"":""0x1C0""},{""@Name"":""NewProcessName"",""#text"":""C:\\Windows\\System32\\autochk.exe""},{""@Name"":""TokenElevationType"",""#text"":""%%1936""},{""@Name"":""ProcessId"",""#text"":""0x18C""},{""@Name"":""CommandLine""},{""@Name"":""TargetUserSid"",""#text"":""S-1-0-0""},{""@Name"":""TargetUserName"",""#text"":""-""},{""@Name"":""TargetDomainName"",""#text"":""-""},{""@Name"":""TargetLogonId"",""#text"":""0x0""},{""@Name"":""ParentProcessName"",""#text"":""C:\\Windows\\System32\\smss.exe""},{""@Name"":""MandatoryLabel"",""#text"":""S-1-16-16384""}]}}"
6,5888,2024-05-15 05:35:15.6962925,4688,LogAlways,Microsoft-Windows-Security-Auditing,Security,4,196,DC01.forela.local,0,,A new process has been created,-\-,,Parent process: C:\Windows\System32\smss.exe,PID: 0x20C,Parent PID: 0x18C,Mandatory label: SECURITY_MANDATORY_SYSTEM_RID,Target User: -\-,,"C:\Windows\System32\smss.exe ",False,C:\Users\quentin\Documents\repo\writeups\CrownJewel-2\too\SECURITY.evtx,Audit success,0,"{""EventData"":{""Data"":[{""@Name"":""SubjectUserSid"",""#text"":""S-1-5-18""},{""@Name"":""SubjectUserName"",""#text"":""-""},{""@Name"":""SubjectDomainName"",""#text"":""-""},{""@Name"":""SubjectLogonId"",""#text"":""0x3E7""},{""@Name"":""NewProcessId"",""#text"":""0x20C""},{""@Name"":""NewProcessName"",""#text"":""C:\\Windows\\System32\\smss.exe""},{""@Name"":""TokenElevationType"",""#text"":""%%1936""},{""@Name"":""ProcessId"",""#text"":""0x18C""},{""@Name"":""CommandLine""},{""@Name"":""TargetUserSid"",""#text"":""S-1-0-0""},{""@Name"":""TargetUserName"",""#text"":""-""},{""@Name"":""TargetDomainName"",""#text"":""-""},{""@Name"":""TargetLogonId"",""#text"":""0x0""},{""@Name"":""ParentProcessName"",""#text"":""C:\\Windows\\System32\\smss.exe""},{""@Name"":""MandatoryLabel"",""#text"":""S-1-16-16384""}]}}"
7,5889,2024-05-15 05:35:15.8121338,4688,LogAlways,Microsoft-Windows-Security-Auditing,Security,4,32,DC01.forela.local,0,,A new process has been created,-\-,,Parent process: C:\Windows\System32\smss.exe,PID: 0x214,Parent PID: 0x20C,Mandatory label: SECURITY_MANDATORY_SYSTEM_RID,Target User: -\-,,"C:\Windows\System32\csrss.exe ",False,C:\Users\quentin\Documents\repo\writeups\CrownJewel-2\too\SECURITY.evtx,Audit success,0,"{""EventData"":{""Data"":[{""@Name"":""SubjectUserSid"",""#text"":""S-1-5-18""},{""@Name"":""SubjectUserName"",""#text"":""-""},{""@Name"":""SubjectDomainName"",""#text"":""-""},{""@Name"":""SubjectLogonId"",""#text"":""0x3E7""},{""@Name"":""NewProcessId"",""#text"":""0x214""},{""@Name"":""NewProcessName"",""#text"":""C:\\Windows\\System32\\csrss.exe""},{""@Name"":""TokenElevationType"",""#text"":""%%1936""},{""@Name"":""ProcessId"",""#text"":""0x20C""},{""@Name"":""CommandLine""},{""@Name"":""TargetUserSid"",""#text"":""S-1-0-0""},{""@Name"":""TargetUserName"",""#text"":""-""},{""@Name"":""TargetDomainName"",""#text"":""-""},{""@Name"":""TargetLogonId"",""#text"":""0x0""},{""@Name"":""ParentProcessName"",""#text"":""C:\\Windows\\System32\\smss.exe""},{""@Name"":""MandatoryLabel"",""#text"":""S-1-16-16384""}]}}"
8,5890,2024-05-15 05:35:15.9869383,4688,LogAlways,Microsoft-Windows-Security-Auditing,Security,4,184,DC01.forela.local,0,,A new process has been created,-\-,,Parent process: C:\Windows\System32\smss.exe,PID: 0x254,Parent PID: 0x18C,Mandatory label: SECURITY_MANDATORY_SYSTEM_RID,Target User: -\-,,"C:\Windows\System32\smss.exe ",False,C:\Users\quentin\Documents\repo\writeups\CrownJewel-2\too\SECURITY.evtx,Audit success,0,"{""EventData"":{""Data"":[{""@Name"":""SubjectUserSid"",""#text"":""S-1-5-18""},{""@Name"":""SubjectUserName"",""#text"":""-""},{""@Name"":""SubjectDomainName"",""#text"":""-""},{""@Name"":""SubjectLogonId"",""#text"":""0x3E7""},{""@Name"":""NewProcessId"",""#text"":""0x254""},{""@Name"":""NewProcessName"",""#text"":""C:\\Windows\\System32\\smss.exe""},{""@Name"":""TokenElevationType"",""#text"":""%%1936""},{""@Name"":""ProcessId"",""#text"":""0x18C""},{""@Name"":""CommandLine""},{""@Name"":""TargetUserSid"",""#text"":""S-1-0-0""},{""@Name"":""TargetUserName"",""#text"":""-""},{""@Name"":""TargetDomainName"",""#text"":""-""},{""@Name"":""TargetLogonId"",""#text"":""0x0""},{""@Name"":""ParentProcessName"",""#text"":""C:\\Windows\\System32\\smss.exe""},{""@Name"":""MandatoryLabel"",""#text"":""S-1-16-16384""}]}}"
9,5891,2024-05-15 05:35:15.9934228,4688,LogAlways,Microsoft-Windows-Security-Auditing,Security,4,184,DC01.forela.local,0,,A new process has been created,-\-,,Parent process: C:\Windows\System32\smss.exe,PID: 0x25C,Parent PID: 0x254,Mandatory label: SECURITY_MANDATORY_SYSTEM_RID,Target User: -\-,,"C:\Windows\System32\csrss.exe ",False,C:\Users\quentin\Documents\repo\writeups\CrownJewel-2\too\SECURITY.evtx,Audit success,0,"{""EventData"":{""Data"":[{""@Name"":""SubjectUserSid"",""#text"":""S-1-5-18""},{""@Name"":""SubjectUserName"",""#text"":""-""},{""@Name"":""SubjectDomainName"",""#text"":""-""},{""@Name"":""SubjectLogonId"",""#text"":""0x3E7""},{""@Name"":""NewProcessId"",""#text"":""0x25C""},{""@Name"":""NewProcessName"",""#text"":""C:\\Windows\\System32\\csrss.exe""},{""@Name"":""TokenElevationType"",""#text"":""%%1936""},{""@Name"":""ProcessId"",""#text"":""0x254""},{""@Name"":""CommandLine""},{""@Name"":""TargetUserSid"",""#text"":""S-1-0-0""},{""@Name"":""TargetUserName"",""#text"":""-""},{""@Name"":""TargetDomainName"",""#text"":""-""},{""@Name"":""TargetLogonId"",""#text"":""0x0""},{""@Name"":""ParentProcessName"",""#text"":""C:\\Windows\\System32\\smss.exe""},{""@Name"":""MandatoryLabel"",""#text"":""S-1-16-16384""}]}}"
10,5892,2024-05-15 05:35:15.9968819,4688,LogAlways,Microsoft-Windows-Security-Auditing,Security,4,184,DC01.forela.local,0,,A new process has been created,-\-,,Parent process: C:\Windows\System32\smss.exe,PID: 0x270,Parent PID: 0x20C,Mandatory label: SECURITY_MANDATORY_SYSTEM_RID,Target User: -\-,,"C:\Windows\System32\wininit.exe ",False,C:\Users\quentin\Documents\repo\writeups\CrownJewel-2\too\SECURITY.evtx,Audit success,0,"{""EventData"":{""Data"":[{""@Name"":""SubjectUserSid"",""#text"":""S-1-5-18""},{""@Name"":""SubjectUserName"",""#text"":""-""},{""@Name"":""SubjectDomainName"",""#text"":""-""},{""@Name"":""SubjectLogonId"",""#text"":""0x3E7""},{""@Name"":""NewProcessId"",""#text"":""0x270""},{""@Name"":""NewProcessName"",""#text"":""C:\\Windows\\System32\\wininit.exe""},{""@Name"":""TokenElevationType"",""#text"":""%%1936""},{""@Name"":""ProcessId"",""#text"":""0x20C""},{""@Name"":""CommandLine""},{""@Name"":""TargetUserSid"",""#text"":""S-1-0-0""},{""@Name"":""TargetUserName"",""#text"":""-""},{""@Name"":""TargetDomainName"",""#text"":""-""},{""@Name"":""TargetLogonId"",""#text"":""0x0""},{""@Name"":""ParentProcessName"",""#text"":""C:\\Windows\\System32\\smss.exe""},{""@Name"":""MandatoryLabel"",""#text"":""S-1-16-16384""}]}}"
11,5893,2024-05-15 05:35:16.0967424,4688,LogAlways,Microsoft-Windows-Security-Auditing,Security,4,184,DC01.forela.local,0,,A new process has been created,-\-,,Parent process: C:\Windows\System32\smss.exe,PID: 0x2A0,Parent PID: 0x254,Mandatory label: SECURITY_MANDATORY_SYSTEM_RID,Target User: -\-,,"C:\Windows\System32\winlogon.exe ",False,C:\Users\quentin\Documents\repo\writeups\CrownJewel-2\too\SECURITY.evtx,Audit success,0,"{""EventData"":{""Data"":[{""@Name"":""SubjectUserSid"",""#text"":""S-1-5-18""},{""@Name"":""SubjectUserName"",""#text"":""-""},{""@Name"":""SubjectDomainName"",""#text"":""-""},{""@Name"":""SubjectLogonId"",""#text"":""0x3E7""},{""@Name"":""NewProcessId"",""#text"":""0x2A0""},{""@Name"":""NewProcessName"",""#text"":""C:\\Windows\\System32\\winlogon.exe""},{""@Name"":""TokenElevationType"",""#text"":""%%1936""},{""@Name"":""ProcessId"",""#text"":""0x254""},{""@Name"":""CommandLine""},{""@Name"":""TargetUserSid"",""#text"":""S-1-0-0""},{""@Name"":""TargetUserName"",""#text"":""-""},{""@Name"":""TargetDomainName"",""#text"":""-""},{""@Name"":""TargetLogonId"",""#text"":""0x0""},{""@Name"":""ParentProcessName"",""#text"":""C:\\Windows\\System32\\smss.exe""},{""@Name"":""MandatoryLabel"",""#text"":""S-1-16-16384""}]}}"
12,5894,2024-05-15 05:35:16.1724217,4688,LogAlways,Microsoft-Windows-Security-Auditing,Security,4,196,DC01.forela.local,0,,A new process has been created,-\-,,Parent process: C:\Windows\System32\wininit.exe,PID: 0x2E8,Parent PID: 0x270,Mandatory label: SECURITY_MANDATORY_SYSTEM_RID,Target User: -\-,,"C:\Windows\System32\services.exe ",False,C:\Users\quentin\Documents\repo\writeups\CrownJewel-2\too\SECURITY.evtx,Audit success,0,"{""EventData"":{""Data"":[{""@Name"":""SubjectUserSid"",""#text"":""S-1-5-18""},{""@Name"":""SubjectUserName"",""#text"":""-""},{""@Name"":""SubjectDomainName"",""#text"":""-""},{""@Name"":""SubjectLogonId"",""#text"":""0x3E7""},{""@Name"":""NewProcessId"",""#text"":""0x2E8""},{""@Name"":""NewProcessName"",""#text"":""C:\\Windows\\System32\\services.exe""},{""@Name"":""TokenElevationType"",""#text"":""%%1936""},{""@Name"":""ProcessId"",""#text"":""0x270""},{""@Name"":""CommandLine""},{""@Name"":""TargetUserSid"",""#text"":""S-1-0-0""},{""@Name"":""TargetUserName"",""#text"":""-""},{""@Name"":""TargetDomainName"",""#text"":""-""},{""@Name"":""TargetLogonId"",""#text"":""0x0""},{""@Name"":""ParentProcessName"",""#text"":""C:\\Windows\\System32\\wininit.exe""},{""@Name"":""MandatoryLabel"",""#text"":""S-1-16-16384""}]}}"
13,5895,2024-05-15 05:35:16.2343993,4688,LogAlways,Microsoft-Windows-Security-Auditing,Security,4,196,DC01.forela.local,0,,A new process has been created,-\-,,Parent process: C:\Windows\System32\wininit.exe,PID: 0x2FC,Parent PID: 0x270,Mandatory label: SECURITY_MANDATORY_SYSTEM_RID,Target User: -\-,,"C:\Windows\System32\lsass.exe ",False,C:\Users\quentin\Documents\repo\writeups\CrownJewel-2\too\SECURITY.evtx,Audit success,0,"{""EventData"":{""Data"":[{""@Name"":""SubjectUserSid"",""#text"":""S-1-5-18""},{""@Name"":""SubjectUserName"",""#text"":""-""},{""@Name"":""SubjectDomainName"",""#text"":""-""},{""@Name"":""SubjectLogonId"",""#text"":""0x3E7""},{""@Name"":""NewProcessId"",""#text"":""0x2FC""},{""@Name"":""NewProcessName"",""#text"":""C:\\Windows\\System32\\lsass.exe""},{""@Name"":""TokenElevationType"",""#text"":""%%1936""},{""@Name"":""ProcessId"",""#text"":""0x270""},{""@Name"":""CommandLine""},{""@Name"":""TargetUserSid"",""#text"":""S-1-0-0""},{""@Name"":""TargetUserName"",""#text"":""-""},{""@Name"":""TargetDomainName"",""#text"":""-""},{""@Name"":""TargetLogonId"",""#text"":""0x0""},{""@Name"":""ParentProcessName"",""#text"":""C:\\Windows\\System32\\wininit.exe""},{""@Name"":""MandatoryLabel"",""#text"":""S-1-16-16384""}]}}"
14,5896,2024-05-15 05:35:26.6370386,4799,LogAlways,Microsoft-Windows-Security-Auditing,Security,764,980,DC01.forela.local,0,,A security-enabled local group membership was enumerated,FORELA\DC01$ (S-1-5-18),,Target: Builtin\Administrators (S-1-5-32-544),SubjectLogonId: 0x3E7,CallerProcessName: C:\Windows\System32\lsass.exe,CallerProcessId: 0x2FC,,,,False,C:\Users\quentin\Documents\repo\writeups\CrownJewel-2\too\SECURITY.evtx,Audit success,0,"{""EventData"":{""Data"":[{""@Name"":""TargetUserName"",""#text"":""Administrators""},{""@Name"":""TargetDomainName"",""#text"":""Builtin""},{""@Name"":""TargetSid"",""#text"":""S-1-5-32-544""},{""@Name"":""SubjectUserSid"",""#text"":""S-1-5-18""},{""@Name"":""SubjectUserName"",""#text"":""DC01$""},{""@Name"":""SubjectDomainName"",""#text"":""FORELA""},{""@Name"":""SubjectLogonId"",""#text"":""0x3E7""},{""@Name"":""CallerProcessId"",""#text"":""0x2FC""},{""@Name"":""CallerProcessName"",""#text"":""C:\\Windows\\System32\\lsass.exe""}]}}"
15,5897,2024-05-15 05:35:26.6387713,4799,LogAlways,Microsoft-Windows-Security-Auditing,Security,764,980,DC01.forela.local,0,,A security-enabled local group membership was enumerated,FORELA\DC01$ (S-1-5-18),,Target: Builtin\Backup Operators (S-1-5-32-551),SubjectLogonId: 0x3E7,CallerProcessName: C:\Windows\System32\lsass.exe,CallerProcessId: 0x2FC,,,,False,C:\Users\quentin\Documents\repo\writeups\CrownJewel-2\too\SECURITY.evtx,Audit success,0,"{""EventData"":{""Data"":[{""@Name"":""TargetUserName"",""#text"":""Backup Operators""},{""@Name"":""TargetDomainName"",""#text"":""Builtin""},{""@Name"":""TargetSid"",""#text"":""S-1-5-32-551""},{""@Name"":""SubjectUserSid"",""#text"":""S-1-5-18""},{""@Name"":""SubjectUserName"",""#text"":""DC01$""},{""@Name"":""SubjectDomainName"",""#text"":""FORELA""},{""@Name"":""SubjectLogonId"",""#text"":""0x3E7""},{""@Name"":""CallerProcessId"",""#text"":""0x2FC""},{""@Name"":""CallerProcessName"",""#text"":""C:\\Windows\\System32\\lsass.exe""}]}}"
16,5898,2024-05-15 05:35:27.8814760,5142,LogAlways,Microsoft-Windows-Security-Auditing,Security,4,380,DC01.forela.local,0,,A network share object was added,FORELA\DC01$,,ShareName: \\*\IPC$,"SharePath: ",SID: S-1-5-18,,,,,False,C:\Users\quentin\Documents\repo\writeups\CrownJewel-2\too\SECURITY.evtx,Audit success,0,"{""EventData"":{""Data"":[{""@Name"":""SubjectUserSid"",""#text"":""S-1-5-18""},{""@Name"":""SubjectUserName"",""#text"":""DC01$""},{""@Name"":""SubjectDomainName"",""#text"":""FORELA""},{""@Name"":""SubjectLogonId"",""#text"":""0x3E7""},{""@Name"":""ShareName"",""#text"":""\\\\*\\IPC$""},{""@Name"":""ShareLocalPath""}]}}"
17,5899,2024-05-15 05:35:27.8815459,5142,LogAlways,Microsoft-Windows-Security-Auditing,Security,4,380,DC01.forela.local,0,,A network share object was added,FORELA\DC01$,,ShareName: \\*\ADMIN$,SharePath: C:\Windows,SID: S-1-5-18,,,,,False,C:\Users\quentin\Documents\repo\writeups\CrownJewel-2\too\SECURITY.evtx,Audit success,0,"{""EventData"":{""Data"":[{""@Name"":""SubjectUserSid"",""#text"":""S-1-5-18""},{""@Name"":""SubjectUserName"",""#text"":""DC01$""},{""@Name"":""SubjectDomainName"",""#text"":""FORELA""},{""@Name"":""SubjectLogonId"",""#text"":""0x3E7""},{""@Name"":""ShareName"",""#text"":""\\\\*\\ADMIN$""},{""@Name"":""ShareLocalPath"",""#text"":""C:\\Windows""}]}}"
18,5900,2024-05-15 05:35:27.8816536,5142,LogAlways,Microsoft-Windows-Security-Auditing,Security,4,380,DC01.forela.local,0,,A network share object was added,FORELA\DC01$,,ShareName: \\*\C$,SharePath: C:\,SID: S-1-5-18,,,,,False,C:\Users\quentin\Documents\repo\writeups\CrownJewel-2\too\SECURITY.evtx,Audit success,0,"{""EventData"":{""Data"":[{""@Name"":""SubjectUserSid"",""#text"":""S-1-5-18""},{""@Name"":""SubjectUserName"",""#text"":""DC01$""},{""@Name"":""SubjectDomainName"",""#text"":""FORELA""},{""@Name"":""SubjectLogonId"",""#text"":""0x3E7""},{""@Name"":""ShareName"",""#text"":""\\\\*\\C$""},{""@Name"":""ShareLocalPath"",""#text"":""C:\\""}]}}"
19,5901,2024-05-15 05:35:27.8824846,5142,LogAlways,Microsoft-Windows-Security-Auditing,Security,4,380,DC01.forela.local,0,,A network share object was added,FORELA\DC01$,,ShareName: \\*\SYSVOL,SharePath: C:\Windows\SYSVOL\sysvol,SID: S-1-5-18,,,,,False,C:\Users\quentin\Documents\repo\writeups\CrownJewel-2\too\SECURITY.evtx,Audit success,0,"{""EventData"":{""Data"":[{""@Name"":""SubjectUserSid"",""#text"":""S-1-5-18""},{""@Name"":""SubjectUserName"",""#text"":""DC01$""},{""@Name"":""SubjectDomainName"",""#text"":""FORELA""},{""@Name"":""SubjectLogonId"",""#text"":""0x3E7""},{""@Name"":""ShareName"",""#text"":""\\\\*\\SYSVOL""},{""@Name"":""ShareLocalPath"",""#text"":""C:\\Windows\\SYSVOL\\sysvol""}]}}"
20,5902,2024-05-15 05:35:27.8839485,5142,LogAlways,Microsoft-Windows-Security-Auditing,Security,4,380,DC01.forela.local,0,,A network share object was added,FORELA\DC01$,,ShareName: \\*\NETLOGON,SharePath: C:\Windows\SYSVOL\sysvol\forela.local\SCRIPTS,SID: S-1-5-18,,,,,False,C:\Users\quentin\Documents\repo\writeups\CrownJewel-2\too\SECURITY.evtx,Audit success,0,"{""EventData"":{""Data"":[{""@Name"":""SubjectUserSid"",""#text"":""S-1-5-18""},{""@Name"":""SubjectUserName"",""#text"":""DC01$""},{""@Name"":""SubjectDomainName"",""#text"":""FORELA""},{""@Name"":""SubjectLogonId"",""#text"":""0x3E7""},{""@Name"":""ShareName"",""#text"":""\\\\*\\NETLOGON""},{""@Name"":""ShareLocalPath"",""#text"":""C:\\Windows\\SYSVOL\\sysvol\\forela.local\\SCRIPTS""}]}}"
21,5903,2024-05-15 05:35:27.8851653,5142,LogAlways,Microsoft-Windows-Security-Auditing,Security,4,380,DC01.forela.local,0,,A network share object was added,FORELA\DC01$,,ShareName: \\*\DC-Confidential,SharePath: C:\Shares\DC-Confidential,SID: S-1-5-18,,,,,False,C:\Users\quentin\Documents\repo\writeups\CrownJewel-2\too\SECURITY.evtx,Audit success,0,"{""EventData"":{""Data"":[{""@Name"":""SubjectUserSid"",""#text"":""S-1-5-18""},{""@Name"":""SubjectUserName"",""#text"":""DC01$""},{""@Name"":""SubjectDomainName"",""#text"":""FORELA""},{""@Name"":""SubjectLogonId"",""#text"":""0x3E7""},{""@Name"":""ShareName"",""#text"":""\\\\*\\DC-Confidential""},{""@Name"":""ShareLocalPath"",""#text"":""C:\\Shares\\DC-Confidential""}]}}"
22,5904,2024-05-15 05:35:27.9816417,4799,LogAlways,Microsoft-Windows-Security-Auditing,Security,764,980,DC01.forela.local,0,,A security-enabled local group membership was enumerated,FORELA\DC01$ (S-1-5-20),,Target: Builtin\Administrators (S-1-5-32-544),SubjectLogonId: 0x3E4,CallerProcessName: C:\Windows\System32\svchost.exe,CallerProcessId: 0xB88,,,,False,C:\Users\quentin\Documents\repo\writeups\CrownJewel-2\too\SECURITY.evtx,Audit success,0,"{""EventData"":{""Data"":[{""@Name"":""TargetUserName"",""#text"":""Administrators""},{""@Name"":""TargetDomainName"",""#text"":""Builtin""},{""@Name"":""TargetSid"",""#text"":""S-1-5-32-544""},{""@Name"":""SubjectUserSid"",""#text"":""S-1-5-20""},{""@Name"":""SubjectUserName"",""#text"":""DC01$""},{""@Name"":""SubjectDomainName"",""#text"":""FORELA""},{""@Name"":""SubjectLogonId"",""#text"":""0x3E4""},{""@Name"":""CallerProcessId"",""#text"":""0xB88""},{""@Name"":""CallerProcessName"",""#text"":""C:\\Windows\\System32\\svchost.exe""}]}}"
23,5905,2024-05-15 05:35:27.9830628,4799,LogAlways,Microsoft-Windows-Security-Auditing,Security,764,980,DC01.forela.local,0,,A security-enabled local group membership was enumerated,FORELA\DC01$ (S-1-5-20),,Target: Builtin\Backup Operators (S-1-5-32-551),SubjectLogonId: 0x3E4,CallerProcessName: C:\Windows\System32\svchost.exe,CallerProcessId: 0xB88,,,,False,C:\Users\quentin\Documents\repo\writeups\CrownJewel-2\too\SECURITY.evtx,Audit success,0,"{""EventData"":{""Data"":[{""@Name"":""TargetUserName"",""#text"":""Backup Operators""},{""@Name"":""TargetDomainName"",""#text"":""Builtin""},{""@Name"":""TargetSid"",""#text"":""S-1-5-32-551""},{""@Name"":""SubjectUserSid"",""#text"":""S-1-5-20""},{""@Name"":""SubjectUserName"",""#text"":""DC01$""},{""@Name"":""SubjectDomainName"",""#text"":""FORELA""},{""@Name"":""SubjectLogonId"",""#text"":""0x3E4""},{""@Name"":""CallerProcessId"",""#text"":""0xB88""},{""@Name"":""CallerProcessName"",""#text"":""C:\\Windows\\System32\\svchost.exe""}]}}"
24,5906,2024-05-15 05:35:28.2747778,4799,LogAlways,Microsoft-Windows-Security-Auditing,Security,764,980,DC01.forela.local,0,,A security-enabled local group membership was enumerated,FORELA\DC01$ (S-1-5-18),,Target: Builtin\Administrators (S-1-5-32-544),SubjectLogonId: 0x3E7,CallerProcessName: C:\Windows\System32\svchost.exe,CallerProcessId: 0xBAC,,,,False,C:\Users\quentin\Documents\repo\writeups\CrownJewel-2\too\SECURITY.evtx,Audit success,0,"{""EventData"":{""Data"":[{""@Name"":""TargetUserName"",""#text"":""Administrators""},{""@Name"":""TargetDomainName"",""#text"":""Builtin""},{""@Name"":""TargetSid"",""#text"":""S-1-5-32-544""},{""@Name"":""SubjectUserSid"",""#text"":""S-1-5-18""},{""@Name"":""SubjectUserName"",""#text"":""DC01$""},{""@Name"":""SubjectDomainName"",""#text"":""FORELA""},{""@Name"":""SubjectLogonId"",""#text"":""0x3E7""},{""@Name"":""CallerProcessId"",""#text"":""0xBAC""},{""@Name"":""CallerProcessName"",""#text"":""C:\\Windows\\System32\\svchost.exe""}]}}"
25,5907,2024-05-15 05:35:28.2754303,4799,LogAlways,Microsoft-Windows-Security-Auditing,Security,764,980,DC01.forela.local,0,,A security-enabled local group membership was enumerated,FORELA\DC01$ (S-1-5-18),,Target: Builtin\Backup Operators (S-1-5-32-551),SubjectLogonId: 0x3E7,CallerProcessName: C:\Windows\System32\svchost.exe,CallerProcessId: 0xBAC,,,,False,C:\Users\quentin\Documents\repo\writeups\CrownJewel-2\too\SECURITY.evtx,Audit success,0,"{""EventData"":{""Data"":[{""@Name"":""TargetUserName"",""#text"":""Backup Operators""},{""@Name"":""TargetDomainName"",""#text"":""Builtin""},{""@Name"":""TargetSid"",""#text"":""S-1-5-32-551""},{""@Name"":""SubjectUserSid"",""#text"":""S-1-5-18""},{""@Name"":""SubjectUserName"",""#text"":""DC01$""},{""@Name"":""SubjectDomainName"",""#text"":""FORELA""},{""@Name"":""SubjectLogonId"",""#text"":""0x3E7""},{""@Name"":""CallerProcessId"",""#text"":""0xBAC""},{""@Name"":""CallerProcessName"",""#text"":""C:\\Windows\\System32\\svchost.exe""}]}}"
26,5908,2024-05-15 05:35:29.6464732,4799,LogAlways,Microsoft-Windows-Security-Auditing,Security,764,976,DC01.forela.local,0,,A security-enabled local group membership was enumerated,FORELA\DC01$ (S-1-5-18),,Target: Builtin\Administrators (S-1-5-32-544),SubjectLogonId: 0x3E7,CallerProcessName: C:\Windows\System32\VSSVC.exe,CallerProcessId: 0x128C,,,,False,C:\Users\quentin\Documents\repo\writeups\CrownJewel-2\too\SECURITY.evtx,Audit success,0,"{""EventData"":{""Data"":[{""@Name"":""TargetUserName"",""#text"":""Administrators""},{""@Name"":""TargetDomainName"",""#text"":""Builtin""},{""@Name"":""TargetSid"",""#text"":""S-1-5-32-544""},{""@Name"":""SubjectUserSid"",""#text"":""S-1-5-18""},{""@Name"":""SubjectUserName"",""#text"":""DC01$""},{""@Name"":""SubjectDomainName"",""#text"":""FORELA""},{""@Name"":""SubjectLogonId"",""#text"":""0x3E7""},{""@Name"":""CallerProcessId"",""#text"":""0x128C""},{""@Name"":""CallerProcessName"",""#text"":""C:\\Windows\\System32\\VSSVC.exe""}]}}"
