241,6123,2024-05-15 05:39:56.3384748,4799,LogAlways,Microsoft-Windows-Security-Auditing,Security,764,4180,DC01.forela.local,2,,A security-enabled local group membership was enumerated,FORELA\Administrator (S-1-5-21-3239415629-1862073780-2394361899-500),,Target: Builtin\Administrators (S-1-5-32-544),SubjectLogonId: 0x8DE3D,CallerProcessName: C:\Windows\System32\ntdsutil.exe,CallerProcessId: 0xF64,,,,False,C:\Users\quentin\Documents\repo\writeups\CrownJewel-2\too\SECURITY.evtx,Audit success,0,"{""EventData"":{""Data"":[{""@Name"":""TargetUserName"",""#text"":""Administrators""},{""@Name"":""TargetDomainName"",""#text"":""Builtin""},{""@Name"":""TargetSid"",""#text"":""S-1-5-32-544""},{""@Name"":""SubjectUserSid"",""#text"":""S-1-5-21-3239415629-1862073780-2394361899-500""},{""@Name"":""SubjectUserName"",""#text"":""Administrator""},{""@Name"":""SubjectDomainName"",""#text"":""FORELA""},{""@Name"":""SubjectLogonId"",""#text"":""0x8DE3D""},{""@Name"":""CallerProcessId"",""#text"":""0xF64""},{""@Name"":""CallerProcessName"",""#text"":""C:\\Windows\\System32\\ntdsutil.exe""}]}}"
242,6124,2024-05-15 05:39:56.3390004,4799,LogAlways,Microsoft-Windows-Security-Auditing,Security,764,4180,DC01.forela.local,3,,A security-enabled local group membership was enumerated,FORELA\Administrator (S-1-5-21-3239415629-1862073780-2394361899-500),,Target: Builtin\Backup Operators (S-1-5-32-551),SubjectLogonId: 0x8DE3D,CallerProcessName: C:\Windows\System32\ntdsutil.exe,CallerProcessId: 0xF64,,,,False,C:\Users\quentin\Documents\repo\writeups\CrownJewel-2\too\SECURITY.evtx,Audit success,0,"{""EventData"":{""Data"":[{""@Name"":""TargetUserName"",""#text"":""Backup Operators""},{""@Name"":""TargetDomainName"",""#text"":""Builtin""},{""@Name"":""TargetSid"",""#text"":""S-1-5-32-551""},{""@Name"":""SubjectUserSid"",""#text"":""S-1-5-21-3239415629-1862073780-2394361899-500""},{""@Name"":""SubjectUserName"",""#text"":""Administrator""},{""@Name"":""SubjectDomainName"",""#text"":""FORELA""},{""@Name"":""SubjectLogonId"",""#text"":""0x8DE3D""},{""@Name"":""CallerProcessId"",""#text"":""0xF64""},{""@Name"":""CallerProcessName"",""#text"":""C:\\Windows\\System32\\ntdsutil.exe""}]}}"
243,6125,2024-05-15 05:39:56.3489978,4799,LogAlways,Microsoft-Windows-Security-Auditing,Security,764,4180,DC01.forela.local,3,,A security-enabled local group membership was enumerated,FORELA\Administrator (S-1-5-21-3239415629-1862073780-2394361899-500),,Target: Builtin\Administrators (S-1-5-32-544),SubjectLogonId: 0x8DE3D,CallerProcessName: C:\Windows\System32\ntdsutil.exe,CallerProcessId: 0xF64,,,,False,C:\Users\quentin\Documents\repo\writeups\CrownJewel-2\too\SECURITY.evtx,Audit success,0,"{""EventData"":{""Data"":[{""@Name"":""TargetUserName"",""#text"":""Administrators""},{""@Name"":""TargetDomainName"",""#text"":""Builtin""},{""@Name"":""TargetSid"",""#text"":""S-1-5-32-544""},{""@Name"":""SubjectUserSid"",""#text"":""S-1-5-21-3239415629-1862073780-2394361899-500""},{""@Name"":""SubjectUserName"",""#text"":""Administrator""},{""@Name"":""SubjectDomainName"",""#text"":""FORELA""},{""@Name"":""SubjectLogonId"",""#text"":""0x8DE3D""},{""@Name"":""CallerProcessId"",""#text"":""0xF64""},{""@Name"":""CallerProcessName"",""#text"":""C:\\Windows\\System32\\ntdsutil.exe""}]}}"
244,6126,2024-05-15 05:39:56.3500223,4799,LogAlways,Microsoft-Windows-Security-Auditing,Security,764,980,DC01.forela.local,3,,A security-enabled local group membership was enumerated,FORELA\Administrator (S-1-5-21-3239415629-1862073780-2394361899-500),,Target: Builtin\Backup Operators (S-1-5-32-551),SubjectLogonId: 0x8DE3D,CallerProcessName: C:\Windows\System32\ntdsutil.exe,CallerProcessId: 0xF64,,,,False,C:\Users\quentin\Documents\repo\writeups\CrownJewel-2\too\SECURITY.evtx,Audit success,520,"{""EventData"":{""Data"":[{""@Name"":""TargetUserName"",""#text"":""Backup Operators""},{""@Name"":""TargetDomainName"",""#text"":""Builtin""},{""@Name"":""TargetSid"",""#text"":""S-1-5-32-551""},{""@Name"":""SubjectUserSid"",""#text"":""S-1-5-21-3239415629-1862073780-2394361899-500""},{""@Name"":""SubjectUserName"",""#text"":""Administrator""},{""@Name"":""SubjectDomainName"",""#text"":""FORELA""},{""@Name"":""SubjectLogonId"",""#text"":""0x8DE3D""},{""@Name"":""CallerProcessId"",""#text"":""0xF64""},{""@Name"":""CallerProcessName"",""#text"":""C:\\Windows\\System32\\ntdsutil.exe""}]}}"
245,6127,2024-05-15 05:39:56.3515659,4799,LogAlways,Microsoft-Windows-Security-Auditing,Security,764,980,DC01.forela.local,3,,A security-enabled local group membership was enumerated,FORELA\Administrator (S-1-5-21-3239415629-1862073780-2394361899-500),,Target: Builtin\Administrators (S-1-5-32-544),SubjectLogonId: 0x8DE3D,CallerProcessName: C:\Windows\System32\ntdsutil.exe,CallerProcessId: 0xF64,,,,False,C:\Users\quentin\Documents\repo\writeups\CrownJewel-2\too\SECURITY.evtx,Audit success,0,"{""EventData"":{""Data"":[{""@Name"":""TargetUserName"",""#text"":""Administrators""},{""@Name"":""TargetDomainName"",""#text"":""Builtin""},{""@Name"":""TargetSid"",""#text"":""S-1-5-32-544""},{""@Name"":""SubjectUserSid"",""#text"":""S-1-5-21-3239415629-1862073780-2394361899-500""},{""@Name"":""SubjectUserName"",""#text"":""Administrator""},{""@Name"":""SubjectDomainName"",""#text"":""FORELA""},{""@Name"":""SubjectLogonId"",""#text"":""0x8DE3D""},{""@Name"":""CallerProcessId"",""#text"":""0xF64""},{""@Name"":""CallerProcessName"",""#text"":""C:\\Windows\\System32\\ntdsutil.exe""}]}}"
246,6128,2024-05-15 05:39:56.3523361,4799,LogAlways,Microsoft-Windows-Security-Auditing,Security,764,980,DC01.forela.local,3,,A security-enabled local group membership was enumerated,FORELA\Administrator (S-1-5-21-3239415629-1862073780-2394361899-500),,Target: Builtin\Backup Operators (S-1-5-32-551),SubjectLogonId: 0x8DE3D,CallerProcessName: C:\Windows\System32\ntdsutil.exe,CallerProcessId: 0xF64,,,,False,C:\Users\quentin\Documents\repo\writeups\CrownJewel-2\too\SECURITY.evtx,Audit success,0,"{""EventData"":{""Data"":[{""@Name"":""TargetUserName"",""#text"":""Backup Operators""},{""@Name"":""TargetDomainName"",""#text"":""Builtin""},{""@Name"":""TargetSid"",""#text"":""S-1-5-32-551""},{""@Name"":""SubjectUserSid"",""#text"":""S-1-5-21-3239415629-1862073780-2394361899-500""},{""@Name"":""SubjectUserName"",""#text"":""Administrator""},{""@Name"":""SubjectDomainName"",""#text"":""FORELA""},{""@Name"":""SubjectLogonId"",""#text"":""0x8DE3D""},{""@Name"":""CallerProcessId"",""#text"":""0xF64""},{""@Name"":""CallerProcessName"",""#text"":""C:\\Windows\\System32\\ntdsutil.exe""}]}}"
247,6129,2024-05-15 05:39:56.3548754,4799,LogAlways,Microsoft-Windows-Security-Auditing,Security,764,992,DC01.forela.local,3,,A security-enabled local group membership was enumerated,FORELA\Administrator (S-1-5-21-3239415629-1862073780-2394361899-500),,Target: Builtin\Administrators (S-1-5-32-544),SubjectLogonId: 0x8DE3D,CallerProcessName: C:\Windows\System32\ntdsutil.exe,CallerProcessId: 0xF64,,,,False,C:\Users\quentin\Documents\repo\writeups\CrownJewel-2\too\SECURITY.evtx,Audit success,0,"{""EventData"":{""Data"":[{""@Name"":""TargetUserName"",""#text"":""Administrators""},{""@Name"":""TargetDomainName"",""#text"":""Builtin""},{""@Name"":""TargetSid"",""#text"":""S-1-5-32-544""},{""@Name"":""SubjectUserSid"",""#text"":""S-1-5-21-3239415629-1862073780-2394361899-500""},{""@Name"":""SubjectUserName"",""#text"":""Administrator""},{""@Name"":""SubjectDomainName"",""#text"":""FORELA""},{""@Name"":""SubjectLogonId"",""#text"":""0x8DE3D""},{""@Name"":""CallerProcessId"",""#text"":""0xF64""},{""@Name"":""CallerProcessName"",""#text"":""C:\\Windows\\System32\\ntdsutil.exe""}]}}"
248,6130,2024-05-15 05:39:56.3549316,4799,LogAlways,Microsoft-Windows-Security-Auditing,Security,764,812,DC01.forela.local,3,,A security-enabled local group membership was enumerated,FORELA\Administrator (S-1-5-21-3239415629-1862073780-2394361899-500),,Target: Builtin\Administrators (S-1-5-32-544),SubjectLogonId: 0x8DE3D,CallerProcessName: C:\Windows\System32\ntdsutil.exe,CallerProcessId: 0xF64,,,,False,C:\Users\quentin\Documents\repo\writeups\CrownJewel-2\too\SECURITY.evtx,Audit success,0,"{""EventData"":{""Data"":[{""@Name"":""TargetUserName"",""#text"":""Administrators""},{""@Name"":""TargetDomainName"",""#text"":""Builtin""},{""@Name"":""TargetSid"",""#text"":""S-1-5-32-544""},{""@Name"":""SubjectUserSid"",""#text"":""S-1-5-21-3239415629-1862073780-2394361899-500""},{""@Name"":""SubjectUserName"",""#text"":""Administrator""},{""@Name"":""SubjectDomainName"",""#text"":""FORELA""},{""@Name"":""SubjectLogonId"",""#text"":""0x8DE3D""},{""@Name"":""CallerProcessId"",""#text"":""0xF64""},{""@Name"":""CallerProcessName"",""#text"":""C:\\Windows\\System32\\ntdsutil.exe""}]}}"
249,6131,2024-05-15 05:39:56.3550209,4799,LogAlways,Microsoft-Windows-Security-Auditing,Security,764,4180,DC01.forela.local,3,,A security-enabled local group membership was enumerated,FORELA\Administrator (S-1-5-21-3239415629-1862073780-2394361899-500),,Target: Builtin\Administrators (S-1-5-32-544),SubjectLogonId: 0x8DE3D,CallerProcessName: C:\Windows\System32\ntdsutil.exe,CallerProcessId: 0xF64,,,,False,C:\Users\quentin\Documents\repo\writeups\CrownJewel-2\too\SECURITY.evtx,Audit success,0,"{""EventData"":{""Data"":[{""@Name"":""TargetUserName"",""#text"":""Administrators""},{""@Name"":""TargetDomainName"",""#text"":""Builtin""},{""@Name"":""TargetSid"",""#text"":""S-1-5-32-544""},{""@Name"":""SubjectUserSid"",""#text"":""S-1-5-21-3239415629-1862073780-2394361899-500""},{""@Name"":""SubjectUserName"",""#text"":""Administrator""},{""@Name"":""SubjectDomainName"",""#text"":""FORELA""},{""@Name"":""SubjectLogonId"",""#text"":""0x8DE3D""},{""@Name"":""CallerProcessId"",""#text"":""0xF64""},{""@Name"":""CallerProcessName"",""#text"":""C:\\Windows\\System32\\ntdsutil.exe""}]}}"
250,6132,2024-05-15 05:39:56.3553740,4799,LogAlways,Microsoft-Windows-Security-Auditing,Security,764,4180,DC01.forela.local,3,,A security-enabled local group membership was enumerated,FORELA\Administrator (S-1-5-21-3239415629-1862073780-2394361899-500),,Target: Builtin\Backup Operators (S-1-5-32-551),SubjectLogonId: 0x8DE3D,CallerProcessName: C:\Windows\System32\ntdsutil.exe,CallerProcessId: 0xF64,,,,False,C:\Users\quentin\Documents\repo\writeups\CrownJewel-2\too\SECURITY.evtx,Audit success,0,"{""EventData"":{""Data"":[{""@Name"":""TargetUserName"",""#text"":""Backup Operators""},{""@Name"":""TargetDomainName"",""#text"":""Builtin""},{""@Name"":""TargetSid"",""#text"":""S-1-5-32-551""},{""@Name"":""SubjectUserSid"",""#text"":""S-1-5-21-3239415629-1862073780-2394361899-500""},{""@Name"":""SubjectUserName"",""#text"":""Administrator""},{""@Name"":""SubjectDomainName"",""#text"":""FORELA""},{""@Name"":""SubjectLogonId"",""#text"":""0x8DE3D""},{""@Name"":""CallerProcessId"",""#text"":""0xF64""},{""@Name"":""CallerProcessName"",""#text"":""C:\\Windows\\System32\\ntdsutil.exe""}]}}"
251,6133,2024-05-15 05:39:56.3554932,4799,LogAlways,Microsoft-Windows-Security-Auditing,Security,764,812,DC01.forela.local,3,,A security-enabled local group membership was enumerated,FORELA\Administrator (S-1-5-21-3239415629-1862073780-2394361899-500),,Target: Builtin\Backup Operators (S-1-5-32-551),SubjectLogonId: 0x8DE3D,CallerProcessName: C:\Windows\System32\ntdsutil.exe,CallerProcessId: 0xF64,,,,False,C:\Users\quentin\Documents\repo\writeups\CrownJewel-2\too\SECURITY.evtx,Audit success,0,"{""EventData"":{""Data"":[{""@Name"":""TargetUserName"",""#text"":""Backup Operators""},{""@Name"":""TargetDomainName"",""#text"":""Builtin""},{""@Name"":""TargetSid"",""#text"":""S-1-5-32-551""},{""@Name"":""SubjectUserSid"",""#text"":""S-1-5-21-3239415629-1862073780-2394361899-500""},{""@Name"":""SubjectUserName"",""#text"":""Administrator""},{""@Name"":""SubjectDomainName"",""#text"":""FORELA""},{""@Name"":""SubjectLogonId"",""#text"":""0x8DE3D""},{""@Name"":""CallerProcessId"",""#text"":""0xF64""},{""@Name"":""CallerProcessName"",""#text"":""C:\\Windows\\System32\\ntdsutil.exe""}]}}"
252,6134,2024-05-15 05:39:56.3555510,4799,LogAlways,Microsoft-Windows-Security-Auditing,Security,764,992,DC01.forela.local,3,,A security-enabled local group membership was enumerated,FORELA\Administrator (S-1-5-21-3239415629-1862073780-2394361899-500),,Target: Builtin\Backup Operators (S-1-5-32-551),SubjectLogonId: 0x8DE3D,CallerProcessName: C:\Windows\System32\ntdsutil.exe,CallerProcessId: 0xF64,,,,False,C:\Users\quentin\Documents\repo\writeups\CrownJewel-2\too\SECURITY.evtx,Audit success,0,"{""EventData"":{""Data"":[{""@Name"":""TargetUserName"",""#text"":""Backup Operators""},{""@Name"":""TargetDomainName"",""#text"":""Builtin""},{""@Name"":""TargetSid"",""#text"":""S-1-5-32-551""},{""@Name"":""SubjectUserSid"",""#text"":""S-1-5-21-3239415629-1862073780-2394361899-500""},{""@Name"":""SubjectUserName"",""#text"":""Administrator""},{""@Name"":""SubjectDomainName"",""#text"":""FORELA""},{""@Name"":""SubjectLogonId"",""#text"":""0x8DE3D""},{""@Name"":""CallerProcessId"",""#text"":""0xF64""},{""@Name"":""CallerProcessName"",""#text"":""C:\\Windows\\System32\\ntdsutil.exe""}]}}"
253,6135,2024-05-15 05:39:56.3559276,4799,LogAlways,Microsoft-Windows-Security-Auditing,Security,764,812,DC01.forela.local,3,,A security-enabled local group membership was enumerated,FORELA\Administrator (S-1-5-21-3239415629-1862073780-2394361899-500),,Target: Builtin\Administrators (S-1-5-32-544),SubjectLogonId: 0x8DE3D,CallerProcessName: C:\Windows\System32\ntdsutil.exe,CallerProcessId: 0xF64,,,,False,C:\Users\quentin\Documents\repo\writeups\CrownJewel-2\too\SECURITY.evtx,Audit success,0,"{""EventData"":{""Data"":[{""@Name"":""TargetUserName"",""#text"":""Administrators""},{""@Name"":""TargetDomainName"",""#text"":""Builtin""},{""@Name"":""TargetSid"",""#text"":""S-1-5-32-544""},{""@Name"":""SubjectUserSid"",""#text"":""S-1-5-21-3239415629-1862073780-2394361899-500""},{""@Name"":""SubjectUserName"",""#text"":""Administrator""},{""@Name"":""SubjectDomainName"",""#text"":""FORELA""},{""@Name"":""SubjectLogonId"",""#text"":""0x8DE3D""},{""@Name"":""CallerProcessId"",""#text"":""0xF64""},{""@Name"":""CallerProcessName"",""#text"":""C:\\Windows\\System32\\ntdsutil.exe""}]}}"
254,6136,2024-05-15 05:39:56.3562150,4799,LogAlways,Microsoft-Windows-Security-Auditing,Security,764,812,DC01.forela.local,3,,A security-enabled local group membership was enumerated,FORELA\Administrator (S-1-5-21-3239415629-1862073780-2394361899-500),,Target: Builtin\Administrators (S-1-5-32-544),SubjectLogonId: 0x8DE3D,CallerProcessName: C:\Windows\System32\ntdsutil.exe,CallerProcessId: 0xF64,,,,False,C:\Users\quentin\Documents\repo\writeups\CrownJewel-2\too\SECURITY.evtx,Audit success,0,"{""EventData"":{""Data"":[{""@Name"":""TargetUserName"",""#text"":""Administrators""},{""@Name"":""TargetDomainName"",""#text"":""Builtin""},{""@Name"":""TargetSid"",""#text"":""S-1-5-32-544""},{""@Name"":""SubjectUserSid"",""#text"":""S-1-5-21-3239415629-1862073780-2394361899-500""},{""@Name"":""SubjectUserName"",""#text"":""Administrator""},{""@Name"":""SubjectDomainName"",""#text"":""FORELA""},{""@Name"":""SubjectLogonId"",""#text"":""0x8DE3D""},{""@Name"":""CallerProcessId"",""#text"":""0xF64""},{""@Name"":""CallerProcessName"",""#text"":""C:\\Windows\\System32\\ntdsutil.exe""}]}}"
255,6137,2024-05-15 05:39:56.3562514,4799,LogAlways,Microsoft-Windows-Security-Auditing,Security,764,992,DC01.forela.local,3,,A security-enabled local group membership was enumerated,FORELA\Administrator (S-1-5-21-3239415629-1862073780-2394361899-500),,Target: Builtin\Administrators (S-1-5-32-544),SubjectLogonId: 0x8DE3D,CallerProcessName: C:\Windows\System32\ntdsutil.exe,CallerProcessId: 0xF64,,,,False,C:\Users\quentin\Documents\repo\writeups\CrownJewel-2\too\SECURITY.evtx,Audit success,0,"{""EventData"":{""Data"":[{""@Name"":""TargetUserName"",""#text"":""Administrators""},{""@Name"":""TargetDomainName"",""#text"":""Builtin""},{""@Name"":""TargetSid"",""#text"":""S-1-5-32-544""},{""@Name"":""SubjectUserSid"",""#text"":""S-1-5-21-3239415629-1862073780-2394361899-500""},{""@Name"":""SubjectUserName"",""#text"":""Administrator""},{""@Name"":""SubjectDomainName"",""#text"":""FORELA""},{""@Name"":""SubjectLogonId"",""#text"":""0x8DE3D""},{""@Name"":""CallerProcessId"",""#text"":""0xF64""},{""@Name"":""CallerProcessName"",""#text"":""C:\\Windows\\System32\\ntdsutil.exe""}]}}"
256,6138,2024-05-15 05:39:56.3564240,4799,LogAlways,Microsoft-Windows-Security-Auditing,Security,764,4180,DC01.forela.local,3,,A security-enabled local group membership was enumerated,FORELA\Administrator (S-1-5-21-3239415629-1862073780-2394361899-500),,Target: Builtin\Backup Operators (S-1-5-32-551),SubjectLogonId: 0x8DE3D,CallerProcessName: C:\Windows\System32\ntdsutil.exe,CallerProcessId: 0xF64,,,,False,C:\Users\quentin\Documents\repo\writeups\CrownJewel-2\too\SECURITY.evtx,Audit success,0,"{""EventData"":{""Data"":[{""@Name"":""TargetUserName"",""#text"":""Backup Operators""},{""@Name"":""TargetDomainName"",""#text"":""Builtin""},{""@Name"":""TargetSid"",""#text"":""S-1-5-32-551""},{""@Name"":""SubjectUserSid"",""#text"":""S-1-5-21-3239415629-1862073780-2394361899-500""},{""@Name"":""SubjectUserName"",""#text"":""Administrator""},{""@Name"":""SubjectDomainName"",""#text"":""FORELA""},{""@Name"":""SubjectLogonId"",""#text"":""0x8DE3D""},{""@Name"":""CallerProcessId"",""#text"":""0xF64""},{""@Name"":""CallerProcessName"",""#text"":""C:\\Windows\\System32\\ntdsutil.exe""}]}}"
257,6139,2024-05-15 05:39:56.3567525,4799,LogAlways,Microsoft-Windows-Security-Auditing,Security,764,992,DC01.forela.local,3,,A security-enabled local group membership was enumerated,FORELA\Administrator (S-1-5-21-3239415629-1862073780-2394361899-500),,Target: Builtin\Backup Operators (S-1-5-32-551),SubjectLogonId: 0x8DE3D,CallerProcessName: C:\Windows\System32\ntdsutil.exe,CallerProcessId: 0xF64,,,,False,C:\Users\quentin\Documents\repo\writeups\CrownJewel-2\too\SECURITY.evtx,Audit success,0,"{""EventData"":{""Data"":[{""@Name"":""TargetUserName"",""#text"":""Backup Operators""},{""@Name"":""TargetDomainName"",""#text"":""Builtin""},{""@Name"":""TargetSid"",""#text"":""S-1-5-32-551""},{""@Name"":""SubjectUserSid"",""#text"":""S-1-5-21-3239415629-1862073780-2394361899-500""},{""@Name"":""SubjectUserName"",""#text"":""Administrator""},{""@Name"":""SubjectDomainName"",""#text"":""FORELA""},{""@Name"":""SubjectLogonId"",""#text"":""0x8DE3D""},{""@Name"":""CallerProcessId"",""#text"":""0xF64""},{""@Name"":""CallerProcessName"",""#text"":""C:\\Windows\\System32\\ntdsutil.exe""}]}}"
258,6140,2024-05-15 05:39:56.3567870,4799,LogAlways,Microsoft-Windows-Security-Auditing,Security,764,4180,DC01.forela.local,3,,A security-enabled local group membership was enumerated,FORELA\Administrator (S-1-5-21-3239415629-1862073780-2394361899-500),,Target: Builtin\Backup Operators (S-1-5-32-551),SubjectLogonId: 0x8DE3D,CallerProcessName: C:\Windows\System32\ntdsutil.exe,CallerProcessId: 0xF64,,,,False,C:\Users\quentin\Documents\repo\writeups\CrownJewel-2\too\SECURITY.evtx,Audit success,520,"{""EventData"":{""Data"":[{""@Name"":""TargetUserName"",""#text"":""Backup Operators""},{""@Name"":""TargetDomainName"",""#text"":""Builtin""},{""@Name"":""TargetSid"",""#text"":""S-1-5-32-551""},{""@Name"":""SubjectUserSid"",""#text"":""S-1-5-21-3239415629-1862073780-2394361899-500""},{""@Name"":""SubjectUserName"",""#text"":""Administrator""},{""@Name"":""SubjectDomainName"",""#text"":""FORELA""},{""@Name"":""SubjectLogonId"",""#text"":""0x8DE3D""},{""@Name"":""CallerProcessId"",""#text"":""0xF64""},{""@Name"":""CallerProcessName"",""#text"":""C:\\Windows\\System32\\ntdsutil.exe""}]}}"
259,6141,2024-05-15 05:39:56.3571092,4799,LogAlways,Microsoft-Windows-Security-Auditing,Security,764,4180,DC01.forela.local,3,,A security-enabled local group membership was enumerated,FORELA\Administrator (S-1-5-21-3239415629-1862073780-2394361899-500),,Target: Builtin\Administrators (S-1-5-32-544),SubjectLogonId: 0x8DE3D,CallerProcessName: C:\Windows\System32\ntdsutil.exe,CallerProcessId: 0xF64,,,,False,C:\Users\quentin\Documents\repo\writeups\CrownJewel-2\too\SECURITY.evtx,Audit success,0,"{""EventData"":{""Data"":[{""@Name"":""TargetUserName"",""#text"":""Administrators""},{""@Name"":""TargetDomainName"",""#text"":""Builtin""},{""@Name"":""TargetSid"",""#text"":""S-1-5-32-544""},{""@Name"":""SubjectUserSid"",""#text"":""S-1-5-21-3239415629-1862073780-2394361899-500""},{""@Name"":""SubjectUserName"",""#text"":""Administrator""},{""@Name"":""SubjectDomainName"",""#text"":""FORELA""},{""@Name"":""SubjectLogonId"",""#text"":""0x8DE3D""},{""@Name"":""CallerProcessId"",""#text"":""0xF64""},{""@Name"":""CallerProcessName"",""#text"":""C:\\Windows\\System32\\ntdsutil.exe""}]}}"
260,6142,2024-05-15 05:39:56.3573043,4799,LogAlways,Microsoft-Windows-Security-Auditing,Security,764,4180,DC01.forela.local,3,,A security-enabled local group membership was enumerated,FORELA\Administrator (S-1-5-21-3239415629-1862073780-2394361899-500),,Target: Builtin\Administrators (S-1-5-32-544),SubjectLogonId: 0x8DE3D,CallerProcessName: C:\Windows\System32\ntdsutil.exe,CallerProcessId: 0xF64,,,,False,C:\Users\quentin\Documents\repo\writeups\CrownJewel-2\too\SECURITY.evtx,Audit success,0,"{""EventData"":{""Data"":[{""@Name"":""TargetUserName"",""#text"":""Administrators""},{""@Name"":""TargetDomainName"",""#text"":""Builtin""},{""@Name"":""TargetSid"",""#text"":""S-1-5-32-544""},{""@Name"":""SubjectUserSid"",""#text"":""S-1-5-21-3239415629-1862073780-2394361899-500""},{""@Name"":""SubjectUserName"",""#text"":""Administrator""},{""@Name"":""SubjectDomainName"",""#text"":""FORELA""},{""@Name"":""SubjectLogonId"",""#text"":""0x8DE3D""},{""@Name"":""CallerProcessId"",""#text"":""0xF64""},{""@Name"":""CallerProcessName"",""#text"":""C:\\Windows\\System32\\ntdsutil.exe""}]}}"
261,6143,2024-05-15 05:39:56.3573056,4799,LogAlways,Microsoft-Windows-Security-Auditing,Security,764,992,DC01.forela.local,3,,A security-enabled local group membership was enumerated,FORELA\Administrator (S-1-5-21-3239415629-1862073780-2394361899-500),,Target: Builtin\Administrators (S-1-5-32-544),SubjectLogonId: 0x8DE3D,CallerProcessName: C:\Windows\System32\ntdsutil.exe,CallerProcessId: 0xF64,,,,False,C:\Users\quentin\Documents\repo\writeups\CrownJewel-2\too\SECURITY.evtx,Audit success,0,"{""EventData"":{""Data"":[{""@Name"":""TargetUserName"",""#text"":""Administrators""},{""@Name"":""TargetDomainName"",""#text"":""Builtin""},{""@Name"":""TargetSid"",""#text"":""S-1-5-32-544""},{""@Name"":""SubjectUserSid"",""#text"":""S-1-5-21-3239415629-1862073780-2394361899-500""},{""@Name"":""SubjectUserName"",""#text"":""Administrator""},{""@Name"":""SubjectDomainName"",""#text"":""FORELA""},{""@Name"":""SubjectLogonId"",""#text"":""0x8DE3D""},{""@Name"":""CallerProcessId"",""#text"":""0xF64""},{""@Name"":""CallerProcessName"",""#text"":""C:\\Windows\\System32\\ntdsutil.exe""}]}}"
262,6144,2024-05-15 05:39:56.3578146,4799,LogAlways,Microsoft-Windows-Security-Auditing,Security,764,5880,DC01.forela.local,3,,A security-enabled local group membership was enumerated,FORELA\Administrator (S-1-5-21-3239415629-1862073780-2394361899-500),,Target: Builtin\Backup Operators (S-1-5-32-551),SubjectLogonId: 0x8DE3D,CallerProcessName: C:\Windows\System32\ntdsutil.exe,CallerProcessId: 0xF64,,,,False,C:\Users\quentin\Documents\repo\writeups\CrownJewel-2\too\SECURITY.evtx,Audit success,0,"{""EventData"":{""Data"":[{""@Name"":""TargetUserName"",""#text"":""Backup Operators""},{""@Name"":""TargetDomainName"",""#text"":""Builtin""},{""@Name"":""TargetSid"",""#text"":""S-1-5-32-551""},{""@Name"":""SubjectUserSid"",""#text"":""S-1-5-21-3239415629-1862073780-2394361899-500""},{""@Name"":""SubjectUserName"",""#text"":""Administrator""},{""@Name"":""SubjectDomainName"",""#text"":""FORELA""},{""@Name"":""SubjectLogonId"",""#text"":""0x8DE3D""},{""@Name"":""CallerProcessId"",""#text"":""0xF64""},{""@Name"":""CallerProcessName"",""#text"":""C:\\Windows\\System32\\ntdsutil.exe""}]}}"
263,6145,2024-05-15 05:39:56.3579754,4799,LogAlways,Microsoft-Windows-Security-Auditing,Security,764,812,DC01.forela.local,3,,A security-enabled local group membership was enumerated,FORELA\Administrator (S-1-5-21-3239415629-1862073780-2394361899-500),,Target: Builtin\Backup Operators (S-1-5-32-551),SubjectLogonId: 0x8DE3D,CallerProcessName: C:\Windows\System32\ntdsutil.exe,CallerProcessId: 0xF64,,,,False,C:\Users\quentin\Documents\repo\writeups\CrownJewel-2\too\SECURITY.evtx,Audit success,0,"{""EventData"":{""Data"":[{""@Name"":""TargetUserName"",""#text"":""Backup Operators""},{""@Name"":""TargetDomainName"",""#text"":""Builtin""},{""@Name"":""TargetSid"",""#text"":""S-1-5-32-551""},{""@Name"":""SubjectUserSid"",""#text"":""S-1-5-21-3239415629-1862073780-2394361899-500""},{""@Name"":""SubjectUserName"",""#text"":""Administrator""},{""@Name"":""SubjectDomainName"",""#text"":""FORELA""},{""@Name"":""SubjectLogonId"",""#text"":""0x8DE3D""},{""@Name"":""CallerProcessId"",""#text"":""0xF64""},{""@Name"":""CallerProcessName"",""#text"":""C:\\Windows\\System32\\ntdsutil.exe""}]}}"
264,6146,2024-05-15 05:39:56.3581168,4799,LogAlways,Microsoft-Windows-Security-Auditing,Security,764,992,DC01.forela.local,3,,A security-enabled local group membership was enumerated,FORELA\Administrator (S-1-5-21-3239415629-1862073780-2394361899-500),,Target: Builtin\Backup Operators (S-1-5-32-551),SubjectLogonId: 0x8DE3D,CallerProcessName: C:\Windows\System32\ntdsutil.exe,CallerProcessId: 0xF64,,,,False,C:\Users\quentin\Documents\repo\writeups\CrownJewel-2\too\SECURITY.evtx,Audit success,0,"{""EventData"":{""Data"":[{""@Name"":""TargetUserName"",""#text"":""Backup Operators""},{""@Name"":""TargetDomainName"",""#text"":""Builtin""},{""@Name"":""TargetSid"",""#text"":""S-1-5-32-551""},{""@Name"":""SubjectUserSid"",""#text"":""S-1-5-21-3239415629-1862073780-2394361899-500""},{""@Name"":""SubjectUserName"",""#text"":""Administrator""},{""@Name"":""SubjectDomainName"",""#text"":""FORELA""},{""@Name"":""SubjectLogonId"",""#text"":""0x8DE3D""},{""@Name"":""CallerProcessId"",""#text"":""0xF64""},{""@Name"":""CallerProcessName"",""#text"":""C:\\Windows\\System32\\ntdsutil.exe""}]}}"
265,6147,2024-05-15 05:40:47.0533730,4799,LogAlways,Microsoft-Windows-Security-Auditing,Security,764,980,DC01.forela.local,3,,A security-enabled local group membership was enumerated,FORELA\DC01$ (S-1-5-18),,Target: Builtin\Administrators (S-1-5-32-544),SubjectLogonId: 0x3E7,CallerProcessName: C:\Windows\System32\dfsrs.exe,CallerProcessId: 0xBF8,,,,False,C:\Users\quentin\Documents\repo\writeups\CrownJewel-2\too\SECURITY.evtx,Audit success,0,"{""EventData"":{""Data"":[{""@Name"":""TargetUserName"",""#text"":""Administrators""},{""@Name"":""TargetDomainName"",""#text"":""Builtin""},{""@Name"":""TargetSid"",""#text"":""S-1-5-32-544""},{""@Name"":""SubjectUserSid"",""#text"":""S-1-5-18""},{""@Name"":""SubjectUserName"",""#text"":""DC01$""},{""@Name"":""SubjectDomainName"",""#text"":""FORELA""},{""@Name"":""SubjectLogonId"",""#text"":""0x3E7""},{""@Name"":""CallerProcessId"",""#text"":""0xBF8""},{""@Name"":""CallerProcessName"",""#text"":""C:\\Windows\\System32\\dfsrs.exe""}]}}"
266,6148,2024-05-15 05:40:47.0541222,4799,LogAlways,Microsoft-Windows-Security-Auditing,Security,764,980,DC01.forela.local,3,,A security-enabled local group membership was enumerated,FORELA\DC01$ (S-1-5-18),,Target: Builtin\Backup Operators (S-1-5-32-551),SubjectLogonId: 0x3E7,CallerProcessName: C:\Windows\System32\dfsrs.exe,CallerProcessId: 0xBF8,,,,False,C:\Users\quentin\Documents\repo\writeups\CrownJewel-2\too\SECURITY.evtx,Audit success,0,"{""EventData"":{""Data"":[{""@Name"":""TargetUserName"",""#text"":""Backup Operators""},{""@Name"":""TargetDomainName"",""#text"":""Builtin""},{""@Name"":""TargetSid"",""#text"":""S-1-5-32-551""},{""@Name"":""SubjectUserSid"",""#text"":""S-1-5-18""},{""@Name"":""SubjectUserName"",""#text"":""DC01$""},{""@Name"":""SubjectDomainName"",""#text"":""FORELA""},{""@Name"":""SubjectLogonId"",""#text"":""0x3E7""},{""@Name"":""CallerProcessId"",""#text"":""0xBF8""},{""@Name"":""CallerProcessName"",""#text"":""C:\\Windows\\System32\\dfsrs.exe""}]}}"
267,6149,2024-05-15 05:41:18.7224829,5140,LogAlways,Microsoft-Windows-Security-Auditing,Security,4,516,DC01.forela.local,3,,A network share object was accessed,FORELA\DC01$,fe80::35a9:2032:4461:eefa:55253,Share: \\*\SYSVOL (\??\C:\Windows\SYSVOL\sysvol),Sid: S-1-5-18,AccessList: ReadData (or ListDirectory),AccessMask: Unknown code (0x1),,,,False,C:\Users\quentin\Documents\repo\writeups\CrownJewel-2\too\SECURITY.evtx,Audit success,0,"{""EventData"":{""Data"":[{""@Name"":""SubjectUserSid"",""#text"":""S-1-5-18""},{""@Name"":""SubjectUserName"",""#text"":""DC01$""},{""@Name"":""SubjectDomainName"",""#text"":""FORELA""},{""@Name"":""SubjectLogonId"",""#text"":""0x224E52""},{""@Name"":""ObjectType"",""#text"":""File""},{""@Name"":""IpAddress"",""#text"":""fe80::35a9:2032:4461:eefa""},{""@Name"":""IpPort"",""#text"":""55253""},{""@Name"":""ShareName"",""#text"":""\\\\*\\SYSVOL""},{""@Name"":""ShareLocalPath"",""#text"":""\\??\\C:\\Windows\\SYSVOL\\sysvol""},{""@Name"":""AccessMask"",""#text"":""0x1""},{""@Name"":""AccessList"",""#text"":""%%4416, ""}]}}"
1,2915,2024-05-15 05:35:18.1034501,6009,Info,EventLog,System,0,0,DC01.forela.local,0,,,,,,,,,,,,False,C:\Users\quentin\Documents\repo\writeups\CrownJewel-2\too\SYSTEM.evtx,0x80000000000000,0,"{""EventData"":{""Data"":""10.00., 20348, Multiprocessor Free, 0"",""Binary"":""""}}"
2,2916,2024-05-15 05:35:18.1034501,6005,Info,EventLog,System,0,0,DC01.forela.local,0,,The Event log service was started,,,Computer: DC01.forela.local,,,,,,,False,C:\Users\quentin\Documents\repo\writeups\CrownJewel-2\too\SYSTEM.evtx,0x80000000000000,0,"{""EventData"":{""Data"":"""",""Binary"":""E8-07-05-00-03-00-0F-00-05-00-23-00-12-00-67-00-00-00-00-00-00-00-00-00""}}"
3,2917,2024-05-15 05:35:18.1034501,6013,Info,EventLog,System,0,0,DC01.forela.local,0,,System uptime,,,The system uptime is 11 seconds,"TimeZone: 60, -300 Pakistan Standard Time",,,,,,False,C:\Users\quentin\Documents\repo\writeups\CrownJewel-2\too\SYSTEM.evtx,0x80000000000000,0,"{""EventData"":{""Data"":""11, 60, -300 Pakistan Standard Time"",""Binary"":""31-00-2E-00-31-00-00-00-30-00-00-00-57-00-69-00-6E-00-64-00-6F-00-77-00-73-00-20-00-53-00-65-00-72-00-76-00-65-00-72-00-20-00-32-00-30-00-32-00-32-00-20-00-53-00-74-00-61-00-6E-00-64-00-61-00-72-00-64-00-20-00-45-00-76-00-61-00-6C-00-75-00-61-00-74-00-69-00-6F-00-6E-00-00-00-31-00-30-00-2E-00-30-00-2E-00-32-00-30-00-33-00-34-00-38-00-20-00-42-00-75-00-69-00-6C-00-64-00-20-00-32-00-30-00-33-00-34-00-38-00-20-00-20-00-00-00-4D-00-75-00-6C-00-74-00-69-00-70-00-72-00-6F-00-63-00-65-00-73-00-73-00-6F-00-72-00-20-00-46-00-72-00-65-00-65-00-00-00-32-00-30-00-33-00-34-00-38-00-2E-00-66-00-65-00-5F-00-72-00-65-00-6C-00-65-00-61-00-73-00-65-00-2E-00-32-00-31-00-30-00-35-00-30-00-37-00-2D-00-31-00-35-00-30-00-30-00-00-00-36-00-34-00-30-00-37-00-39-00-34-00-36-00-31-00-00-00-4E-00-6F-00-74-00-20-00-41-00-76-00-61-00-69-00-6C-00-61-00-62-00-6C-00-65-00-00-00-4E-00-6F-00-74-00-20-00-41-00-76-00-61-00-69-00-6C-00-61-00-62-00-6C-00-65-00-00-00-39-00-00-00-38-00-00-00-36-00-36-00-35-00-36-00-00-00-34-00-30-00-39-00-00-00-44-00-43-00-30-00-31-00-2E-00-66-00-6F-00-72-00-65-00-6C-00-61-00-2E-00-6C-00-6F-00-63-00-61-00-6C-00-00-00-00-00""}}"
4,2935,2024-05-15 05:35:07.5120124,12,Info,Microsoft-Windows-Kernel-General,System,4,8,DC01.forela.local,0,S-1-5-18,OS was started,,,StartTime: 2024-05-15 05:35:06.5000000,BootMode: Normal boot,,,,,,False,C:\Users\quentin\Documents\repo\writeups\CrownJewel-2\too\SYSTEM.evtx,State,0,"{""EventData"":{""Data"":[{""@Name"":""MajorVersion"",""#text"":""10""},{""@Name"":""MinorVersion"",""#text"":""0""},{""@Name"":""BuildVersion"",""#text"":""20348""},{""@Name"":""QfeVersion"",""#text"":""587""},{""@Name"":""ServiceVersion"",""#text"":""0""},{""@Name"":""BootMode"",""#text"":""0""},{""@Name"":""StartTime"",""#text"":""2024-05-15 05:35:06.5000000""}]}}"
5,2936,2024-05-15 05:35:07.5121346,153,Info,Microsoft-Windows-Kernel-Boot,System,4,8,DC01.forela.local,0,S-1-5-18,,,,,,,,,,,False,C:\Users\quentin\Documents\repo\writeups\CrownJewel-2\too\SYSTEM.evtx,Classic,0,"{""EventData"":{""Data"":[{""@Name"":""Status"",""#text"":""0""},{""@Name"":""EnableDisableReason"",""#text"":""0""},{""@Name"":""VsmPolicy"",""#text"":""0""}]}}"
6,2937,2024-05-15 05:35:07.5121947,20,Info,Microsoft-Windows-Kernel-Boot,System,4,8,DC01.forela.local,0,S-1-5-18,,,,,,,,,,,False,C:\Users\quentin\Documents\repo\writeups\CrownJewel-2\too\SYSTEM.evtx,Classic,0,"{""EventData"":{""Data"":[{""@Name"":""LastShutdownGood"",""#text"":""True""},{""@Name"":""LastBootGood"",""#text"":""True""},{""@Name"":""LastBootId"",""#text"":""9""},{""@Name"":""BootStatusPolicy"",""#text"":""2""}]}}"
7,2938,2024-05-15 05:35:07.5122083,238,Info,Microsoft-Windows-Kernel-Boot,System,4,8,DC01.forela.local,0,S-1-5-18,,,,,,,,,,,False,C:\Users\quentin\Documents\repo\writeups\CrownJewel-2\too\SYSTEM.evtx,Classic,0,"{""EventData"":{""Data"":[{""@Name"":""EfiTimeZoneBias"",""#text"":""2047""},{""@Name"":""EfiDaylightFlags"",""#text"":""0""},{""@Name"":""EfiTime"",""#text"":""2024-05-15 10:35:05.0000000""}]}}"
8,2939,2024-05-15 05:35:07.5122086,25,Info,Microsoft-Windows-Kernel-Boot,System,4,8,DC01.forela.local,0,S-1-5-18,,,,,,,,,,,False,C:\Users\quentin\Documents\repo\writeups\CrownJewel-2\too\SYSTEM.evtx,Classic,0,"{""EventData"":{""Data"":{""@Name"":""BootMenuPolicy"",""#text"":""0""}}}"
9,2940,2024-05-15 05:35:07.5122088,27,Info,Microsoft-Windows-Kernel-Boot,System,4,8,DC01.forela.local,0,S-1-5-18,,,,,,,,,,,False,C:\Users\quentin\Documents\repo\writeups\CrownJewel-2\too\SYSTEM.evtx,Classic,0,"{""EventData"":{""Data"":[{""@Name"":""BootType"",""#text"":""0""},{""@Name"":""LoadOptions"",""#text"":"" NOEXECUTE=OPTOUT  FVEBOOT=2670592""}]}}"
10,2941,2024-05-15 05:35:07.5122332,18,Info,Microsoft-Windows-Kernel-Boot,System,4,8,DC01.forela.local,0,S-1-5-18,,,,,,,,,,,False,C:\Users\quentin\Documents\repo\writeups\CrownJewel-2\too\SYSTEM.evtx,Classic,0,"{""EventData"":{""Data"":{""@Name"":""EntryCount"",""#text"":""1""}}}"
11,2942,2024-05-15 05:35:07.5122443,32,Info,Microsoft-Windows-Kernel-Boot,System,4,8,DC01.forela.local,0,S-1-5-18,,,,,,,,,,,False,C:\Users\quentin\Documents\repo\writeups\CrownJewel-2\too\SYSTEM.evtx,Classic,0,"{""EventData"":{""Data"":{""@Name"":""BitlockerUserInputTime"",""#text"":""0""}}}"
12,2943,2024-05-15 05:35:07.5157487,20,Info,Microsoft-Windows-Kernel-General,System,4,8,DC01.forela.local,0,S-1-5-18,,,,,,,,,,,False,C:\Users\quentin\Documents\repo\writeups\CrownJewel-2\too\SYSTEM.evtx,Time,0,"{""EventData"":{""Data"":[{""@Name"":""UpdateReason"",""#text"":""0""},{""@Name"":""EnabledNew"",""#text"":""True""},{""@Name"":""CountNew"",""#text"":""0""},{""@Name"":""CountOld"",""#text"":""0""}]}}"
13,2944,2024-05-15 05:35:07.5933691,16,Info,Microsoft-Windows-HAL,System,4,8,DC01.forela.local,0,S-1-5-18,,,,,,,,,,,False,C:\Users\quentin\Documents\repo\writeups\CrownJewel-2\too\SYSTEM.evtx,Classic,0,"{""EventData"":""""}"
14,2945,2024-05-15 05:35:09.3631271,3,Info,vmci,System,4,32,DC01.forela.local,0,,,,,,,,,,,,False,C:\Users\quentin\Documents\repo\writeups\CrownJewel-2\too\SYSTEM.evtx,0x80000000000000,0,"{""EventData"":{""Data"":""VMCI: Using capabilities (0x1c).\n"",""Binary"":""00-00-00-00-02-00-28-00-00-00-00-00-03-00-08-40-03-00-08-40-00-00-00-00-00-00-00-00-00-00-00-00-00-00-00-00-00-00-00-00""}}"
15,2946,2024-05-15 05:35:11.3179232,6,Info,Microsoft-Windows-FilterManager,System,4,8,DC01.forela.local,0,S-1-5-18,,,,,,,,,,,False,C:\Users\quentin\Documents\repo\writeups\CrownJewel-2\too\SYSTEM.evtx,Classic,0,"{""EventData"":{""Data"":[{""@Name"":""FinalStatus"",""#text"":""0x0""},{""@Name"":""DeviceVersionMajor"",""#text"":""10""},{""@Name"":""DeviceVersionMinor"",""#text"":""0""},{""@Name"":""DeviceNameLength"",""#text"":""3""},{""@Name"":""DeviceName"",""#text"":""Wof""},{""@Name"":""DeviceTime"",""#text"":""2008-09-17 23:19:58.0000000""}]}}"
16,2947,2024-05-15 05:35:11.3184085,6,Info,Microsoft-Windows-FilterManager,System,4,8,DC01.forela.local,0,S-1-5-18,,,,,,,,,,,False,C:\Users\quentin\Documents\repo\writeups\CrownJewel-2\too\SYSTEM.evtx,Classic,0,"{""EventData"":{""Data"":[{""@Name"":""FinalStatus"",""#text"":""0x0""},{""@Name"":""DeviceVersionMajor"",""#text"":""10""},{""@Name"":""DeviceVersionMinor"",""#text"":""0""},{""@Name"":""DeviceNameLength"",""#text"":""6""},{""@Name"":""DeviceName"",""#text"":""DfsrRo""},{""@Name"":""DeviceTime"",""#text"":""1999-03-21 06:16:31.0000000""}]}}"
17,2948,2024-05-15 05:35:11.4094907,98,Info,Microsoft-Windows-Ntfs,System,4,196,DC01.forela.local,0,S-1-5-18,,,,,,,,,,,False,C:\Users\quentin\Documents\repo\writeups\CrownJewel-2\too\SYSTEM.evtx,0x8000000000000002,0,"{""EventData"":{""Data"":[{""@Name"":""DriveName"",""#text"":""C:""},{""@Name"":""DeviceName"",""#text"":""\\Device\\HarddiskVolume3""},{""@Name"":""CorruptionActionState"",""#text"":""0""}]}}"
18,2949,2024-05-15 05:35:11.5123319,6,Info,Microsoft-Windows-FilterManager,System,4,8,DC01.forela.local,0,S-1-5-18,,,,,,,,,,,False,C:\Users\quentin\Documents\repo\writeups\CrownJewel-2\too\SYSTEM.evtx,Classic,0,"{""EventData"":{""Data"":[{""@Name"":""FinalStatus"",""#text"":""0x0""},{""@Name"":""DeviceVersionMajor"",""#text"":""10""},{""@Name"":""DeviceVersionMinor"",""#text"":""0""},{""@Name"":""DeviceNameLength"",""#text"":""9""},{""@Name"":""DeviceName"",""#text"":""FileCrypt""},{""@Name"":""DeviceTime"",""#text"":""2088-05-24 11:57:52.0000000""}]}}"
19,2950,2024-05-15 05:35:11.5161090,6,Info,Microsoft-Windows-FilterManager,System,4,8,DC01.forela.local,0,S-1-5-18,,,,,,,,,,,False,C:\Users\quentin\Documents\repo\writeups\CrownJewel-2\too\SYSTEM.evtx,Classic,0,"{""EventData"":{""Data"":[{""@Name"":""FinalStatus"",""#text"":""0x0""},{""@Name"":""DeviceVersionMajor"",""#text"":""10""},{""@Name"":""DeviceVersionMinor"",""#text"":""0""},{""@Name"":""DeviceNameLength"",""#text"":""9""},{""@Name"":""DeviceName"",""#text"":""DfsDriver""},{""@Name"":""DeviceTime"",""#text"":""2053-07-29 14:36:42.0000000""}]}}"
20,2951,2024-05-15 05:35:11.6972659,6,Info,Microsoft-Windows-FilterManager,System,4,8,DC01.forela.local,0,S-1-5-18,,,,,,,,,,,False,C:\Users\quentin\Documents\repo\writeups\CrownJewel-2\too\SYSTEM.evtx,Classic,0,"{""EventData"":{""Data"":[{""@Name"":""FinalStatus"",""#text"":""0x0""},{""@Name"":""DeviceVersionMajor"",""#text"":""10""},{""@Name"":""DeviceVersionMinor"",""#text"":""0""},{""@Name"":""DeviceNameLength"",""#text"":""9""},{""@Name"":""DeviceName"",""#text"":""npsvctrig""},{""@Name"":""DeviceTime"",""#text"":""2015-04-02 15:42:38.0000000""}]}}"
21,2952,2024-05-15 05:35:11.7372100,172,Info,Microsoft-Windows-Kernel-Power,System,4,376,DC01.forela.local,0,S-1-5-18,,,,,,,,,,,False,C:\Users\quentin\Documents\repo\writeups\CrownJewel-2\too\SYSTEM.evtx,0x8000000000000404,0,"{""EventData"":{""Data"":[{""@Name"":""State"",""#text"":""2""},{""@Name"":""Reason"",""#text"":""6""}]}}"
22,2953,2024-05-15 05:35:13.8518096,55,Info,Microsoft-Windows-Kernel-Processor-Power,System,4,348,DC01.forela.local,0,S-1-5-18,,,,,,,,,,,False,C:\Users\quentin\Documents\repo\writeups\CrownJewel-2\too\SYSTEM.evtx,Classic,0,"{""EventData"":{""Data"":[{""@Name"":""Group"",""#text"":""0""},{""@Name"":""Number"",""#text"":""0""},{""@Name"":""IdleStateCount"",""#text"":""1""},{""@Name"":""IdleImplementation"",""#text"":""1""},{""@Name"":""NominalFrequency"",""#text"":""3693""},{""@Name"":""MaximumPerformancePercent"",""#text"":""100""},{""@Name"":""MinimumPerformancePercent"",""#text"":""100""},{""@Name"":""MinimumThrottlePercent"",""#text"":""100""},{""@Name"":""PerformanceImplementation"",""#text"":""0""}]}}"
23,2954,2024-05-15 05:35:13.8525008,55,Info,Microsoft-Windows-Kernel-Processor-Power,System,4,348,DC01.forela.local,0,S-1-5-18,,,,,,,,,,,False,C:\Users\quentin\Documents\repo\writeups\CrownJewel-2\too\SYSTEM.evtx,Classic,0,"{""EventData"":{""Data"":[{""@Name"":""Group"",""#text"":""0""},{""@Name"":""Number"",""#text"":""1""},{""@Name"":""IdleStateCount"",""#text"":""1""},{""@Name"":""IdleImplementation"",""#text"":""1""},{""@Name"":""NominalFrequency"",""#text"":""3693""},{""@Name"":""MaximumPerformancePercent"",""#text"":""100""},{""@Name"":""MinimumPerformancePercent"",""#text"":""100""},{""@Name"":""MinimumThrottlePercent"",""#text"":""100""},{""@Name"":""PerformanceImplementation"",""#text"":""0""}]}}"
24,2955,2024-05-15 05:35:13.8530789,55,Info,Microsoft-Windows-Kernel-Processor-Power,System,4,348,DC01.forela.local,0,S-1-5-18,,,,,,,,,,,False,C:\Users\quentin\Documents\repo\writeups\CrownJewel-2\too\SYSTEM.evtx,Classic,0,"{""EventData"":{""Data"":[{""@Name"":""Group"",""#text"":""0""},{""@Name"":""Number"",""#text"":""2""},{""@Name"":""IdleStateCount"",""#text"":""1""},{""@Name"":""IdleImplementation"",""#text"":""1""},{""@Name"":""NominalFrequency"",""#text"":""3693""},{""@Name"":""MaximumPerformancePercent"",""#text"":""100""},{""@Name"":""MinimumPerformancePercent"",""#text"":""100""},{""@Name"":""MinimumThrottlePercent"",""#text"":""100""},{""@Name"":""PerformanceImplementation"",""#text"":""0""}]}}"
25,2956,2024-05-15 05:35:13.8538312,55,Info,Microsoft-Windows-Kernel-Processor-Power,System,4,348,DC01.forela.local,0,S-1-5-18,,,,,,,,,,,False,C:\Users\quentin\Documents\repo\writeups\CrownJewel-2\too\SYSTEM.evtx,Classic,0,"{""EventData"":{""Data"":[{""@Name"":""Group"",""#text"":""0""},{""@Name"":""Number"",""#text"":""3""},{""@Name"":""IdleStateCount"",""#text"":""1""},{""@Name"":""IdleImplementation"",""#text"":""1""},{""@Name"":""NominalFrequency"",""#text"":""3693""},{""@Name"":""MaximumPerformancePercent"",""#text"":""100""},{""@Name"":""MinimumPerformancePercent"",""#text"":""100""},{""@Name"":""MinimumThrottlePercent"",""#text"":""100""},{""@Name"":""PerformanceImplementation"",""#text"":""0""}]}}"
26,2957,2024-05-15 05:35:13.8543567,55,Info,Microsoft-Windows-Kernel-Processor-Power,System,4,348,DC01.forela.local,0,S-1-5-18,,,,,,,,,,,False,C:\Users\quentin\Documents\repo\writeups\CrownJewel-2\too\SYSTEM.evtx,Classic,0,"{""EventData"":{""Data"":[{""@Name"":""Group"",""#text"":""0""},{""@Name"":""Number"",""#text"":""4""},{""@Name"":""IdleStateCount"",""#text"":""1""},{""@Name"":""IdleImplementation"",""#text"":""1""},{""@Name"":""NominalFrequency"",""#text"":""3693""},{""@Name"":""MaximumPerformancePercent"",""#text"":""100""},{""@Name"":""MinimumPerformancePercent"",""#text"":""100""},{""@Name"":""MinimumThrottlePercent"",""#text"":""100""},{""@Name"":""PerformanceImplementation"",""#text"":""0""}]}}"
27,2958,2024-05-15 05:35:13.8548677,55,Info,Microsoft-Windows-Kernel-Processor-Power,System,4,348,DC01.forela.local,0,S-1-5-18,,,,,,,,,,,False,C:\Users\quentin\Documents\repo\writeups\CrownJewel-2\too\SYSTEM.evtx,Classic,0,"{""EventData"":{""Data"":[{""@Name"":""Group"",""#text"":""0""},{""@Name"":""Number"",""#text"":""5""},{""@Name"":""IdleStateCount"",""#text"":""1""},{""@Name"":""IdleImplementation"",""#text"":""1""},{""@Name"":""NominalFrequency"",""#text"":""3693""},{""@Name"":""MaximumPerformancePercent"",""#text"":""100""},{""@Name"":""MinimumPerformancePercent"",""#text"":""100""},{""@Name"":""MinimumThrottlePercent"",""#text"":""100""},{""@Name"":""PerformanceImplementation"",""#text"":""0""}]}}"
28,2959,2024-05-15 05:35:13.8555005,55,Info,Microsoft-Windows-Kernel-Processor-Power,System,4,348,DC01.forela.local,0,S-1-5-18,,,,,,,,,,,False,C:\Users\quentin\Documents\repo\writeups\CrownJewel-2\too\SYSTEM.evtx,Classic,0,"{""EventData"":{""Data"":[{""@Name"":""Group"",""#text"":""0""},{""@Name"":""Number"",""#text"":""6""},{""@Name"":""IdleStateCount"",""#text"":""1""},{""@Name"":""IdleImplementation"",""#text"":""1""},{""@Name"":""NominalFrequency"",""#text"":""3693""},{""@Name"":""MaximumPerformancePercent"",""#text"":""100""},{""@Name"":""MinimumPerformancePercent"",""#text"":""100""},{""@Name"":""MinimumThrottlePercent"",""#text"":""100""},{""@Name"":""PerformanceImplementation"",""#text"":""0""}]}}"
29,2960,2024-05-15 05:35:13.8560526,55,Info,Microsoft-Windows-Kernel-Processor-Power,System,4,348,DC01.forela.local,0,S-1-5-18,,,,,,,,,,,False,C:\Users\quentin\Documents\repo\writeups\CrownJewel-2\too\SYSTEM.evtx,Classic,0,"{""EventData"":{""Data"":[{""@Name"":""Group"",""#text"":""0""},{""@Name"":""Number"",""#text"":""7""},{""@Name"":""IdleStateCount"",""#text"":""1""},{""@Name"":""IdleImplementation"",""#text"":""1""},{""@Name"":""NominalFrequency"",""#text"":""3693""},{""@Name"":""MaximumPerformancePercent"",""#text"":""100""},{""@Name"":""MinimumPerformancePercent"",""#text"":""100""},{""@Name"":""MinimumThrottlePercent"",""#text"":""100""},{""@Name"":""PerformanceImplementation"",""#text"":""0""}]}}"
30,2961,2024-05-15 05:35:14.1153381,32,Info,e1i68x64,System,4,176,DC01.forela.local,0,,,,,,,,,,,,False,C:\Users\quentin\Documents\repo\writeups\CrownJewel-2\too\SYSTEM.evtx,0x80000000000000,0,"{""EventData"":{""Data"":""Intel(R) 82574L Gigabit Network Connection"",""Binary"":""00-00-04-00-02-00-30-00-00-00-00-00-20-00-04-60-00-00-00-00-00-00-00-00-00-00-00-00-00-00-00-00-00-00-00-00-00-00-00-00-20-00-04-60""}}"
31,2962,2024-05-15 05:35:14.1497237,98,Info,Microsoft-Windows-Ntfs,System,4,356,DC01.forela.local,0,S-1-5-18,,,,,,,,,,,False,C:\Users\quentin\Documents\repo\writeups\CrownJewel-2\too\SYSTEM.evtx,0x8000000000000002,0,"{""EventData"":{""Data"":[{""@Name"":""DriveName"",""#text"":""\\\\?\\Volume{c526ee1b-ba64-405c-a85b-a486eddd36cb}""},{""@Name"":""DeviceName"",""#text"":""\\Device\\HarddiskVolume4""},{""@Name"":""CorruptionActionState"",""#text"":""0""}]}}"
32,2963,2024-05-15 05:35:15.6783071,15,Info,Microsoft-Windows-Kernel-General,System,172,472,DC01.forela.local,0,S-1-5-18,,,,,,,,,,,False,C:\Users\quentin\Documents\repo\writeups\CrownJewel-2\too\SYSTEM.evtx,Classic,0,"{""EventData"":{""Data"":[{""@Name"":""HiveNameLength"",""#text"":""36""},{""@Name"":""HiveName"",""#text"":""\\SystemRoot\\System32\\Config\\SOFTWARE""},{""@Name"":""OriginalSize"",""#text"":""73838592""},{""@Name"":""NewSize"",""#text"":""73797632""}]}}"
33,2964,2024-05-15 05:35:15.6960483,24,Info,Microsoft-Windows-Kernel-General,System,172,504,DC01.forela.local,0,S-1-5-18,,,,,,,,,,,False,C:\Users\quentin\Documents\repo\writeups\CrownJewel-2\too\SYSTEM.evtx,Time,0,"{""EventData"":{""Data"":[{""@Name"":""ExitReason"",""#text"":""0""},{""@Name"":""CurrentBias"",""#text"":""-300""},{""@Name"":""CurrentTimeZoneID"",""#text"":""0""},{""@Name"":""TimeZoneInfoCacheUpdated"",""#text"":""0""},{""@Name"":""FirstRefresh"",""#text"":""0""}]}}"
34,2965,2024-05-15 05:35:15.8651197,16,Info,Microsoft-Windows-Kernel-General,System,172,480,DC01.forela.local,0,S-1-5-18,,,,,,,,,,,False,C:\Users\quentin\Documents\repo\writeups\CrownJewel-2\too\SYSTEM.evtx,Classic,0,"{""EventData"":{""Data"":[{""@Name"":""HiveNameLength"",""#text"":""35""},{""@Name"":""HiveName"",""#text"":""\\SystemRoot\\System32\\Config\\DEFAULT""},{""@Name"":""KeysUpdated"",""#text"":""185""},{""@Name"":""DirtyPages"",""#text"":""20""}]}}"
35,2966,2024-05-15 05:35:16.2307384,14,Info,Microsoft-Windows-Wininit,System,624,628,DC01.forela.local,0,S-1-5-18,,,,,,,,,,,False,C:\Users\quentin\Documents\repo\writeups\CrownJewel-2\too\SYSTEM.evtx,0x4000000000000000,0,"{""EventData"":{""Data"":[{""@Name"":""Config"",""#text"":""0""},{""@Name"":""IsTestConfig"",""#text"":""0""}]}}"
36,2967,2024-05-15 05:35:16.3140484,16,Info,Microsoft-Windows-Kernel-General,System,172,468,DC01.forela.local,0,S-1-5-18,,,,,,,,,,,False,C:\Users\quentin\Documents\repo\writeups\CrownJewel-2\too\SYSTEM.evtx,Classic,0,"{""EventData"":{""Data"":[{""@Name"":""HiveNameLength"",""#text"":""36""},{""@Name"":""HiveName"",""#text"":""\\SystemRoot\\System32\\Config\\SECURITY""},{""@Name"":""KeysUpdated"",""#text"":""120""},{""@Name"":""DirtyPages"",""#text"":""5""}]}}"
37,2968,2024-05-15 05:35:16.4909158,16962,Info,Microsoft-Windows-Directory-Services-SAM,System,764,768,DC01.forela.local,0,S-1-5-18,,,,,,,,,,,False,C:\Users\quentin\Documents\repo\writeups\CrownJewel-2\too\SYSTEM.evtx,Classic,0,"{""EventData"":{""@Name"":""SAMMSG_RESTRICT_REMOTE_SAM_DEFAULT_SD"",""Data"":{""@Name"":""Default SD String:""}}}"
38,2969,2024-05-15 05:35:16.4940790,16,Info,Microsoft-Windows-Kernel-General,System,172,484,DC01.forela.local,0,S-1-5-18,,,,,,,,,,,False,C:\Users\quentin\Documents\repo\writeups\CrownJewel-2\too\SYSTEM.evtx,Classic,0,"{""EventData"":{""Data"":[{""@Name"":""HiveNameLength"",""#text"":""31""},{""@Name"":""HiveName"",""#text"":""\\SystemRoot\\System32\\Config\\SAM""},{""@Name"":""KeysUpdated"",""#text"":""23""},{""@Name"":""DirtyPages"",""#text"":""3""}]}}"
39,2970,2024-05-15 05:35:17.8091241,16977,Info,Microsoft-Windows-Directory-Services-SAM,System,764,944,DC01.forela.local,0,S-1-5-18,,,,,,,,,,,False,C:\Users\quentin\Documents\repo\writeups\CrownJewel-2\too\SYSTEM.evtx,Classic,0,"{""EventData"":{""@Name"":""SAMMSG_MINPWDLEN_SETTINGS_IN_EFFECT"",""Data"":[{""@Name"":""MinimumPasswordLength"",""#text"":""7""},{""@Name"":""RelaxMinimumPasswordLengthLimits"",""#text"":""0""},{""@Name"":""MinimumPasswordLengthAudit"",""#text"":""0""}]}}"
40,2971,2024-05-15 05:35:17.8198625,16977,Info,Microsoft-Windows-Directory-Services-SAM,System,764,768,DC01.forela.local,0,S-1-5-18,,,,,,,,,,,False,C:\Users\quentin\Documents\repo\writeups\CrownJewel-2\too\SYSTEM.evtx,Classic,0,"{""EventData"":{""@Name"":""SAMMSG_MINPWDLEN_SETTINGS_IN_EFFECT"",""Data"":[{""@Name"":""MinimumPasswordLength"",""#text"":""7""},{""@Name"":""RelaxMinimumPasswordLengthLimits"",""#text"":""0""},{""@Name"":""MinimumPasswordLengthAudit"",""#text"":""-1""}]}}"
