41,2972,2024-05-15 05:35:17.8198647,16983,Info,Microsoft-Windows-Directory-Services-SAM,System,764,768,DC01.forela.local,0,S-1-5-18,,,,,,,,,,,False,C:\Users\quentin\Documents\repo\writeups\CrownJewel-2\too\SYSTEM.evtx,Classic,0,"{""EventData"":{""@Name"":""SAMMSG_AUDIT_LEGACY_PWD_RPC_METHODS_OFF""}}"
42,2973,2024-05-15 05:35:17.8377857,7036,Info,Service Control Manager,System,744,852,DC01.forela.local,0,,Service started or stopped,,,Name: PlugPlay | PlugPlay,Status: running,,,,,,False,C:\Users\quentin\Documents\repo\writeups\CrownJewel-2\too\SYSTEM.evtx,"Audit success, classic",0,"{""EventData"":{""Data"":[{""@Name"":""param1"",""#text"":""PlugPlay""},{""@Name"":""param2"",""#text"":""running""}],""Binary"":""50-00-6C-00-75-00-67-00-50-00-6C-00-61-00-79-00-2F-00-34-00-00-00""}}"
43,2974,2024-05-15 05:35:17.8539090,7036,Info,Service Control Manager,System,744,852,DC01.forela.local,0,,Service started or stopped,,,Name: Power | Power,Status: running,,,,,,False,C:\Users\quentin\Documents\repo\writeups\CrownJewel-2\too\SYSTEM.evtx,"Audit success, classic",0,"{""EventData"":{""Data"":[{""@Name"":""param1"",""#text"":""Power""},{""@Name"":""param2"",""#text"":""running""}],""Binary"":""50-00-6F-00-77-00-65-00-72-00-2F-00-34-00-00-00""}}"
44,2975,2024-05-15 05:35:17.8849034,7036,Info,Service Control Manager,System,744,856,DC01.forela.local,0,,Service started or stopped,,,Name: DcomLaunch | DcomLaunch,Status: running,,,,,,False,C:\Users\quentin\Documents\repo\writeups\CrownJewel-2\too\SYSTEM.evtx,"Audit success, classic",0,"{""EventData"":{""Data"":[{""@Name"":""param1"",""#text"":""DcomLaunch""},{""@Name"":""param2"",""#text"":""running""}],""Binary"":""44-00-63-00-6F-00-6D-00-4C-00-61-00-75-00-6E-00-63-00-68-00-2F-00-34-00-00-00""}}"
45,2976,2024-05-15 05:35:17.8875917,16,Info,Microsoft-Windows-Kernel-General,System,744,748,DC01.forela.local,0,S-1-5-18,,,,,,,,,,,False,C:\Users\quentin\Documents\repo\writeups\CrownJewel-2\too\SYSTEM.evtx,Classic,0,"{""EventData"":{""Data"":[{""@Name"":""HiveNameLength"",""#text"":""56""},{""@Name"":""HiveName"",""#text"":""\\??\\C:\\Windows\\ServiceProfiles\\NetworkService\\NTUSER.DAT""},{""@Name"":""KeysUpdated"",""#text"":""89""},{""@Name"":""DirtyPages"",""#text"":""14""}]}}"
46,2977,2024-05-15 05:35:17.9005536,7036,Info,Service Control Manager,System,744,856,DC01.forela.local,0,,Service started or stopped,,,Name: RpcEptMapper | RpcEptMapper,Status: running,,,,,,False,C:\Users\quentin\Documents\repo\writeups\CrownJewel-2\too\SYSTEM.evtx,"Audit success, classic",0,"{""EventData"":{""Data"":[{""@Name"":""param1"",""#text"":""RpcEptMapper""},{""@Name"":""param2"",""#text"":""running""}],""Binary"":""52-00-70-00-63-00-45-00-70-00-74-00-4D-00-61-00-70-00-70-00-65-00-72-00-2F-00-34-00-00-00""}}"
47,2978,2024-05-15 05:35:17.9005536,7036,Info,Service Control Manager,System,744,856,DC01.forela.local,0,,Service started or stopped,,,Name: RpcSs | RpcSs,Status: running,,,,,,False,C:\Users\quentin\Documents\repo\writeups\CrownJewel-2\too\SYSTEM.evtx,"Audit success, classic",0,"{""EventData"":{""Data"":[{""@Name"":""param1"",""#text"":""RpcSs""},{""@Name"":""param2"",""#text"":""running""}],""Binary"":""52-00-70-00-63-00-53-00-73-00-2F-00-34-00-00-00""}}"
48,2979,2024-05-15 05:35:17.9628397,7036,Info,Service Control Manager,System,744,852,DC01.forela.local,0,,Service started or stopped,,,Name: LSM | LSM,Status: running,,,,,,False,C:\Users\quentin\Documents\repo\writeups\CrownJewel-2\too\SYSTEM.evtx,"Audit success, classic",0,"{""EventData"":{""Data"":[{""@Name"":""param1"",""#text"":""LSM""},{""@Name"":""param2"",""#text"":""running""}],""Binary"":""4C-00-53-00-4D-00-2F-00-34-00-00-00""}}"
49,2980,2024-05-15 05:35:17.9784714,7036,Info,Service Control Manager,System,744,852,DC01.forela.local,0,,Service started or stopped,,,Name: BrokerInfrastructure | BrokerInfrastructure,Status: running,,,,,,False,C:\Users\quentin\Documents\repo\writeups\CrownJewel-2\too\SYSTEM.evtx,"Audit success, classic",0,"{""EventData"":{""Data"":[{""@Name"":""param1"",""#text"":""BrokerInfrastructure""},{""@Name"":""param2"",""#text"":""running""}],""Binary"":""42-00-72-00-6F-00-6B-00-65-00-72-00-49-00-6E-00-66-00-72-00-61-00-73-00-74-00-72-00-75-00-63-00-74-00-75-00-72-00-65-00-2F-00-34-00-00-00""}}"
50,2981,2024-05-15 05:35:17.9944433,7036,Info,Service Control Manager,System,744,852,DC01.forela.local,0,,Service started or stopped,,,Name: SystemEventsBroker | SystemEventsBroker,Status: running,,,,,,False,C:\Users\quentin\Documents\repo\writeups\CrownJewel-2\too\SYSTEM.evtx,"Audit success, classic",0,"{""EventData"":{""Data"":[{""@Name"":""param1"",""#text"":""SystemEventsBroker""},{""@Name"":""param2"",""#text"":""running""}],""Binary"":""53-00-79-00-73-00-74-00-65-00-6D-00-45-00-76-00-65-00-6E-00-74-00-73-00-42-00-72-00-6F-00-6B-00-65-00-72-00-2F-00-34-00-00-00""}}"
51,2982,2024-05-15 05:35:18.0230287,16,Info,Microsoft-Windows-Kernel-General,System,996,360,DC01.forela.local,0,S-1-5-18,,,,,,,,,,,False,C:\Users\quentin\Documents\repo\writeups\CrownJewel-2\too\SYSTEM.evtx,Classic,0,"{""EventData"":{""Data"":[{""@Name"":""HiveNameLength"",""#text"":""31""},{""@Name"":""HiveName"",""#text"":""\\SystemRoot\\System32\\Config\\BBI""},{""@Name"":""KeysUpdated"",""#text"":""21""},{""@Name"":""DirtyPages"",""#text"":""5""}]}}"
52,2983,2024-05-15 05:35:18.0248280,16,Info,Microsoft-Windows-Kernel-General,System,744,820,DC01.forela.local,0,S-1-5-18,,,,,,,,,,,False,C:\Users\quentin\Documents\repo\writeups\CrownJewel-2\too\SYSTEM.evtx,Classic,0,"{""EventData"":{""Data"":[{""@Name"":""HiveNameLength"",""#text"":""54""},{""@Name"":""HiveName"",""#text"":""\\??\\C:\\Windows\\ServiceProfiles\\LocalService\\NTUSER.DAT""},{""@Name"":""KeysUpdated"",""#text"":""42""},{""@Name"":""DirtyPages"",""#text"":""13""}]}}"
53,2984,2024-05-15 05:35:18.0410038,7036,Info,Service Control Manager,System,744,856,DC01.forela.local,0,,Service started or stopped,,,Name: lmhosts | lmhosts,Status: running,,,,,,False,C:\Users\quentin\Documents\repo\writeups\CrownJewel-2\too\SYSTEM.evtx,"Audit success, classic",0,"{""EventData"":{""Data"":[{""@Name"":""param1"",""#text"":""lmhosts""},{""@Name"":""param2"",""#text"":""running""}],""Binary"":""6C-00-6D-00-68-00-6F-00-73-00-74-00-73-00-2F-00-34-00-00-00""}}"
54,2985,2024-05-15 05:35:18.0410038,7036,Info,Service Control Manager,System,744,1064,DC01.forela.local,0,,Service started or stopped,,,Name: nsi | nsi,Status: running,,,,,,False,C:\Users\quentin\Documents\repo\writeups\CrownJewel-2\too\SYSTEM.evtx,"Audit success, classic",0,"{""EventData"":{""Data"":[{""@Name"":""param1"",""#text"":""nsi""},{""@Name"":""param2"",""#text"":""running""}],""Binary"":""6E-00-73-00-69-00-2F-00-34-00-00-00""}}"
55,2986,2024-05-15 05:35:18.0566246,7036,Info,Service Control Manager,System,744,972,DC01.forela.local,0,,Service started or stopped,,,Name: TimeBrokerSvc | TimeBrokerSvc,Status: running,,,,,,False,C:\Users\quentin\Documents\repo\writeups\CrownJewel-2\too\SYSTEM.evtx,"Audit success, classic",0,"{""EventData"":{""Data"":[{""@Name"":""param1"",""#text"":""TimeBrokerSvc""},{""@Name"":""param2"",""#text"":""running""}],""Binary"":""54-00-69-00-6D-00-65-00-42-00-72-00-6F-00-6B-00-65-00-72-00-53-00-76-00-63-00-2F-00-34-00-00-00""}}"
56,2987,2024-05-15 05:35:18.0566246,7036,Info,Service Control Manager,System,744,856,DC01.forela.local,0,,Service started or stopped,,,Name: Dnscache | Dnscache,Status: running,,,,,,False,C:\Users\quentin\Documents\repo\writeups\CrownJewel-2\too\SYSTEM.evtx,"Audit success, classic",0,"{""EventData"":{""Data"":[{""@Name"":""param1"",""#text"":""Dnscache""},{""@Name"":""param2"",""#text"":""running""}],""Binary"":""44-00-6E-00-73-00-63-00-61-00-63-00-68-00-65-00-2F-00-34-00-00-00""}}"
57,2988,2024-05-15 05:35:18.0751252,50036,Info,Microsoft-Windows-Dhcp-Client,System,1272,1300,DC01.forela.local,0,S-1-5-19,,,,,,,,,,,False,C:\Users\quentin\Documents\repo\writeups\CrownJewel-2\too\SYSTEM.evtx,0x2000000000000000,0,"{""EventData"":""""}"
58,2989,2024-05-15 05:35:18.0751645,50103,Info,Microsoft-Windows-Dhcp-Client,System,1272,1300,DC01.forela.local,0,S-1-5-19,,,,,,,,,,,False,C:\Users\quentin\Documents\repo\writeups\CrownJewel-2\too\SYSTEM.evtx,0x2000000000000000,0,"{""EventData"":""""}"
59,2990,2024-05-15 05:35:18.0760410,50036,Info,Microsoft-Windows-Dhcp-Client,System,1272,1300,DC01.forela.local,0,S-1-5-19,,,,,,,,,,,False,C:\Users\quentin\Documents\repo\writeups\CrownJewel-2\too\SYSTEM.evtx,0x2000000000000000,0,"{""EventData"":""""}"
60,2991,2024-05-15 05:35:18.0841700,51046,Info,Microsoft-Windows-DHCPv6-Client,System,1272,1456,DC01.forela.local,0,S-1-5-19,,,,,,,,,,,False,C:\Users\quentin\Documents\repo\writeups\CrownJewel-2\too\SYSTEM.evtx,0x2000000000000000,0,"{""EventData"":""""}"
61,2992,2024-05-15 05:35:18.0722762,7036,Info,Service Control Manager,System,744,856,DC01.forela.local,0,,Service started or stopped,,,Name: Dhcp | Dhcp,Status: running,,,,,,False,C:\Users\quentin\Documents\repo\writeups\CrownJewel-2\too\SYSTEM.evtx,"Audit success, classic",0,"{""EventData"":{""Data"":[{""@Name"":""param1"",""#text"":""Dhcp""},{""@Name"":""param2"",""#text"":""running""}],""Binary"":""44-00-68-00-63-00-70-00-2F-00-34-00-00-00""}}"
62,2993,2024-05-15 05:35:18.0892331,6,Info,Microsoft-Windows-FilterManager,System,4,32,DC01.forela.local,0,S-1-5-18,,,,,,,,,,,False,C:\Users\quentin\Documents\repo\writeups\CrownJewel-2\too\SYSTEM.evtx,Classic,0,"{""EventData"":{""Data"":[{""@Name"":""FinalStatus"",""#text"":""0x0""},{""@Name"":""DeviceVersionMajor"",""#text"":""10""},{""@Name"":""DeviceVersionMinor"",""#text"":""0""},{""@Name"":""DeviceNameLength"",""#text"":""5""},{""@Name"":""DeviceName"",""#text"":""wcifs""},{""@Name"":""DeviceTime"",""#text"":""2088-12-15 16:51:43.0000000""}]}}"
63,2994,2024-05-15 05:35:18.1034501,7036,Info,Service Control Manager,System,744,856,DC01.forela.local,0,,Service started or stopped,,,Name: EventLog | EventLog,Status: running,,,,,,False,C:\Users\quentin\Documents\repo\writeups\CrownJewel-2\too\SYSTEM.evtx,"Audit success, classic",0,"{""EventData"":{""Data"":[{""@Name"":""param1"",""#text"":""EventLog""},{""@Name"":""param2"",""#text"":""running""}],""Binary"":""45-00-76-00-65-00-6E-00-74-00-4C-00-6F-00-67-00-2F-00-34-00-00-00""}}"
64,2995,2024-05-15 05:35:18.1105936,6,Info,Microsoft-Windows-FilterManager,System,4,352,DC01.forela.local,0,S-1-5-18,,,,,,,,,,,False,C:\Users\quentin\Documents\repo\writeups\CrownJewel-2\too\SYSTEM.evtx,Classic,0,"{""EventData"":{""Data"":[{""@Name"":""FinalStatus"",""#text"":""0x0""},{""@Name"":""DeviceVersionMajor"",""#text"":""10""},{""@Name"":""DeviceVersionMinor"",""#text"":""0""},{""@Name"":""DeviceNameLength"",""#text"":""5""},{""@Name"":""DeviceName"",""#text"":""luafv""},{""@Name"":""DeviceTime"",""#text"":""2068-10-12 03:22:37.0000000""}]}}"
65,2996,2024-05-15 05:35:18.1034501,7036,Info,Service Control Manager,System,744,856,DC01.forela.local,0,,Service started or stopped,,,Name: WPDBusEnum | WPDBusEnum,Status: running,,,,,,False,C:\Users\quentin\Documents\repo\writeups\CrownJewel-2\too\SYSTEM.evtx,"Audit success, classic",0,"{""EventData"":{""Data"":[{""@Name"":""param1"",""#text"":""WPDBusEnum""},{""@Name"":""param2"",""#text"":""running""}],""Binary"":""57-00-50-00-44-00-42-00-75-00-73-00-45-00-6E-00-75-00-6D-00-2F-00-34-00-00-00""}}"
66,2997,2024-05-15 05:35:18.1234385,6,Info,Microsoft-Windows-FilterManager,System,4,352,DC01.forela.local,0,S-1-5-18,,,,,,,,,,,False,C:\Users\quentin\Documents\repo\writeups\CrownJewel-2\too\SYSTEM.evtx,Classic,0,"{""EventData"":{""Data"":[{""@Name"":""FinalStatus"",""#text"":""0x0""},{""@Name"":""DeviceVersionMajor"",""#text"":""10""},{""@Name"":""DeviceVersionMinor"",""#text"":""0""},{""@Name"":""DeviceNameLength"",""#text"":""6""},{""@Name"":""DeviceName"",""#text"":""CldFlt""},{""@Name"":""DeviceTime"",""#text"":""2074-11-09 20:03:12.0000000""}]}}"
67,2998,2024-05-15 05:35:18.1234447,1,Info,Microsoft-Windows-FilterManager,System,4,352,DC01.forela.local,0,S-1-5-18,,,,,,,,,,,False,C:\Users\quentin\Documents\repo\writeups\CrownJewel-2\too\SYSTEM.evtx,Classic,0,"{""EventData"":{""Data"":[{""@Name"":""FinalStatus"",""#text"":""0x0""},{""@Name"":""DeviceVersionMajor"",""#text"":""10""},{""@Name"":""DeviceVersionMinor"",""#text"":""0""},{""@Name"":""DeviceNameLength"",""#text"":""6""},{""@Name"":""DeviceName"",""#text"":""CldFlt""},{""@Name"":""DeviceTime"",""#text"":""2074-11-09 20:03:12.0000000""}]}}"
68,2999,2024-05-15 05:35:18.1234736,6,Info,Microsoft-Windows-FilterManager,System,4,352,DC01.forela.local,0,S-1-5-18,,,,,,,,,,,False,C:\Users\quentin\Documents\repo\writeups\CrownJewel-2\too\SYSTEM.evtx,Classic,0,"{""EventData"":{""Data"":[{""@Name"":""FinalStatus"",""#text"":""0x0""},{""@Name"":""DeviceVersionMajor"",""#text"":""10""},{""@Name"":""DeviceVersionMinor"",""#text"":""0""},{""@Name"":""DeviceNameLength"",""#text"":""6""},{""@Name"":""DeviceName"",""#text"":""CldFlt""},{""@Name"":""DeviceTime"",""#text"":""2074-11-09 20:03:12.0000000""}]}}"
69,3000,2024-05-15 05:35:18.1277396,6,Info,Microsoft-Windows-FilterManager,System,4,352,DC01.forela.local,0,S-1-5-18,,,,,,,,,,,False,C:\Users\quentin\Documents\repo\writeups\CrownJewel-2\too\SYSTEM.evtx,Classic,0,"{""EventData"":{""Data"":[{""@Name"":""FinalStatus"",""#text"":""0x0""},{""@Name"":""DeviceVersionMajor"",""#text"":""10""},{""@Name"":""DeviceVersionMinor"",""#text"":""0""},{""@Name"":""DeviceNameLength"",""#text"":""10""},{""@Name"":""DeviceName"",""#text"":""storqosflt""},{""@Name"":""DeviceTime"",""#text"":""2051-09-21 17:40:20.0000000""}]}}"
70,3001,2024-05-15 05:35:18.1322203,6,Info,Microsoft-Windows-FilterManager,System,4,352,DC01.forela.local,0,S-1-5-18,,,,,,,,,,,False,C:\Users\quentin\Documents\repo\writeups\CrownJewel-2\too\SYSTEM.evtx,Classic,0,"{""EventData"":{""Data"":[{""@Name"":""FinalStatus"",""#text"":""0x0""},{""@Name"":""DeviceVersionMajor"",""#text"":""10""},{""@Name"":""DeviceVersionMinor"",""#text"":""0""},{""@Name"":""DeviceNameLength"",""#text"":""7""},{""@Name"":""DeviceName"",""#text"":""bindflt""},{""@Name"":""DeviceTime"",""#text"":""2051-03-04 08:45:47.0000000""}]}}"
71,3002,2024-05-15 05:35:18.1191679,7036,Info,Service Control Manager,System,744,856,DC01.forela.local,0,,Service started or stopped,,,Name: NTDS | NTDS,Status: running,,,,,,False,C:\Users\quentin\Documents\repo\writeups\CrownJewel-2\too\SYSTEM.evtx,"Audit success, classic",0,"{""EventData"":{""Data"":[{""@Name"":""param1"",""#text"":""NTDS""},{""@Name"":""param2"",""#text"":""running""}],""Binary"":""4E-00-54-00-44-00-53-00-2F-00-34-00-00-00""}}"
72,3003,2024-05-15 05:35:18.1351971,7036,Info,Service Control Manager,System,744,480,DC01.forela.local,0,,Service started or stopped,,,Name: Themes | Themes,Status: running,,,,,,False,C:\Users\quentin\Documents\repo\writeups\CrownJewel-2\too\SYSTEM.evtx,"Audit success, classic",0,"{""EventData"":{""Data"":[{""@Name"":""param1"",""#text"":""Themes""},{""@Name"":""param2"",""#text"":""running""}],""Binary"":""54-00-68-00-65-00-6D-00-65-00-73-00-2F-00-34-00-00-00""}}"
73,3004,2024-05-15 05:35:18.1351971,7036,Info,Service Control Manager,System,744,1028,DC01.forela.local,0,,Service started or stopped,,,Name: NlaSvc | NlaSvc,Status: running,,,,,,False,C:\Users\quentin\Documents\repo\writeups\CrownJewel-2\too\SYSTEM.evtx,"Audit success, classic",0,"{""EventData"":{""Data"":[{""@Name"":""param1"",""#text"":""NlaSvc""},{""@Name"":""param2"",""#text"":""running""}],""Binary"":""4E-00-6C-00-61-00-53-00-76-00-63-00-2F-00-34-00-00-00""}}"
74,3005,2024-05-15 05:35:18.1503379,7036,Info,Service Control Manager,System,744,1028,DC01.forela.local,0,,Service started or stopped,,,Name: EventSystem | EventSystem,Status: running,,,,,,False,C:\Users\quentin\Documents\repo\writeups\CrownJewel-2\too\SYSTEM.evtx,"Audit success, classic",0,"{""EventData"":{""Data"":[{""@Name"":""param1"",""#text"":""EventSystem""},{""@Name"":""param2"",""#text"":""running""}],""Binary"":""45-00-76-00-65-00-6E-00-74-00-53-00-79-00-73-00-74-00-65-00-6D-00-2F-00-34-00-00-00""}}"
75,3006,2024-05-15 05:35:18.1503379,7036,Info,Service Control Manager,System,744,1032,DC01.forela.local,0,,Service started or stopped,,,Name: gpsvc | gpsvc,Status: running,,,,,,False,C:\Users\quentin\Documents\repo\writeups\CrownJewel-2\too\SYSTEM.evtx,"Audit success, classic",0,"{""EventData"":{""Data"":[{""@Name"":""param1"",""#text"":""gpsvc""},{""@Name"":""param2"",""#text"":""running""}],""Binary"":""67-00-70-00-73-00-76-00-63-00-2F-00-34-00-00-00""}}"
76,3007,2024-05-15 05:35:18.1630887,1014,Warning,Microsoft-Windows-DNS-Client,System,1192,1348,DC01.forela.local,0,S-1-5-20,,,,,,,,,,,False,C:\Users\quentin\Documents\repo\writeups\CrownJewel-2\too\SYSTEM.evtx,0x4000000010000000,0,"{""EventData"":{""Data"":[{""@Name"":""QueryName"",""#text"":""_ldap._tcp.dc._msdcs.forela.local.""},{""@Name"":""AddressLength"",""#text"":""128""},{""@Name"":""Address"",""#text"":""17-00-00-00-00-00-00-00-00-00-00-00-00-00-00-00-00-00-00-00-00-00-00-01-00-00-00-00-00-00-00-00-00-00-00-00-00-00-00-00-00-00-00-00-00-00-00-00-00-00-00-00-00-00-00-00-00-00-00-00-00-00-00-00-00-00-00-00-00-00-00-00-00-00-00-00-00-00-00-00-00-00-00-00-00-00-00-00-00-00-00-00-00-00-00-00-00-00-00-00-00-00-00-00-00-00-00-00-00-00-00-00-00-00-00-00-00-00-00-00-00-00-00-00-00-00-00-00""}]}}"
77,3008,2024-05-15 05:35:18.1503379,7036,Info,Service Control Manager,System,744,856,DC01.forela.local,0,,Service started or stopped,,,Name: SENS | SENS,Status: running,,,,,,False,C:\Users\quentin\Documents\repo\writeups\CrownJewel-2\too\SYSTEM.evtx,"Audit success, classic",0,"{""EventData"":{""Data"":[{""@Name"":""param1"",""#text"":""SENS""},{""@Name"":""param2"",""#text"":""running""}],""Binary"":""53-00-45-00-4E-00-53-00-2F-00-34-00-00-00""}}"
78,3009,2024-05-15 05:35:18.1660003,7036,Info,Service Control Manager,System,744,856,DC01.forela.local,0,,Service started or stopped,,,Name: netprofm | netprofm,Status: running,,,,,,False,C:\Users\quentin\Documents\repo\writeups\CrownJewel-2\too\SYSTEM.evtx,"Audit success, classic",0,"{""EventData"":{""Data"":[{""@Name"":""param1"",""#text"":""netprofm""},{""@Name"":""param2"",""#text"":""running""}],""Binary"":""6E-00-65-00-74-00-70-00-72-00-6F-00-66-00-6D-00-2F-00-34-00-00-00""}}"
79,3010,2024-05-15 05:35:18.1815497,7036,Info,Service Control Manager,System,744,856,DC01.forela.local,0,,Service started or stopped,,,Name: ProfSvc | ProfSvc,Status: running,,,,,,False,C:\Users\quentin\Documents\repo\writeups\CrownJewel-2\too\SYSTEM.evtx,"Audit success, classic",0,"{""EventData"":{""Data"":[{""@Name"":""param1"",""#text"":""ProfSvc""},{""@Name"":""param2"",""#text"":""running""}],""Binary"":""50-00-72-00-6F-00-66-00-53-00-76-00-63-00-2F-00-34-00-00-00""}}"
80,3011,2024-05-15 05:35:18.2129490,7036,Info,Service Control Manager,System,744,480,DC01.forela.local,0,,Service started or stopped,,,Name: ShellHWDetection | ShellHWDetection,Status: running,,,,,,False,C:\Users\quentin\Documents\repo\writeups\CrownJewel-2\too\SYSTEM.evtx,"Audit success, classic",0,"{""EventData"":{""Data"":[{""@Name"":""param1"",""#text"":""ShellHWDetection""},{""@Name"":""param2"",""#text"":""running""}],""Binary"":""53-00-68-00-65-00-6C-00-6C-00-48-00-57-00-44-00-65-00-74-00-65-00-63-00-74-00-69-00-6F-00-6E-00-2F-00-34-00-00-00""}}"
81,3012,2024-05-15 05:35:18.2129490,7036,Info,Service Control Manager,System,744,480,DC01.forela.local,0,,Service started or stopped,,,Name: FontCache | FontCache,Status: running,,,,,,False,C:\Users\quentin\Documents\repo\writeups\CrownJewel-2\too\SYSTEM.evtx,"Audit success, classic",0,"{""EventData"":{""Data"":[{""@Name"":""param1"",""#text"":""FontCache""},{""@Name"":""param2"",""#text"":""running""}],""Binary"":""46-00-6F-00-6E-00-74-00-43-00-61-00-63-00-68-00-65-00-2F-00-34-00-00-00""}}"
82,3013,2024-05-15 05:35:18.2285301,7036,Info,Service Control Manager,System,744,1028,DC01.forela.local,0,,Service started or stopped,,,Name: DsmSvc | DsmSvc,Status: running,,,,,,False,C:\Users\quentin\Documents\repo\writeups\CrownJewel-2\too\SYSTEM.evtx,"Audit success, classic",0,"{""EventData"":{""Data"":[{""@Name"":""param1"",""#text"":""DsmSvc""},{""@Name"":""param2"",""#text"":""running""}],""Binary"":""44-00-73-00-6D-00-53-00-76-00-63-00-2F-00-34-00-00-00""}}"
83,3014,2024-05-15 05:35:18.2285301,7036,Info,Service Control Manager,System,744,480,DC01.forela.local,0,,Service started or stopped,,,Name: BFE | BFE,Status: running,,,,,,False,C:\Users\quentin\Documents\repo\writeups\CrownJewel-2\too\SYSTEM.evtx,"Audit success, classic",0,"{""EventData"":{""Data"":[{""@Name"":""param1"",""#text"":""BFE""},{""@Name"":""param2"",""#text"":""running""}],""Binary"":""42-00-46-00-45-00-2F-00-34-00-00-00""}}"
84,3015,2024-05-15 05:35:18.2441239,7036,Info,Service Control Manager,System,744,480,DC01.forela.local,0,,Service started or stopped,,,Name: Schedule | Schedule,Status: running,,,,,,False,C:\Users\quentin\Documents\repo\writeups\CrownJewel-2\too\SYSTEM.evtx,"Audit success, classic",0,"{""EventData"":{""Data"":[{""@Name"":""param1"",""#text"":""Schedule""},{""@Name"":""param2"",""#text"":""running""}],""Binary"":""53-00-63-00-68-00-65-00-64-00-75-00-6C-00-65-00-2F-00-34-00-00-00""}}"
85,3016,2024-05-15 05:35:18.2441239,7036,Info,Service Control Manager,System,744,480,DC01.forela.local,0,,Service started or stopped,,,Name: NcbService | NcbService,Status: running,,,,,,False,C:\Users\quentin\Documents\repo\writeups\CrownJewel-2\too\SYSTEM.evtx,"Audit success, classic",0,"{""EventData"":{""Data"":[{""@Name"":""param1"",""#text"":""NcbService""},{""@Name"":""param2"",""#text"":""running""}],""Binary"":""4E-00-63-00-62-00-53-00-65-00-72-00-76-00-69-00-63-00-65-00-2F-00-34-00-00-00""}}"
86,3017,2024-05-15 05:35:18.2441239,7036,Info,Service Control Manager,System,744,1032,DC01.forela.local,0,,Service started or stopped,,,Name: WinHttpAutoProxySvc | WinHttpAutoProxySvc,Status: running,,,,,,False,C:\Users\quentin\Documents\repo\writeups\CrownJewel-2\too\SYSTEM.evtx,"Audit success, classic",0,"{""EventData"":{""Data"":[{""@Name"":""param1"",""#text"":""WinHttpAutoProxySvc""},{""@Name"":""param2"",""#text"":""running""}],""Binary"":""57-00-69-00-6E-00-48-00-74-00-74-00-70-00-41-00-75-00-74-00-6F-00-50-00-72-00-6F-00-78-00-79-00-53-00-76-00-63-00-2F-00-34-00-00-00""}}"
87,3018,2024-05-15 05:35:18.2577220,1014,Warning,Microsoft-Windows-DNS-Client,System,1192,1348,DC01.forela.local,0,S-1-5-20,,,,,,,,,,,False,C:\Users\quentin\Documents\repo\writeups\CrownJewel-2\too\SYSTEM.evtx,0x4000000010000000,0,"{""EventData"":{""Data"":[{""@Name"":""QueryName"",""#text"":""wpad""},{""@Name"":""AddressLength"",""#text"":""128""},{""@Name"":""Address"",""#text"":""17-00-00-00-00-00-00-00-00-00-00-00-00-00-00-00-00-00-00-00-00-00-00-01-00-00-00-00-00-00-00-00-00-00-00-00-00-00-00-00-00-00-00-00-00-00-00-00-00-00-00-00-00-00-00-00-00-00-00-00-00-00-00-00-00-00-00-00-00-00-00-00-00-00-00-00-00-00-00-00-00-00-00-00-00-00-00-00-00-00-00-00-00-00-00-00-00-00-00-00-00-00-00-00-00-00-00-00-00-00-00-00-00-00-00-00-00-00-00-00-00-00-00-00-00-00-00-00""}]}}"
88,3019,2024-05-15 05:35:18.2598629,7036,Info,Service Control Manager,System,744,856,DC01.forela.local,0,,Service started or stopped,,,Name: Wcmsvc | Wcmsvc,Status: running,,,,,,False,C:\Users\quentin\Documents\repo\writeups\CrownJewel-2\too\SYSTEM.evtx,"Audit success, classic",0,"{""EventData"":{""Data"":[{""@Name"":""param1"",""#text"":""Wcmsvc""},{""@Name"":""param2"",""#text"":""running""}],""Binary"":""57-00-63-00-6D-00-73-00-76-00-63-00-2F-00-34-00-00-00""}}"
89,3020,2024-05-15 05:35:18.2598629,7036,Info,Service Control Manager,System,744,856,DC01.forela.local,0,,Service started or stopped,,,Name: LanmanWorkstation | LanmanWorkstation,Status: running,,,,,,False,C:\Users\quentin\Documents\repo\writeups\CrownJewel-2\too\SYSTEM.evtx,"Audit success, classic",0,"{""EventData"":{""Data"":[{""@Name"":""param1"",""#text"":""LanmanWorkstation""},{""@Name"":""param2"",""#text"":""running""}],""Binary"":""4C-00-61-00-6E-00-6D-00-61-00-6E-00-57-00-6F-00-72-00-6B-00-73-00-74-00-61-00-74-00-69-00-6F-00-6E-00-2F-00-34-00-00-00""}}"
90,3021,2024-05-15 05:35:18.2755004,7036,Info,Service Control Manager,System,744,1032,DC01.forela.local,0,,Service started or stopped,,,Name: Kdc | Kdc,Status: running,,,,,,False,C:\Users\quentin\Documents\repo\writeups\CrownJewel-2\too\SYSTEM.evtx,"Audit success, classic",0,"{""EventData"":{""Data"":[{""@Name"":""param1"",""#text"":""Kdc""},{""@Name"":""param2"",""#text"":""running""}],""Binary"":""4B-00-64-00-63-00-2F-00-34-00-00-00""}}"
91,3022,2024-05-15 05:35:18.2883375,1014,Warning,Microsoft-Windows-DNS-Client,System,1192,1348,DC01.forela.local,0,S-1-5-20,,,,,,,,,,,False,C:\Users\quentin\Documents\repo\writeups\CrownJewel-2\too\SYSTEM.evtx,0x4000000010000000,0,"{""EventData"":{""Data"":[{""@Name"":""QueryName"",""#text"":""_ldap._tcp.dc._msdcs.forela.local.""},{""@Name"":""AddressLength"",""#text"":""128""},{""@Name"":""Address"",""#text"":""17-00-00-00-00-00-00-00-00-00-00-00-00-00-00-00-00-00-00-00-00-00-00-01-00-00-00-00-00-00-00-00-00-00-00-00-00-00-00-00-00-00-00-00-00-00-00-00-00-00-00-00-00-00-00-00-00-00-00-00-00-00-00-00-00-00-00-00-00-00-00-00-00-00-00-00-00-00-00-00-00-00-00-00-00-00-00-00-00-00-00-00-00-00-00-00-00-00-00-00-00-00-00-00-00-00-00-00-00-00-00-00-00-00-00-00-00-00-00-00-00-00-00-00-00-00-00-00""}]}}"
92,3023,2024-05-15 05:35:18.2910153,7036,Info,Service Control Manager,System,744,856,DC01.forela.local,0,,Service started or stopped,,,Name: UserManager | UserManager,Status: running,,,,,,False,C:\Users\quentin\Documents\repo\writeups\CrownJewel-2\too\SYSTEM.evtx,"Audit success, classic",0,"{""EventData"":{""Data"":[{""@Name"":""param1"",""#text"":""UserManager""},{""@Name"":""param2"",""#text"":""running""}],""Binary"":""55-00-73-00-65-00-72-00-4D-00-61-00-6E-00-61-00-67-00-65-00-72-00-2F-00-34-00-00-00""}}"
93,3024,2024-05-15 05:35:18.3065804,7036,Info,Service Control Manager,System,744,856,DC01.forela.local,0,,Service started or stopped,,,Name: iphlpsvc | iphlpsvc,Status: running,,,,,,False,C:\Users\quentin\Documents\repo\writeups\CrownJewel-2\too\SYSTEM.evtx,"Audit success, classic",0,"{""EventData"":{""Data"":[{""@Name"":""param1"",""#text"":""iphlpsvc""},{""@Name"":""param2"",""#text"":""running""}],""Binary"":""69-00-70-00-68-00-6C-00-70-00-73-00-76-00-63-00-2F-00-34-00-00-00""}}"
94,3025,2024-05-15 05:35:18.3222823,7036,Info,Service Control Manager,System,744,832,DC01.forela.local,0,,Service started or stopped,,,Name: NcaSvc | NcaSvc,Status: stopped,,,,,,False,C:\Users\quentin\Documents\repo\writeups\CrownJewel-2\too\SYSTEM.evtx,"Audit success, classic",0,"{""EventData"":{""Data"":[{""@Name"":""param1"",""#text"":""NcaSvc""},{""@Name"":""param2"",""#text"":""stopped""}],""Binary"":""4E-00-63-00-61-00-53-00-76-00-63-00-2F-00-31-00-00-00""}}"
95,3026,2024-05-15 05:35:18.3534388,7036,Info,Service Control Manager,System,744,832,DC01.forela.local,0,,Service started or stopped,,,Name: mpssvc | mpssvc,Status: running,,,,,,False,C:\Users\quentin\Documents\repo\writeups\CrownJewel-2\too\SYSTEM.evtx,"Audit success, classic",0,"{""EventData"":{""Data"":[{""@Name"":""param1"",""#text"":""mpssvc""},{""@Name"":""param2"",""#text"":""running""}],""Binary"":""6D-00-70-00-73-00-73-00-76-00-63-00-2F-00-34-00-00-00""}}"
96,3027,2024-05-15 05:35:27.9959419,14533,Info,Microsoft-Windows-DfsSvc,System,0,0,DC01.forela.local,0,,,,,,,,,,,,False,C:\Users\quentin\Documents\repo\writeups\CrownJewel-2\too\SYSTEM.evtx,0x80000000000000,0,"{""EventData"":{""@Name"":""DfsFinishBuildingNamespace""}}"
97,3028,2024-05-15 05:35:27.9959419,14531,Info,Microsoft-Windows-DfsSvc,System,0,0,DC01.forela.local,0,,,,,,,,,,,,False,C:\Users\quentin\Documents\repo\writeups\CrownJewel-2\too\SYSTEM.evtx,0x80000000000000,0,"{""EventData"":{""@Name"":""DfsFinishInit""}}"
98,3029,2024-05-15 05:35:28.0741901,10148,Info,Microsoft-Windows-WinRM,System,0,0,DC01.forela.local,0,,,,,,,,,,,,False,C:\Users\quentin\Documents\repo\writeups\CrownJewel-2\too\SYSTEM.evtx,0x80000000000000,0,"{""EventData"":{""@Name"":""Started Listening""}}"
99,3030,2024-05-15 05:35:28.2775426,3,Info,Virtual Disk Service,System,0,0,DC01.forela.local,0,,,,,,,,,,,,False,C:\Users\quentin\Documents\repo\writeups\CrownJewel-2\too\SYSTEM.evtx,0x80000000000000,0,"{""EventData"":{""Data"":""@2010005"",""Binary"":""""}}"
100,3031,2024-05-15 05:35:27.8087098,7036,Info,Service Control Manager,System,744,820,DC01.forela.local,0,,Service started or stopped,,,Name: SamSs | SamSs,Status: running,,,,,,False,C:\Users\quentin\Documents\repo\writeups\CrownJewel-2\too\SYSTEM.evtx,"Audit success, classic",0,"{""EventData"":{""Data"":[{""@Name"":""param1"",""#text"":""SamSs""},{""@Name"":""param2"",""#text"":""running""}],""Binary"":""53-00-61-00-6D-00-53-00-73-00-2F-00-34-00-00-00""}}"
101,3032,2024-05-15 05:35:27.8710180,7036,Info,Service Control Manager,System,744,820,DC01.forela.local,0,,Service started or stopped,,,Name: LanmanServer | LanmanServer,Status: running,,,,,,False,C:\Users\quentin\Documents\repo\writeups\CrownJewel-2\too\SYSTEM.evtx,"Audit success, classic",0,"{""EventData"":{""Data"":[{""@Name"":""param1"",""#text"":""LanmanServer""},{""@Name"":""param2"",""#text"":""running""}],""Binary"":""4C-00-61-00-6E-00-6D-00-61-00-6E-00-53-00-65-00-72-00-76-00-65-00-72-00-2F-00-34-00-00-00""}}"
102,3033,2024-05-15 05:35:27.9333891,7036,Info,Service Control Manager,System,744,856,DC01.forela.local,0,,Service started or stopped,,,Name: Spooler | Spooler,Status: running,,,,,,False,C:\Users\quentin\Documents\repo\writeups\CrownJewel-2\too\SYSTEM.evtx,"Audit success, classic",0,"{""EventData"":{""Data"":[{""@Name"":""param1"",""#text"":""Spooler""},{""@Name"":""param2"",""#text"":""running""}],""Binary"":""53-00-70-00-6F-00-6F-00-6C-00-65-00-72-00-2F-00-34-00-00-00""}}"
103,3034,2024-05-15 05:35:27.9492765,7036,Info,Service Control Manager,System,744,1028,DC01.forela.local,0,,Service started or stopped,,,Name: WLMS | WLMS,Status: running,,,,,,False,C:\Users\quentin\Documents\repo\writeups\CrownJewel-2\too\SYSTEM.evtx,"Audit success, classic",0,"{""EventData"":{""Data"":[{""@Name"":""param1"",""#text"":""WLMS""},{""@Name"":""param2"",""#text"":""running""}],""Binary"":""57-00-4C-00-4D-00-53-00-2F-00-34-00-00-00""}}"
104,3035,2024-05-15 05:35:27.9648538,7036,Info,Service Control Manager,System,744,832,DC01.forela.local,0,,Service started or stopped,,,Name: RemoteRegistry | RemoteRegistry,Status: running,,,,,,False,C:\Users\quentin\Documents\repo\writeups\CrownJewel-2\too\SYSTEM.evtx,"Audit success, classic",0,"{""EventData"":{""Data"":[{""@Name"":""param1"",""#text"":""RemoteRegistry""},{""@Name"":""param2"",""#text"":""running""}],""Binary"":""52-00-65-00-6D-00-6F-00-74-00-65-00-52-00-65-00-67-00-69-00-73-00-74-00-72-00-79-00-2F-00-34-00-00-00""}}"
105,3036,2024-05-15 05:35:27.9648538,7036,Info,Service Control Manager,System,744,480,DC01.forela.local,0,,Service started or stopped,,,Name: SysMain | SysMain,Status: running,,,,,,False,C:\Users\quentin\Documents\repo\writeups\CrownJewel-2\too\SYSTEM.evtx,"Audit success, classic",0,"{""EventData"":{""Data"":[{""@Name"":""param1"",""#text"":""SysMain""},{""@Name"":""param2"",""#text"":""running""}],""Binary"":""53-00-79-00-73-00-4D-00-61-00-69-00-6E-00-2F-00-34-00-00-00""}}"
106,3037,2024-05-15 05:35:27.9648538,7036,Info,Service Control Manager,System,744,480,DC01.forela.local,0,,Service started or stopped,,,Name: CoreMessagingRegistrar | CoreMessagingRegistrar,Status: running,,,,,,False,C:\Users\quentin\Documents\repo\writeups\CrownJewel-2\too\SYSTEM.evtx,"Audit success, classic",0,"{""EventData"":{""Data"":[{""@Name"":""param1"",""#text"":""CoreMessagingRegistrar""},{""@Name"":""param2"",""#text"":""running""}],""Binary"":""43-00-6F-00-72-00-65-00-4D-00-65-00-73-00-73-00-61-00-67-00-69-00-6E-00-67-00-52-00-65-00-67-00-69-00-73-00-74-00-72-00-61-00-72-00-2F-00-34-00-00-00""}}"
107,3038,2024-05-15 05:35:27.9803021,7036,Info,Service Control Manager,System,744,1028,DC01.forela.local,0,,Service started or stopped,,,Name: CryptSvc | CryptSvc,Status: running,,,,,,False,C:\Users\quentin\Documents\repo\writeups\CrownJewel-2\too\SYSTEM.evtx,"Audit success, classic",0,"{""EventData"":{""Data"":[{""@Name"":""param1"",""#text"":""CryptSvc""},{""@Name"":""param2"",""#text"":""running""}],""Binary"":""43-00-72-00-79-00-70-00-74-00-53-00-76-00-63-00-2F-00-34-00-00-00""}}"
108,3039,2024-05-15 05:35:27.9803021,7036,Info,Service Control Manager,System,744,1032,DC01.forela.local,0,,Service started or stopped,,,Name: IsmServ | IsmServ,Status: running,,,,,,False,C:\Users\quentin\Documents\repo\writeups\CrownJewel-2\too\SYSTEM.evtx,"Audit success, classic",0,"{""EventData"":{""Data"":[{""@Name"":""param1"",""#text"":""IsmServ""},{""@Name"":""param2"",""#text"":""running""}],""Binary"":""49-00-73-00-6D-00-53-00-65-00-72-00-76-00-2F-00-34-00-00-00""}}"
109,3040,2024-05-15 05:35:27.9803021,7036,Info,Service Control Manager,System,744,972,DC01.forela.local,0,,Service started or stopped,,,Name: SstpSvc | SstpSvc,Status: running,,,,,,False,C:\Users\quentin\Documents\repo\writeups\CrownJewel-2\too\SYSTEM.evtx,"Audit success, classic",0,"{""EventData"":{""Data"":[{""@Name"":""param1"",""#text"":""SstpSvc""},{""@Name"":""param2"",""#text"":""running""}],""Binary"":""53-00-73-00-74-00-70-00-53-00-76-00-63-00-2F-00-34-00-00-00""}}"
110,3041,2024-05-15 05:35:27.9959419,7036,Info,Service Control Manager,System,744,972,DC01.forela.local,0,,Service started or stopped,,,Name: Dfs | Dfs,Status: running,,,,,,False,C:\Users\quentin\Documents\repo\writeups\CrownJewel-2\too\SYSTEM.evtx,"Audit success, classic",0,"{""EventData"":{""Data"":[{""@Name"":""param1"",""#text"":""Dfs""},{""@Name"":""param2"",""#text"":""running""}],""Binary"":""44-00-66-00-73-00-2F-00-34-00-00-00""}}"
111,3042,2024-05-15 05:35:27.9959419,7036,Info,Service Control Manager,System,744,972,DC01.forela.local,0,,Service started or stopped,,,Name: WpnService | WpnService,Status: running,,,,,,False,C:\Users\quentin\Documents\repo\writeups\CrownJewel-2\too\SYSTEM.evtx,"Audit success, classic",0,"{""EventData"":{""Data"":[{""@Name"":""param1"",""#text"":""WpnService""},{""@Name"":""param2"",""#text"":""running""}],""Binary"":""57-00-70-00-6E-00-53-00-65-00-72-00-76-00-69-00-63-00-65-00-2F-00-34-00-00-00""}}"
112,3043,2024-05-15 05:35:28.0115532,7036,Info,Service Control Manager,System,744,856,DC01.forela.local,0,,Service started or stopped,,,Name: Winmgmt | Winmgmt,Status: running,,,,,,False,C:\Users\quentin\Documents\repo\writeups\CrownJewel-2\too\SYSTEM.evtx,"Audit success, classic",0,"{""EventData"":{""Data"":[{""@Name"":""param1"",""#text"":""Winmgmt""},{""@Name"":""param2"",""#text"":""running""}],""Binary"":""57-00-69-00-6E-00-6D-00-67-00-6D-00-74-00-2F-00-34-00-00-00""}}"
113,3044,2024-05-15 05:35:28.0115532,7036,Info,Service Control Manager,System,744,972,DC01.forela.local,0,,Service started or stopped,,,Name: DFSR | DFSR,Status: running,,,,,,False,C:\Users\quentin\Documents\repo\writeups\CrownJewel-2\too\SYSTEM.evtx,"Audit success, classic",0,"{""EventData"":{""Data"":[{""@Name"":""param1"",""#text"":""DFSR""},{""@Name"":""param2"",""#text"":""running""}],""Binary"":""44-00-46-00-53-00-52-00-2F-00-34-00-00-00""}}"
114,3045,2024-05-15 05:35:28.0272015,7036,Info,Service Control Manager,System,744,856,DC01.forela.local,0,,Service started or stopped,,,Name: VGAuthService | VGAuthService,Status: running,,,,,,False,C:\Users\quentin\Documents\repo\writeups\CrownJewel-2\too\SYSTEM.evtx,"Audit success, classic",0,"{""EventData"":{""Data"":[{""@Name"":""param1"",""#text"":""VGAuthService""},{""@Name"":""param2"",""#text"":""running""}],""Binary"":""56-00-47-00-41-00-75-00-74-00-68-00-53-00-65-00-72-00-76-00-69-00-63-00-65-00-2F-00-34-00-00-00""}}"
115,3046,2024-05-15 05:35:28.0272015,7036,Info,Service Control Manager,System,744,856,DC01.forela.local,0,,Service started or stopped,,,Name: vm3dservice | vm3dservice,Status: running,,,,,,False,C:\Users\quentin\Documents\repo\writeups\CrownJewel-2\too\SYSTEM.evtx,"Audit success, classic",0,"{""EventData"":{""Data"":[{""@Name"":""param1"",""#text"":""vm3dservice""},{""@Name"":""param2"",""#text"":""running""}],""Binary"":""76-00-6D-00-33-00-64-00-73-00-65-00-72-00-76-00-69-00-63-00-65-00-2F-00-34-00-00-00""}}"
116,3047,2024-05-15 05:35:28.0658878,7036,Info,Service Control Manager,System,744,972,DC01.forela.local,0,,Service started or stopped,,,Name: VMTools | VMTools,Status: running,,,,,,False,C:\Users\quentin\Documents\repo\writeups\CrownJewel-2\too\SYSTEM.evtx,"Audit success, classic",0,"{""EventData"":{""Data"":[{""@Name"":""param1"",""#text"":""VMTools""},{""@Name"":""param2"",""#text"":""running""}],""Binary"":""56-00-4D-00-54-00-6F-00-6F-00-6C-00-73-00-2F-00-34-00-00-00""}}"
117,3048,2024-05-15 05:35:28.0931694,7036,Info,Service Control Manager,System,744,972,DC01.forela.local,0,,Service started or stopped,,,Name: WinRM | WinRM,Status: running,,,,,,False,C:\Users\quentin\Documents\repo\writeups\CrownJewel-2\too\SYSTEM.evtx,"Audit success, classic",0,"{""EventData"":{""Data"":[{""@Name"":""param1"",""#text"":""WinRM""},{""@Name"":""param2"",""#text"":""running""}],""Binary"":""57-00-69-00-6E-00-52-00-4D-00-2F-00-34-00-00-00""}}"
118,3049,2024-05-15 05:35:28.1209420,7036,Info,Service Control Manager,System,744,832,DC01.forela.local,0,,Service started or stopped,,,Name: sppsvc | sppsvc,Status: running,,,,,,False,C:\Users\quentin\Documents\repo\writeups\CrownJewel-2\too\SYSTEM.evtx,"Audit success, classic",0,"{""EventData"":{""Data"":[{""@Name"":""param1"",""#text"":""sppsvc""},{""@Name"":""param2"",""#text"":""running""}],""Binary"":""73-00-70-00-70-00-73-00-76-00-63-00-2F-00-34-00-00-00""}}"
119,3050,2024-05-15 05:35:28.2147094,7036,Info,Service Control Manager,System,744,832,DC01.forela.local,0,,Service started or stopped,,,Name: StateRepository | StateRepository,Status: running,,,,,,False,C:\Users\quentin\Documents\repo\writeups\CrownJewel-2\too\SYSTEM.evtx,"Audit success, classic",0,"{""EventData"":{""Data"":[{""@Name"":""param1"",""#text"":""StateRepository""},{""@Name"":""param2"",""#text"":""running""}],""Binary"":""53-00-74-00-61-00-74-00-65-00-52-00-65-00-70-00-6F-00-73-00-69-00-74-00-6F-00-72-00-79-00-2F-00-34-00-00-00""}}"
120,3051,2024-05-15 05:35:28.2615194,7036,Info,Service Control Manager,System,744,832,DC01.forela.local,0,,Service started or stopped,,,Name: RasMan | RasMan,Status: running,,,,,,False,C:\Users\quentin\Documents\repo\writeups\CrownJewel-2\too\SYSTEM.evtx,"Audit success, classic",0,"{""EventData"":{""Data"":[{""@Name"":""param1"",""#text"":""RasMan""},{""@Name"":""param2"",""#text"":""running""}],""Binary"":""52-00-61-00-73-00-4D-00-61-00-6E-00-2F-00-34-00-00-00""}}"
121,3052,2024-05-15 05:35:28.2775426,7036,Info,Service Control Manager,System,744,832,DC01.forela.local,0,,Service started or stopped,,,Name: DiagTrack | DiagTrack,Status: running,,,,,,False,C:\Users\quentin\Documents\repo\writeups\CrownJewel-2\too\SYSTEM.evtx,"Audit success, classic",0,"{""EventData"":{""Data"":[{""@Name"":""param1"",""#text"":""DiagTrack""},{""@Name"":""param2"",""#text"":""running""}],""Binary"":""44-00-69-00-61-00-67-00-54-00-72-00-61-00-63-00-6B-00-2F-00-34-00-00-00""}}"
122,3053,2024-05-15 05:35:28.2775426,7036,Info,Service Control Manager,System,744,480,DC01.forela.local,0,,Service started or stopped,,,Name: vds | vds,Status: running,,,,,,False,C:\Users\quentin\Documents\repo\writeups\CrownJewel-2\too\SYSTEM.evtx,"Audit success, classic",0,"{""EventData"":{""Data"":[{""@Name"":""param1"",""#text"":""vds""},{""@Name"":""param2"",""#text"":""running""}],""Binary"":""76-00-64-00-73-00-2F-00-34-00-00-00""}}"
123,3054,2024-05-15 05:35:28.3396292,7036,Info,Service Control Manager,System,744,856,DC01.forela.local,0,,Service started or stopped,,,Name: vmvss | vmvss,Status: running,,,,,,False,C:\Users\quentin\Documents\repo\writeups\CrownJewel-2\too\SYSTEM.evtx,"Audit success, classic",0,"{""EventData"":{""Data"":[{""@Name"":""param1"",""#text"":""vmvss""},{""@Name"":""param2"",""#text"":""running""}],""Binary"":""76-00-6D-00-76-00-73-00-73-00-2F-00-34-00-00-00""}}"
124,3055,2024-05-15 05:35:28.3556551,7036,Info,Service Control Manager,System,744,856,DC01.forela.local,0,,Service started or stopped,,,Name: COMSysApp | COMSysApp,Status: running,,,,,,False,C:\Users\quentin\Documents\repo\writeups\CrownJewel-2\too\SYSTEM.evtx,"Audit success, classic",0,"{""EventData"":{""Data"":[{""@Name"":""param1"",""#text"":""COMSysApp""},{""@Name"":""param2"",""#text"":""running""}],""Binary"":""43-00-4F-00-4D-00-53-00-79-00-73-00-41-00-70-00-70-00-2F-00-34-00-00-00""}}"
125,3056,2024-05-15 05:35:28.5428530,7036,Info,Service Control Manager,System,744,856,DC01.forela.local,0,,Service started or stopped,,,Name: MSDTC | MSDTC,Status: running,,,,,,False,C:\Users\quentin\Documents\repo\writeups\CrownJewel-2\too\SYSTEM.evtx,"Audit success, classic",0,"{""EventData"":{""Data"":[{""@Name"":""param1"",""#text"":""MSDTC""},{""@Name"":""param2"",""#text"":""running""}],""Binary"":""4D-00-53-00-44-00-54-00-43-00-2F-00-34-00-00-00""}}"
126,3057,2024-05-15 05:35:28.5993241,16,Info,Microsoft-Windows-Kernel-General,System,2920,3908,DC01.forela.local,0,S-1-5-18,,,,,,,,,,,False,C:\Users\quentin\Documents\repo\writeups\CrownJewel-2\too\SYSTEM.evtx,Classic,0,"{""EventData"":{""Data"":[{""@Name"":""HiveNameLength"",""#text"":""45""},{""@Name"":""HiveName"",""#text"":""\\??\\C:\\Windows\\AppCompat\\Programs\\Amcache.hve""},{""@Name"":""KeysUpdated"",""#text"":""72""},{""@Name"":""DirtyPages"",""#text"":""21""}]}}"
127,3058,2024-05-15 05:35:28.6678907,7026,Info,Service Control Manager,System,744,748,DC01.forela.local,0,,,,,,,,,,,,False,C:\Users\quentin\Documents\repo\writeups\CrownJewel-2\too\SYSTEM.evtx,"Audit success, classic",0,"{""EventData"":{""Data"":{""@Name"":""param1"",""#text"":"", dam""}}}"
128,3059,2024-05-15 05:35:28.6678907,7036,Info,Service Control Manager,System,744,480,DC01.forela.local,0,,Service started or stopped,,,Name: ADWS | ADWS,Status: running,,,,,,False,C:\Users\quentin\Documents\repo\writeups\CrownJewel-2\too\SYSTEM.evtx,"Audit success, classic",0,"{""EventData"":{""Data"":[{""@Name"":""param1"",""#text"":""ADWS""},{""@Name"":""param2"",""#text"":""running""}],""Binary"":""41-00-44-00-57-00-53-00-2F-00-34-00-00-00""}}"
129,3060,2024-05-15 05:35:28.7771733,7036,Info,Service Control Manager,System,744,856,DC01.forela.local,0,,Service started or stopped,,,Name: Windows License Manager Service | Windows License Manager Service,Status: running,,,,,,False,C:\Users\quentin\Documents\repo\writeups\CrownJewel-2\too\SYSTEM.evtx,"Audit success, classic",0,"{""EventData"":{""Data"":[{""@Name"":""param1"",""#text"":""Windows License Manager Service""},{""@Name"":""param2"",""#text"":""running""}],""Binary"":""4C-00-69-00-63-00-65-00-6E-00-73-00-65-00-4D-00-61-00-6E-00-61-00-67-00-65-00-72-00-2F-00-34-00-00-00""}}"
130,3061,2024-05-15 05:35:28.8396560,7036,Info,Service Control Manager,System,744,856,DC01.forela.local,0,,Service started or stopped,,,Name: Client License Service (ClipSVC) | Client License Service (ClipSVC),Status: running,,,,,,False,C:\Users\quentin\Documents\repo\writeups\CrownJewel-2\too\SYSTEM.evtx,"Audit success, classic",0,"{""EventData"":{""Data"":[{""@Name"":""param1"",""#text"":""Client License Service (ClipSVC)""},{""@Name"":""param2"",""#text"":""running""}],""Binary"":""43-00-6C-00-69-00-70-00-53-00-56-00-43-00-2F-00-34-00-00-00""}}"
131,3062,2024-05-15 05:35:29.6367070,7036,Info,Service Control Manager,System,744,856,DC01.forela.local,0,,Service started or stopped,,,Name: Volume Shadow Copy | Volume Shadow Copy,Status: running,,,,,,False,C:\Users\quentin\Documents\repo\writeups\CrownJewel-2\too\SYSTEM.evtx,"Audit success, classic",0,"{""EventData"":{""Data"":[{""@Name"":""param1"",""#text"":""Volume Shadow Copy""},{""@Name"":""param2"",""#text"":""running""}],""Binary"":""56-00-53-00-53-00-2F-00-34-00-00-00""}}"
132,3063,2024-05-15 05:35:29.6837919,7036,Info,Service Control Manager,System,744,856,DC01.forela.local,0,,Service started or stopped,,,Name: Microsoft Account Sign-in Assistant | Microsoft Account Sign-in Assistant,Status: running,,,,,,False,C:\Users\quentin\Documents\repo\writeups\CrownJewel-2\too\SYSTEM.evtx,"Audit success, classic",0,"{""EventData"":{""Data"":[{""@Name"":""param1"",""#text"":""Microsoft Account Sign-in Assistant""},{""@Name"":""param2"",""#text"":""running""}],""Binary"":""77-00-6C-00-69-00-64-00-73-00-76-00-63-00-2F-00-34-00-00-00""}}"
133,3064,2024-05-15 05:35:30.9960815,7036,Info,Service Control Manager,System,744,820,DC01.forela.local,0,,Service started or stopped,,,Name: Windows Update | Windows Update,Status: running,,,,,,False,C:\Users\quentin\Documents\repo\writeups\CrownJewel-2\too\SYSTEM.evtx,"Audit success, classic",0,"{""EventData"":{""Data"":[{""@Name"":""param1"",""#text"":""Windows Update""},{""@Name"":""param2"",""#text"":""running""}],""Binary"":""77-00-75-00-61-00-75-00-73-00-65-00-72-00-76-00-2F-00-34-00-00-00""}}"
134,3065,2024-05-15 05:35:40.0931889,10154,Warning,Microsoft-Windows-WinRM,System,0,0,DC01.forela.local,0,,,,,,,,,,,,False,C:\Users\quentin\Documents\repo\writeups\CrownJewel-2\too\SYSTEM.evtx,0x80000000000000,0,"{""EventData"":{""Data"":[{""@Name"":""spn1"",""#text"":""WSMAN/DC01.forela.local""},{""@Name"":""spn2"",""#text"":""WSMAN/DC01""},{""@Name"":""error"",""#text"":""1355""}]}}"
135,3066,2024-05-15 05:35:46.1413942,7036,Info,Service Control Manager,System,744,820,DC01.forela.local,0,,Service started or stopped,,,Name: Netlogon | Netlogon,Status: running,,,,,,False,C:\Users\quentin\Documents\repo\writeups\CrownJewel-2\too\SYSTEM.evtx,"Audit success, classic",0,"{""EventData"":{""Data"":[{""@Name"":""param1"",""#text"":""Netlogon""},{""@Name"":""param2"",""#text"":""running""}],""Binary"":""4E-00-65-00-74-00-6C-00-6F-00-67-00-6F-00-6E-00-2F-00-34-00-00-00""}}"
136,3067,2024-05-15 05:35:46.5005218,7036,Info,Service Control Manager,System,744,820,DC01.forela.local,0,,Service started or stopped,,,Name: Display Policy Service | Display Policy Service,Status: running,,,,,,False,C:\Users\quentin\Documents\repo\writeups\CrownJewel-2\too\SYSTEM.evtx,"Audit success, classic",0,"{""EventData"":{""Data"":[{""@Name"":""param1"",""#text"":""Display Policy Service""},{""@Name"":""param2"",""#text"":""running""}],""Binary"":""44-00-69-00-73-00-70-00-42-00-72-00-6F-00-6B-00-65-00-72-00-44-00-65-00-73-00-6B-00-74-00-6F-00-70-00-53-00-76-00-63-00-2F-00-34-00-00-00""}}"
137,3068,2024-05-15 05:35:48.0799118,139,Info,Microsoft-Windows-Time-Service,System,1088,4168,DC01.forela.local,0,S-1-5-19,,,,,,,,,,,False,C:\Users\quentin\Documents\repo\writeups\CrownJewel-2\too\SYSTEM.evtx,Classic,0,"{""EventData"":{""@Name"":""TMP_EVENT_START_ADVERTISING""}}"
138,3069,2024-05-15 05:35:48.0799128,143,Info,Microsoft-Windows-Time-Service,System,1088,4168,DC01.forela.local,0,S-1-5-19,,,,,,,,,,,False,C:\Users\quentin\Documents\repo\writeups\CrownJewel-2\too\SYSTEM.evtx,Classic,0,"{""EventData"":{""@Name"":""TMP_EVENT_START_ADVERTISING_GT""}}"
