27,5909,2024-05-15 05:35:29.6469701,4799,LogAlways,Microsoft-Windows-Security-Auditing,Security,764,976,DC01.forela.local,0,,A security-enabled local group membership was enumerated,FORELA\DC01$ (S-1-5-18),,Target: Builtin\Backup Operators (S-1-5-32-551),SubjectLogonId: 0x3E7,CallerProcessName: C:\Windows\System32\VSSVC.exe,CallerProcessId: 0x128C,,,,False,C:\Users\quentin\Documents\repo\writeups\CrownJewel-2\too\SECURITY.evtx,Audit success,0,"{""EventData"":{""Data"":[{""@Name"":""TargetUserName"",""#text"":""Backup Operators""},{""@Name"":""TargetDomainName"",""#text"":""Builtin""},{""@Name"":""TargetSid"",""#text"":""S-1-5-32-551""},{""@Name"":""SubjectUserSid"",""#text"":""S-1-5-18""},{""@Name"":""SubjectUserName"",""#text"":""DC01$""},{""@Name"":""SubjectDomainName"",""#text"":""FORELA""},{""@Name"":""SubjectLogonId"",""#text"":""0x3E7""},{""@Name"":""CallerProcessId"",""#text"":""0x128C""},{""@Name"":""CallerProcessName"",""#text"":""C:\\Windows\\System32\\VSSVC.exe""}]}}"
28,5910,2024-05-15 05:35:29.6561968,4799,LogAlways,Microsoft-Windows-Security-Auditing,Security,764,976,DC01.forela.local,0,,A security-enabled local group membership was enumerated,FORELA\DC01$ (S-1-5-18),,Target: Builtin\Administrators (S-1-5-32-544),SubjectLogonId: 0x3E7,CallerProcessName: C:\Windows\System32\VSSVC.exe,CallerProcessId: 0x128C,,,,False,C:\Users\quentin\Documents\repo\writeups\CrownJewel-2\too\SECURITY.evtx,Audit success,0,"{""EventData"":{""Data"":[{""@Name"":""TargetUserName"",""#text"":""Administrators""},{""@Name"":""TargetDomainName"",""#text"":""Builtin""},{""@Name"":""TargetSid"",""#text"":""S-1-5-32-544""},{""@Name"":""SubjectUserSid"",""#text"":""S-1-5-18""},{""@Name"":""SubjectUserName"",""#text"":""DC01$""},{""@Name"":""SubjectDomainName"",""#text"":""FORELA""},{""@Name"":""SubjectLogonId"",""#text"":""0x3E7""},{""@Name"":""CallerProcessId"",""#text"":""0x128C""},{""@Name"":""CallerProcessName"",""#text"":""C:\\Windows\\System32\\VSSVC.exe""}]}}"
29,5911,2024-05-15 05:35:29.6566747,4799,LogAlways,Microsoft-Windows-Security-Auditing,Security,764,976,DC01.forela.local,0,,A security-enabled local group membership was enumerated,FORELA\DC01$ (S-1-5-18),,Target: Builtin\Backup Operators (S-1-5-32-551),SubjectLogonId: 0x3E7,CallerProcessName: C:\Windows\System32\VSSVC.exe,CallerProcessId: 0x128C,,,,False,C:\Users\quentin\Documents\repo\writeups\CrownJewel-2\too\SECURITY.evtx,Audit success,0,"{""EventData"":{""Data"":[{""@Name"":""TargetUserName"",""#text"":""Backup Operators""},{""@Name"":""TargetDomainName"",""#text"":""Builtin""},{""@Name"":""TargetSid"",""#text"":""S-1-5-32-551""},{""@Name"":""SubjectUserSid"",""#text"":""S-1-5-18""},{""@Name"":""SubjectUserName"",""#text"":""DC01$""},{""@Name"":""SubjectDomainName"",""#text"":""FORELA""},{""@Name"":""SubjectLogonId"",""#text"":""0x3E7""},{""@Name"":""CallerProcessId"",""#text"":""0x128C""},{""@Name"":""CallerProcessName"",""#text"":""C:\\Windows\\System32\\VSSVC.exe""}]}}"
30,5912,2024-05-15 05:35:29.6642048,4799,LogAlways,Microsoft-Windows-Security-Auditing,Security,764,976,DC01.forela.local,0,,A security-enabled local group membership was enumerated,FORELA\DC01$ (S-1-5-18),,Target: Builtin\Administrators (S-1-5-32-544),SubjectLogonId: 0x3E7,CallerProcessName: C:\Windows\System32\VSSVC.exe,CallerProcessId: 0x128C,,,,False,C:\Users\quentin\Documents\repo\writeups\CrownJewel-2\too\SECURITY.evtx,Audit success,0,"{""EventData"":{""Data"":[{""@Name"":""TargetUserName"",""#text"":""Administrators""},{""@Name"":""TargetDomainName"",""#text"":""Builtin""},{""@Name"":""TargetSid"",""#text"":""S-1-5-32-544""},{""@Name"":""SubjectUserSid"",""#text"":""S-1-5-18""},{""@Name"":""SubjectUserName"",""#text"":""DC01$""},{""@Name"":""SubjectDomainName"",""#text"":""FORELA""},{""@Name"":""SubjectLogonId"",""#text"":""0x3E7""},{""@Name"":""CallerProcessId"",""#text"":""0x128C""},{""@Name"":""CallerProcessName"",""#text"":""C:\\Windows\\System32\\VSSVC.exe""}]}}"
31,5913,2024-05-15 05:35:29.6646666,4799,LogAlways,Microsoft-Windows-Security-Auditing,Security,764,976,DC01.forela.local,0,,A security-enabled local group membership was enumerated,FORELA\DC01$ (S-1-5-18),,Target: Builtin\Backup Operators (S-1-5-32-551),SubjectLogonId: 0x3E7,CallerProcessName: C:\Windows\System32\VSSVC.exe,CallerProcessId: 0x128C,,,,False,C:\Users\quentin\Documents\repo\writeups\CrownJewel-2\too\SECURITY.evtx,Audit success,0,"{""EventData"":{""Data"":[{""@Name"":""TargetUserName"",""#text"":""Backup Operators""},{""@Name"":""TargetDomainName"",""#text"":""Builtin""},{""@Name"":""TargetSid"",""#text"":""S-1-5-32-551""},{""@Name"":""SubjectUserSid"",""#text"":""S-1-5-18""},{""@Name"":""SubjectUserName"",""#text"":""DC01$""},{""@Name"":""SubjectDomainName"",""#text"":""FORELA""},{""@Name"":""SubjectLogonId"",""#text"":""0x3E7""},{""@Name"":""CallerProcessId"",""#text"":""0x128C""},{""@Name"":""CallerProcessName"",""#text"":""C:\\Windows\\System32\\VSSVC.exe""}]}}"
32,5914,2024-05-15 05:35:29.6710506,4799,LogAlways,Microsoft-Windows-Security-Auditing,Security,764,976,DC01.forela.local,0,,A security-enabled local group membership was enumerated,FORELA\DC01$ (S-1-5-18),,Target: Builtin\Administrators (S-1-5-32-544),SubjectLogonId: 0x3E7,CallerProcessName: C:\Windows\System32\VSSVC.exe,CallerProcessId: 0x128C,,,,False,C:\Users\quentin\Documents\repo\writeups\CrownJewel-2\too\SECURITY.evtx,Audit success,0,"{""EventData"":{""Data"":[{""@Name"":""TargetUserName"",""#text"":""Administrators""},{""@Name"":""TargetDomainName"",""#text"":""Builtin""},{""@Name"":""TargetSid"",""#text"":""S-1-5-32-544""},{""@Name"":""SubjectUserSid"",""#text"":""S-1-5-18""},{""@Name"":""SubjectUserName"",""#text"":""DC01$""},{""@Name"":""SubjectDomainName"",""#text"":""FORELA""},{""@Name"":""SubjectLogonId"",""#text"":""0x3E7""},{""@Name"":""CallerProcessId"",""#text"":""0x128C""},{""@Name"":""CallerProcessName"",""#text"":""C:\\Windows\\System32\\VSSVC.exe""}]}}"
33,5915,2024-05-15 05:35:29.6715388,4799,LogAlways,Microsoft-Windows-Security-Auditing,Security,764,976,DC01.forela.local,0,,A security-enabled local group membership was enumerated,FORELA\DC01$ (S-1-5-18),,Target: Builtin\Backup Operators (S-1-5-32-551),SubjectLogonId: 0x3E7,CallerProcessName: C:\Windows\System32\VSSVC.exe,CallerProcessId: 0x128C,,,,False,C:\Users\quentin\Documents\repo\writeups\CrownJewel-2\too\SECURITY.evtx,Audit success,0,"{""EventData"":{""Data"":[{""@Name"":""TargetUserName"",""#text"":""Backup Operators""},{""@Name"":""TargetDomainName"",""#text"":""Builtin""},{""@Name"":""TargetSid"",""#text"":""S-1-5-32-551""},{""@Name"":""SubjectUserSid"",""#text"":""S-1-5-18""},{""@Name"":""SubjectUserName"",""#text"":""DC01$""},{""@Name"":""SubjectDomainName"",""#text"":""FORELA""},{""@Name"":""SubjectLogonId"",""#text"":""0x3E7""},{""@Name"":""CallerProcessId"",""#text"":""0x128C""},{""@Name"":""CallerProcessName"",""#text"":""C:\\Windows\\System32\\VSSVC.exe""}]}}"
34,5916,2024-05-15 05:35:29.6880944,5379,LogAlways,Microsoft-Windows-Security-Auditing,Security,764,976,DC01.forela.local,0,,Credential Manager credentials were read,DC01$,,SID: S-1-5-18,Domain: FORELA,LogonID: 0x3E7,CountOfCredentialsReturned: 0,,ActivityID: a54d06d3-a689-0001-f306-4da589a6da01,WindowsLive:(token):name=02juuvlgbfapztcv;serviceuri=*,False,C:\Users\quentin\Documents\repo\writeups\CrownJewel-2\too\SECURITY.evtx,Audit success,0,"{""EventData"":{""Data"":[{""@Name"":""SubjectUserSid"",""#text"":""S-1-5-18""},{""@Name"":""SubjectUserName"",""#text"":""DC01$""},{""@Name"":""SubjectDomainName"",""#text"":""FORELA""},{""@Name"":""SubjectLogonId"",""#text"":""0x3E7""},{""@Name"":""TargetName"",""#text"":""WindowsLive:(token):name=02juuvlgbfapztcv;serviceuri=*""},{""@Name"":""Type"",""#text"":""0""},{""@Name"":""CountOfCredentialsReturned"",""#text"":""0""},{""@Name"":""ReadOperation"",""#text"":""%%8100""},{""@Name"":""ReturnCode"",""#text"":""3221226021""},{""@Name"":""ProcessCreationTime"",""#text"":""2024-05-15 05:35:29.6535565""},{""@Name"":""ClientProcessId"",""#text"":""4788""}]}}"
35,5917,2024-05-15 05:35:29.6882416,5379,LogAlways,Microsoft-Windows-Security-Auditing,Security,764,976,DC01.forela.local,0,,Credential Manager credentials were read,DC01$,,SID: S-1-5-18,Domain: FORELA,LogonID: 0x3E7,CountOfCredentialsReturned: 0,,ActivityID: a54d06d3-a689-0001-f306-4da589a6da01,WindowsLive:(cert):name=02juuvlgbfapztcv;serviceuri=*,False,C:\Users\quentin\Documents\repo\writeups\CrownJewel-2\too\SECURITY.evtx,Audit success,0,"{""EventData"":{""Data"":[{""@Name"":""SubjectUserSid"",""#text"":""S-1-5-18""},{""@Name"":""SubjectUserName"",""#text"":""DC01$""},{""@Name"":""SubjectDomainName"",""#text"":""FORELA""},{""@Name"":""SubjectLogonId"",""#text"":""0x3E7""},{""@Name"":""TargetName"",""#text"":""WindowsLive:(cert):name=02juuvlgbfapztcv;serviceuri=*""},{""@Name"":""Type"",""#text"":""0""},{""@Name"":""CountOfCredentialsReturned"",""#text"":""0""},{""@Name"":""ReadOperation"",""#text"":""%%8100""},{""@Name"":""ReturnCode"",""#text"":""3221226021""},{""@Name"":""ProcessCreationTime"",""#text"":""2024-05-15 05:35:29.6535565""},{""@Name"":""ClientProcessId"",""#text"":""4788""}]}}"
36,5918,2024-05-15 05:35:29.6882768,5379,LogAlways,Microsoft-Windows-Security-Auditing,Security,764,976,DC01.forela.local,0,,Credential Manager credentials were read,DC01$,,SID: S-1-5-18,Domain: FORELA,LogonID: 0x3E7,CountOfCredentialsReturned: 1,,ActivityID: a54d06d3-a689-0001-f306-4da589a6da01,WindowsLive:target=virtualapp/didlogical,False,C:\Users\quentin\Documents\repo\writeups\CrownJewel-2\too\SECURITY.evtx,Audit success,0,"{""EventData"":{""Data"":[{""@Name"":""SubjectUserSid"",""#text"":""S-1-5-18""},{""@Name"":""SubjectUserName"",""#text"":""DC01$""},{""@Name"":""SubjectDomainName"",""#text"":""FORELA""},{""@Name"":""SubjectLogonId"",""#text"":""0x3E7""},{""@Name"":""TargetName"",""#text"":""WindowsLive:target=virtualapp/didlogical""},{""@Name"":""Type"",""#text"":""0""},{""@Name"":""CountOfCredentialsReturned"",""#text"":""1""},{""@Name"":""ReadOperation"",""#text"":""%%8100""},{""@Name"":""ReturnCode"",""#text"":""0""},{""@Name"":""ProcessCreationTime"",""#text"":""2024-05-15 05:35:29.6535565""},{""@Name"":""ClientProcessId"",""#text"":""4788""}]}}"
37,5919,2024-05-15 05:35:31.0788012,5379,LogAlways,Microsoft-Windows-Security-Auditing,Security,764,976,DC01.forela.local,0,,Credential Manager credentials were read,LOCAL SERVICE,,SID: S-1-5-19,Domain: NT AUTHORITY,LogonID: 0x3E5,CountOfCredentialsReturned: 0,,ActivityID: a54d06d3-a689-0001-f306-4da589a6da01,WindowsLive:(token):name=02gqqycogetgggtv;serviceuri=*,False,C:\Users\quentin\Documents\repo\writeups\CrownJewel-2\too\SECURITY.evtx,Audit success,0,"{""EventData"":{""Data"":[{""@Name"":""SubjectUserSid"",""#text"":""S-1-5-19""},{""@Name"":""SubjectUserName"",""#text"":""LOCAL SERVICE""},{""@Name"":""SubjectDomainName"",""#text"":""NT AUTHORITY""},{""@Name"":""SubjectLogonId"",""#text"":""0x3E5""},{""@Name"":""TargetName"",""#text"":""WindowsLive:(token):name=02gqqycogetgggtv;serviceuri=*""},{""@Name"":""Type"",""#text"":""0""},{""@Name"":""CountOfCredentialsReturned"",""#text"":""0""},{""@Name"":""ReadOperation"",""#text"":""%%8100""},{""@Name"":""ReturnCode"",""#text"":""3221226021""},{""@Name"":""ProcessCreationTime"",""#text"":""2024-05-15 05:35:29.6535565""},{""@Name"":""ClientProcessId"",""#text"":""4788""}]}}"
38,5920,2024-05-15 05:35:31.0789834,5379,LogAlways,Microsoft-Windows-Security-Auditing,Security,764,976,DC01.forela.local,0,,Credential Manager credentials were read,LOCAL SERVICE,,SID: S-1-5-19,Domain: NT AUTHORITY,LogonID: 0x3E5,CountOfCredentialsReturned: 0,,ActivityID: a54d06d3-a689-0001-f306-4da589a6da01,WindowsLive:(cert):name=02gqqycogetgggtv;serviceuri=*,False,C:\Users\quentin\Documents\repo\writeups\CrownJewel-2\too\SECURITY.evtx,Audit success,0,"{""EventData"":{""Data"":[{""@Name"":""SubjectUserSid"",""#text"":""S-1-5-19""},{""@Name"":""SubjectUserName"",""#text"":""LOCAL SERVICE""},{""@Name"":""SubjectDomainName"",""#text"":""NT AUTHORITY""},{""@Name"":""SubjectLogonId"",""#text"":""0x3E5""},{""@Name"":""TargetName"",""#text"":""WindowsLive:(cert):name=02gqqycogetgggtv;serviceuri=*""},{""@Name"":""Type"",""#text"":""0""},{""@Name"":""CountOfCredentialsReturned"",""#text"":""0""},{""@Name"":""ReadOperation"",""#text"":""%%8100""},{""@Name"":""ReturnCode"",""#text"":""3221226021""},{""@Name"":""ProcessCreationTime"",""#text"":""2024-05-15 05:35:29.6535565""},{""@Name"":""ClientProcessId"",""#text"":""4788""}]}}"
39,5921,2024-05-15 05:35:31.0790209,5379,LogAlways,Microsoft-Windows-Security-Auditing,Security,764,976,DC01.forela.local,0,,Credential Manager credentials were read,LOCAL SERVICE,,SID: S-1-5-19,Domain: NT AUTHORITY,LogonID: 0x3E5,CountOfCredentialsReturned: 1,,ActivityID: a54d06d3-a689-0001-f306-4da589a6da01,WindowsLive:target=virtualapp/didlogical,False,C:\Users\quentin\Documents\repo\writeups\CrownJewel-2\too\SECURITY.evtx,Audit success,0,"{""EventData"":{""Data"":[{""@Name"":""SubjectUserSid"",""#text"":""S-1-5-19""},{""@Name"":""SubjectUserName"",""#text"":""LOCAL SERVICE""},{""@Name"":""SubjectDomainName"",""#text"":""NT AUTHORITY""},{""@Name"":""SubjectLogonId"",""#text"":""0x3E5""},{""@Name"":""TargetName"",""#text"":""WindowsLive:target=virtualapp/didlogical""},{""@Name"":""Type"",""#text"":""0""},{""@Name"":""CountOfCredentialsReturned"",""#text"":""1""},{""@Name"":""ReadOperation"",""#text"":""%%8100""},{""@Name"":""ReturnCode"",""#text"":""0""},{""@Name"":""ProcessCreationTime"",""#text"":""2024-05-15 05:35:29.6535565""},{""@Name"":""ClientProcessId"",""#text"":""4788""}]}}"
40,5922,2024-05-15 05:35:31.0898490,5379,LogAlways,Microsoft-Windows-Security-Auditing,Security,764,976,DC01.forela.local,0,,Credential Manager credentials were read,DC01$,,SID: S-1-5-20,Domain: FORELA,LogonID: 0x3E4,CountOfCredentialsReturned: 0,,ActivityID: a54d06d3-a689-0001-f306-4da589a6da01,WindowsLive:(token):name=02skahbqneqvdqps;serviceuri=*,False,C:\Users\quentin\Documents\repo\writeups\CrownJewel-2\too\SECURITY.evtx,Audit success,0,"{""EventData"":{""Data"":[{""@Name"":""SubjectUserSid"",""#text"":""S-1-5-20""},{""@Name"":""SubjectUserName"",""#text"":""DC01$""},{""@Name"":""SubjectDomainName"",""#text"":""FORELA""},{""@Name"":""SubjectLogonId"",""#text"":""0x3E4""},{""@Name"":""TargetName"",""#text"":""WindowsLive:(token):name=02skahbqneqvdqps;serviceuri=*""},{""@Name"":""Type"",""#text"":""0""},{""@Name"":""CountOfCredentialsReturned"",""#text"":""0""},{""@Name"":""ReadOperation"",""#text"":""%%8100""},{""@Name"":""ReturnCode"",""#text"":""3221226021""},{""@Name"":""ProcessCreationTime"",""#text"":""2024-05-15 05:35:29.6535565""},{""@Name"":""ClientProcessId"",""#text"":""4788""}]}}"
41,5923,2024-05-15 05:35:31.0902790,5379,LogAlways,Microsoft-Windows-Security-Auditing,Security,764,976,DC01.forela.local,0,,Credential Manager credentials were read,DC01$,,SID: S-1-5-20,Domain: FORELA,LogonID: 0x3E4,CountOfCredentialsReturned: 0,,ActivityID: a54d06d3-a689-0001-f306-4da589a6da01,WindowsLive:(cert):name=02skahbqneqvdqps;serviceuri=*,False,C:\Users\quentin\Documents\repo\writeups\CrownJewel-2\too\SECURITY.evtx,Audit success,0,"{""EventData"":{""Data"":[{""@Name"":""SubjectUserSid"",""#text"":""S-1-5-20""},{""@Name"":""SubjectUserName"",""#text"":""DC01$""},{""@Name"":""SubjectDomainName"",""#text"":""FORELA""},{""@Name"":""SubjectLogonId"",""#text"":""0x3E4""},{""@Name"":""TargetName"",""#text"":""WindowsLive:(cert):name=02skahbqneqvdqps;serviceuri=*""},{""@Name"":""Type"",""#text"":""0""},{""@Name"":""CountOfCredentialsReturned"",""#text"":""0""},{""@Name"":""ReadOperation"",""#text"":""%%8100""},{""@Name"":""ReturnCode"",""#text"":""3221226021""},{""@Name"":""ProcessCreationTime"",""#text"":""2024-05-15 05:35:29.6535565""},{""@Name"":""ClientProcessId"",""#text"":""4788""}]}}"
42,5924,2024-05-15 05:35:31.0903150,5379,LogAlways,Microsoft-Windows-Security-Auditing,Security,764,976,DC01.forela.local,0,,Credential Manager credentials were read,DC01$,,SID: S-1-5-20,Domain: FORELA,LogonID: 0x3E4,CountOfCredentialsReturned: 0,,ActivityID: a54d06d3-a689-0001-f306-4da589a6da01,WindowsLive:target=virtualapp/didlogical,False,C:\Users\quentin\Documents\repo\writeups\CrownJewel-2\too\SECURITY.evtx,Audit success,0,"{""EventData"":{""Data"":[{""@Name"":""SubjectUserSid"",""#text"":""S-1-5-20""},{""@Name"":""SubjectUserName"",""#text"":""DC01$""},{""@Name"":""SubjectDomainName"",""#text"":""FORELA""},{""@Name"":""SubjectLogonId"",""#text"":""0x3E4""},{""@Name"":""TargetName"",""#text"":""WindowsLive:target=virtualapp/didlogical""},{""@Name"":""Type"",""#text"":""0""},{""@Name"":""CountOfCredentialsReturned"",""#text"":""0""},{""@Name"":""ReadOperation"",""#text"":""%%8100""},{""@Name"":""ReturnCode"",""#text"":""3221226021""},{""@Name"":""ProcessCreationTime"",""#text"":""2024-05-15 05:35:29.6535565""},{""@Name"":""ClientProcessId"",""#text"":""4788""}]}}"
43,5925,2024-05-15 05:35:48.5923401,4799,LogAlways,Microsoft-Windows-Security-Auditing,Security,764,812,DC01.forela.local,0,,A security-enabled local group membership was enumerated,FORELA\DC01$ (S-1-5-18),,Target: Builtin\Administrators (S-1-5-32-544),SubjectLogonId: 0x3E7,CallerProcessName: C:\Windows\System32\svchost.exe,CallerProcessId: 0x1338,,,,False,C:\Users\quentin\Documents\repo\writeups\CrownJewel-2\too\SECURITY.evtx,Audit success,0,"{""EventData"":{""Data"":[{""@Name"":""TargetUserName"",""#text"":""Administrators""},{""@Name"":""TargetDomainName"",""#text"":""Builtin""},{""@Name"":""TargetSid"",""#text"":""S-1-5-32-544""},{""@Name"":""SubjectUserSid"",""#text"":""S-1-5-18""},{""@Name"":""SubjectUserName"",""#text"":""DC01$""},{""@Name"":""SubjectDomainName"",""#text"":""FORELA""},{""@Name"":""SubjectLogonId"",""#text"":""0x3E7""},{""@Name"":""CallerProcessId"",""#text"":""0x1338""},{""@Name"":""CallerProcessName"",""#text"":""C:\\Windows\\System32\\svchost.exe""}]}}"
44,5926,2024-05-15 05:35:48.5932825,4799,LogAlways,Microsoft-Windows-Security-Auditing,Security,764,812,DC01.forela.local,0,,A security-enabled local group membership was enumerated,FORELA\DC01$ (S-1-5-18),,Target: Builtin\Backup Operators (S-1-5-32-551),SubjectLogonId: 0x3E7,CallerProcessName: C:\Windows\System32\svchost.exe,CallerProcessId: 0x1338,,,,False,C:\Users\quentin\Documents\repo\writeups\CrownJewel-2\too\SECURITY.evtx,Audit success,0,"{""EventData"":{""Data"":[{""@Name"":""TargetUserName"",""#text"":""Backup Operators""},{""@Name"":""TargetDomainName"",""#text"":""Builtin""},{""@Name"":""TargetSid"",""#text"":""S-1-5-32-551""},{""@Name"":""SubjectUserSid"",""#text"":""S-1-5-18""},{""@Name"":""SubjectUserName"",""#text"":""DC01$""},{""@Name"":""SubjectDomainName"",""#text"":""FORELA""},{""@Name"":""SubjectLogonId"",""#text"":""0x3E7""},{""@Name"":""CallerProcessId"",""#text"":""0x1338""},{""@Name"":""CallerProcessName"",""#text"":""C:\\Windows\\System32\\svchost.exe""}]}}"
45,5927,2024-05-15 05:35:57.8449652,4768,LogAlways,Microsoft-Windows-Security-Auditing,Security,764,904,DC01.forela.local,0,,A Kerberos authentication ticket (TGT) was requested,,::1:0,Target: FORELA.LOCAL\DC01$,ServiceName: krbtgt,ServiceSid: S-1-5-21-3239415629-1862073780-2394361899-502,TicketEncryptionType: AES256-CTS-HMAC-SHA1-96,Status: KDC_ERR_NONE - No error - No errors were found.,PreAuthType: PA-ENC-TIMESTAMP - This type is normal for standard password authentication.,,False,C:\Users\quentin\Documents\repo\writeups\CrownJewel-2\too\SECURITY.evtx,Audit success,0,"{""EventData"":{""Data"":[{""@Name"":""TargetUserName"",""#text"":""DC01$""},{""@Name"":""TargetDomainName"",""#text"":""FORELA.LOCAL""},{""@Name"":""TargetSid"",""#text"":""S-1-5-21-3239415629-1862073780-2394361899-1000""},{""@Name"":""ServiceName"",""#text"":""krbtgt""},{""@Name"":""ServiceSid"",""#text"":""S-1-5-21-3239415629-1862073780-2394361899-502""},{""@Name"":""TicketOptions"",""#text"":""0x40810010""},{""@Name"":""Status"",""#text"":""0x0""},{""@Name"":""TicketEncryptionType"",""#text"":""0x12""},{""@Name"":""PreAuthType"",""#text"":""2""},{""@Name"":""IpAddress"",""#text"":""::1""},{""@Name"":""IpPort"",""#text"":""0""},{""@Name"":""CertIssuerName""},{""@Name"":""CertSerialNumber""},{""@Name"":""CertThumbprint""}]}}"
46,5928,2024-05-15 05:35:57.8518061,4768,LogAlways,Microsoft-Windows-Security-Auditing,Security,764,1748,DC01.forela.local,0,,A Kerberos authentication ticket (TGT) was requested,,::1:0,Target: FORELA.LOCAL\DC01$,ServiceName: krbtgt,ServiceSid: S-1-5-21-3239415629-1862073780-2394361899-502,TicketEncryptionType: AES256-CTS-HMAC-SHA1-96,Status: KDC_ERR_NONE - No error - No errors were found.,PreAuthType: PA-ENC-TIMESTAMP - This type is normal for standard password authentication.,,False,C:\Users\quentin\Documents\repo\writeups\CrownJewel-2\too\SECURITY.evtx,Audit success,0,"{""EventData"":{""Data"":[{""@Name"":""TargetUserName"",""#text"":""DC01$""},{""@Name"":""TargetDomainName"",""#text"":""FORELA.LOCAL""},{""@Name"":""TargetSid"",""#text"":""S-1-5-21-3239415629-1862073780-2394361899-1000""},{""@Name"":""ServiceName"",""#text"":""krbtgt""},{""@Name"":""ServiceSid"",""#text"":""S-1-5-21-3239415629-1862073780-2394361899-502""},{""@Name"":""TicketOptions"",""#text"":""0x40810010""},{""@Name"":""Status"",""#text"":""0x0""},{""@Name"":""TicketEncryptionType"",""#text"":""0x12""},{""@Name"":""PreAuthType"",""#text"":""2""},{""@Name"":""IpAddress"",""#text"":""::1""},{""@Name"":""IpPort"",""#text"":""0""},{""@Name"":""CertIssuerName""},{""@Name"":""CertSerialNumber""},{""@Name"":""CertThumbprint""}]}}"
47,5929,2024-05-15 05:35:57.8545623,4769,LogAlways,Microsoft-Windows-Security-Auditing,Security,764,904,DC01.forela.local,0,,A Kerberos service ticket was requested,,::1:0,Target: FORELA.LOCAL\DC01$@FORELA.LOCAL,ServiceName: DC01$,ServiceSid: S-1-5-21-3239415629-1862073780-2394361899-1000,TicketEncryptionType: AES256-CTS-HMAC-SHA1-96,Status: KDC_ERR_NONE - No error - No errors were found.,,,False,C:\Users\quentin\Documents\repo\writeups\CrownJewel-2\too\SECURITY.evtx,Audit success,0,"{""EventData"":{""Data"":[{""@Name"":""TargetUserName"",""#text"":""DC01$@FORELA.LOCAL""},{""@Name"":""TargetDomainName"",""#text"":""FORELA.LOCAL""},{""@Name"":""ServiceName"",""#text"":""DC01$""},{""@Name"":""ServiceSid"",""#text"":""S-1-5-21-3239415629-1862073780-2394361899-1000""},{""@Name"":""TicketOptions"",""#text"":""0x40810000""},{""@Name"":""TicketEncryptionType"",""#text"":""0x12""},{""@Name"":""IpAddress"",""#text"":""::1""},{""@Name"":""IpPort"",""#text"":""0""},{""@Name"":""Status"",""#text"":""0x0""},{""@Name"":""LogonGuid"",""#text"":""66dc97a7-1e03-6614-f5d5-aabc1617ddf8""},{""@Name"":""TransmittedServices"",""#text"":""-""}]}}"
48,5930,2024-05-15 05:35:57.8545674,4769,LogAlways,Microsoft-Windows-Security-Auditing,Security,764,1748,DC01.forela.local,0,,A Kerberos service ticket was requested,,::1:0,Target: FORELA.LOCAL\DC01$@FORELA.LOCAL,ServiceName: DC01$,ServiceSid: S-1-5-21-3239415629-1862073780-2394361899-1000,TicketEncryptionType: AES256-CTS-HMAC-SHA1-96,Status: KDC_ERR_NONE - No error - No errors were found.,,,False,C:\Users\quentin\Documents\repo\writeups\CrownJewel-2\too\SECURITY.evtx,Audit success,0,"{""EventData"":{""Data"":[{""@Name"":""TargetUserName"",""#text"":""DC01$@FORELA.LOCAL""},{""@Name"":""TargetDomainName"",""#text"":""FORELA.LOCAL""},{""@Name"":""ServiceName"",""#text"":""DC01$""},{""@Name"":""ServiceSid"",""#text"":""S-1-5-21-3239415629-1862073780-2394361899-1000""},{""@Name"":""TicketOptions"",""#text"":""0x40810000""},{""@Name"":""TicketEncryptionType"",""#text"":""0x12""},{""@Name"":""IpAddress"",""#text"":""::1""},{""@Name"":""IpPort"",""#text"":""0""},{""@Name"":""Status"",""#text"":""0x0""},{""@Name"":""LogonGuid"",""#text"":""66dc97a7-1e03-6614-f5d5-aabc1617ddf8""},{""@Name"":""TransmittedServices"",""#text"":""-""}]}}"
49,5931,2024-05-15 05:36:18.2914882,5140,LogAlways,Microsoft-Windows-Security-Auditing,Security,4,380,DC01.forela.local,0,,A network share object was accessed,FORELA\DC01$,fe80::35a9:2032:4461:eefa:49520,Share: \\*\IPC$ (),Sid: S-1-5-20,AccessList: ReadData (or ListDirectory),AccessMask: Unknown code (0x1),,,,False,C:\Users\quentin\Documents\repo\writeups\CrownJewel-2\too\SECURITY.evtx,Audit success,0,"{""EventData"":{""Data"":[{""@Name"":""SubjectUserSid"",""#text"":""S-1-5-20""},{""@Name"":""SubjectUserName"",""#text"":""DC01$""},{""@Name"":""SubjectDomainName"",""#text"":""FORELA""},{""@Name"":""SubjectLogonId"",""#text"":""0x3E4""},{""@Name"":""ObjectType"",""#text"":""File""},{""@Name"":""IpAddress"",""#text"":""fe80::35a9:2032:4461:eefa""},{""@Name"":""IpPort"",""#text"":""49520""},{""@Name"":""ShareName"",""#text"":""\\\\*\\IPC$""},{""@Name"":""ShareLocalPath""},{""@Name"":""AccessMask"",""#text"":""0x1""},{""@Name"":""AccessList"",""#text"":""%%4416, ""}]}}"
50,5932,2024-05-15 05:36:18.4250575,4769,LogAlways,Microsoft-Windows-Security-Auditing,Security,764,904,DC01.forela.local,0,,A Kerberos service ticket was requested,,::1:0,Target: FORELA.LOCAL\DC01$@FORELA.LOCAL,ServiceName: DC01$,ServiceSid: S-1-5-21-3239415629-1862073780-2394361899-1000,TicketEncryptionType: AES256-CTS-HMAC-SHA1-96,Status: KDC_ERR_NONE - No error - No errors were found.,,,False,C:\Users\quentin\Documents\repo\writeups\CrownJewel-2\too\SECURITY.evtx,Audit success,0,"{""EventData"":{""Data"":[{""@Name"":""TargetUserName"",""#text"":""DC01$@FORELA.LOCAL""},{""@Name"":""TargetDomainName"",""#text"":""FORELA.LOCAL""},{""@Name"":""ServiceName"",""#text"":""DC01$""},{""@Name"":""ServiceSid"",""#text"":""S-1-5-21-3239415629-1862073780-2394361899-1000""},{""@Name"":""TicketOptions"",""#text"":""0x40800000""},{""@Name"":""TicketEncryptionType"",""#text"":""0x12""},{""@Name"":""IpAddress"",""#text"":""::1""},{""@Name"":""IpPort"",""#text"":""0""},{""@Name"":""Status"",""#text"":""0x0""},{""@Name"":""LogonGuid"",""#text"":""7dee19e3-a1bf-b68c-e297-9c7f35fe3ed9""},{""@Name"":""TransmittedServices"",""#text"":""-""}]}}"
51,5933,2024-05-15 05:36:18.4253163,4769,LogAlways,Microsoft-Windows-Security-Auditing,Security,764,904,DC01.forela.local,0,,A Kerberos service ticket was requested,,::1:0,Target: FORELA.LOCAL\DC01$@FORELA.LOCAL,ServiceName: krbtgt,ServiceSid: S-1-5-21-3239415629-1862073780-2394361899-502,TicketEncryptionType: AES256-CTS-HMAC-SHA1-96,Status: KDC_ERR_NONE - No error - No errors were found.,,,False,C:\Users\quentin\Documents\repo\writeups\CrownJewel-2\too\SECURITY.evtx,Audit success,0,"{""EventData"":{""Data"":[{""@Name"":""TargetUserName"",""#text"":""DC01$@FORELA.LOCAL""},{""@Name"":""TargetDomainName"",""#text"":""FORELA.LOCAL""},{""@Name"":""ServiceName"",""#text"":""krbtgt""},{""@Name"":""ServiceSid"",""#text"":""S-1-5-21-3239415629-1862073780-2394361899-502""},{""@Name"":""TicketOptions"",""#text"":""0x60810010""},{""@Name"":""TicketEncryptionType"",""#text"":""0x12""},{""@Name"":""IpAddress"",""#text"":""::1""},{""@Name"":""IpPort"",""#text"":""0""},{""@Name"":""Status"",""#text"":""0x0""},{""@Name"":""LogonGuid"",""#text"":""7dee19e3-a1bf-b68c-e297-9c7f35fe3ed9""},{""@Name"":""TransmittedServices"",""#text"":""-""}]}}"
52,5934,2024-05-15 05:36:18.4263209,5140,LogAlways,Microsoft-Windows-Security-Auditing,Security,4,512,DC01.forela.local,0,,A network share object was accessed,FORELA\DC01$,fe80::35a9:2032:4461:eefa:49520,Share: \\*\SYSVOL (\??\C:\Windows\SYSVOL\sysvol),Sid: S-1-5-18,AccessList: ReadData (or ListDirectory),AccessMask: Unknown code (0x1),,,,False,C:\Users\quentin\Documents\repo\writeups\CrownJewel-2\too\SECURITY.evtx,Audit success,0,"{""EventData"":{""Data"":[{""@Name"":""SubjectUserSid"",""#text"":""S-1-5-18""},{""@Name"":""SubjectUserName"",""#text"":""DC01$""},{""@Name"":""SubjectDomainName"",""#text"":""FORELA""},{""@Name"":""SubjectLogonId"",""#text"":""0x86870""},{""@Name"":""ObjectType"",""#text"":""File""},{""@Name"":""IpAddress"",""#text"":""fe80::35a9:2032:4461:eefa""},{""@Name"":""IpPort"",""#text"":""49520""},{""@Name"":""ShareName"",""#text"":""\\\\*\\SYSVOL""},{""@Name"":""ShareLocalPath"",""#text"":""\\??\\C:\\Windows\\SYSVOL\\sysvol""},{""@Name"":""AccessMask"",""#text"":""0x1""},{""@Name"":""AccessList"",""#text"":""%%4416, ""}]}}"
53,5935,2024-05-15 05:36:18.4308195,4769,LogAlways,Microsoft-Windows-Security-Auditing,Security,764,904,DC01.forela.local,0,,A Kerberos service ticket was requested,,::1:0,Target: FORELA.LOCAL\DC01$@FORELA.LOCAL,ServiceName: DC01$,ServiceSid: S-1-5-21-3239415629-1862073780-2394361899-1000,TicketEncryptionType: AES256-CTS-HMAC-SHA1-96,Status: KDC_ERR_NONE - No error - No errors were found.,,,False,C:\Users\quentin\Documents\repo\writeups\CrownJewel-2\too\SECURITY.evtx,Audit success,0,"{""EventData"":{""Data"":[{""@Name"":""TargetUserName"",""#text"":""DC01$@FORELA.LOCAL""},{""@Name"":""TargetDomainName"",""#text"":""FORELA.LOCAL""},{""@Name"":""ServiceName"",""#text"":""DC01$""},{""@Name"":""ServiceSid"",""#text"":""S-1-5-21-3239415629-1862073780-2394361899-1000""},{""@Name"":""TicketOptions"",""#text"":""0x40800000""},{""@Name"":""TicketEncryptionType"",""#text"":""0x12""},{""@Name"":""IpAddress"",""#text"":""::1""},{""@Name"":""IpPort"",""#text"":""0""},{""@Name"":""Status"",""#text"":""0x0""},{""@Name"":""LogonGuid"",""#text"":""7dee19e3-a1bf-b68c-e297-9c7f35fe3ed9""},{""@Name"":""TransmittedServices"",""#text"":""-""}]}}"
54,5936,2024-05-15 05:36:18.4490941,4769,LogAlways,Microsoft-Windows-Security-Auditing,Security,764,904,DC01.forela.local,0,,A Kerberos service ticket was requested,,::1:0,Target: FORELA.LOCAL\DC01$@FORELA.LOCAL,ServiceName: DC01$,ServiceSid: S-1-5-21-3239415629-1862073780-2394361899-1000,TicketEncryptionType: AES256-CTS-HMAC-SHA1-96,Status: KDC_ERR_NONE - No error - No errors were found.,,,False,C:\Users\quentin\Documents\repo\writeups\CrownJewel-2\too\SECURITY.evtx,Audit success,0,"{""EventData"":{""Data"":[{""@Name"":""TargetUserName"",""#text"":""DC01$@FORELA.LOCAL""},{""@Name"":""TargetDomainName"",""#text"":""FORELA.LOCAL""},{""@Name"":""ServiceName"",""#text"":""DC01$""},{""@Name"":""ServiceSid"",""#text"":""S-1-5-21-3239415629-1862073780-2394361899-1000""},{""@Name"":""TicketOptions"",""#text"":""0x40810000""},{""@Name"":""TicketEncryptionType"",""#text"":""0x12""},{""@Name"":""IpAddress"",""#text"":""::1""},{""@Name"":""IpPort"",""#text"":""0""},{""@Name"":""Status"",""#text"":""0x0""},{""@Name"":""LogonGuid"",""#text"":""7dee19e3-a1bf-b68c-e297-9c7f35fe3ed9""},{""@Name"":""TransmittedServices"",""#text"":""-""}]}}"
55,5937,2024-05-15 05:36:31.1666263,4768,LogAlways,Microsoft-Windows-Security-Auditing,Security,764,812,DC01.forela.local,0,,A Kerberos authentication ticket (TGT) was requested,,::1:0,Target: FORELA\Administrator,ServiceName: krbtgt,ServiceSid: S-1-5-21-3239415629-1862073780-2394361899-502,TicketEncryptionType: AES256-CTS-HMAC-SHA1-96,Status: KDC_ERR_NONE - No error - No errors were found.,PreAuthType: PA-ENC-TIMESTAMP - This type is normal for standard password authentication.,,False,C:\Users\quentin\Documents\repo\writeups\CrownJewel-2\too\SECURITY.evtx,Audit success,0,"{""EventData"":{""Data"":[{""@Name"":""TargetUserName"",""#text"":""Administrator""},{""@Name"":""TargetDomainName"",""#text"":""FORELA""},{""@Name"":""TargetSid"",""#text"":""S-1-5-21-3239415629-1862073780-2394361899-500""},{""@Name"":""ServiceName"",""#text"":""krbtgt""},{""@Name"":""ServiceSid"",""#text"":""S-1-5-21-3239415629-1862073780-2394361899-502""},{""@Name"":""TicketOptions"",""#text"":""0x40810010""},{""@Name"":""Status"",""#text"":""0x0""},{""@Name"":""TicketEncryptionType"",""#text"":""0x12""},{""@Name"":""PreAuthType"",""#text"":""2""},{""@Name"":""IpAddress"",""#text"":""::1""},{""@Name"":""IpPort"",""#text"":""0""},{""@Name"":""CertIssuerName""},{""@Name"":""CertSerialNumber""},{""@Name"":""CertThumbprint""}]}}"
56,5938,2024-05-15 05:36:31.1682118,4769,LogAlways,Microsoft-Windows-Security-Auditing,Security,764,812,DC01.forela.local,0,,A Kerberos service ticket was requested,,::1:0,Target: FORELA.LOCAL\Administrator@FORELA.LOCAL,ServiceName: DC01$,ServiceSid: S-1-5-21-3239415629-1862073780-2394361899-1000,TicketEncryptionType: AES256-CTS-HMAC-SHA1-96,Status: KDC_ERR_NONE - No error - No errors were found.,,,False,C:\Users\quentin\Documents\repo\writeups\CrownJewel-2\too\SECURITY.evtx,Audit success,0,"{""EventData"":{""Data"":[{""@Name"":""TargetUserName"",""#text"":""Administrator@FORELA.LOCAL""},{""@Name"":""TargetDomainName"",""#text"":""FORELA.LOCAL""},{""@Name"":""ServiceName"",""#text"":""DC01$""},{""@Name"":""ServiceSid"",""#text"":""S-1-5-21-3239415629-1862073780-2394361899-1000""},{""@Name"":""TicketOptions"",""#text"":""0x40810000""},{""@Name"":""TicketEncryptionType"",""#text"":""0x12""},{""@Name"":""IpAddress"",""#text"":""::1""},{""@Name"":""IpPort"",""#text"":""0""},{""@Name"":""Status"",""#text"":""0x0""},{""@Name"":""LogonGuid"",""#text"":""fa741835-b394-331c-dcce-e00fbf6ca888""},{""@Name"":""TransmittedServices"",""#text"":""-""}]}}"
57,5939,2024-05-15 05:36:31.3564816,4799,LogAlways,Microsoft-Windows-Security-Auditing,Security,764,812,DC01.forela.local,0,,A security-enabled local group membership was enumerated,FORELA\DC01$ (S-1-5-18),,Target: Builtin\Administrators (S-1-5-32-544),SubjectLogonId: 0x3E7,CallerProcessName: C:\Windows\System32\svchost.exe,CallerProcessId: 0x644,,,,False,C:\Users\quentin\Documents\repo\writeups\CrownJewel-2\too\SECURITY.evtx,Audit success,0,"{""EventData"":{""Data"":[{""@Name"":""TargetUserName"",""#text"":""Administrators""},{""@Name"":""TargetDomainName"",""#text"":""Builtin""},{""@Name"":""TargetSid"",""#text"":""S-1-5-32-544""},{""@Name"":""SubjectUserSid"",""#text"":""S-1-5-18""},{""@Name"":""SubjectUserName"",""#text"":""DC01$""},{""@Name"":""SubjectDomainName"",""#text"":""FORELA""},{""@Name"":""SubjectLogonId"",""#text"":""0x3E7""},{""@Name"":""CallerProcessId"",""#text"":""0x644""},{""@Name"":""CallerProcessName"",""#text"":""C:\\Windows\\System32\\svchost.exe""}]}}"
58,5940,2024-05-15 05:36:31.4023862,5379,LogAlways,Microsoft-Windows-Security-Auditing,Security,764,980,DC01.forela.local,0,,Credential Manager credentials were read,Administrator,,SID: S-1-5-21-3239415629-1862073780-2394361899-500,Domain: FORELA,LogonID: 0x8DE3D,CountOfCredentialsReturned: 0,,ActivityID: a54d06d3-a689-0001-f306-4da589a6da01,WindowsLive:(token):name=02bhxmfidadsefde;serviceuri=*,False,C:\Users\quentin\Documents\repo\writeups\CrownJewel-2\too\SECURITY.evtx,Audit success,0,"{""EventData"":{""Data"":[{""@Name"":""SubjectUserSid"",""#text"":""S-1-5-21-3239415629-1862073780-2394361899-500""},{""@Name"":""SubjectUserName"",""#text"":""Administrator""},{""@Name"":""SubjectDomainName"",""#text"":""FORELA""},{""@Name"":""SubjectLogonId"",""#text"":""0x8DE3D""},{""@Name"":""TargetName"",""#text"":""WindowsLive:(token):name=02bhxmfidadsefde;serviceuri=*""},{""@Name"":""Type"",""#text"":""0""},{""@Name"":""CountOfCredentialsReturned"",""#text"":""0""},{""@Name"":""ReadOperation"",""#text"":""%%8100""},{""@Name"":""ReturnCode"",""#text"":""3221226021""},{""@Name"":""ProcessCreationTime"",""#text"":""2024-05-15 05:35:29.6535565""},{""@Name"":""ClientProcessId"",""#text"":""4788""}]}}"
59,5941,2024-05-15 05:36:31.4025896,5379,LogAlways,Microsoft-Windows-Security-Auditing,Security,764,980,DC01.forela.local,0,,Credential Manager credentials were read,Administrator,,SID: S-1-5-21-3239415629-1862073780-2394361899-500,Domain: FORELA,LogonID: 0x8DE3D,CountOfCredentialsReturned: 0,,ActivityID: a54d06d3-a689-0001-f306-4da589a6da01,WindowsLive:(cert):name=02bhxmfidadsefde;serviceuri=*,False,C:\Users\quentin\Documents\repo\writeups\CrownJewel-2\too\SECURITY.evtx,Audit success,0,"{""EventData"":{""Data"":[{""@Name"":""SubjectUserSid"",""#text"":""S-1-5-21-3239415629-1862073780-2394361899-500""},{""@Name"":""SubjectUserName"",""#text"":""Administrator""},{""@Name"":""SubjectDomainName"",""#text"":""FORELA""},{""@Name"":""SubjectLogonId"",""#text"":""0x8DE3D""},{""@Name"":""TargetName"",""#text"":""WindowsLive:(cert):name=02bhxmfidadsefde;serviceuri=*""},{""@Name"":""Type"",""#text"":""0""},{""@Name"":""CountOfCredentialsReturned"",""#text"":""0""},{""@Name"":""ReadOperation"",""#text"":""%%8100""},{""@Name"":""ReturnCode"",""#text"":""3221226021""},{""@Name"":""ProcessCreationTime"",""#text"":""2024-05-15 05:35:29.6535565""},{""@Name"":""ClientProcessId"",""#text"":""4788""}]}}"
60,5942,2024-05-15 05:36:31.4026272,5379,LogAlways,Microsoft-Windows-Security-Auditing,Security,764,980,DC01.forela.local,0,,Credential Manager credentials were read,Administrator,,SID: S-1-5-21-3239415629-1862073780-2394361899-500,Domain: FORELA,LogonID: 0x8DE3D,CountOfCredentialsReturned: 1,,ActivityID: a54d06d3-a689-0001-f306-4da589a6da01,WindowsLive:target=virtualapp/didlogical,False,C:\Users\quentin\Documents\repo\writeups\CrownJewel-2\too\SECURITY.evtx,Audit success,0,"{""EventData"":{""Data"":[{""@Name"":""SubjectUserSid"",""#text"":""S-1-5-21-3239415629-1862073780-2394361899-500""},{""@Name"":""SubjectUserName"",""#text"":""Administrator""},{""@Name"":""SubjectDomainName"",""#text"":""FORELA""},{""@Name"":""SubjectLogonId"",""#text"":""0x8DE3D""},{""@Name"":""TargetName"",""#text"":""WindowsLive:target=virtualapp/didlogical""},{""@Name"":""Type"",""#text"":""0""},{""@Name"":""CountOfCredentialsReturned"",""#text"":""1""},{""@Name"":""ReadOperation"",""#text"":""%%8100""},{""@Name"":""ReturnCode"",""#text"":""0""},{""@Name"":""ProcessCreationTime"",""#text"":""2024-05-15 05:35:29.6535565""},{""@Name"":""ClientProcessId"",""#text"":""4788""}]}}"
61,5943,2024-05-15 05:36:31.8193668,4699,LogAlways,Microsoft-Windows-Security-Auditing,Security,764,980,DC01.forela.local,0,,Scheduled Task deleted,FORELA\Administrator,,TaskName: \CreateExplorerShellUnelevatedTask,"TaskContent: ",,,,,,False,C:\Users\quentin\Documents\repo\writeups\CrownJewel-2\too\SECURITY.evtx,Audit success,0,"{""EventData"":{""Data"":[{""@Name"":""SubjectUserSid"",""#text"":""S-1-5-21-3239415629-1862073780-2394361899-500""},{""@Name"":""SubjectUserName"",""#text"":""Administrator""},{""@Name"":""SubjectDomainName"",""#text"":""FORELA""},{""@Name"":""SubjectLogonId"",""#text"":""0x8DE3D""},{""@Name"":""TaskName"",""#text"":""\\CreateExplorerShellUnelevatedTask""},{""@Name"":""TaskContent""},{""@Name"":""ClientProcessStartKey"",""#text"":""2814749767106685""},{""@Name"":""ClientProcessId"",""#text"":""5516""},{""@Name"":""ParentProcessId"",""#text"":""5496""},{""@Name"":""RpcCallClientLocality"",""#text"":""0""},{""@Name"":""FQDN"",""#text"":""DC01.forela.local""}]}}"
62,5944,2024-05-15 05:36:31.8268728,4698,LogAlways,Microsoft-Windows-Security-Auditing,Security,764,980,DC01.forela.local,0,,Scheduled Task created,FORELA\Administrator,,TaskName: \CreateExplorerShellUnelevatedTask,"TaskContent: &lt;?xml version=""1.0"" encoding=""UTF-16""?&gt;, &lt;Task version=""1.3"" xmlns=""http://schemas.microsoft.com/windows/2004/02/mit/task""&gt;,   &lt;RegistrationInfo&gt;,     &lt;Author&gt;ExplorerShellUnelevated&lt;/Author&gt;,     &lt;URI&gt;\CreateExplorerShellUnelevatedTask&lt;/URI&gt;,   &lt;/RegistrationInfo&gt;,   &lt;Triggers&gt;,     &lt;RegistrationTrigger id=""CreateExplorerShell_Trigger""&gt;,       &lt;Enabled&gt;true&lt;/Enabled&gt;,       &lt;Delay&gt;PT0S&lt;/Delay&gt;,     &lt;/RegistrationTrigger&gt;,   &lt;/Triggers&gt;,   &lt;Settings&gt;,     &lt;MultipleInstancesPolicy&gt;IgnoreNew&lt;/MultipleInstancesPolicy&gt;,     &lt;DisallowStartIfOnBatteries&gt;false&lt;/DisallowStartIfOnBatteries&gt;,     &lt;StopIfGoingOnBatteries&gt;false&lt;/StopIfGoingOnBatteries&gt;,     &lt;AllowHardTerminate&gt;true&lt;/AllowHardTerminate&gt;,     &lt;StartWhenAvailable&gt;true&lt;/StartWhenAvailable&gt;,     &lt;RunOnlyIfNetworkAvailable&gt;false&lt;/RunOnlyIfNetworkAvailable&gt;,     &lt;IdleSettings&gt;,       &lt;Duration&gt;PT10M&lt;/Duration&gt;,       &lt;WaitTimeout&gt;PT1H&lt;/WaitTimeout&gt;,       &lt;StopOnIdleEnd&gt;true&lt;/StopOnIdleEnd&gt;,       &lt;RestartOnIdle&gt;false&lt;/RestartOnIdle&gt;,     &lt;/IdleSettings&gt;,     &lt;AllowStartOnDemand&gt;true&lt;/AllowStartOnDemand&gt;,     &lt;Enabled&gt;true&lt;/Enabled&gt;,     &lt;Hidden&gt;false&lt;/Hidden&gt;,     &lt;RunOnlyIfIdle&gt;false&lt;/RunOnlyIfIdle&gt;,     &lt;DisallowStartOnRemoteAppSession&gt;false&lt;/DisallowStartOnRemoteAppSession&gt;,     &lt;UseUnifiedSchedulingEngine&gt;true&lt;/UseUnifiedSchedulingEngine&gt;,     &lt;WakeToRun&gt;false&lt;/WakeToRun&gt;,     &lt;ExecutionTimeLimit&gt;PT72H&lt;/ExecutionTimeLimit&gt;,     &lt;Priority&gt;6&lt;/Priority&gt;,   &lt;/Settings&gt;,   &lt;Actions Context=""Author""&gt;,     &lt;Exec&gt;,       &lt;Command&gt;C:\Windows\Explorer.EXE&lt;/Command&gt;,       &lt;Arguments&gt;/NoUACCheck&lt;/Arguments&gt;,     &lt;/Exec&gt;,   &lt;/Actions&gt;,   &lt;Principals&gt;,     &lt;Principal id=""Author""&gt;,       &lt;UserId&gt;FORELA\Administrator&lt;/UserId&gt;,       &lt;LogonType&gt;InteractiveToken&lt;/LogonType&gt;,       &lt;RunLevel&gt;LeastPrivilege&lt;/RunLevel&gt;,     &lt;/Principal&gt;,   &lt;/Principals&gt;, &lt;/Task&gt;",,,,,,False,C:\Users\quentin\Documents\repo\writeups\CrownJewel-2\too\SECURITY.evtx,Audit success,0,"{""EventData"":{""Data"":[{""@Name"":""SubjectUserSid"",""#text"":""S-1-5-21-3239415629-1862073780-2394361899-500""},{""@Name"":""SubjectUserName"",""#text"":""Administrator""},{""@Name"":""SubjectDomainName"",""#text"":""FORELA""},{""@Name"":""SubjectLogonId"",""#text"":""0x8DE3D""},{""@Name"":""TaskName"",""#text"":""\\CreateExplorerShellUnelevatedTask""},{""@Name"":""TaskContent"",""#text"":""&lt;?xml version=\""1.0\"" encoding=\""UTF-16\""?&gt;, &lt;Task version=\""1.3\"" xmlns=\""http://schemas.microsoft.com/windows/2004/02/mit/task\""&gt;,   &lt;RegistrationInfo&gt;,     &lt;Author&gt;ExplorerShellUnelevated&lt;/Author&gt;,     &lt;URI&gt;\\CreateExplorerShellUnelevatedTask&lt;/URI&gt;,   &lt;/RegistrationInfo&gt;,   &lt;Triggers&gt;,     &lt;RegistrationTrigger id=\""CreateExplorerShell_Trigger\""&gt;,       &lt;Enabled&gt;true&lt;/Enabled&gt;,       &lt;Delay&gt;PT0S&lt;/Delay&gt;,     &lt;/RegistrationTrigger&gt;,   &lt;/Triggers&gt;,   &lt;Settings&gt;,     &lt;MultipleInstancesPolicy&gt;IgnoreNew&lt;/MultipleInstancesPolicy&gt;,     &lt;DisallowStartIfOnBatteries&gt;false&lt;/DisallowStartIfOnBatteries&gt;,     &lt;StopIfGoingOnBatteries&gt;false&lt;/StopIfGoingOnBatteries&gt;,     &lt;AllowHardTerminate&gt;true&lt;/AllowHardTerminate&gt;,     &lt;StartWhenAvailable&gt;true&lt;/StartWhenAvailable&gt;,     &lt;RunOnlyIfNetworkAvailable&gt;false&lt;/RunOnlyIfNetworkAvailable&gt;,     &lt;IdleSettings&gt;,       &lt;Duration&gt;PT10M&lt;/Duration&gt;,       &lt;WaitTimeout&gt;PT1H&lt;/WaitTimeout&gt;,       &lt;StopOnIdleEnd&gt;true&lt;/StopOnIdleEnd&gt;,       &lt;RestartOnIdle&gt;false&lt;/RestartOnIdle&gt;,     &lt;/IdleSettings&gt;,     &lt;AllowStartOnDemand&gt;true&lt;/AllowStartOnDemand&gt;,     &lt;Enabled&gt;true&lt;/Enabled&gt;,     &lt;Hidden&gt;false&lt;/Hidden&gt;,     &lt;RunOnlyIfIdle&gt;false&lt;/RunOnlyIfIdle&gt;,     &lt;DisallowStartOnRemoteAppSession&gt;false&lt;/DisallowStartOnRemoteAppSession&gt;,     &lt;UseUnifiedSchedulingEngine&gt;true&lt;/UseUnifiedSchedulingEngine&gt;,     &lt;WakeToRun&gt;false&lt;/WakeToRun&gt;,     &lt;ExecutionTimeLimit&gt;PT72H&lt;/ExecutionTimeLimit&gt;,     &lt;Priority&gt;6&lt;/Priority&gt;,   &lt;/Settings&gt;,   &lt;Actions Context=\""Author\""&gt;,     &lt;Exec&gt;,       &lt;Command&gt;C:\\Windows\\Explorer.EXE&lt;/Command&gt;,       &lt;Arguments&gt;/NoUACCheck&lt;/Arguments&gt;,     &lt;/Exec&gt;,   &lt;/Actions&gt;,   &lt;Principals&gt;,     &lt;Principal id=\""Author\""&gt;,       &lt;UserId&gt;FORELA\\Administrator&lt;/UserId&gt;,       &lt;LogonType&gt;InteractiveToken&lt;/LogonType&gt;,       &lt;RunLevel&gt;LeastPrivilege&lt;/RunLevel&gt;,     &lt;/Principal&gt;,   &lt;/Principals&gt;, &lt;/Task&gt;""},{""@Name"":""ClientProcessStartKey"",""#text"":""2814749767106685""},{""@Name"":""ClientProcessId"",""#text"":""5516""},{""@Name"":""ParentProcessId"",""#text"":""5496""},{""@Name"":""RpcCallClientLocality"",""#text"":""0""},{""@Name"":""FQDN"",""#text"":""DC01.forela.local""}]}}"
63,5945,2024-05-15 05:36:35.4605807,5379,LogAlways,Microsoft-Windows-Security-Auditing,Security,764,992,DC01.forela.local,0,,Credential Manager credentials were read,Administrator,,SID: S-1-5-21-3239415629-1862073780-2394361899-500,Domain: FORELA,LogonID: 0x8DE3D,CountOfCredentialsReturned: 0,,ActivityID: a54d06d3-a689-0001-f306-4da589a6da01,ServerManager*,False,C:\Users\quentin\Documents\repo\writeups\CrownJewel-2\too\SECURITY.evtx,Audit success,0,"{""EventData"":{""Data"":[{""@Name"":""SubjectUserSid"",""#text"":""S-1-5-21-3239415629-1862073780-2394361899-500""},{""@Name"":""SubjectUserName"",""#text"":""Administrator""},{""@Name"":""SubjectDomainName"",""#text"":""FORELA""},{""@Name"":""SubjectLogonId"",""#text"":""0x8DE3D""},{""@Name"":""TargetName"",""#text"":""ServerManager*""},{""@Name"":""Type"",""#text"":""0""},{""@Name"":""CountOfCredentialsReturned"",""#text"":""0""},{""@Name"":""ReadOperation"",""#text"":""%%8100""},{""@Name"":""ReturnCode"",""#text"":""3221226021""},{""@Name"":""ProcessCreationTime"",""#text"":""2024-05-15 05:36:32.9957602""},{""@Name"":""ClientProcessId"",""#text"":""6016""}]}}"
