73,5955,2024-05-15 05:38:47.9266599,4662,LogAlways,Microsoft-Windows-Security-Auditing,Security,764,980,DC01.forela.local,1,,Operation performed on an object,FORELA\DC01$,,ObjectServer: WMI,ObjectType: WMI Namespace,ObjectName: root\CIMV2\security\microsofttpm,"AccessList: Unknown code (%%1552, )",AccessMask: Unknown code (0x1),,,False,C:\Users\quentin\Documents\repo\writeups\CrownJewel-2\too\SECURITY.evtx,Audit success,0,"{""EventData"":{""Data"":[{""@Name"":""SubjectUserSid"",""#text"":""S-1-5-18""},{""@Name"":""SubjectUserName"",""#text"":""DC01$""},{""@Name"":""SubjectDomainName"",""#text"":""FORELA""},{""@Name"":""SubjectLogonId"",""#text"":""0x3E7""},{""@Name"":""ObjectServer"",""#text"":""WMI""},{""@Name"":""ObjectType"",""#text"":""WMI Namespace""},{""@Name"":""ObjectName"",""#text"":""root\\CIMV2\\security\\microsofttpm""},{""@Name"":""OperationType"",""#text"":""Object Access""},{""@Name"":""HandleId"",""#text"":""0x0""},{""@Name"":""AccessList"",""#text"":""%%1552, ""},{""@Name"":""AccessMask"",""#text"":""0x1""},{""@Name"":""Properties"",""#text"":""-""},{""@Name"":""AdditionalInfo"",""#text"":""Local Read (ExecQuery)""},{""@Name"":""AdditionalInfo2"",""#text"":""root\\CIMV2\\security\\microsofttpm:SELECT ManufacturerIdTxt FROM win32_tpm""}]}}"
74,5956,2024-05-15 05:38:47.9276082,4662,LogAlways,Microsoft-Windows-Security-Auditing,Security,764,980,DC01.forela.local,1,,Operation performed on an object,FORELA\DC01$,,ObjectServer: WMI,ObjectType: WMI Namespace,ObjectName: root\CIMV2\security\microsofttpm,"AccessList: Unknown code (%%1552, )",AccessMask: Unknown code (0x1),,,False,C:\Users\quentin\Documents\repo\writeups\CrownJewel-2\too\SECURITY.evtx,Audit success,0,"{""EventData"":{""Data"":[{""@Name"":""SubjectUserSid"",""#text"":""S-1-5-18""},{""@Name"":""SubjectUserName"",""#text"":""DC01$""},{""@Name"":""SubjectDomainName"",""#text"":""FORELA""},{""@Name"":""SubjectLogonId"",""#text"":""0x3E7""},{""@Name"":""ObjectServer"",""#text"":""WMI""},{""@Name"":""ObjectType"",""#text"":""WMI Namespace""},{""@Name"":""ObjectName"",""#text"":""root\\CIMV2\\security\\microsofttpm""},{""@Name"":""OperationType"",""#text"":""Object Access""},{""@Name"":""HandleId"",""#text"":""0x0""},{""@Name"":""AccessList"",""#text"":""%%1552, ""},{""@Name"":""AccessMask"",""#text"":""0x1""},{""@Name"":""Properties"",""#text"":""-""},{""@Name"":""AdditionalInfo"",""#text"":""Local Read (ExecQuery)""},{""@Name"":""AdditionalInfo2"",""#text"":""root\\CIMV2\\security\\microsofttpm:Select * from __ClassProviderRegistration""}]}}"
75,5957,2024-05-15 05:38:47.9314837,4662,LogAlways,Microsoft-Windows-Security-Auditing,Security,764,980,DC01.forela.local,1,,Operation performed on an object,FORELA\DC01$,,ObjectServer: WMI,ObjectType: WMI Namespace,ObjectName: root\CIMV2\security\microsofttpm,"AccessList: Unknown code (%%1552, )",AccessMask: Unknown code (0x1),,,False,C:\Users\quentin\Documents\repo\writeups\CrownJewel-2\too\SECURITY.evtx,Audit success,0,"{""EventData"":{""Data"":[{""@Name"":""SubjectUserSid"",""#text"":""S-1-5-18""},{""@Name"":""SubjectUserName"",""#text"":""DC01$""},{""@Name"":""SubjectDomainName"",""#text"":""FORELA""},{""@Name"":""SubjectLogonId"",""#text"":""0x3E7""},{""@Name"":""ObjectServer"",""#text"":""WMI""},{""@Name"":""ObjectType"",""#text"":""WMI Namespace""},{""@Name"":""ObjectName"",""#text"":""root\\CIMV2\\security\\microsofttpm""},{""@Name"":""OperationType"",""#text"":""Object Access""},{""@Name"":""HandleId"",""#text"":""0x0""},{""@Name"":""AccessList"",""#text"":""%%1552, ""},{""@Name"":""AccessMask"",""#text"":""0x1""},{""@Name"":""Properties"",""#text"":""-""},{""@Name"":""AdditionalInfo"",""#text"":""Local Read (GetObject)""},{""@Name"":""AdditionalInfo2"",""#text"":""root\\CIMV2\\security\\microsofttpm:__Win32Provider.Name=\""Win32_TpmProvider\""""}]}}"
76,5958,2024-05-15 05:38:47.9323153,4662,LogAlways,Microsoft-Windows-Security-Auditing,Security,764,980,DC01.forela.local,1,,Operation performed on an object,FORELA\DC01$,,ObjectServer: WMI,ObjectType: WMI Namespace,ObjectName: root\CIMV2\security\microsofttpm,"AccessList: Unknown code (%%1552, )",AccessMask: Unknown code (0x1),,,False,C:\Users\quentin\Documents\repo\writeups\CrownJewel-2\too\SECURITY.evtx,Audit success,0,"{""EventData"":{""Data"":[{""@Name"":""SubjectUserSid"",""#text"":""S-1-5-18""},{""@Name"":""SubjectUserName"",""#text"":""DC01$""},{""@Name"":""SubjectDomainName"",""#text"":""FORELA""},{""@Name"":""SubjectLogonId"",""#text"":""0x3E7""},{""@Name"":""ObjectServer"",""#text"":""WMI""},{""@Name"":""ObjectType"",""#text"":""WMI Namespace""},{""@Name"":""ObjectName"",""#text"":""root\\CIMV2\\security\\microsofttpm""},{""@Name"":""OperationType"",""#text"":""Object Access""},{""@Name"":""HandleId"",""#text"":""0x0""},{""@Name"":""AccessList"",""#text"":""%%1552, ""},{""@Name"":""AccessMask"",""#text"":""0x1""},{""@Name"":""Properties"",""#text"":""-""},{""@Name"":""AdditionalInfo"",""#text"":""Local Read (ExecQuery)""},{""@Name"":""AdditionalInfo2"",""#text"":""root\\CIMV2\\security\\microsofttpm:references of {__Win32Provider.Name=\""Win32_TpmProvider\""}""}]}}"
77,5959,2024-05-15 05:38:47.9336551,4662,LogAlways,Microsoft-Windows-Security-Auditing,Security,764,980,DC01.forela.local,1,,Operation performed on an object,FORELA\DC01$,,ObjectServer: WMI,ObjectType: WMI Namespace,ObjectName: root\CIMV2\security\microsofttpm,"AccessList: Unknown code (%%1552, )",AccessMask: Unknown code (0x1),,,False,C:\Users\quentin\Documents\repo\writeups\CrownJewel-2\too\SECURITY.evtx,Audit success,0,"{""EventData"":{""Data"":[{""@Name"":""SubjectUserSid"",""#text"":""S-1-5-20""},{""@Name"":""SubjectUserName"",""#text"":""DC01$""},{""@Name"":""SubjectDomainName"",""#text"":""FORELA""},{""@Name"":""SubjectLogonId"",""#text"":""0x3E4""},{""@Name"":""ObjectServer"",""#text"":""WMI""},{""@Name"":""ObjectType"",""#text"":""WMI Namespace""},{""@Name"":""ObjectName"",""#text"":""root\\CIMV2\\security\\microsofttpm""},{""@Name"":""OperationType"",""#text"":""Object Access""},{""@Name"":""HandleId"",""#text"":""0x0""},{""@Name"":""AccessList"",""#text"":""%%1552, ""},{""@Name"":""AccessMask"",""#text"":""0x1""},{""@Name"":""Properties"",""#text"":""-""},{""@Name"":""AdditionalInfo"",""#text"":""Local Read (GetObject)""},{""@Name"":""AdditionalInfo2"",""#text"":""root\\CIMV2\\security\\microsofttpm:__Win32Provider.Name=\""Win32_TpmProvider\""""}]}}"
78,5960,2024-05-15 05:38:47.9339280,4662,LogAlways,Microsoft-Windows-Security-Auditing,Security,764,980,DC01.forela.local,1,,Operation performed on an object,FORELA\DC01$,,ObjectServer: WMI,ObjectType: WMI Namespace,ObjectName: root\CIMV2\security\microsofttpm,"AccessList: Unknown code (%%1552, )",AccessMask: Unknown code (0x1),,,False,C:\Users\quentin\Documents\repo\writeups\CrownJewel-2\too\SECURITY.evtx,Audit success,0,"{""EventData"":{""Data"":[{""@Name"":""SubjectUserSid"",""#text"":""S-1-5-20""},{""@Name"":""SubjectUserName"",""#text"":""DC01$""},{""@Name"":""SubjectDomainName"",""#text"":""FORELA""},{""@Name"":""SubjectLogonId"",""#text"":""0x3E4""},{""@Name"":""ObjectServer"",""#text"":""WMI""},{""@Name"":""ObjectType"",""#text"":""WMI Namespace""},{""@Name"":""ObjectName"",""#text"":""root\\CIMV2\\security\\microsofttpm""},{""@Name"":""OperationType"",""#text"":""Object Access""},{""@Name"":""HandleId"",""#text"":""0x0""},{""@Name"":""AccessList"",""#text"":""%%1552, ""},{""@Name"":""AccessMask"",""#text"":""0x1""},{""@Name"":""Properties"",""#text"":""-""},{""@Name"":""AdditionalInfo"",""#text"":""Local Read (ExecQuery)""},{""@Name"":""AdditionalInfo2"",""#text"":""root\\CIMV2\\security\\microsofttpm:references of {__Win32Provider.Name=\""Win32_TpmProvider\""}""}]}}"
79,5961,2024-05-15 05:38:47.9485058,4662,LogAlways,Microsoft-Windows-Security-Auditing,Security,764,980,DC01.forela.local,1,,Operation performed on an object,FORELA\DC01$,,ObjectServer: WMI,ObjectType: WMI Namespace,ObjectName: root\CIMV2\security\microsofttpm,"AccessList: Unknown code (%%1552, )",AccessMask: Unknown code (0x1),,,False,C:\Users\quentin\Documents\repo\writeups\CrownJewel-2\too\SECURITY.evtx,Audit success,0,"{""EventData"":{""Data"":[{""@Name"":""SubjectUserSid"",""#text"":""S-1-5-18""},{""@Name"":""SubjectUserName"",""#text"":""DC01$""},{""@Name"":""SubjectDomainName"",""#text"":""FORELA""},{""@Name"":""SubjectLogonId"",""#text"":""0x3E7""},{""@Name"":""ObjectServer"",""#text"":""WMI""},{""@Name"":""ObjectType"",""#text"":""WMI Namespace""},{""@Name"":""ObjectName"",""#text"":""root\\CIMV2\\security\\microsofttpm""},{""@Name"":""OperationType"",""#text"":""Object Access""},{""@Name"":""HandleId"",""#text"":""0x0""},{""@Name"":""AccessList"",""#text"":""%%1552, ""},{""@Name"":""AccessMask"",""#text"":""0x1""},{""@Name"":""Properties"",""#text"":""-""},{""@Name"":""AdditionalInfo"",""#text"":""Local Read (GetObject)""},{""@Name"":""AdditionalInfo2"",""#text"":""root\\CIMV2\\security\\microsofttpm:Win32_Tpm""}]}}"
80,5962,2024-05-15 05:38:47.9487573,4662,LogAlways,Microsoft-Windows-Security-Auditing,Security,764,980,DC01.forela.local,1,,Operation performed on an object,FORELA\DC01$,,ObjectServer: WMI,ObjectType: WMI Namespace,ObjectName: root\CIMV2\security\microsofttpm,"AccessList: Unknown code (%%1552, )",AccessMask: Unknown code (0x1),,,False,C:\Users\quentin\Documents\repo\writeups\CrownJewel-2\too\SECURITY.evtx,Audit success,0,"{""EventData"":{""Data"":[{""@Name"":""SubjectUserSid"",""#text"":""S-1-5-18""},{""@Name"":""SubjectUserName"",""#text"":""DC01$""},{""@Name"":""SubjectDomainName"",""#text"":""FORELA""},{""@Name"":""SubjectLogonId"",""#text"":""0x3E7""},{""@Name"":""ObjectServer"",""#text"":""WMI""},{""@Name"":""ObjectType"",""#text"":""WMI Namespace""},{""@Name"":""ObjectName"",""#text"":""root\\CIMV2\\security\\microsofttpm""},{""@Name"":""OperationType"",""#text"":""Object Access""},{""@Name"":""HandleId"",""#text"":""0x0""},{""@Name"":""AccessList"",""#text"":""%%1552, ""},{""@Name"":""AccessMask"",""#text"":""0x1""},{""@Name"":""Properties"",""#text"":""-""},{""@Name"":""AdditionalInfo"",""#text"":""Local Read (GetObject)""},{""@Name"":""AdditionalInfo2"",""#text"":""root\\CIMV2\\security\\microsofttpm:__ExtendedStatus""}]}}"
81,5963,2024-05-15 05:38:48.1482635,4662,LogAlways,Microsoft-Windows-Security-Auditing,Security,764,980,DC01.forela.local,1,,Operation performed on an object,FORELA\DC01$,,ObjectServer: WMI,ObjectType: WMI Namespace,ObjectName: root\CIMV2\Security\MicrosoftTPM,"AccessList: Unknown code (%%1552, )",AccessMask: Unknown code (0x1),,,False,C:\Users\quentin\Documents\repo\writeups\CrownJewel-2\too\SECURITY.evtx,Audit success,0,"{""EventData"":{""Data"":[{""@Name"":""SubjectUserSid"",""#text"":""S-1-5-18""},{""@Name"":""SubjectUserName"",""#text"":""DC01$""},{""@Name"":""SubjectDomainName"",""#text"":""FORELA""},{""@Name"":""SubjectLogonId"",""#text"":""0x3E7""},{""@Name"":""ObjectServer"",""#text"":""WMI""},{""@Name"":""ObjectType"",""#text"":""WMI Namespace""},{""@Name"":""ObjectName"",""#text"":""root\\CIMV2\\Security\\MicrosoftTPM""},{""@Name"":""OperationType"",""#text"":""Object Access""},{""@Name"":""HandleId"",""#text"":""0x0""},{""@Name"":""AccessList"",""#text"":""%%1552, ""},{""@Name"":""AccessMask"",""#text"":""0x1""},{""@Name"":""Properties"",""#text"":""-""},{""@Name"":""AdditionalInfo"",""#text"":""Local Read (ConnectServer)""},{""@Name"":""AdditionalInfo2"",""#text"":""root\\CIMV2\\Security\\MicrosoftTPM""}]}}"
82,5964,2024-05-15 05:38:48.1484154,4662,LogAlways,Microsoft-Windows-Security-Auditing,Security,764,980,DC01.forela.local,1,,Operation performed on an object,FORELA\DC01$,,ObjectServer: WMI,ObjectType: WMI Namespace,ObjectName: root\CIMV2\Security\MicrosoftTPM,"AccessList: Unknown code (%%1552, )",AccessMask: Unknown code (0x1),,,False,C:\Users\quentin\Documents\repo\writeups\CrownJewel-2\too\SECURITY.evtx,Audit success,0,"{""EventData"":{""Data"":[{""@Name"":""SubjectUserSid"",""#text"":""S-1-5-18""},{""@Name"":""SubjectUserName"",""#text"":""DC01$""},{""@Name"":""SubjectDomainName"",""#text"":""FORELA""},{""@Name"":""SubjectLogonId"",""#text"":""0x3E7""},{""@Name"":""ObjectServer"",""#text"":""WMI""},{""@Name"":""ObjectType"",""#text"":""WMI Namespace""},{""@Name"":""ObjectName"",""#text"":""root\\CIMV2\\Security\\MicrosoftTPM""},{""@Name"":""OperationType"",""#text"":""Object Access""},{""@Name"":""HandleId"",""#text"":""0x0""},{""@Name"":""AccessList"",""#text"":""%%1552, ""},{""@Name"":""AccessMask"",""#text"":""0x1""},{""@Name"":""Properties"",""#text"":""-""},{""@Name"":""AdditionalInfo"",""#text"":""Local Read (ExecQuery)""},{""@Name"":""AdditionalInfo2"",""#text"":""root\\CIMV2\\Security\\MicrosoftTPM:SELECT * FROM Win32_Tpm""}]}}"
83,5965,2024-05-15 05:38:48.2490972,4702,LogAlways,Microsoft-Windows-Security-Auditing,Security,764,980,DC01.forela.local,1,,A scheduled task was updated,FORELA\DC01$,,TaskName: \Microsoft\Windows\Device Information\Device,"TaskContentNew: &lt;?xml version=""1.0"" encoding=""UTF-16""?&gt;, &lt;Task version=""1.6"" xmlns=""http://schemas.microsoft.com/windows/2004/02/mit/task""&gt;,   &lt;RegistrationInfo&gt;,     &lt;Version&gt;1.0&lt;/Version&gt;,     &lt;URI&gt;\Microsoft\Windows\Device Information\Device&lt;/URI&gt;,     &lt;SecurityDescriptor&gt;D:(A;;GA;;;BA)(A;;GA;;;SY)(A;;FRFX;;;LS)&lt;/SecurityDescriptor&gt;,   &lt;/RegistrationInfo&gt;,   &lt;Triggers&gt;,     &lt;TimeTrigger&gt;,       &lt;Repetition&gt;,         &lt;Interval&gt;P1D&lt;/Interval&gt;,         &lt;StopAtDurationEnd&gt;false&lt;/StopAtDurationEnd&gt;,       &lt;/Repetition&gt;,       &lt;StartBoundary&gt;2008-09-01T03:00:00&lt;/StartBoundary&gt;,       &lt;Enabled&gt;true&lt;/Enabled&gt;,       &lt;RandomDelay&gt;PT2H&lt;/RandomDelay&gt;,     &lt;/TimeTrigger&gt;,     &lt;WnfStateChangeTrigger id=""WNF_DEP_OOBE_COMPLETE""&gt;,       &lt;Enabled&gt;false&lt;/Enabled&gt;,       &lt;StateName&gt;750CBCA3290B9641&lt;/StateName&gt;,       &lt;Data&gt;01&lt;/Data&gt;,       &lt;DataOffset&gt;0&lt;/DataOffset&gt;,     &lt;/WnfStateChangeTrigger&gt;,   &lt;/Triggers&gt;,   &lt;Principals&gt;,     &lt;Principal id=""LocalSystem""&gt;,       &lt;UserId&gt;S-1-5-18&lt;/UserId&gt;,       &lt;RunLevel&gt;LeastPrivilege&lt;/RunLevel&gt;,     &lt;/Principal&gt;,   &lt;/Principals&gt;,   &lt;Settings&gt;,     &lt;MultipleInstancesPolicy&gt;IgnoreNew&lt;/MultipleInstancesPolicy&gt;,     &lt;DisallowStartIfOnBatteries&gt;false&lt;/DisallowStartIfOnBatteries&gt;,     &lt;StopIfGoingOnBatteries&gt;false&lt;/StopIfGoingOnBatteries&gt;,     &lt;AllowHardTerminate&gt;true&lt;/AllowHardTerminate&gt;,     &lt;StartWhenAvailable&gt;true&lt;/StartWhenAvailable&gt;,     &lt;RunOnlyIfNetworkAvailable&gt;false&lt;/RunOnlyIfNetworkAvailable&gt;,     &lt;IdleSettings&gt;,       &lt;StopOnIdleEnd&gt;true&lt;/StopOnIdleEnd&gt;,       &lt;RestartOnIdle&gt;false&lt;/RestartOnIdle&gt;,     &lt;/IdleSettings&gt;,     &lt;AllowStartOnDemand&gt;true&lt;/AllowStartOnDemand&gt;,     &lt;Enabled&gt;true&lt;/Enabled&gt;,     &lt;Hidden&gt;false&lt;/Hidden&gt;,     &lt;RunOnlyIfIdle&gt;false&lt;/RunOnlyIfIdle&gt;,     &lt;DisallowStartOnRemoteAppSession&gt;false&lt;/DisallowStartOnRemoteAppSession&gt;,     &lt;UseUnifiedSchedulingEngine&gt;true&lt;/UseUnifiedSchedulingEngine&gt;,     &lt;WakeToRun&gt;false&lt;/WakeToRun&gt;,     &lt;ExecutionTimeLimit&gt;P4D&lt;/ExecutionTimeLimit&gt;,     &lt;Priority&gt;7&lt;/Priority&gt;,   &lt;/Settings&gt;,   &lt;Actions Context=""LocalSystem""&gt;,     &lt;Exec&gt;,       &lt;Command&gt;%windir%\system32\devicecensus.exe&lt;/Command&gt;,       &lt;Arguments&gt;SystemCxt&lt;/Arguments&gt;,     &lt;/Exec&gt;,   &lt;/Actions&gt;, &lt;/Task&gt;",,,,,,False,C:\Users\quentin\Documents\repo\writeups\CrownJewel-2\too\SECURITY.evtx,Audit success,0,"{""EventData"":{""Data"":[{""@Name"":""SubjectUserSid"",""#text"":""S-1-5-18""},{""@Name"":""SubjectUserName"",""#text"":""DC01$""},{""@Name"":""SubjectDomainName"",""#text"":""FORELA""},{""@Name"":""SubjectLogonId"",""#text"":""0x3E7""},{""@Name"":""TaskName"",""#text"":""\\Microsoft\\Windows\\Device Information\\Device""},{""@Name"":""TaskContentNew"",""#text"":""&lt;?xml version=\""1.0\"" encoding=\""UTF-16\""?&gt;, &lt;Task version=\""1.6\"" xmlns=\""http://schemas.microsoft.com/windows/2004/02/mit/task\""&gt;,   &lt;RegistrationInfo&gt;,     &lt;Version&gt;1.0&lt;/Version&gt;,     &lt;URI&gt;\\Microsoft\\Windows\\Device Information\\Device&lt;/URI&gt;,     &lt;SecurityDescriptor&gt;D:(A;;GA;;;BA)(A;;GA;;;SY)(A;;FRFX;;;LS)&lt;/SecurityDescriptor&gt;,   &lt;/RegistrationInfo&gt;,   &lt;Triggers&gt;,     &lt;TimeTrigger&gt;,       &lt;Repetition&gt;,         &lt;Interval&gt;P1D&lt;/Interval&gt;,         &lt;StopAtDurationEnd&gt;false&lt;/StopAtDurationEnd&gt;,       &lt;/Repetition&gt;,       &lt;StartBoundary&gt;2008-09-01T03:00:00&lt;/StartBoundary&gt;,       &lt;Enabled&gt;true&lt;/Enabled&gt;,       &lt;RandomDelay&gt;PT2H&lt;/RandomDelay&gt;,     &lt;/TimeTrigger&gt;,     &lt;WnfStateChangeTrigger id=\""WNF_DEP_OOBE_COMPLETE\""&gt;,       &lt;Enabled&gt;false&lt;/Enabled&gt;,       &lt;StateName&gt;750CBCA3290B9641&lt;/StateName&gt;,       &lt;Data&gt;01&lt;/Data&gt;,       &lt;DataOffset&gt;0&lt;/DataOffset&gt;,     &lt;/WnfStateChangeTrigger&gt;,   &lt;/Triggers&gt;,   &lt;Principals&gt;,     &lt;Principal id=\""LocalSystem\""&gt;,       &lt;UserId&gt;S-1-5-18&lt;/UserId&gt;,       &lt;RunLevel&gt;LeastPrivilege&lt;/RunLevel&gt;,     &lt;/Principal&gt;,   &lt;/Principals&gt;,   &lt;Settings&gt;,     &lt;MultipleInstancesPolicy&gt;IgnoreNew&lt;/MultipleInstancesPolicy&gt;,     &lt;DisallowStartIfOnBatteries&gt;false&lt;/DisallowStartIfOnBatteries&gt;,     &lt;StopIfGoingOnBatteries&gt;false&lt;/StopIfGoingOnBatteries&gt;,     &lt;AllowHardTerminate&gt;true&lt;/AllowHardTerminate&gt;,     &lt;StartWhenAvailable&gt;true&lt;/StartWhenAvailable&gt;,     &lt;RunOnlyIfNetworkAvailable&gt;false&lt;/RunOnlyIfNetworkAvailable&gt;,     &lt;IdleSettings&gt;,       &lt;StopOnIdleEnd&gt;true&lt;/StopOnIdleEnd&gt;,       &lt;RestartOnIdle&gt;false&lt;/RestartOnIdle&gt;,     &lt;/IdleSettings&gt;,     &lt;AllowStartOnDemand&gt;true&lt;/AllowStartOnDemand&gt;,     &lt;Enabled&gt;true&lt;/Enabled&gt;,     &lt;Hidden&gt;false&lt;/Hidden&gt;,     &lt;RunOnlyIfIdle&gt;false&lt;/RunOnlyIfIdle&gt;,     &lt;DisallowStartOnRemoteAppSession&gt;false&lt;/DisallowStartOnRemoteAppSession&gt;,     &lt;UseUnifiedSchedulingEngine&gt;true&lt;/UseUnifiedSchedulingEngine&gt;,     &lt;WakeToRun&gt;false&lt;/WakeToRun&gt;,     &lt;ExecutionTimeLimit&gt;P4D&lt;/ExecutionTimeLimit&gt;,     &lt;Priority&gt;7&lt;/Priority&gt;,   &lt;/Settings&gt;,   &lt;Actions Context=\""LocalSystem\""&gt;,     &lt;Exec&gt;,       &lt;Command&gt;%windir%\\system32\\devicecensus.exe&lt;/Command&gt;,       &lt;Arguments&gt;SystemCxt&lt;/Arguments&gt;,     &lt;/Exec&gt;,   &lt;/Actions&gt;, &lt;/Task&gt;""},{""@Name"":""ClientProcessStartKey"",""#text"":""2814749767106750""},{""@Name"":""ClientProcessId"",""#text"":""5588""},{""@Name"":""ParentProcessId"",""#text"":""1812""},{""@Name"":""RpcCallClientLocality"",""#text"":""0""},{""@Name"":""FQDN"",""#text"":""DC01.forela.local""}]}}"
84,5966,2024-05-15 05:38:48.2526040,4702,LogAlways,Microsoft-Windows-Security-Auditing,Security,764,812,DC01.forela.local,1,,A scheduled task was updated,FORELA\DC01$,,TaskName: \Microsoft\Windows\Device Information\Device,"TaskContentNew: &lt;?xml version=""1.0"" encoding=""UTF-16""?&gt;, &lt;Task version=""1.6"" xmlns=""http://schemas.microsoft.com/windows/2004/02/mit/task""&gt;,   &lt;RegistrationInfo&gt;,     &lt;Version&gt;1.0&lt;/Version&gt;,     &lt;URI&gt;\Microsoft\Windows\Device Information\Device&lt;/URI&gt;,     &lt;SecurityDescriptor&gt;D:(A;;GA;;;BA)(A;;GA;;;SY)(A;;FRFX;;;LS)&lt;/SecurityDescriptor&gt;,   &lt;/RegistrationInfo&gt;,   &lt;Triggers&gt;,     &lt;TimeTrigger&gt;,       &lt;Repetition&gt;,         &lt;Interval&gt;P1D&lt;/Interval&gt;,         &lt;StopAtDurationEnd&gt;false&lt;/StopAtDurationEnd&gt;,       &lt;/Repetition&gt;,       &lt;StartBoundary&gt;2008-09-01T03:00:00&lt;/StartBoundary&gt;,       &lt;Enabled&gt;true&lt;/Enabled&gt;,       &lt;RandomDelay&gt;PT2H&lt;/RandomDelay&gt;,     &lt;/TimeTrigger&gt;,     &lt;WnfStateChangeTrigger id=""WNF_DEP_OOBE_COMPLETE""&gt;,       &lt;Enabled&gt;false&lt;/Enabled&gt;,       &lt;StateName&gt;750CBCA3290B9641&lt;/StateName&gt;,       &lt;Data&gt;01&lt;/Data&gt;,       &lt;DataOffset&gt;0&lt;/DataOffset&gt;,     &lt;/WnfStateChangeTrigger&gt;,   &lt;/Triggers&gt;,   &lt;Principals&gt;,     &lt;Principal id=""LocalSystem""&gt;,       &lt;UserId&gt;S-1-5-18&lt;/UserId&gt;,       &lt;RunLevel&gt;LeastPrivilege&lt;/RunLevel&gt;,     &lt;/Principal&gt;,   &lt;/Principals&gt;,   &lt;Settings&gt;,     &lt;MultipleInstancesPolicy&gt;IgnoreNew&lt;/MultipleInstancesPolicy&gt;,     &lt;DisallowStartIfOnBatteries&gt;false&lt;/DisallowStartIfOnBatteries&gt;,     &lt;StopIfGoingOnBatteries&gt;false&lt;/StopIfGoingOnBatteries&gt;,     &lt;AllowHardTerminate&gt;true&lt;/AllowHardTerminate&gt;,     &lt;StartWhenAvailable&gt;true&lt;/StartWhenAvailable&gt;,     &lt;RunOnlyIfNetworkAvailable&gt;false&lt;/RunOnlyIfNetworkAvailable&gt;,     &lt;IdleSettings&gt;,       &lt;StopOnIdleEnd&gt;true&lt;/StopOnIdleEnd&gt;,       &lt;RestartOnIdle&gt;false&lt;/RestartOnIdle&gt;,     &lt;/IdleSettings&gt;,     &lt;AllowStartOnDemand&gt;true&lt;/AllowStartOnDemand&gt;,     &lt;Enabled&gt;true&lt;/Enabled&gt;,     &lt;Hidden&gt;false&lt;/Hidden&gt;,     &lt;RunOnlyIfIdle&gt;false&lt;/RunOnlyIfIdle&gt;,     &lt;DisallowStartOnRemoteAppSession&gt;false&lt;/DisallowStartOnRemoteAppSession&gt;,     &lt;UseUnifiedSchedulingEngine&gt;true&lt;/UseUnifiedSchedulingEngine&gt;,     &lt;WakeToRun&gt;false&lt;/WakeToRun&gt;,     &lt;ExecutionTimeLimit&gt;P4D&lt;/ExecutionTimeLimit&gt;,     &lt;Priority&gt;7&lt;/Priority&gt;,   &lt;/Settings&gt;,   &lt;Actions Context=""LocalSystem""&gt;,     &lt;Exec&gt;,       &lt;Command&gt;%windir%\system32\devicecensus.exe&lt;/Command&gt;,       &lt;Arguments&gt;SystemCxt&lt;/Arguments&gt;,     &lt;/Exec&gt;,   &lt;/Actions&gt;, &lt;/Task&gt;",,,,,,False,C:\Users\quentin\Documents\repo\writeups\CrownJewel-2\too\SECURITY.evtx,Audit success,0,"{""EventData"":{""Data"":[{""@Name"":""SubjectUserSid"",""#text"":""S-1-5-18""},{""@Name"":""SubjectUserName"",""#text"":""DC01$""},{""@Name"":""SubjectDomainName"",""#text"":""FORELA""},{""@Name"":""SubjectLogonId"",""#text"":""0x3E7""},{""@Name"":""TaskName"",""#text"":""\\Microsoft\\Windows\\Device Information\\Device""},{""@Name"":""TaskContentNew"",""#text"":""&lt;?xml version=\""1.0\"" encoding=\""UTF-16\""?&gt;, &lt;Task version=\""1.6\"" xmlns=\""http://schemas.microsoft.com/windows/2004/02/mit/task\""&gt;,   &lt;RegistrationInfo&gt;,     &lt;Version&gt;1.0&lt;/Version&gt;,     &lt;URI&gt;\\Microsoft\\Windows\\Device Information\\Device&lt;/URI&gt;,     &lt;SecurityDescriptor&gt;D:(A;;GA;;;BA)(A;;GA;;;SY)(A;;FRFX;;;LS)&lt;/SecurityDescriptor&gt;,   &lt;/RegistrationInfo&gt;,   &lt;Triggers&gt;,     &lt;TimeTrigger&gt;,       &lt;Repetition&gt;,         &lt;Interval&gt;P1D&lt;/Interval&gt;,         &lt;StopAtDurationEnd&gt;false&lt;/StopAtDurationEnd&gt;,       &lt;/Repetition&gt;,       &lt;StartBoundary&gt;2008-09-01T03:00:00&lt;/StartBoundary&gt;,       &lt;Enabled&gt;true&lt;/Enabled&gt;,       &lt;RandomDelay&gt;PT2H&lt;/RandomDelay&gt;,     &lt;/TimeTrigger&gt;,     &lt;WnfStateChangeTrigger id=\""WNF_DEP_OOBE_COMPLETE\""&gt;,       &lt;Enabled&gt;false&lt;/Enabled&gt;,       &lt;StateName&gt;750CBCA3290B9641&lt;/StateName&gt;,       &lt;Data&gt;01&lt;/Data&gt;,       &lt;DataOffset&gt;0&lt;/DataOffset&gt;,     &lt;/WnfStateChangeTrigger&gt;,   &lt;/Triggers&gt;,   &lt;Principals&gt;,     &lt;Principal id=\""LocalSystem\""&gt;,       &lt;UserId&gt;S-1-5-18&lt;/UserId&gt;,       &lt;RunLevel&gt;LeastPrivilege&lt;/RunLevel&gt;,     &lt;/Principal&gt;,   &lt;/Principals&gt;,   &lt;Settings&gt;,     &lt;MultipleInstancesPolicy&gt;IgnoreNew&lt;/MultipleInstancesPolicy&gt;,     &lt;DisallowStartIfOnBatteries&gt;false&lt;/DisallowStartIfOnBatteries&gt;,     &lt;StopIfGoingOnBatteries&gt;false&lt;/StopIfGoingOnBatteries&gt;,     &lt;AllowHardTerminate&gt;true&lt;/AllowHardTerminate&gt;,     &lt;StartWhenAvailable&gt;true&lt;/StartWhenAvailable&gt;,     &lt;RunOnlyIfNetworkAvailable&gt;false&lt;/RunOnlyIfNetworkAvailable&gt;,     &lt;IdleSettings&gt;,       &lt;StopOnIdleEnd&gt;true&lt;/StopOnIdleEnd&gt;,       &lt;RestartOnIdle&gt;false&lt;/RestartOnIdle&gt;,     &lt;/IdleSettings&gt;,     &lt;AllowStartOnDemand&gt;true&lt;/AllowStartOnDemand&gt;,     &lt;Enabled&gt;true&lt;/Enabled&gt;,     &lt;Hidden&gt;false&lt;/Hidden&gt;,     &lt;RunOnlyIfIdle&gt;false&lt;/RunOnlyIfIdle&gt;,     &lt;DisallowStartOnRemoteAppSession&gt;false&lt;/DisallowStartOnRemoteAppSession&gt;,     &lt;UseUnifiedSchedulingEngine&gt;true&lt;/UseUnifiedSchedulingEngine&gt;,     &lt;WakeToRun&gt;false&lt;/WakeToRun&gt;,     &lt;ExecutionTimeLimit&gt;P4D&lt;/ExecutionTimeLimit&gt;,     &lt;Priority&gt;7&lt;/Priority&gt;,   &lt;/Settings&gt;,   &lt;Actions Context=\""LocalSystem\""&gt;,     &lt;Exec&gt;,       &lt;Command&gt;%windir%\\system32\\devicecensus.exe&lt;/Command&gt;,       &lt;Arguments&gt;SystemCxt&lt;/Arguments&gt;,     &lt;/Exec&gt;,   &lt;/Actions&gt;, &lt;/Task&gt;""},{""@Name"":""ClientProcessStartKey"",""#text"":""2814749767106750""},{""@Name"":""ClientProcessId"",""#text"":""5588""},{""@Name"":""ParentProcessId"",""#text"":""1812""},{""@Name"":""RpcCallClientLocality"",""#text"":""0""},{""@Name"":""FQDN"",""#text"":""DC01.forela.local""}]}}"
85,5967,2024-05-15 05:39:06.9277363,4702,LogAlways,Microsoft-Windows-Security-Auditing,Security,764,812,DC01.forela.local,1,,A scheduled task was updated,FORELA\DC01$,,TaskName: \Microsoft\Windows\UpdateOrchestrator\Reboot_AC,"TaskContentNew: &lt;?xml version=""1.0"" encoding=""UTF-16""?&gt;, &lt;Task version=""1.2"" xmlns=""http://schemas.microsoft.com/windows/2004/02/mit/task""&gt;,   &lt;RegistrationInfo&gt;,     &lt;URI&gt;\Microsoft\Windows\UpdateOrchestrator\Reboot_AC&lt;/URI&gt;,   &lt;/RegistrationInfo&gt;,   &lt;Triggers&gt;,     &lt;TimeTrigger&gt;,       &lt;StartBoundary&gt;2024-05-16T08:39:06.908Z&lt;/StartBoundary&gt;,       &lt;Enabled&gt;true&lt;/Enabled&gt;,     &lt;/TimeTrigger&gt;,   &lt;/Triggers&gt;,   &lt;Settings&gt;,     &lt;MultipleInstancesPolicy&gt;IgnoreNew&lt;/MultipleInstancesPolicy&gt;,     &lt;DisallowStartIfOnBatteries&gt;true&lt;/DisallowStartIfOnBatteries&gt;,     &lt;StopIfGoingOnBatteries&gt;true&lt;/StopIfGoingOnBatteries&gt;,     &lt;AllowHardTerminate&gt;true&lt;/AllowHardTerminate&gt;,     &lt;StartWhenAvailable&gt;true&lt;/StartWhenAvailable&gt;,     &lt;RunOnlyIfNetworkAvailable&gt;false&lt;/RunOnlyIfNetworkAvailable&gt;,     &lt;IdleSettings&gt;,       &lt;Duration&gt;PT10M&lt;/Duration&gt;,       &lt;WaitTimeout&gt;PT1H&lt;/WaitTimeout&gt;,       &lt;StopOnIdleEnd&gt;true&lt;/StopOnIdleEnd&gt;,       &lt;RestartOnIdle&gt;false&lt;/RestartOnIdle&gt;,     &lt;/IdleSettings&gt;,     &lt;AllowStartOnDemand&gt;true&lt;/AllowStartOnDemand&gt;,     &lt;Enabled&gt;true&lt;/Enabled&gt;,     &lt;Hidden&gt;false&lt;/Hidden&gt;,     &lt;RunOnlyIfIdle&gt;false&lt;/RunOnlyIfIdle&gt;,     &lt;WakeToRun&gt;false&lt;/WakeToRun&gt;,     &lt;ExecutionTimeLimit&gt;PT72H&lt;/ExecutionTimeLimit&gt;,     &lt;Priority&gt;7&lt;/Priority&gt;,   &lt;/Settings&gt;,   &lt;Actions Context=""Author""&gt;,     &lt;Exec&gt;,       &lt;Command&gt;%systemroot%\system32\MusNotification.exe&lt;/Command&gt;,       &lt;Arguments&gt;Display&lt;/Arguments&gt;,     &lt;/Exec&gt;,   &lt;/Actions&gt;,   &lt;Principals&gt;,     &lt;Principal id=""Author""&gt;,       &lt;UserId&gt;S-1-5-18&lt;/UserId&gt;,       &lt;RunLevel&gt;LeastPrivilege&lt;/RunLevel&gt;,     &lt;/Principal&gt;,   &lt;/Principals&gt;, &lt;/Task&gt;",,,,,,False,C:\Users\quentin\Documents\repo\writeups\CrownJewel-2\too\SECURITY.evtx,Audit success,0,"{""EventData"":{""Data"":[{""@Name"":""SubjectUserSid"",""#text"":""S-1-5-18""},{""@Name"":""SubjectUserName"",""#text"":""DC01$""},{""@Name"":""SubjectDomainName"",""#text"":""FORELA""},{""@Name"":""SubjectLogonId"",""#text"":""0x3E7""},{""@Name"":""TaskName"",""#text"":""\\Microsoft\\Windows\\UpdateOrchestrator\\Reboot_AC""},{""@Name"":""TaskContentNew"",""#text"":""&lt;?xml version=\""1.0\"" encoding=\""UTF-16\""?&gt;, &lt;Task version=\""1.2\"" xmlns=\""http://schemas.microsoft.com/windows/2004/02/mit/task\""&gt;,   &lt;RegistrationInfo&gt;,     &lt;URI&gt;\\Microsoft\\Windows\\UpdateOrchestrator\\Reboot_AC&lt;/URI&gt;,   &lt;/RegistrationInfo&gt;,   &lt;Triggers&gt;,     &lt;TimeTrigger&gt;,       &lt;StartBoundary&gt;2024-05-16T08:39:06.908Z&lt;/StartBoundary&gt;,       &lt;Enabled&gt;true&lt;/Enabled&gt;,     &lt;/TimeTrigger&gt;,   &lt;/Triggers&gt;,   &lt;Settings&gt;,     &lt;MultipleInstancesPolicy&gt;IgnoreNew&lt;/MultipleInstancesPolicy&gt;,     &lt;DisallowStartIfOnBatteries&gt;true&lt;/DisallowStartIfOnBatteries&gt;,     &lt;StopIfGoingOnBatteries&gt;true&lt;/StopIfGoingOnBatteries&gt;,     &lt;AllowHardTerminate&gt;true&lt;/AllowHardTerminate&gt;,     &lt;StartWhenAvailable&gt;true&lt;/StartWhenAvailable&gt;,     &lt;RunOnlyIfNetworkAvailable&gt;false&lt;/RunOnlyIfNetworkAvailable&gt;,     &lt;IdleSettings&gt;,       &lt;Duration&gt;PT10M&lt;/Duration&gt;,       &lt;WaitTimeout&gt;PT1H&lt;/WaitTimeout&gt;,       &lt;StopOnIdleEnd&gt;true&lt;/StopOnIdleEnd&gt;,       &lt;RestartOnIdle&gt;false&lt;/RestartOnIdle&gt;,     &lt;/IdleSettings&gt;,     &lt;AllowStartOnDemand&gt;true&lt;/AllowStartOnDemand&gt;,     &lt;Enabled&gt;true&lt;/Enabled&gt;,     &lt;Hidden&gt;false&lt;/Hidden&gt;,     &lt;RunOnlyIfIdle&gt;false&lt;/RunOnlyIfIdle&gt;,     &lt;WakeToRun&gt;false&lt;/WakeToRun&gt;,     &lt;ExecutionTimeLimit&gt;PT72H&lt;/ExecutionTimeLimit&gt;,     &lt;Priority&gt;7&lt;/Priority&gt;,   &lt;/Settings&gt;,   &lt;Actions Context=\""Author\""&gt;,     &lt;Exec&gt;,       &lt;Command&gt;%systemroot%\\system32\\MusNotification.exe&lt;/Command&gt;,       &lt;Arguments&gt;Display&lt;/Arguments&gt;,     &lt;/Exec&gt;,   &lt;/Actions&gt;,   &lt;Principals&gt;,     &lt;Principal id=\""Author\""&gt;,       &lt;UserId&gt;S-1-5-18&lt;/UserId&gt;,       &lt;RunLevel&gt;LeastPrivilege&lt;/RunLevel&gt;,     &lt;/Principal&gt;,   &lt;/Principals&gt;, &lt;/Task&gt;""},{""@Name"":""ClientProcessStartKey"",""#text"":""2814749767106708""},{""@Name"":""ClientProcessId"",""#text"":""7064""},{""@Name"":""ParentProcessId"",""#text"":""744""},{""@Name"":""RpcCallClientLocality"",""#text"":""0""},{""@Name"":""FQDN"",""#text"":""DC01.forela.local""}]}}"
86,5968,2024-05-15 05:39:38.8373693,4702,LogAlways,Microsoft-Windows-Security-Auditing,Security,764,992,DC01.forela.local,1,,A scheduled task was updated,FORELA\DC01$,,TaskName: \Microsoft\Windows\UpdateOrchestrator\Reboot_AC,"TaskContentNew: &lt;?xml version=""1.0"" encoding=""UTF-16""?&gt;, &lt;Task version=""1.2"" xmlns=""http://schemas.microsoft.com/windows/2004/02/mit/task""&gt;,   &lt;RegistrationInfo&gt;,     &lt;URI&gt;\Microsoft\Windows\UpdateOrchestrator\Reboot_AC&lt;/URI&gt;,   &lt;/RegistrationInfo&gt;,   &lt;Triggers&gt;,     &lt;TimeTrigger&gt;,       &lt;StartBoundary&gt;2024-05-16T13:39:06+05:00&lt;/StartBoundary&gt;,       &lt;Enabled&gt;true&lt;/Enabled&gt;,     &lt;/TimeTrigger&gt;,   &lt;/Triggers&gt;,   &lt;Principals&gt;,     &lt;Principal id=""Author""&gt;,       &lt;RunLevel&gt;LeastPrivilege&lt;/RunLevel&gt;,       &lt;UserId&gt;S-1-5-18&lt;/UserId&gt;,     &lt;/Principal&gt;,   &lt;/Principals&gt;,   &lt;Settings&gt;,     &lt;MultipleInstancesPolicy&gt;IgnoreNew&lt;/MultipleInstancesPolicy&gt;,     &lt;DisallowStartIfOnBatteries&gt;true&lt;/DisallowStartIfOnBatteries&gt;,     &lt;StopIfGoingOnBatteries&gt;true&lt;/StopIfGoingOnBatteries&gt;,     &lt;AllowHardTerminate&gt;true&lt;/AllowHardTerminate&gt;,     &lt;StartWhenAvailable&gt;true&lt;/StartWhenAvailable&gt;,     &lt;RunOnlyIfNetworkAvailable&gt;false&lt;/RunOnlyIfNetworkAvailable&gt;,     &lt;IdleSettings&gt;,       &lt;Duration&gt;PT10M&lt;/Duration&gt;,       &lt;WaitTimeout&gt;PT1H&lt;/WaitTimeout&gt;,       &lt;StopOnIdleEnd&gt;true&lt;/StopOnIdleEnd&gt;,       &lt;RestartOnIdle&gt;false&lt;/RestartOnIdle&gt;,     &lt;/IdleSettings&gt;,     &lt;AllowStartOnDemand&gt;true&lt;/AllowStartOnDemand&gt;,     &lt;Enabled&gt;false&lt;/Enabled&gt;,     &lt;Hidden&gt;false&lt;/Hidden&gt;,     &lt;RunOnlyIfIdle&gt;false&lt;/RunOnlyIfIdle&gt;,     &lt;WakeToRun&gt;false&lt;/WakeToRun&gt;,     &lt;ExecutionTimeLimit&gt;PT72H&lt;/ExecutionTimeLimit&gt;,     &lt;Priority&gt;7&lt;/Priority&gt;,   &lt;/Settings&gt;,   &lt;Actions Context=""Author""&gt;,     &lt;Exec&gt;,       &lt;Command&gt;%systemroot%\system32\MusNotification.exe&lt;/Command&gt;,       &lt;Arguments&gt;Display&lt;/Arguments&gt;,     &lt;/Exec&gt;,   &lt;/Actions&gt;, &lt;/Task&gt;",,,,,,False,C:\Users\quentin\Documents\repo\writeups\CrownJewel-2\too\SECURITY.evtx,Audit success,0,"{""EventData"":{""Data"":[{""@Name"":""SubjectUserSid"",""#text"":""S-1-5-18""},{""@Name"":""SubjectUserName"",""#text"":""DC01$""},{""@Name"":""SubjectDomainName"",""#text"":""FORELA""},{""@Name"":""SubjectLogonId"",""#text"":""0x3E7""},{""@Name"":""TaskName"",""#text"":""\\Microsoft\\Windows\\UpdateOrchestrator\\Reboot_AC""},{""@Name"":""TaskContentNew"",""#text"":""&lt;?xml version=\""1.0\"" encoding=\""UTF-16\""?&gt;, &lt;Task version=\""1.2\"" xmlns=\""http://schemas.microsoft.com/windows/2004/02/mit/task\""&gt;,   &lt;RegistrationInfo&gt;,     &lt;URI&gt;\\Microsoft\\Windows\\UpdateOrchestrator\\Reboot_AC&lt;/URI&gt;,   &lt;/RegistrationInfo&gt;,   &lt;Triggers&gt;,     &lt;TimeTrigger&gt;,       &lt;StartBoundary&gt;2024-05-16T13:39:06+05:00&lt;/StartBoundary&gt;,       &lt;Enabled&gt;true&lt;/Enabled&gt;,     &lt;/TimeTrigger&gt;,   &lt;/Triggers&gt;,   &lt;Principals&gt;,     &lt;Principal id=\""Author\""&gt;,       &lt;RunLevel&gt;LeastPrivilege&lt;/RunLevel&gt;,       &lt;UserId&gt;S-1-5-18&lt;/UserId&gt;,     &lt;/Principal&gt;,   &lt;/Principals&gt;,   &lt;Settings&gt;,     &lt;MultipleInstancesPolicy&gt;IgnoreNew&lt;/MultipleInstancesPolicy&gt;,     &lt;DisallowStartIfOnBatteries&gt;true&lt;/DisallowStartIfOnBatteries&gt;,     &lt;StopIfGoingOnBatteries&gt;true&lt;/StopIfGoingOnBatteries&gt;,     &lt;AllowHardTerminate&gt;true&lt;/AllowHardTerminate&gt;,     &lt;StartWhenAvailable&gt;true&lt;/StartWhenAvailable&gt;,     &lt;RunOnlyIfNetworkAvailable&gt;false&lt;/RunOnlyIfNetworkAvailable&gt;,     &lt;IdleSettings&gt;,       &lt;Duration&gt;PT10M&lt;/Duration&gt;,       &lt;WaitTimeout&gt;PT1H&lt;/WaitTimeout&gt;,       &lt;StopOnIdleEnd&gt;true&lt;/StopOnIdleEnd&gt;,       &lt;RestartOnIdle&gt;false&lt;/RestartOnIdle&gt;,     &lt;/IdleSettings&gt;,     &lt;AllowStartOnDemand&gt;true&lt;/AllowStartOnDemand&gt;,     &lt;Enabled&gt;false&lt;/Enabled&gt;,     &lt;Hidden&gt;false&lt;/Hidden&gt;,     &lt;RunOnlyIfIdle&gt;false&lt;/RunOnlyIfIdle&gt;,     &lt;WakeToRun&gt;false&lt;/WakeToRun&gt;,     &lt;ExecutionTimeLimit&gt;PT72H&lt;/ExecutionTimeLimit&gt;,     &lt;Priority&gt;7&lt;/Priority&gt;,   &lt;/Settings&gt;,   &lt;Actions Context=\""Author\""&gt;,     &lt;Exec&gt;,       &lt;Command&gt;%systemroot%\\system32\\MusNotification.exe&lt;/Command&gt;,       &lt;Arguments&gt;Display&lt;/Arguments&gt;,     &lt;/Exec&gt;,   &lt;/Actions&gt;, &lt;/Task&gt;""},{""@Name"":""ClientProcessStartKey"",""#text"":""2814749767106708""},{""@Name"":""ClientProcessId"",""#text"":""7064""},{""@Name"":""ParentProcessId"",""#text"":""744""},{""@Name"":""RpcCallClientLocality"",""#text"":""0""},{""@Name"":""FQDN"",""#text"":""DC01.forela.local""}]}}"
87,5969,2024-05-15 05:39:55.5914381,4799,LogAlways,Microsoft-Windows-Security-Auditing,Security,764,992,DC01.forela.local,1,,A security-enabled local group membership was enumerated,FORELA\DC01$ (S-1-5-18),,Target: Builtin\Administrators (S-1-5-32-544),SubjectLogonId: 0x3E7,CallerProcessName: C:\Windows\System32\VSSVC.exe,CallerProcessId: 0x1420,,,,False,C:\Users\quentin\Documents\repo\writeups\CrownJewel-2\too\SECURITY.evtx,Audit success,0,"{""EventData"":{""Data"":[{""@Name"":""TargetUserName"",""#text"":""Administrators""},{""@Name"":""TargetDomainName"",""#text"":""Builtin""},{""@Name"":""TargetSid"",""#text"":""S-1-5-32-544""},{""@Name"":""SubjectUserSid"",""#text"":""S-1-5-18""},{""@Name"":""SubjectUserName"",""#text"":""DC01$""},{""@Name"":""SubjectDomainName"",""#text"":""FORELA""},{""@Name"":""SubjectLogonId"",""#text"":""0x3E7""},{""@Name"":""CallerProcessId"",""#text"":""0x1420""},{""@Name"":""CallerProcessName"",""#text"":""C:\\Windows\\System32\\VSSVC.exe""}]}}"
88,5970,2024-05-15 05:39:55.5923987,4799,LogAlways,Microsoft-Windows-Security-Auditing,Security,764,992,DC01.forela.local,1,,A security-enabled local group membership was enumerated,FORELA\DC01$ (S-1-5-18),,Target: Builtin\Backup Operators (S-1-5-32-551),SubjectLogonId: 0x3E7,CallerProcessName: C:\Windows\System32\VSSVC.exe,CallerProcessId: 0x1420,,,,False,C:\Users\quentin\Documents\repo\writeups\CrownJewel-2\too\SECURITY.evtx,Audit success,0,"{""EventData"":{""Data"":[{""@Name"":""TargetUserName"",""#text"":""Backup Operators""},{""@Name"":""TargetDomainName"",""#text"":""Builtin""},{""@Name"":""TargetSid"",""#text"":""S-1-5-32-551""},{""@Name"":""SubjectUserSid"",""#text"":""S-1-5-18""},{""@Name"":""SubjectUserName"",""#text"":""DC01$""},{""@Name"":""SubjectDomainName"",""#text"":""FORELA""},{""@Name"":""SubjectLogonId"",""#text"":""0x3E7""},{""@Name"":""CallerProcessId"",""#text"":""0x1420""},{""@Name"":""CallerProcessName"",""#text"":""C:\\Windows\\System32\\VSSVC.exe""}]}}"
89,5971,2024-05-15 05:39:55.6035654,4799,LogAlways,Microsoft-Windows-Security-Auditing,Security,764,992,DC01.forela.local,1,,A security-enabled local group membership was enumerated,FORELA\DC01$ (S-1-5-18),,Target: Builtin\Administrators (S-1-5-32-544),SubjectLogonId: 0x3E7,CallerProcessName: C:\Windows\System32\VSSVC.exe,CallerProcessId: 0x1420,,,,False,C:\Users\quentin\Documents\repo\writeups\CrownJewel-2\too\SECURITY.evtx,Audit success,0,"{""EventData"":{""Data"":[{""@Name"":""TargetUserName"",""#text"":""Administrators""},{""@Name"":""TargetDomainName"",""#text"":""Builtin""},{""@Name"":""TargetSid"",""#text"":""S-1-5-32-544""},{""@Name"":""SubjectUserSid"",""#text"":""S-1-5-18""},{""@Name"":""SubjectUserName"",""#text"":""DC01$""},{""@Name"":""SubjectDomainName"",""#text"":""FORELA""},{""@Name"":""SubjectLogonId"",""#text"":""0x3E7""},{""@Name"":""CallerProcessId"",""#text"":""0x1420""},{""@Name"":""CallerProcessName"",""#text"":""C:\\Windows\\System32\\VSSVC.exe""}]}}"
90,5972,2024-05-15 05:39:55.6040610,4799,LogAlways,Microsoft-Windows-Security-Auditing,Security,764,992,DC01.forela.local,1,,A security-enabled local group membership was enumerated,FORELA\DC01$ (S-1-5-18),,Target: Builtin\Backup Operators (S-1-5-32-551),SubjectLogonId: 0x3E7,CallerProcessName: C:\Windows\System32\VSSVC.exe,CallerProcessId: 0x1420,,,,False,C:\Users\quentin\Documents\repo\writeups\CrownJewel-2\too\SECURITY.evtx,Audit success,0,"{""EventData"":{""Data"":[{""@Name"":""TargetUserName"",""#text"":""Backup Operators""},{""@Name"":""TargetDomainName"",""#text"":""Builtin""},{""@Name"":""TargetSid"",""#text"":""S-1-5-32-551""},{""@Name"":""SubjectUserSid"",""#text"":""S-1-5-18""},{""@Name"":""SubjectUserName"",""#text"":""DC01$""},{""@Name"":""SubjectDomainName"",""#text"":""FORELA""},{""@Name"":""SubjectLogonId"",""#text"":""0x3E7""},{""@Name"":""CallerProcessId"",""#text"":""0x1420""},{""@Name"":""CallerProcessName"",""#text"":""C:\\Windows\\System32\\VSSVC.exe""}]}}"
91,5973,2024-05-15 05:39:55.6117661,4799,LogAlways,Microsoft-Windows-Security-Auditing,Security,764,992,DC01.forela.local,1,,A security-enabled local group membership was enumerated,FORELA\DC01$ (S-1-5-18),,Target: Builtin\Administrators (S-1-5-32-544),SubjectLogonId: 0x3E7,CallerProcessName: C:\Windows\System32\VSSVC.exe,CallerProcessId: 0x1420,,,,False,C:\Users\quentin\Documents\repo\writeups\CrownJewel-2\too\SECURITY.evtx,Audit success,0,"{""EventData"":{""Data"":[{""@Name"":""TargetUserName"",""#text"":""Administrators""},{""@Name"":""TargetDomainName"",""#text"":""Builtin""},{""@Name"":""TargetSid"",""#text"":""S-1-5-32-544""},{""@Name"":""SubjectUserSid"",""#text"":""S-1-5-18""},{""@Name"":""SubjectUserName"",""#text"":""DC01$""},{""@Name"":""SubjectDomainName"",""#text"":""FORELA""},{""@Name"":""SubjectLogonId"",""#text"":""0x3E7""},{""@Name"":""CallerProcessId"",""#text"":""0x1420""},{""@Name"":""CallerProcessName"",""#text"":""C:\\Windows\\System32\\VSSVC.exe""}]}}"
92,5974,2024-05-15 05:39:55.6122796,4799,LogAlways,Microsoft-Windows-Security-Auditing,Security,764,992,DC01.forela.local,1,,A security-enabled local group membership was enumerated,FORELA\DC01$ (S-1-5-18),,Target: Builtin\Backup Operators (S-1-5-32-551),SubjectLogonId: 0x3E7,CallerProcessName: C:\Windows\System32\VSSVC.exe,CallerProcessId: 0x1420,,,,False,C:\Users\quentin\Documents\repo\writeups\CrownJewel-2\too\SECURITY.evtx,Audit success,0,"{""EventData"":{""Data"":[{""@Name"":""TargetUserName"",""#text"":""Backup Operators""},{""@Name"":""TargetDomainName"",""#text"":""Builtin""},{""@Name"":""TargetSid"",""#text"":""S-1-5-32-551""},{""@Name"":""SubjectUserSid"",""#text"":""S-1-5-18""},{""@Name"":""SubjectUserName"",""#text"":""DC01$""},{""@Name"":""SubjectDomainName"",""#text"":""FORELA""},{""@Name"":""SubjectLogonId"",""#text"":""0x3E7""},{""@Name"":""CallerProcessId"",""#text"":""0x1420""},{""@Name"":""CallerProcessName"",""#text"":""C:\\Windows\\System32\\VSSVC.exe""}]}}"
93,5975,2024-05-15 05:39:55.6197208,4799,LogAlways,Microsoft-Windows-Security-Auditing,Security,764,992,DC01.forela.local,1,,A security-enabled local group membership was enumerated,FORELA\DC01$ (S-1-5-18),,Target: Builtin\Administrators (S-1-5-32-544),SubjectLogonId: 0x3E7,CallerProcessName: C:\Windows\System32\VSSVC.exe,CallerProcessId: 0x1420,,,,False,C:\Users\quentin\Documents\repo\writeups\CrownJewel-2\too\SECURITY.evtx,Audit success,0,"{""EventData"":{""Data"":[{""@Name"":""TargetUserName"",""#text"":""Administrators""},{""@Name"":""TargetDomainName"",""#text"":""Builtin""},{""@Name"":""TargetSid"",""#text"":""S-1-5-32-544""},{""@Name"":""SubjectUserSid"",""#text"":""S-1-5-18""},{""@Name"":""SubjectUserName"",""#text"":""DC01$""},{""@Name"":""SubjectDomainName"",""#text"":""FORELA""},{""@Name"":""SubjectLogonId"",""#text"":""0x3E7""},{""@Name"":""CallerProcessId"",""#text"":""0x1420""},{""@Name"":""CallerProcessName"",""#text"":""C:\\Windows\\System32\\VSSVC.exe""}]}}"
94,5976,2024-05-15 05:39:55.6202525,4799,LogAlways,Microsoft-Windows-Security-Auditing,Security,764,992,DC01.forela.local,1,,A security-enabled local group membership was enumerated,FORELA\DC01$ (S-1-5-18),,Target: Builtin\Backup Operators (S-1-5-32-551),SubjectLogonId: 0x3E7,CallerProcessName: C:\Windows\System32\VSSVC.exe,CallerProcessId: 0x1420,,,,False,C:\Users\quentin\Documents\repo\writeups\CrownJewel-2\too\SECURITY.evtx,Audit success,0,"{""EventData"":{""Data"":[{""@Name"":""TargetUserName"",""#text"":""Backup Operators""},{""@Name"":""TargetDomainName"",""#text"":""Builtin""},{""@Name"":""TargetSid"",""#text"":""S-1-5-32-551""},{""@Name"":""SubjectUserSid"",""#text"":""S-1-5-18""},{""@Name"":""SubjectUserName"",""#text"":""DC01$""},{""@Name"":""SubjectDomainName"",""#text"":""FORELA""},{""@Name"":""SubjectLogonId"",""#text"":""0x3E7""},{""@Name"":""CallerProcessId"",""#text"":""0x1420""},{""@Name"":""CallerProcessName"",""#text"":""C:\\Windows\\System32\\VSSVC.exe""}]}}"
95,5977,2024-05-15 05:39:55.6362529,4799,LogAlways,Microsoft-Windows-Security-Auditing,Security,764,4180,DC01.forela.local,1,,A security-enabled local group membership was enumerated,FORELA\Administrator (S-1-5-21-3239415629-1862073780-2394361899-500),,Target: Builtin\Administrators (S-1-5-32-544),SubjectLogonId: 0x8DE3D,CallerProcessName: C:\Windows\System32\ntdsutil.exe,CallerProcessId: 0xF64,,,,False,C:\Users\quentin\Documents\repo\writeups\CrownJewel-2\too\SECURITY.evtx,Audit success,0,"{""EventData"":{""Data"":[{""@Name"":""TargetUserName"",""#text"":""Administrators""},{""@Name"":""TargetDomainName"",""#text"":""Builtin""},{""@Name"":""TargetSid"",""#text"":""S-1-5-32-544""},{""@Name"":""SubjectUserSid"",""#text"":""S-1-5-21-3239415629-1862073780-2394361899-500""},{""@Name"":""SubjectUserName"",""#text"":""Administrator""},{""@Name"":""SubjectDomainName"",""#text"":""FORELA""},{""@Name"":""SubjectLogonId"",""#text"":""0x8DE3D""},{""@Name"":""CallerProcessId"",""#text"":""0xF64""},{""@Name"":""CallerProcessName"",""#text"":""C:\\Windows\\System32\\ntdsutil.exe""}]}}"
96,5978,2024-05-15 05:39:55.6367993,4799,LogAlways,Microsoft-Windows-Security-Auditing,Security,764,4180,DC01.forela.local,1,,A security-enabled local group membership was enumerated,FORELA\Administrator (S-1-5-21-3239415629-1862073780-2394361899-500),,Target: Builtin\Backup Operators (S-1-5-32-551),SubjectLogonId: 0x8DE3D,CallerProcessName: C:\Windows\System32\ntdsutil.exe,CallerProcessId: 0xF64,,,,False,C:\Users\quentin\Documents\repo\writeups\CrownJewel-2\too\SECURITY.evtx,Audit success,0,"{""EventData"":{""Data"":[{""@Name"":""TargetUserName"",""#text"":""Backup Operators""},{""@Name"":""TargetDomainName"",""#text"":""Builtin""},{""@Name"":""TargetSid"",""#text"":""S-1-5-32-551""},{""@Name"":""SubjectUserSid"",""#text"":""S-1-5-21-3239415629-1862073780-2394361899-500""},{""@Name"":""SubjectUserName"",""#text"":""Administrator""},{""@Name"":""SubjectDomainName"",""#text"":""FORELA""},{""@Name"":""SubjectLogonId"",""#text"":""0x8DE3D""},{""@Name"":""CallerProcessId"",""#text"":""0xF64""},{""@Name"":""CallerProcessName"",""#text"":""C:\\Windows\\System32\\ntdsutil.exe""}]}}"
97,5979,2024-05-15 05:39:55.6381722,4799,LogAlways,Microsoft-Windows-Security-Auditing,Security,764,4180,DC01.forela.local,1,,A security-enabled local group membership was enumerated,FORELA\Administrator (S-1-5-21-3239415629-1862073780-2394361899-500),,Target: Builtin\Administrators (S-1-5-32-544),SubjectLogonId: 0x8DE3D,CallerProcessName: C:\Windows\System32\ntdsutil.exe,CallerProcessId: 0xF64,,,,False,C:\Users\quentin\Documents\repo\writeups\CrownJewel-2\too\SECURITY.evtx,Audit success,0,"{""EventData"":{""Data"":[{""@Name"":""TargetUserName"",""#text"":""Administrators""},{""@Name"":""TargetDomainName"",""#text"":""Builtin""},{""@Name"":""TargetSid"",""#text"":""S-1-5-32-544""},{""@Name"":""SubjectUserSid"",""#text"":""S-1-5-21-3239415629-1862073780-2394361899-500""},{""@Name"":""SubjectUserName"",""#text"":""Administrator""},{""@Name"":""SubjectDomainName"",""#text"":""FORELA""},{""@Name"":""SubjectLogonId"",""#text"":""0x8DE3D""},{""@Name"":""CallerProcessId"",""#text"":""0xF64""},{""@Name"":""CallerProcessName"",""#text"":""C:\\Windows\\System32\\ntdsutil.exe""}]}}"
98,5980,2024-05-15 05:39:55.6388883,4799,LogAlways,Microsoft-Windows-Security-Auditing,Security,764,4180,DC01.forela.local,1,,A security-enabled local group membership was enumerated,FORELA\Administrator (S-1-5-21-3239415629-1862073780-2394361899-500),,Target: Builtin\Backup Operators (S-1-5-32-551),SubjectLogonId: 0x8DE3D,CallerProcessName: C:\Windows\System32\ntdsutil.exe,CallerProcessId: 0xF64,,,,False,C:\Users\quentin\Documents\repo\writeups\CrownJewel-2\too\SECURITY.evtx,Audit success,0,"{""EventData"":{""Data"":[{""@Name"":""TargetUserName"",""#text"":""Backup Operators""},{""@Name"":""TargetDomainName"",""#text"":""Builtin""},{""@Name"":""TargetSid"",""#text"":""S-1-5-32-551""},{""@Name"":""SubjectUserSid"",""#text"":""S-1-5-21-3239415629-1862073780-2394361899-500""},{""@Name"":""SubjectUserName"",""#text"":""Administrator""},{""@Name"":""SubjectDomainName"",""#text"":""FORELA""},{""@Name"":""SubjectLogonId"",""#text"":""0x8DE3D""},{""@Name"":""CallerProcessId"",""#text"":""0xF64""},{""@Name"":""CallerProcessName"",""#text"":""C:\\Windows\\System32\\ntdsutil.exe""}]}}"
99,5981,2024-05-15 05:39:55.6480480,4799,LogAlways,Microsoft-Windows-Security-Auditing,Security,764,980,DC01.forela.local,1,,A security-enabled local group membership was enumerated,FORELA\Administrator (S-1-5-21-3239415629-1862073780-2394361899-500),,Target: Builtin\Administrators (S-1-5-32-544),SubjectLogonId: 0x8DE3D,CallerProcessName: C:\Windows\System32\ntdsutil.exe,CallerProcessId: 0xF64,,,,False,C:\Users\quentin\Documents\repo\writeups\CrownJewel-2\too\SECURITY.evtx,Audit success,0,"{""EventData"":{""Data"":[{""@Name"":""TargetUserName"",""#text"":""Administrators""},{""@Name"":""TargetDomainName"",""#text"":""Builtin""},{""@Name"":""TargetSid"",""#text"":""S-1-5-32-544""},{""@Name"":""SubjectUserSid"",""#text"":""S-1-5-21-3239415629-1862073780-2394361899-500""},{""@Name"":""SubjectUserName"",""#text"":""Administrator""},{""@Name"":""SubjectDomainName"",""#text"":""FORELA""},{""@Name"":""SubjectLogonId"",""#text"":""0x8DE3D""},{""@Name"":""CallerProcessId"",""#text"":""0xF64""},{""@Name"":""CallerProcessName"",""#text"":""C:\\Windows\\System32\\ntdsutil.exe""}]}}"
