20,5833,2024-05-14 03:36:59.6233451,4702,LogAlways,Microsoft-Windows-Security-Auditing,Security,764,2912,DC01.forela.local,0,,A scheduled task was updated,FORELA\DC01$,,TaskName: \Microsoft\Windows\UpdateOrchestrator\Schedule Scan,"TaskContentNew: &lt;?xml version=""1.0"" encoding=""UTF-16""?&gt;, &lt;Task version=""1.2"" xmlns=""http://schemas.microsoft.com/windows/2004/02/mit/task""&gt;,   &lt;RegistrationInfo&gt;,     &lt;URI&gt;\Microsoft\Windows\UpdateOrchestrator\Schedule Scan&lt;/URI&gt;,   &lt;/RegistrationInfo&gt;,   &lt;Triggers&gt;,     &lt;TimeTrigger&gt;,       &lt;Repetition&gt;,         &lt;Interval&gt;PT420M&lt;/Interval&gt;,         &lt;StopAtDurationEnd&gt;false&lt;/StopAtDurationEnd&gt;,       &lt;/Repetition&gt;,       &lt;StartBoundary&gt;2019-01-01T12:00:00&lt;/StartBoundary&gt;,       &lt;Enabled&gt;true&lt;/Enabled&gt;,       &lt;RandomDelay&gt;PT105M&lt;/RandomDelay&gt;,     &lt;/TimeTrigger&gt;,   &lt;/Triggers&gt;,   &lt;Principals&gt;,     &lt;Principal id=""Author""&gt;,       &lt;RunLevel&gt;LeastPrivilege&lt;/RunLevel&gt;,       &lt;UserId&gt;S-1-5-18&lt;/UserId&gt;,     &lt;/Principal&gt;,   &lt;/Principals&gt;,   &lt;Settings&gt;,     &lt;MultipleInstancesPolicy&gt;IgnoreNew&lt;/MultipleInstancesPolicy&gt;,     &lt;DisallowStartIfOnBatteries&gt;true&lt;/DisallowStartIfOnBatteries&gt;,     &lt;StopIfGoingOnBatteries&gt;true&lt;/StopIfGoingOnBatteries&gt;,     &lt;AllowHardTerminate&gt;true&lt;/AllowHardTerminate&gt;,     &lt;StartWhenAvailable&gt;true&lt;/StartWhenAvailable&gt;,     &lt;RunOnlyIfNetworkAvailable&gt;false&lt;/RunOnlyIfNetworkAvailable&gt;,     &lt;IdleSettings&gt;,       &lt;Duration&gt;PT10M&lt;/Duration&gt;,       &lt;WaitTimeout&gt;PT1H&lt;/WaitTimeout&gt;,       &lt;StopOnIdleEnd&gt;true&lt;/StopOnIdleEnd&gt;,       &lt;RestartOnIdle&gt;false&lt;/RestartOnIdle&gt;,     &lt;/IdleSettings&gt;,     &lt;AllowStartOnDemand&gt;true&lt;/AllowStartOnDemand&gt;,     &lt;Enabled&gt;true&lt;/Enabled&gt;,     &lt;Hidden&gt;false&lt;/Hidden&gt;,     &lt;RunOnlyIfIdle&gt;false&lt;/RunOnlyIfIdle&gt;,     &lt;WakeToRun&gt;false&lt;/WakeToRun&gt;,     &lt;ExecutionTimeLimit&gt;PT72H&lt;/ExecutionTimeLimit&gt;,     &lt;Priority&gt;7&lt;/Priority&gt;,   &lt;/Settings&gt;,   &lt;Actions Context=""Author""&gt;,     &lt;Exec&gt;,       &lt;Command&gt;%systemroot%\system32\usoclient.exe&lt;/Command&gt;,       &lt;Arguments&gt;StartScan&lt;/Arguments&gt;,     &lt;/Exec&gt;,   &lt;/Actions&gt;, &lt;/Task&gt;",,,,,,False,C:\Users\quentin\Documents\repo\writeups\CrownJewel-1\Artifacts\SECURITY.evtx,Audit success,0,"{""EventData"":{""Data"":[{""@Name"":""SubjectUserSid"",""#text"":""S-1-5-18""},{""@Name"":""SubjectUserName"",""#text"":""DC01$""},{""@Name"":""SubjectDomainName"",""#text"":""FORELA""},{""@Name"":""SubjectLogonId"",""#text"":""0x3E7""},{""@Name"":""TaskName"",""#text"":""\\Microsoft\\Windows\\UpdateOrchestrator\\Schedule Scan""},{""@Name"":""TaskContentNew"",""#text"":""&lt;?xml version=\""1.0\"" encoding=\""UTF-16\""?&gt;, &lt;Task version=\""1.2\"" xmlns=\""http://schemas.microsoft.com/windows/2004/02/mit/task\""&gt;,   &lt;RegistrationInfo&gt;,     &lt;URI&gt;\\Microsoft\\Windows\\UpdateOrchestrator\\Schedule Scan&lt;/URI&gt;,   &lt;/RegistrationInfo&gt;,   &lt;Triggers&gt;,     &lt;TimeTrigger&gt;,       &lt;Repetition&gt;,         &lt;Interval&gt;PT420M&lt;/Interval&gt;,         &lt;StopAtDurationEnd&gt;false&lt;/StopAtDurationEnd&gt;,       &lt;/Repetition&gt;,       &lt;StartBoundary&gt;2019-01-01T12:00:00&lt;/StartBoundary&gt;,       &lt;Enabled&gt;true&lt;/Enabled&gt;,       &lt;RandomDelay&gt;PT105M&lt;/RandomDelay&gt;,     &lt;/TimeTrigger&gt;,   &lt;/Triggers&gt;,   &lt;Principals&gt;,     &lt;Principal id=\""Author\""&gt;,       &lt;RunLevel&gt;LeastPrivilege&lt;/RunLevel&gt;,       &lt;UserId&gt;S-1-5-18&lt;/UserId&gt;,     &lt;/Principal&gt;,   &lt;/Principals&gt;,   &lt;Settings&gt;,     &lt;MultipleInstancesPolicy&gt;IgnoreNew&lt;/MultipleInstancesPolicy&gt;,     &lt;DisallowStartIfOnBatteries&gt;true&lt;/DisallowStartIfOnBatteries&gt;,     &lt;StopIfGoingOnBatteries&gt;true&lt;/StopIfGoingOnBatteries&gt;,     &lt;AllowHardTerminate&gt;true&lt;/AllowHardTerminate&gt;,     &lt;StartWhenAvailable&gt;true&lt;/StartWhenAvailable&gt;,     &lt;RunOnlyIfNetworkAvailable&gt;false&lt;/RunOnlyIfNetworkAvailable&gt;,     &lt;IdleSettings&gt;,       &lt;Duration&gt;PT10M&lt;/Duration&gt;,       &lt;WaitTimeout&gt;PT1H&lt;/WaitTimeout&gt;,       &lt;StopOnIdleEnd&gt;true&lt;/StopOnIdleEnd&gt;,       &lt;RestartOnIdle&gt;false&lt;/RestartOnIdle&gt;,     &lt;/IdleSettings&gt;,     &lt;AllowStartOnDemand&gt;true&lt;/AllowStartOnDemand&gt;,     &lt;Enabled&gt;true&lt;/Enabled&gt;,     &lt;Hidden&gt;false&lt;/Hidden&gt;,     &lt;RunOnlyIfIdle&gt;false&lt;/RunOnlyIfIdle&gt;,     &lt;WakeToRun&gt;false&lt;/WakeToRun&gt;,     &lt;ExecutionTimeLimit&gt;PT72H&lt;/ExecutionTimeLimit&gt;,     &lt;Priority&gt;7&lt;/Priority&gt;,   &lt;/Settings&gt;,   &lt;Actions Context=\""Author\""&gt;,     &lt;Exec&gt;,       &lt;Command&gt;%systemroot%\\system32\\usoclient.exe&lt;/Command&gt;,       &lt;Arguments&gt;StartScan&lt;/Arguments&gt;,     &lt;/Exec&gt;,   &lt;/Actions&gt;, &lt;/Task&gt;""},{""@Name"":""ClientProcessStartKey"",""#text"":""2533274790396149""},{""@Name"":""ClientProcessId"",""#text"":""6944""},{""@Name"":""ParentProcessId"",""#text"":""992""},{""@Name"":""RpcCallClientLocality"",""#text"":""0""},{""@Name"":""FQDN"",""#text"":""DC01.forela.local""}]}}"
21,5834,2024-05-14 03:36:59.9406418,4702,LogAlways,Microsoft-Windows-Security-Auditing,Security,764,2912,DC01.forela.local,0,,A scheduled task was updated,FORELA\DC01$,,TaskName: \Microsoft\Windows\UpdateOrchestrator\Schedule Scan,"TaskContentNew: &lt;?xml version=""1.0"" encoding=""UTF-16""?&gt;, &lt;Task version=""1.2"" xmlns=""http://schemas.microsoft.com/windows/2004/02/mit/task""&gt;,   &lt;RegistrationInfo&gt;,     &lt;URI&gt;\Microsoft\Windows\UpdateOrchestrator\Schedule Scan&lt;/URI&gt;,   &lt;/RegistrationInfo&gt;,   &lt;Triggers&gt;,     &lt;TimeTrigger&gt;,       &lt;Repetition&gt;,         &lt;Interval&gt;PT420M&lt;/Interval&gt;,         &lt;StopAtDurationEnd&gt;false&lt;/StopAtDurationEnd&gt;,       &lt;/Repetition&gt;,       &lt;StartBoundary&gt;2019-01-01T12:00:00&lt;/StartBoundary&gt;,       &lt;Enabled&gt;true&lt;/Enabled&gt;,       &lt;RandomDelay&gt;PT105M&lt;/RandomDelay&gt;,     &lt;/TimeTrigger&gt;,   &lt;/Triggers&gt;,   &lt;Principals&gt;,     &lt;Principal id=""Author""&gt;,       &lt;UserId&gt;S-1-5-18&lt;/UserId&gt;,       &lt;RunLevel&gt;LeastPrivilege&lt;/RunLevel&gt;,     &lt;/Principal&gt;,   &lt;/Principals&gt;,   &lt;Settings&gt;,     &lt;MultipleInstancesPolicy&gt;IgnoreNew&lt;/MultipleInstancesPolicy&gt;,     &lt;DisallowStartIfOnBatteries&gt;true&lt;/DisallowStartIfOnBatteries&gt;,     &lt;StopIfGoingOnBatteries&gt;true&lt;/StopIfGoingOnBatteries&gt;,     &lt;AllowHardTerminate&gt;true&lt;/AllowHardTerminate&gt;,     &lt;StartWhenAvailable&gt;true&lt;/StartWhenAvailable&gt;,     &lt;RunOnlyIfNetworkAvailable&gt;false&lt;/RunOnlyIfNetworkAvailable&gt;,     &lt;IdleSettings&gt;,       &lt;Duration&gt;PT10M&lt;/Duration&gt;,       &lt;WaitTimeout&gt;PT1H&lt;/WaitTimeout&gt;,       &lt;StopOnIdleEnd&gt;true&lt;/StopOnIdleEnd&gt;,       &lt;RestartOnIdle&gt;false&lt;/RestartOnIdle&gt;,     &lt;/IdleSettings&gt;,     &lt;AllowStartOnDemand&gt;true&lt;/AllowStartOnDemand&gt;,     &lt;Enabled&gt;true&lt;/Enabled&gt;,     &lt;Hidden&gt;false&lt;/Hidden&gt;,     &lt;RunOnlyIfIdle&gt;false&lt;/RunOnlyIfIdle&gt;,     &lt;WakeToRun&gt;false&lt;/WakeToRun&gt;,     &lt;ExecutionTimeLimit&gt;PT72H&lt;/ExecutionTimeLimit&gt;,     &lt;Priority&gt;7&lt;/Priority&gt;,   &lt;/Settings&gt;,   &lt;Actions Context=""Author""&gt;,     &lt;Exec&gt;,       &lt;Command&gt;%systemroot%\system32\usoclient.exe&lt;/Command&gt;,       &lt;Arguments&gt;StartScan&lt;/Arguments&gt;,     &lt;/Exec&gt;,   &lt;/Actions&gt;, &lt;/Task&gt;",,,,,,False,C:\Users\quentin\Documents\repo\writeups\CrownJewel-1\Artifacts\SECURITY.evtx,Audit success,0,"{""EventData"":{""Data"":[{""@Name"":""SubjectUserSid"",""#text"":""S-1-5-18""},{""@Name"":""SubjectUserName"",""#text"":""DC01$""},{""@Name"":""SubjectDomainName"",""#text"":""FORELA""},{""@Name"":""SubjectLogonId"",""#text"":""0x3E7""},{""@Name"":""TaskName"",""#text"":""\\Microsoft\\Windows\\UpdateOrchestrator\\Schedule Scan""},{""@Name"":""TaskContentNew"",""#text"":""&lt;?xml version=\""1.0\"" encoding=\""UTF-16\""?&gt;, &lt;Task version=\""1.2\"" xmlns=\""http://schemas.microsoft.com/windows/2004/02/mit/task\""&gt;,   &lt;RegistrationInfo&gt;,     &lt;URI&gt;\\Microsoft\\Windows\\UpdateOrchestrator\\Schedule Scan&lt;/URI&gt;,   &lt;/RegistrationInfo&gt;,   &lt;Triggers&gt;,     &lt;TimeTrigger&gt;,       &lt;Repetition&gt;,         &lt;Interval&gt;PT420M&lt;/Interval&gt;,         &lt;StopAtDurationEnd&gt;false&lt;/StopAtDurationEnd&gt;,       &lt;/Repetition&gt;,       &lt;StartBoundary&gt;2019-01-01T12:00:00&lt;/StartBoundary&gt;,       &lt;Enabled&gt;true&lt;/Enabled&gt;,       &lt;RandomDelay&gt;PT105M&lt;/RandomDelay&gt;,     &lt;/TimeTrigger&gt;,   &lt;/Triggers&gt;,   &lt;Principals&gt;,     &lt;Principal id=\""Author\""&gt;,       &lt;UserId&gt;S-1-5-18&lt;/UserId&gt;,       &lt;RunLevel&gt;LeastPrivilege&lt;/RunLevel&gt;,     &lt;/Principal&gt;,   &lt;/Principals&gt;,   &lt;Settings&gt;,     &lt;MultipleInstancesPolicy&gt;IgnoreNew&lt;/MultipleInstancesPolicy&gt;,     &lt;DisallowStartIfOnBatteries&gt;true&lt;/DisallowStartIfOnBatteries&gt;,     &lt;StopIfGoingOnBatteries&gt;true&lt;/StopIfGoingOnBatteries&gt;,     &lt;AllowHardTerminate&gt;true&lt;/AllowHardTerminate&gt;,     &lt;StartWhenAvailable&gt;true&lt;/StartWhenAvailable&gt;,     &lt;RunOnlyIfNetworkAvailable&gt;false&lt;/RunOnlyIfNetworkAvailable&gt;,     &lt;IdleSettings&gt;,       &lt;Duration&gt;PT10M&lt;/Duration&gt;,       &lt;WaitTimeout&gt;PT1H&lt;/WaitTimeout&gt;,       &lt;StopOnIdleEnd&gt;true&lt;/StopOnIdleEnd&gt;,       &lt;RestartOnIdle&gt;false&lt;/RestartOnIdle&gt;,     &lt;/IdleSettings&gt;,     &lt;AllowStartOnDemand&gt;true&lt;/AllowStartOnDemand&gt;,     &lt;Enabled&gt;true&lt;/Enabled&gt;,     &lt;Hidden&gt;false&lt;/Hidden&gt;,     &lt;RunOnlyIfIdle&gt;false&lt;/RunOnlyIfIdle&gt;,     &lt;WakeToRun&gt;false&lt;/WakeToRun&gt;,     &lt;ExecutionTimeLimit&gt;PT72H&lt;/ExecutionTimeLimit&gt;,     &lt;Priority&gt;7&lt;/Priority&gt;,   &lt;/Settings&gt;,   &lt;Actions Context=\""Author\""&gt;,     &lt;Exec&gt;,       &lt;Command&gt;%systemroot%\\system32\\usoclient.exe&lt;/Command&gt;,       &lt;Arguments&gt;StartScan&lt;/Arguments&gt;,     &lt;/Exec&gt;,   &lt;/Actions&gt;, &lt;/Task&gt;""},{""@Name"":""ClientProcessStartKey"",""#text"":""2533274790396196""},{""@Name"":""ClientProcessId"",""#text"":""7940""},{""@Name"":""ParentProcessId"",""#text"":""744""},{""@Name"":""RpcCallClientLocality"",""#text"":""0""},{""@Name"":""FQDN"",""#text"":""DC01.forela.local""}]}}"
22,5835,2024-05-14 03:37:09.0086327,4700,LogAlways,Microsoft-Windows-Security-Auditing,Security,764,2912,DC01.forela.local,0,,A scheduled task was enabled,FORELA\DC01$,,TaskName: \Microsoft\Windows\SoftwareProtectionPlatform\SvcRestartTaskLogon,"TaskContent: &lt;?xml version=""1.0"" encoding=""UTF-16""?&gt;, &lt;Task xmlns=""http://schemas.microsoft.com/windows/2004/02/mit/task""&gt;,   &lt;RegistrationInfo&gt;,     &lt;Version&gt;1.0&lt;/Version&gt;,     &lt;SecurityDescriptor&gt;D:P(A;;FA;;;SY)(A;;FA;;;BA)(A;;FRFW;;;S-1-5-80-123231216-2592883651-3715271367-3753151631-4175906628)(A;;FR;;;S-1-5-4)&lt;/SecurityDescriptor&gt;,     &lt;Source&gt;$(@%systemroot%\system32\sppc.dll,-200)&lt;/Source&gt;,     &lt;Author&gt;$(@%systemroot%\system32\sppc.dll,-200)&lt;/Author&gt;,     &lt;Description&gt;$(@%systemroot%\system32\sppc.dll,-202)&lt;/Description&gt;,     &lt;URI&gt;\Microsoft\Windows\SoftwareProtectionPlatform\SvcRestartTaskLogon&lt;/URI&gt;,   &lt;/RegistrationInfo&gt;,   &lt;Principals&gt;,     &lt;Principal id=""InteractiveUser""&gt;,       &lt;GroupId&gt;S-1-5-4&lt;/GroupId&gt;,     &lt;/Principal&gt;,   &lt;/Principals&gt;,   &lt;Settings&gt;,     &lt;AllowHardTerminate&gt;false&lt;/AllowHardTerminate&gt;,     &lt;DisallowStartIfOnBatteries&gt;false&lt;/DisallowStartIfOnBatteries&gt;,     &lt;StopIfGoingOnBatteries&gt;false&lt;/StopIfGoingOnBatteries&gt;,     &lt;ExecutionTimeLimit&gt;PT0S&lt;/ExecutionTimeLimit&gt;,     &lt;Hidden&gt;true&lt;/Hidden&gt;,     &lt;MultipleInstancesPolicy&gt;IgnoreNew&lt;/MultipleInstancesPolicy&gt;,     &lt;RestartOnFailure&gt;,       &lt;Count&gt;3&lt;/Count&gt;,       &lt;Interval&gt;PT1M&lt;/Interval&gt;,     &lt;/RestartOnFailure&gt;,     &lt;IdleSettings&gt;,       &lt;StopOnIdleEnd&gt;true&lt;/StopOnIdleEnd&gt;,       &lt;RestartOnIdle&gt;false&lt;/RestartOnIdle&gt;,     &lt;/IdleSettings&gt;,     &lt;UseUnifiedSchedulingEngine&gt;true&lt;/UseUnifiedSchedulingEngine&gt;,   &lt;/Settings&gt;,   &lt;Triggers&gt;,     &lt;LogonTrigger /&gt;,   &lt;/Triggers&gt;,   &lt;Actions Context=""InteractiveUser""&gt;,     &lt;ComHandler&gt;,       &lt;ClassId&gt;{B1AEBB5D-EAD9-4476-B375-9C3ED9F32AFC}&lt;/ClassId&gt;,       &lt;Data&gt;&lt;![CDATA[logon]]&gt;&lt;/Data&gt;,     &lt;/ComHandler&gt;,   &lt;/Actions&gt;, &lt;/Task&gt;",SubjectUserSid: S-1-5-20,,,,,False,C:\Users\quentin\Documents\repo\writeups\CrownJewel-1\Artifacts\SECURITY.evtx,Audit success,0,"{""EventData"":{""Data"":[{""@Name"":""SubjectUserSid"",""#text"":""S-1-5-20""},{""@Name"":""SubjectUserName"",""#text"":""DC01$""},{""@Name"":""SubjectDomainName"",""#text"":""FORELA""},{""@Name"":""SubjectLogonId"",""#text"":""0x3E4""},{""@Name"":""TaskName"",""#text"":""\\Microsoft\\Windows\\SoftwareProtectionPlatform\\SvcRestartTaskLogon""},{""@Name"":""TaskContent"",""#text"":""&lt;?xml version=\""1.0\"" encoding=\""UTF-16\""?&gt;, &lt;Task xmlns=\""http://schemas.microsoft.com/windows/2004/02/mit/task\""&gt;,   &lt;RegistrationInfo&gt;,     &lt;Version&gt;1.0&lt;/Version&gt;,     &lt;SecurityDescriptor&gt;D:P(A;;FA;;;SY)(A;;FA;;;BA)(A;;FRFW;;;S-1-5-80-123231216-2592883651-3715271367-3753151631-4175906628)(A;;FR;;;S-1-5-4)&lt;/SecurityDescriptor&gt;,     &lt;Source&gt;$(@%systemroot%\\system32\\sppc.dll,-200)&lt;/Source&gt;,     &lt;Author&gt;$(@%systemroot%\\system32\\sppc.dll,-200)&lt;/Author&gt;,     &lt;Description&gt;$(@%systemroot%\\system32\\sppc.dll,-202)&lt;/Description&gt;,     &lt;URI&gt;\\Microsoft\\Windows\\SoftwareProtectionPlatform\\SvcRestartTaskLogon&lt;/URI&gt;,   &lt;/RegistrationInfo&gt;,   &lt;Principals&gt;,     &lt;Principal id=\""InteractiveUser\""&gt;,       &lt;GroupId&gt;S-1-5-4&lt;/GroupId&gt;,     &lt;/Principal&gt;,   &lt;/Principals&gt;,   &lt;Settings&gt;,     &lt;AllowHardTerminate&gt;false&lt;/AllowHardTerminate&gt;,     &lt;DisallowStartIfOnBatteries&gt;false&lt;/DisallowStartIfOnBatteries&gt;,     &lt;StopIfGoingOnBatteries&gt;false&lt;/StopIfGoingOnBatteries&gt;,     &lt;ExecutionTimeLimit&gt;PT0S&lt;/ExecutionTimeLimit&gt;,     &lt;Hidden&gt;true&lt;/Hidden&gt;,     &lt;MultipleInstancesPolicy&gt;IgnoreNew&lt;/MultipleInstancesPolicy&gt;,     &lt;RestartOnFailure&gt;,       &lt;Count&gt;3&lt;/Count&gt;,       &lt;Interval&gt;PT1M&lt;/Interval&gt;,     &lt;/RestartOnFailure&gt;,     &lt;IdleSettings&gt;,       &lt;StopOnIdleEnd&gt;true&lt;/StopOnIdleEnd&gt;,       &lt;RestartOnIdle&gt;false&lt;/RestartOnIdle&gt;,     &lt;/IdleSettings&gt;,     &lt;UseUnifiedSchedulingEngine&gt;true&lt;/UseUnifiedSchedulingEngine&gt;,   &lt;/Settings&gt;,   &lt;Triggers&gt;,     &lt;LogonTrigger /&gt;,   &lt;/Triggers&gt;,   &lt;Actions Context=\""InteractiveUser\""&gt;,     &lt;ComHandler&gt;,       &lt;ClassId&gt;{B1AEBB5D-EAD9-4476-B375-9C3ED9F32AFC}&lt;/ClassId&gt;,       &lt;Data&gt;&lt;![CDATA[logon]]&gt;&lt;/Data&gt;,     &lt;/ComHandler&gt;,   &lt;/Actions&gt;, &lt;/Task&gt;""},{""@Name"":""ClientProcessStartKey"",""#text"":""2533274790396150""},{""@Name"":""ClientProcessId"",""#text"":""7136""},{""@Name"":""ParentProcessId"",""#text"":""744""},{""@Name"":""RpcCallClientLocality"",""#text"":""0""},{""@Name"":""FQDN"",""#text"":""DC01.forela.local""}]}}"
23,5836,2024-05-14 03:37:10.8143291,4769,LogAlways,Microsoft-Windows-Security-Auditing,Security,764,976,DC01.forela.local,0,,A Kerberos service ticket was requested,,::1:0,Target: FORELA.LOCAL\DC01$@FORELA.LOCAL,ServiceName: DC01$,ServiceSid: S-1-5-21-3239415629-1862073780-2394361899-1000,TicketEncryptionType: AES256-CTS-HMAC-SHA1-96,Status: KDC_ERR_NONE - No error - No errors were found.,,,False,C:\Users\quentin\Documents\repo\writeups\CrownJewel-1\Artifacts\SECURITY.evtx,Audit success,0,"{""EventData"":{""Data"":[{""@Name"":""TargetUserName"",""#text"":""DC01$@FORELA.LOCAL""},{""@Name"":""TargetDomainName"",""#text"":""FORELA.LOCAL""},{""@Name"":""ServiceName"",""#text"":""DC01$""},{""@Name"":""ServiceSid"",""#text"":""S-1-5-21-3239415629-1862073780-2394361899-1000""},{""@Name"":""TicketOptions"",""#text"":""0x40810000""},{""@Name"":""TicketEncryptionType"",""#text"":""0x12""},{""@Name"":""IpAddress"",""#text"":""::1""},{""@Name"":""IpPort"",""#text"":""0""},{""@Name"":""Status"",""#text"":""0x0""},{""@Name"":""LogonGuid"",""#text"":""ddd5cc1b-485e-7718-7af5-463e42eaf873""},{""@Name"":""TransmittedServices"",""#text"":""-""}]}}"
24,5837,2024-05-14 03:37:10.9571098,5140,LogAlways,Microsoft-Windows-Security-Auditing,Security,4,512,DC01.forela.local,0,,A network share object was accessed,FORELA\DC01$,172.17.79.4:62959,Share: \\*\SYSVOL (\??\C:\Windows\SYSVOL\sysvol),Sid: S-1-5-18,AccessList: ReadData (or ListDirectory),AccessMask: Unknown code (0x1),,,,False,C:\Users\quentin\Documents\repo\writeups\CrownJewel-1\Artifacts\SECURITY.evtx,Audit success,0,"{""EventData"":{""Data"":[{""@Name"":""SubjectUserSid"",""#text"":""S-1-5-18""},{""@Name"":""SubjectUserName"",""#text"":""DC01$""},{""@Name"":""SubjectDomainName"",""#text"":""FORELA""},{""@Name"":""SubjectLogonId"",""#text"":""0x3E7""},{""@Name"":""ObjectType"",""#text"":""File""},{""@Name"":""IpAddress"",""#text"":""172.17.79.4""},{""@Name"":""IpPort"",""#text"":""62959""},{""@Name"":""ShareName"",""#text"":""\\\\*\\SYSVOL""},{""@Name"":""ShareLocalPath"",""#text"":""\\??\\C:\\Windows\\SYSVOL\\sysvol""},{""@Name"":""AccessMask"",""#text"":""0x1""},{""@Name"":""AccessList"",""#text"":""%%4416, ""}]}}"
25,5838,2024-05-14 03:37:11.0060722,4662,LogAlways,Microsoft-Windows-Security-Auditing,Security,764,1808,DC01.forela.local,0,,Operation performed on an object,FORELA\DC01$,,ObjectServer: WMI,ObjectType: WMI Namespace,ObjectName: root\CIMV2\security\microsofttpm,"AccessList: Unknown code (%%1552, )",AccessMask: Unknown code (0x1),,,False,C:\Users\quentin\Documents\repo\writeups\CrownJewel-1\Artifacts\SECURITY.evtx,Audit success,0,"{""EventData"":{""Data"":[{""@Name"":""SubjectUserSid"",""#text"":""S-1-5-18""},{""@Name"":""SubjectUserName"",""#text"":""DC01$""},{""@Name"":""SubjectDomainName"",""#text"":""FORELA""},{""@Name"":""SubjectLogonId"",""#text"":""0x3E7""},{""@Name"":""ObjectServer"",""#text"":""WMI""},{""@Name"":""ObjectType"",""#text"":""WMI Namespace""},{""@Name"":""ObjectName"",""#text"":""root\\CIMV2\\security\\microsofttpm""},{""@Name"":""OperationType"",""#text"":""Object Access""},{""@Name"":""HandleId"",""#text"":""0x0""},{""@Name"":""AccessList"",""#text"":""%%1552, ""},{""@Name"":""AccessMask"",""#text"":""0x1""},{""@Name"":""Properties"",""#text"":""-""},{""@Name"":""AdditionalInfo"",""#text"":""Local Read (ConnectServer)""},{""@Name"":""AdditionalInfo2"",""#text"":""root\\CIMV2\\security\\microsofttpm""}]}}"
26,5839,2024-05-14 03:37:11.0065144,4662,LogAlways,Microsoft-Windows-Security-Auditing,Security,764,1808,DC01.forela.local,0,,Operation performed on an object,FORELA\DC01$,,ObjectServer: WMI,ObjectType: WMI Namespace,ObjectName: root\CIMV2\security\microsofttpm,"AccessList: Unknown code (%%1552, )",AccessMask: Unknown code (0x1),,,False,C:\Users\quentin\Documents\repo\writeups\CrownJewel-1\Artifacts\SECURITY.evtx,Audit success,0,"{""EventData"":{""Data"":[{""@Name"":""SubjectUserSid"",""#text"":""S-1-5-18""},{""@Name"":""SubjectUserName"",""#text"":""DC01$""},{""@Name"":""SubjectDomainName"",""#text"":""FORELA""},{""@Name"":""SubjectLogonId"",""#text"":""0x3E7""},{""@Name"":""ObjectServer"",""#text"":""WMI""},{""@Name"":""ObjectType"",""#text"":""WMI Namespace""},{""@Name"":""ObjectName"",""#text"":""root\\CIMV2\\security\\microsofttpm""},{""@Name"":""OperationType"",""#text"":""Object Access""},{""@Name"":""HandleId"",""#text"":""0x0""},{""@Name"":""AccessList"",""#text"":""%%1552, ""},{""@Name"":""AccessMask"",""#text"":""0x1""},{""@Name"":""Properties"",""#text"":""-""},{""@Name"":""AdditionalInfo"",""#text"":""Local Read (ExecQuery)""},{""@Name"":""AdditionalInfo2"",""#text"":""root\\CIMV2\\security\\microsofttpm:SELECT ManufacturerIdTxt FROM win32_tpm""}]}}"
27,5840,2024-05-14 03:37:11.0096536,4662,LogAlways,Microsoft-Windows-Security-Auditing,Security,764,1808,DC01.forela.local,0,,Operation performed on an object,FORELA\DC01$,,ObjectServer: WMI,ObjectType: WMI Namespace,ObjectName: root\CIMV2\security\microsofttpm,"AccessList: Unknown code (%%1552, )",AccessMask: Unknown code (0x1),,,False,C:\Users\quentin\Documents\repo\writeups\CrownJewel-1\Artifacts\SECURITY.evtx,Audit success,0,"{""EventData"":{""Data"":[{""@Name"":""SubjectUserSid"",""#text"":""S-1-5-18""},{""@Name"":""SubjectUserName"",""#text"":""DC01$""},{""@Name"":""SubjectDomainName"",""#text"":""FORELA""},{""@Name"":""SubjectLogonId"",""#text"":""0x3E7""},{""@Name"":""ObjectServer"",""#text"":""WMI""},{""@Name"":""ObjectType"",""#text"":""WMI Namespace""},{""@Name"":""ObjectName"",""#text"":""root\\CIMV2\\security\\microsofttpm""},{""@Name"":""OperationType"",""#text"":""Object Access""},{""@Name"":""HandleId"",""#text"":""0x0""},{""@Name"":""AccessList"",""#text"":""%%1552, ""},{""@Name"":""AccessMask"",""#text"":""0x1""},{""@Name"":""Properties"",""#text"":""-""},{""@Name"":""AdditionalInfo"",""#text"":""Local Read (ExecQuery)""},{""@Name"":""AdditionalInfo2"",""#text"":""root\\CIMV2\\security\\microsofttpm:Select * from __ClassProviderRegistration""}]}}"
28,5841,2024-05-14 03:37:11.0123834,4662,LogAlways,Microsoft-Windows-Security-Auditing,Security,764,1808,DC01.forela.local,0,,Operation performed on an object,FORELA\DC01$,,ObjectServer: WMI,ObjectType: WMI Namespace,ObjectName: root\CIMV2\security\microsofttpm,"AccessList: Unknown code (%%1552, )",AccessMask: Unknown code (0x1),,,False,C:\Users\quentin\Documents\repo\writeups\CrownJewel-1\Artifacts\SECURITY.evtx,Audit success,0,"{""EventData"":{""Data"":[{""@Name"":""SubjectUserSid"",""#text"":""S-1-5-18""},{""@Name"":""SubjectUserName"",""#text"":""DC01$""},{""@Name"":""SubjectDomainName"",""#text"":""FORELA""},{""@Name"":""SubjectLogonId"",""#text"":""0x3E7""},{""@Name"":""ObjectServer"",""#text"":""WMI""},{""@Name"":""ObjectType"",""#text"":""WMI Namespace""},{""@Name"":""ObjectName"",""#text"":""root\\CIMV2\\security\\microsofttpm""},{""@Name"":""OperationType"",""#text"":""Object Access""},{""@Name"":""HandleId"",""#text"":""0x0""},{""@Name"":""AccessList"",""#text"":""%%1552, ""},{""@Name"":""AccessMask"",""#text"":""0x1""},{""@Name"":""Properties"",""#text"":""-""},{""@Name"":""AdditionalInfo"",""#text"":""Local Read (GetObject)""},{""@Name"":""AdditionalInfo2"",""#text"":""root\\CIMV2\\security\\microsofttpm:__Win32Provider.Name=\""Win32_TpmProvider\""""}]}}"
29,5842,2024-05-14 03:37:11.0129782,4662,LogAlways,Microsoft-Windows-Security-Auditing,Security,764,1808,DC01.forela.local,0,,Operation performed on an object,FORELA\DC01$,,ObjectServer: WMI,ObjectType: WMI Namespace,ObjectName: root\CIMV2\security\microsofttpm,"AccessList: Unknown code (%%1552, )",AccessMask: Unknown code (0x1),,,False,C:\Users\quentin\Documents\repo\writeups\CrownJewel-1\Artifacts\SECURITY.evtx,Audit success,0,"{""EventData"":{""Data"":[{""@Name"":""SubjectUserSid"",""#text"":""S-1-5-18""},{""@Name"":""SubjectUserName"",""#text"":""DC01$""},{""@Name"":""SubjectDomainName"",""#text"":""FORELA""},{""@Name"":""SubjectLogonId"",""#text"":""0x3E7""},{""@Name"":""ObjectServer"",""#text"":""WMI""},{""@Name"":""ObjectType"",""#text"":""WMI Namespace""},{""@Name"":""ObjectName"",""#text"":""root\\CIMV2\\security\\microsofttpm""},{""@Name"":""OperationType"",""#text"":""Object Access""},{""@Name"":""HandleId"",""#text"":""0x0""},{""@Name"":""AccessList"",""#text"":""%%1552, ""},{""@Name"":""AccessMask"",""#text"":""0x1""},{""@Name"":""Properties"",""#text"":""-""},{""@Name"":""AdditionalInfo"",""#text"":""Local Read (ExecQuery)""},{""@Name"":""AdditionalInfo2"",""#text"":""root\\CIMV2\\security\\microsofttpm:references of {__Win32Provider.Name=\""Win32_TpmProvider\""}""}]}}"
30,5843,2024-05-14 03:37:11.0160717,4662,LogAlways,Microsoft-Windows-Security-Auditing,Security,764,1808,DC01.forela.local,0,,Operation performed on an object,FORELA\DC01$,,ObjectServer: WMI,ObjectType: WMI Namespace,ObjectName: root\CIMV2\security\microsofttpm,"AccessList: Unknown code (%%1552, )",AccessMask: Unknown code (0x1),,,False,C:\Users\quentin\Documents\repo\writeups\CrownJewel-1\Artifacts\SECURITY.evtx,Audit success,0,"{""EventData"":{""Data"":[{""@Name"":""SubjectUserSid"",""#text"":""S-1-5-20""},{""@Name"":""SubjectUserName"",""#text"":""DC01$""},{""@Name"":""SubjectDomainName"",""#text"":""FORELA""},{""@Name"":""SubjectLogonId"",""#text"":""0x3E4""},{""@Name"":""ObjectServer"",""#text"":""WMI""},{""@Name"":""ObjectType"",""#text"":""WMI Namespace""},{""@Name"":""ObjectName"",""#text"":""root\\CIMV2\\security\\microsofttpm""},{""@Name"":""OperationType"",""#text"":""Object Access""},{""@Name"":""HandleId"",""#text"":""0x0""},{""@Name"":""AccessList"",""#text"":""%%1552, ""},{""@Name"":""AccessMask"",""#text"":""0x1""},{""@Name"":""Properties"",""#text"":""-""},{""@Name"":""AdditionalInfo"",""#text"":""Local Read (GetObject)""},{""@Name"":""AdditionalInfo2"",""#text"":""root\\CIMV2\\security\\microsofttpm:__Win32Provider.Name=\""Win32_TpmProvider\""""}]}}"
31,5844,2024-05-14 03:37:11.0166524,4662,LogAlways,Microsoft-Windows-Security-Auditing,Security,764,1808,DC01.forela.local,0,,Operation performed on an object,FORELA\DC01$,,ObjectServer: WMI,ObjectType: WMI Namespace,ObjectName: root\CIMV2\security\microsofttpm,"AccessList: Unknown code (%%1552, )",AccessMask: Unknown code (0x1),,,False,C:\Users\quentin\Documents\repo\writeups\CrownJewel-1\Artifacts\SECURITY.evtx,Audit success,0,"{""EventData"":{""Data"":[{""@Name"":""SubjectUserSid"",""#text"":""S-1-5-20""},{""@Name"":""SubjectUserName"",""#text"":""DC01$""},{""@Name"":""SubjectDomainName"",""#text"":""FORELA""},{""@Name"":""SubjectLogonId"",""#text"":""0x3E4""},{""@Name"":""ObjectServer"",""#text"":""WMI""},{""@Name"":""ObjectType"",""#text"":""WMI Namespace""},{""@Name"":""ObjectName"",""#text"":""root\\CIMV2\\security\\microsofttpm""},{""@Name"":""OperationType"",""#text"":""Object Access""},{""@Name"":""HandleId"",""#text"":""0x0""},{""@Name"":""AccessList"",""#text"":""%%1552, ""},{""@Name"":""AccessMask"",""#text"":""0x1""},{""@Name"":""Properties"",""#text"":""-""},{""@Name"":""AdditionalInfo"",""#text"":""Local Read (ExecQuery)""},{""@Name"":""AdditionalInfo2"",""#text"":""root\\CIMV2\\security\\microsofttpm:references of {__Win32Provider.Name=\""Win32_TpmProvider\""}""}]}}"
32,5845,2024-05-14 03:37:11.0246841,4662,LogAlways,Microsoft-Windows-Security-Auditing,Security,764,2912,DC01.forela.local,0,,Operation performed on an object,FORELA\DC01$,,ObjectServer: WMI,ObjectType: WMI Namespace,ObjectName: root\CIMV2\security\microsofttpm,"AccessList: Unknown code (%%1552, )",AccessMask: Unknown code (0x1),,,False,C:\Users\quentin\Documents\repo\writeups\CrownJewel-1\Artifacts\SECURITY.evtx,Audit success,0,"{""EventData"":{""Data"":[{""@Name"":""SubjectUserSid"",""#text"":""S-1-5-18""},{""@Name"":""SubjectUserName"",""#text"":""DC01$""},{""@Name"":""SubjectDomainName"",""#text"":""FORELA""},{""@Name"":""SubjectLogonId"",""#text"":""0x3E7""},{""@Name"":""ObjectServer"",""#text"":""WMI""},{""@Name"":""ObjectType"",""#text"":""WMI Namespace""},{""@Name"":""ObjectName"",""#text"":""root\\CIMV2\\security\\microsofttpm""},{""@Name"":""OperationType"",""#text"":""Object Access""},{""@Name"":""HandleId"",""#text"":""0x0""},{""@Name"":""AccessList"",""#text"":""%%1552, ""},{""@Name"":""AccessMask"",""#text"":""0x1""},{""@Name"":""Properties"",""#text"":""-""},{""@Name"":""AdditionalInfo"",""#text"":""Local Read (GetObject)""},{""@Name"":""AdditionalInfo2"",""#text"":""root\\CIMV2\\security\\microsofttpm:Win32_Tpm""}]}}"
33,5846,2024-05-14 03:37:11.0252336,4662,LogAlways,Microsoft-Windows-Security-Auditing,Security,764,2912,DC01.forela.local,0,,Operation performed on an object,FORELA\DC01$,,ObjectServer: WMI,ObjectType: WMI Namespace,ObjectName: root\CIMV2\security\microsofttpm,"AccessList: Unknown code (%%1552, )",AccessMask: Unknown code (0x1),,,False,C:\Users\quentin\Documents\repo\writeups\CrownJewel-1\Artifacts\SECURITY.evtx,Audit success,0,"{""EventData"":{""Data"":[{""@Name"":""SubjectUserSid"",""#text"":""S-1-5-18""},{""@Name"":""SubjectUserName"",""#text"":""DC01$""},{""@Name"":""SubjectDomainName"",""#text"":""FORELA""},{""@Name"":""SubjectLogonId"",""#text"":""0x3E7""},{""@Name"":""ObjectServer"",""#text"":""WMI""},{""@Name"":""ObjectType"",""#text"":""WMI Namespace""},{""@Name"":""ObjectName"",""#text"":""root\\CIMV2\\security\\microsofttpm""},{""@Name"":""OperationType"",""#text"":""Object Access""},{""@Name"":""HandleId"",""#text"":""0x0""},{""@Name"":""AccessList"",""#text"":""%%1552, ""},{""@Name"":""AccessMask"",""#text"":""0x1""},{""@Name"":""Properties"",""#text"":""-""},{""@Name"":""AdditionalInfo"",""#text"":""Local Read (GetObject)""},{""@Name"":""AdditionalInfo2"",""#text"":""root\\CIMV2\\security\\microsofttpm:__ExtendedStatus""}]}}"
34,5847,2024-05-14 03:37:11.4501337,4662,LogAlways,Microsoft-Windows-Security-Auditing,Security,764,2912,DC01.forela.local,0,,Operation performed on an object,FORELA\DC01$,,ObjectServer: WMI,ObjectType: WMI Namespace,ObjectName: root\CIMV2\Security\MicrosoftTPM,"AccessList: Unknown code (%%1552, )",AccessMask: Unknown code (0x1),,,False,C:\Users\quentin\Documents\repo\writeups\CrownJewel-1\Artifacts\SECURITY.evtx,Audit success,0,"{""EventData"":{""Data"":[{""@Name"":""SubjectUserSid"",""#text"":""S-1-5-18""},{""@Name"":""SubjectUserName"",""#text"":""DC01$""},{""@Name"":""SubjectDomainName"",""#text"":""FORELA""},{""@Name"":""SubjectLogonId"",""#text"":""0x3E7""},{""@Name"":""ObjectServer"",""#text"":""WMI""},{""@Name"":""ObjectType"",""#text"":""WMI Namespace""},{""@Name"":""ObjectName"",""#text"":""root\\CIMV2\\Security\\MicrosoftTPM""},{""@Name"":""OperationType"",""#text"":""Object Access""},{""@Name"":""HandleId"",""#text"":""0x0""},{""@Name"":""AccessList"",""#text"":""%%1552, ""},{""@Name"":""AccessMask"",""#text"":""0x1""},{""@Name"":""Properties"",""#text"":""-""},{""@Name"":""AdditionalInfo"",""#text"":""Local Read (ConnectServer)""},{""@Name"":""AdditionalInfo2"",""#text"":""root\\CIMV2\\Security\\MicrosoftTPM""}]}}"
35,5848,2024-05-14 03:37:11.4506590,4662,LogAlways,Microsoft-Windows-Security-Auditing,Security,764,2912,DC01.forela.local,0,,Operation performed on an object,FORELA\DC01$,,ObjectServer: WMI,ObjectType: WMI Namespace,ObjectName: root\CIMV2\Security\MicrosoftTPM,"AccessList: Unknown code (%%1552, )",AccessMask: Unknown code (0x1),,,False,C:\Users\quentin\Documents\repo\writeups\CrownJewel-1\Artifacts\SECURITY.evtx,Audit success,0,"{""EventData"":{""Data"":[{""@Name"":""SubjectUserSid"",""#text"":""S-1-5-18""},{""@Name"":""SubjectUserName"",""#text"":""DC01$""},{""@Name"":""SubjectDomainName"",""#text"":""FORELA""},{""@Name"":""SubjectLogonId"",""#text"":""0x3E7""},{""@Name"":""ObjectServer"",""#text"":""WMI""},{""@Name"":""ObjectType"",""#text"":""WMI Namespace""},{""@Name"":""ObjectName"",""#text"":""root\\CIMV2\\Security\\MicrosoftTPM""},{""@Name"":""OperationType"",""#text"":""Object Access""},{""@Name"":""HandleId"",""#text"":""0x0""},{""@Name"":""AccessList"",""#text"":""%%1552, ""},{""@Name"":""AccessMask"",""#text"":""0x1""},{""@Name"":""Properties"",""#text"":""-""},{""@Name"":""AdditionalInfo"",""#text"":""Local Read (ExecQuery)""},{""@Name"":""AdditionalInfo2"",""#text"":""root\\CIMV2\\Security\\MicrosoftTPM:SELECT * FROM Win32_Tpm""}]}}"
36,5849,2024-05-14 03:37:11.5675890,4702,LogAlways,Microsoft-Windows-Security-Auditing,Security,764,976,DC01.forela.local,1,,A scheduled task was updated,FORELA\DC01$,,TaskName: \Microsoft\Windows\Device Information\Device,"TaskContentNew: &lt;?xml version=""1.0"" encoding=""UTF-16""?&gt;, &lt;Task version=""1.6"" xmlns=""http://schemas.microsoft.com/windows/2004/02/mit/task""&gt;,   &lt;RegistrationInfo&gt;,     &lt;Version&gt;1.0&lt;/Version&gt;,     &lt;URI&gt;\Microsoft\Windows\Device Information\Device&lt;/URI&gt;,     &lt;SecurityDescriptor&gt;D:(A;;GA;;;BA)(A;;GA;;;SY)(A;;FRFX;;;LS)&lt;/SecurityDescriptor&gt;,   &lt;/RegistrationInfo&gt;,   &lt;Triggers&gt;,     &lt;TimeTrigger&gt;,       &lt;Repetition&gt;,         &lt;Interval&gt;P1D&lt;/Interval&gt;,         &lt;StopAtDurationEnd&gt;false&lt;/StopAtDurationEnd&gt;,       &lt;/Repetition&gt;,       &lt;StartBoundary&gt;2008-09-01T03:00:00&lt;/StartBoundary&gt;,       &lt;Enabled&gt;true&lt;/Enabled&gt;,       &lt;RandomDelay&gt;PT2H&lt;/RandomDelay&gt;,     &lt;/TimeTrigger&gt;,     &lt;WnfStateChangeTrigger id=""WNF_DEP_OOBE_COMPLETE""&gt;,       &lt;Enabled&gt;false&lt;/Enabled&gt;,       &lt;StateName&gt;750CBCA3290B9641&lt;/StateName&gt;,       &lt;Data&gt;01&lt;/Data&gt;,       &lt;DataOffset&gt;0&lt;/DataOffset&gt;,     &lt;/WnfStateChangeTrigger&gt;,   &lt;/Triggers&gt;,   &lt;Principals&gt;,     &lt;Principal id=""LocalSystem""&gt;,       &lt;UserId&gt;S-1-5-18&lt;/UserId&gt;,       &lt;RunLevel&gt;LeastPrivilege&lt;/RunLevel&gt;,     &lt;/Principal&gt;,   &lt;/Principals&gt;,   &lt;Settings&gt;,     &lt;MultipleInstancesPolicy&gt;IgnoreNew&lt;/MultipleInstancesPolicy&gt;,     &lt;DisallowStartIfOnBatteries&gt;false&lt;/DisallowStartIfOnBatteries&gt;,     &lt;StopIfGoingOnBatteries&gt;false&lt;/StopIfGoingOnBatteries&gt;,     &lt;AllowHardTerminate&gt;true&lt;/AllowHardTerminate&gt;,     &lt;StartWhenAvailable&gt;true&lt;/StartWhenAvailable&gt;,     &lt;RunOnlyIfNetworkAvailable&gt;false&lt;/RunOnlyIfNetworkAvailable&gt;,     &lt;IdleSettings&gt;,       &lt;StopOnIdleEnd&gt;true&lt;/StopOnIdleEnd&gt;,       &lt;RestartOnIdle&gt;false&lt;/RestartOnIdle&gt;,     &lt;/IdleSettings&gt;,     &lt;AllowStartOnDemand&gt;true&lt;/AllowStartOnDemand&gt;,     &lt;Enabled&gt;true&lt;/Enabled&gt;,     &lt;Hidden&gt;false&lt;/Hidden&gt;,     &lt;RunOnlyIfIdle&gt;false&lt;/RunOnlyIfIdle&gt;,     &lt;DisallowStartOnRemoteAppSession&gt;false&lt;/DisallowStartOnRemoteAppSession&gt;,     &lt;UseUnifiedSchedulingEngine&gt;true&lt;/UseUnifiedSchedulingEngine&gt;,     &lt;WakeToRun&gt;false&lt;/WakeToRun&gt;,     &lt;ExecutionTimeLimit&gt;P4D&lt;/ExecutionTimeLimit&gt;,     &lt;Priority&gt;7&lt;/Priority&gt;,   &lt;/Settings&gt;,   &lt;Actions Context=""LocalSystem""&gt;,     &lt;Exec&gt;,       &lt;Command&gt;%windir%\system32\devicecensus.exe&lt;/Command&gt;,       &lt;Arguments&gt;SystemCxt&lt;/Arguments&gt;,     &lt;/Exec&gt;,   &lt;/Actions&gt;, &lt;/Task&gt;",,,,,,False,C:\Users\quentin\Documents\repo\writeups\CrownJewel-1\Artifacts\SECURITY.evtx,Audit success,0,"{""EventData"":{""Data"":[{""@Name"":""SubjectUserSid"",""#text"":""S-1-5-18""},{""@Name"":""SubjectUserName"",""#text"":""DC01$""},{""@Name"":""SubjectDomainName"",""#text"":""FORELA""},{""@Name"":""SubjectLogonId"",""#text"":""0x3E7""},{""@Name"":""TaskName"",""#text"":""\\Microsoft\\Windows\\Device Information\\Device""},{""@Name"":""TaskContentNew"",""#text"":""&lt;?xml version=\""1.0\"" encoding=\""UTF-16\""?&gt;, &lt;Task version=\""1.6\"" xmlns=\""http://schemas.microsoft.com/windows/2004/02/mit/task\""&gt;,   &lt;RegistrationInfo&gt;,     &lt;Version&gt;1.0&lt;/Version&gt;,     &lt;URI&gt;\\Microsoft\\Windows\\Device Information\\Device&lt;/URI&gt;,     &lt;SecurityDescriptor&gt;D:(A;;GA;;;BA)(A;;GA;;;SY)(A;;FRFX;;;LS)&lt;/SecurityDescriptor&gt;,   &lt;/RegistrationInfo&gt;,   &lt;Triggers&gt;,     &lt;TimeTrigger&gt;,       &lt;Repetition&gt;,         &lt;Interval&gt;P1D&lt;/Interval&gt;,         &lt;StopAtDurationEnd&gt;false&lt;/StopAtDurationEnd&gt;,       &lt;/Repetition&gt;,       &lt;StartBoundary&gt;2008-09-01T03:00:00&lt;/StartBoundary&gt;,       &lt;Enabled&gt;true&lt;/Enabled&gt;,       &lt;RandomDelay&gt;PT2H&lt;/RandomDelay&gt;,     &lt;/TimeTrigger&gt;,     &lt;WnfStateChangeTrigger id=\""WNF_DEP_OOBE_COMPLETE\""&gt;,       &lt;Enabled&gt;false&lt;/Enabled&gt;,       &lt;StateName&gt;750CBCA3290B9641&lt;/StateName&gt;,       &lt;Data&gt;01&lt;/Data&gt;,       &lt;DataOffset&gt;0&lt;/DataOffset&gt;,     &lt;/WnfStateChangeTrigger&gt;,   &lt;/Triggers&gt;,   &lt;Principals&gt;,     &lt;Principal id=\""LocalSystem\""&gt;,       &lt;UserId&gt;S-1-5-18&lt;/UserId&gt;,       &lt;RunLevel&gt;LeastPrivilege&lt;/RunLevel&gt;,     &lt;/Principal&gt;,   &lt;/Principals&gt;,   &lt;Settings&gt;,     &lt;MultipleInstancesPolicy&gt;IgnoreNew&lt;/MultipleInstancesPolicy&gt;,     &lt;DisallowStartIfOnBatteries&gt;false&lt;/DisallowStartIfOnBatteries&gt;,     &lt;StopIfGoingOnBatteries&gt;false&lt;/StopIfGoingOnBatteries&gt;,     &lt;AllowHardTerminate&gt;true&lt;/AllowHardTerminate&gt;,     &lt;StartWhenAvailable&gt;true&lt;/StartWhenAvailable&gt;,     &lt;RunOnlyIfNetworkAvailable&gt;false&lt;/RunOnlyIfNetworkAvailable&gt;,     &lt;IdleSettings&gt;,       &lt;StopOnIdleEnd&gt;true&lt;/StopOnIdleEnd&gt;,       &lt;RestartOnIdle&gt;false&lt;/RestartOnIdle&gt;,     &lt;/IdleSettings&gt;,     &lt;AllowStartOnDemand&gt;true&lt;/AllowStartOnDemand&gt;,     &lt;Enabled&gt;true&lt;/Enabled&gt;,     &lt;Hidden&gt;false&lt;/Hidden&gt;,     &lt;RunOnlyIfIdle&gt;false&lt;/RunOnlyIfIdle&gt;,     &lt;DisallowStartOnRemoteAppSession&gt;false&lt;/DisallowStartOnRemoteAppSession&gt;,     &lt;UseUnifiedSchedulingEngine&gt;true&lt;/UseUnifiedSchedulingEngine&gt;,     &lt;WakeToRun&gt;false&lt;/WakeToRun&gt;,     &lt;ExecutionTimeLimit&gt;P4D&lt;/ExecutionTimeLimit&gt;,     &lt;Priority&gt;7&lt;/Priority&gt;,   &lt;/Settings&gt;,   &lt;Actions Context=\""LocalSystem\""&gt;,     &lt;Exec&gt;,       &lt;Command&gt;%windir%\\system32\\devicecensus.exe&lt;/Command&gt;,       &lt;Arguments&gt;SystemCxt&lt;/Arguments&gt;,     &lt;/Exec&gt;,   &lt;/Actions&gt;, &lt;/Task&gt;""},{""@Name"":""ClientProcessStartKey"",""#text"":""2533274790396139""},{""@Name"":""ClientProcessId"",""#text"":""6556""},{""@Name"":""ParentProcessId"",""#text"":""1788""},{""@Name"":""RpcCallClientLocality"",""#text"":""0""},{""@Name"":""FQDN"",""#text"":""DC01.forela.local""}]}}"
37,5850,2024-05-14 03:37:11.5727673,4702,LogAlways,Microsoft-Windows-Security-Auditing,Security,764,976,DC01.forela.local,1,,A scheduled task was updated,FORELA\DC01$,,TaskName: \Microsoft\Windows\Device Information\Device,"TaskContentNew: &lt;?xml version=""1.0"" encoding=""UTF-16""?&gt;, &lt;Task version=""1.6"" xmlns=""http://schemas.microsoft.com/windows/2004/02/mit/task""&gt;,   &lt;RegistrationInfo&gt;,     &lt;Version&gt;1.0&lt;/Version&gt;,     &lt;URI&gt;\Microsoft\Windows\Device Information\Device&lt;/URI&gt;,     &lt;SecurityDescriptor&gt;D:(A;;GA;;;BA)(A;;GA;;;SY)(A;;FRFX;;;LS)&lt;/SecurityDescriptor&gt;,   &lt;/RegistrationInfo&gt;,   &lt;Triggers&gt;,     &lt;TimeTrigger&gt;,       &lt;Repetition&gt;,         &lt;Interval&gt;P1D&lt;/Interval&gt;,         &lt;StopAtDurationEnd&gt;false&lt;/StopAtDurationEnd&gt;,       &lt;/Repetition&gt;,       &lt;StartBoundary&gt;2008-09-01T03:00:00&lt;/StartBoundary&gt;,       &lt;Enabled&gt;true&lt;/Enabled&gt;,       &lt;RandomDelay&gt;PT2H&lt;/RandomDelay&gt;,     &lt;/TimeTrigger&gt;,     &lt;WnfStateChangeTrigger id=""WNF_DEP_OOBE_COMPLETE""&gt;,       &lt;Enabled&gt;false&lt;/Enabled&gt;,       &lt;StateName&gt;750CBCA3290B9641&lt;/StateName&gt;,       &lt;Data&gt;01&lt;/Data&gt;,       &lt;DataOffset&gt;0&lt;/DataOffset&gt;,     &lt;/WnfStateChangeTrigger&gt;,   &lt;/Triggers&gt;,   &lt;Principals&gt;,     &lt;Principal id=""LocalSystem""&gt;,       &lt;UserId&gt;S-1-5-18&lt;/UserId&gt;,       &lt;RunLevel&gt;LeastPrivilege&lt;/RunLevel&gt;,     &lt;/Principal&gt;,   &lt;/Principals&gt;,   &lt;Settings&gt;,     &lt;MultipleInstancesPolicy&gt;IgnoreNew&lt;/MultipleInstancesPolicy&gt;,     &lt;DisallowStartIfOnBatteries&gt;false&lt;/DisallowStartIfOnBatteries&gt;,     &lt;StopIfGoingOnBatteries&gt;false&lt;/StopIfGoingOnBatteries&gt;,     &lt;AllowHardTerminate&gt;true&lt;/AllowHardTerminate&gt;,     &lt;StartWhenAvailable&gt;true&lt;/StartWhenAvailable&gt;,     &lt;RunOnlyIfNetworkAvailable&gt;false&lt;/RunOnlyIfNetworkAvailable&gt;,     &lt;IdleSettings&gt;,       &lt;StopOnIdleEnd&gt;true&lt;/StopOnIdleEnd&gt;,       &lt;RestartOnIdle&gt;false&lt;/RestartOnIdle&gt;,     &lt;/IdleSettings&gt;,     &lt;AllowStartOnDemand&gt;true&lt;/AllowStartOnDemand&gt;,     &lt;Enabled&gt;true&lt;/Enabled&gt;,     &lt;Hidden&gt;false&lt;/Hidden&gt;,     &lt;RunOnlyIfIdle&gt;false&lt;/RunOnlyIfIdle&gt;,     &lt;DisallowStartOnRemoteAppSession&gt;false&lt;/DisallowStartOnRemoteAppSession&gt;,     &lt;UseUnifiedSchedulingEngine&gt;true&lt;/UseUnifiedSchedulingEngine&gt;,     &lt;WakeToRun&gt;false&lt;/WakeToRun&gt;,     &lt;ExecutionTimeLimit&gt;P4D&lt;/ExecutionTimeLimit&gt;,     &lt;Priority&gt;7&lt;/Priority&gt;,   &lt;/Settings&gt;,   &lt;Actions Context=""LocalSystem""&gt;,     &lt;Exec&gt;,       &lt;Command&gt;%windir%\system32\devicecensus.exe&lt;/Command&gt;,       &lt;Arguments&gt;SystemCxt&lt;/Arguments&gt;,     &lt;/Exec&gt;,   &lt;/Actions&gt;, &lt;/Task&gt;",,,,,,False,C:\Users\quentin\Documents\repo\writeups\CrownJewel-1\Artifacts\SECURITY.evtx,Audit success,0,"{""EventData"":{""Data"":[{""@Name"":""SubjectUserSid"",""#text"":""S-1-5-18""},{""@Name"":""SubjectUserName"",""#text"":""DC01$""},{""@Name"":""SubjectDomainName"",""#text"":""FORELA""},{""@Name"":""SubjectLogonId"",""#text"":""0x3E7""},{""@Name"":""TaskName"",""#text"":""\\Microsoft\\Windows\\Device Information\\Device""},{""@Name"":""TaskContentNew"",""#text"":""&lt;?xml version=\""1.0\"" encoding=\""UTF-16\""?&gt;, &lt;Task version=\""1.6\"" xmlns=\""http://schemas.microsoft.com/windows/2004/02/mit/task\""&gt;,   &lt;RegistrationInfo&gt;,     &lt;Version&gt;1.0&lt;/Version&gt;,     &lt;URI&gt;\\Microsoft\\Windows\\Device Information\\Device&lt;/URI&gt;,     &lt;SecurityDescriptor&gt;D:(A;;GA;;;BA)(A;;GA;;;SY)(A;;FRFX;;;LS)&lt;/SecurityDescriptor&gt;,   &lt;/RegistrationInfo&gt;,   &lt;Triggers&gt;,     &lt;TimeTrigger&gt;,       &lt;Repetition&gt;,         &lt;Interval&gt;P1D&lt;/Interval&gt;,         &lt;StopAtDurationEnd&gt;false&lt;/StopAtDurationEnd&gt;,       &lt;/Repetition&gt;,       &lt;StartBoundary&gt;2008-09-01T03:00:00&lt;/StartBoundary&gt;,       &lt;Enabled&gt;true&lt;/Enabled&gt;,       &lt;RandomDelay&gt;PT2H&lt;/RandomDelay&gt;,     &lt;/TimeTrigger&gt;,     &lt;WnfStateChangeTrigger id=\""WNF_DEP_OOBE_COMPLETE\""&gt;,       &lt;Enabled&gt;false&lt;/Enabled&gt;,       &lt;StateName&gt;750CBCA3290B9641&lt;/StateName&gt;,       &lt;Data&gt;01&lt;/Data&gt;,       &lt;DataOffset&gt;0&lt;/DataOffset&gt;,     &lt;/WnfStateChangeTrigger&gt;,   &lt;/Triggers&gt;,   &lt;Principals&gt;,     &lt;Principal id=\""LocalSystem\""&gt;,       &lt;UserId&gt;S-1-5-18&lt;/UserId&gt;,       &lt;RunLevel&gt;LeastPrivilege&lt;/RunLevel&gt;,     &lt;/Principal&gt;,   &lt;/Principals&gt;,   &lt;Settings&gt;,     &lt;MultipleInstancesPolicy&gt;IgnoreNew&lt;/MultipleInstancesPolicy&gt;,     &lt;DisallowStartIfOnBatteries&gt;false&lt;/DisallowStartIfOnBatteries&gt;,     &lt;StopIfGoingOnBatteries&gt;false&lt;/StopIfGoingOnBatteries&gt;,     &lt;AllowHardTerminate&gt;true&lt;/AllowHardTerminate&gt;,     &lt;StartWhenAvailable&gt;true&lt;/StartWhenAvailable&gt;,     &lt;RunOnlyIfNetworkAvailable&gt;false&lt;/RunOnlyIfNetworkAvailable&gt;,     &lt;IdleSettings&gt;,       &lt;StopOnIdleEnd&gt;true&lt;/StopOnIdleEnd&gt;,       &lt;RestartOnIdle&gt;false&lt;/RestartOnIdle&gt;,     &lt;/IdleSettings&gt;,     &lt;AllowStartOnDemand&gt;true&lt;/AllowStartOnDemand&gt;,     &lt;Enabled&gt;true&lt;/Enabled&gt;,     &lt;Hidden&gt;false&lt;/Hidden&gt;,     &lt;RunOnlyIfIdle&gt;false&lt;/RunOnlyIfIdle&gt;,     &lt;DisallowStartOnRemoteAppSession&gt;false&lt;/DisallowStartOnRemoteAppSession&gt;,     &lt;UseUnifiedSchedulingEngine&gt;true&lt;/UseUnifiedSchedulingEngine&gt;,     &lt;WakeToRun&gt;false&lt;/WakeToRun&gt;,     &lt;ExecutionTimeLimit&gt;P4D&lt;/ExecutionTimeLimit&gt;,     &lt;Priority&gt;7&lt;/Priority&gt;,   &lt;/Settings&gt;,   &lt;Actions Context=\""LocalSystem\""&gt;,     &lt;Exec&gt;,       &lt;Command&gt;%windir%\\system32\\devicecensus.exe&lt;/Command&gt;,       &lt;Arguments&gt;SystemCxt&lt;/Arguments&gt;,     &lt;/Exec&gt;,   &lt;/Actions&gt;, &lt;/Task&gt;""},{""@Name"":""ClientProcessStartKey"",""#text"":""2533274790396139""},{""@Name"":""ClientProcessId"",""#text"":""6556""},{""@Name"":""ParentProcessId"",""#text"":""1788""},{""@Name"":""RpcCallClientLocality"",""#text"":""0""},{""@Name"":""FQDN"",""#text"":""DC01.forela.local""}]}}"
