104,5917,2024-05-14 03:42:35.1798579,4769,LogAlways,Microsoft-Windows-Security-Auditing,Security,828,556,DC01.forela.local,2,,A Kerberos service ticket was requested,,::1:0,Target: FORELA.LOCAL\DC01$@FORELA.LOCAL,ServiceName: DC01$,ServiceSid: S-1-5-21-3239415629-1862073780-2394361899-1000,TicketEncryptionType: AES256-CTS-HMAC-SHA1-96,Status: KDC_ERR_NONE - No error - No errors were found.,,,False,C:\Users\quentin\Documents\repo\writeups\CrownJewel-1\Artifacts\SECURITY.evtx,Audit success,0,"{""EventData"":{""Data"":[{""@Name"":""TargetUserName"",""#text"":""DC01$@FORELA.LOCAL""},{""@Name"":""TargetDomainName"",""#text"":""FORELA.LOCAL""},{""@Name"":""ServiceName"",""#text"":""DC01$""},{""@Name"":""ServiceSid"",""#text"":""S-1-5-21-3239415629-1862073780-2394361899-1000""},{""@Name"":""TicketOptions"",""#text"":""0x40810000""},{""@Name"":""TicketEncryptionType"",""#text"":""0x12""},{""@Name"":""IpAddress"",""#text"":""::1""},{""@Name"":""IpPort"",""#text"":""0""},{""@Name"":""Status"",""#text"":""0x0""},{""@Name"":""LogonGuid"",""#text"":""1ae18684-5e5a-9da9-5fd3-3e7d47a131ba""},{""@Name"":""TransmittedServices"",""#text"":""-""}]}}"
105,5918,2024-05-14 03:42:35.1801909,4769,LogAlways,Microsoft-Windows-Security-Auditing,Security,828,556,DC01.forela.local,2,,A Kerberos service ticket was requested,,::1:0,Target: FORELA.LOCAL\DC01$@FORELA.LOCAL,ServiceName: krbtgt,ServiceSid: S-1-5-21-3239415629-1862073780-2394361899-502,TicketEncryptionType: AES256-CTS-HMAC-SHA1-96,Status: KDC_ERR_NONE - No error - No errors were found.,,,False,C:\Users\quentin\Documents\repo\writeups\CrownJewel-1\Artifacts\SECURITY.evtx,Audit success,0,"{""EventData"":{""Data"":[{""@Name"":""TargetUserName"",""#text"":""DC01$@FORELA.LOCAL""},{""@Name"":""TargetDomainName"",""#text"":""FORELA.LOCAL""},{""@Name"":""ServiceName"",""#text"":""krbtgt""},{""@Name"":""ServiceSid"",""#text"":""S-1-5-21-3239415629-1862073780-2394361899-502""},{""@Name"":""TicketOptions"",""#text"":""0x60810010""},{""@Name"":""TicketEncryptionType"",""#text"":""0x12""},{""@Name"":""IpAddress"",""#text"":""::1""},{""@Name"":""IpPort"",""#text"":""0""},{""@Name"":""Status"",""#text"":""0x0""},{""@Name"":""LogonGuid"",""#text"":""1ae18684-5e5a-9da9-5fd3-3e7d47a131ba""},{""@Name"":""TransmittedServices"",""#text"":""-""}]}}"
106,5919,2024-05-14 03:42:35.1946632,4769,LogAlways,Microsoft-Windows-Security-Auditing,Security,828,492,DC01.forela.local,2,,A Kerberos service ticket was requested,,::1:0,Target: FORELA.LOCAL\DC01$@FORELA.LOCAL,ServiceName: DC01$,ServiceSid: S-1-5-21-3239415629-1862073780-2394361899-1000,TicketEncryptionType: AES256-CTS-HMAC-SHA1-96,Status: KDC_ERR_NONE - No error - No errors were found.,,,False,C:\Users\quentin\Documents\repo\writeups\CrownJewel-1\Artifacts\SECURITY.evtx,Audit success,0,"{""EventData"":{""Data"":[{""@Name"":""TargetUserName"",""#text"":""DC01$@FORELA.LOCAL""},{""@Name"":""TargetDomainName"",""#text"":""FORELA.LOCAL""},{""@Name"":""ServiceName"",""#text"":""DC01$""},{""@Name"":""ServiceSid"",""#text"":""S-1-5-21-3239415629-1862073780-2394361899-1000""},{""@Name"":""TicketOptions"",""#text"":""0x40810000""},{""@Name"":""TicketEncryptionType"",""#text"":""0x12""},{""@Name"":""IpAddress"",""#text"":""::1""},{""@Name"":""IpPort"",""#text"":""0""},{""@Name"":""Status"",""#text"":""0x0""},{""@Name"":""LogonGuid"",""#text"":""1ae18684-5e5a-9da9-5fd3-3e7d47a131ba""},{""@Name"":""TransmittedServices"",""#text"":""-""}]}}"
107,5920,2024-05-14 03:42:35.2417483,4799,LogAlways,Microsoft-Windows-Security-Auditing,Security,828,492,DC01.forela.local,2,,A security-enabled local group membership was enumerated,FORELA\DC01$ (S-1-5-18),,Target: Builtin\Administrators (S-1-5-32-544),SubjectLogonId: 0x3E7,CallerProcessName: C:\Windows\System32\dfsrs.exe,CallerProcessId: 0xB30,,,,False,C:\Users\quentin\Documents\repo\writeups\CrownJewel-1\Artifacts\SECURITY.evtx,Audit success,0,"{""EventData"":{""Data"":[{""@Name"":""TargetUserName"",""#text"":""Administrators""},{""@Name"":""TargetDomainName"",""#text"":""Builtin""},{""@Name"":""TargetSid"",""#text"":""S-1-5-32-544""},{""@Name"":""SubjectUserSid"",""#text"":""S-1-5-18""},{""@Name"":""SubjectUserName"",""#text"":""DC01$""},{""@Name"":""SubjectDomainName"",""#text"":""FORELA""},{""@Name"":""SubjectLogonId"",""#text"":""0x3E7""},{""@Name"":""CallerProcessId"",""#text"":""0xB30""},{""@Name"":""CallerProcessName"",""#text"":""C:\\Windows\\System32\\dfsrs.exe""}]}}"
108,5921,2024-05-14 03:42:35.2433348,4799,LogAlways,Microsoft-Windows-Security-Auditing,Security,828,1120,DC01.forela.local,2,,A security-enabled local group membership was enumerated,FORELA\DC01$ (S-1-5-18),,Target: Builtin\Backup Operators (S-1-5-32-551),SubjectLogonId: 0x3E7,CallerProcessName: C:\Windows\System32\dfsrs.exe,CallerProcessId: 0xB30,,,,False,C:\Users\quentin\Documents\repo\writeups\CrownJewel-1\Artifacts\SECURITY.evtx,Audit success,0,"{""EventData"":{""Data"":[{""@Name"":""TargetUserName"",""#text"":""Backup Operators""},{""@Name"":""TargetDomainName"",""#text"":""Builtin""},{""@Name"":""TargetSid"",""#text"":""S-1-5-32-551""},{""@Name"":""SubjectUserSid"",""#text"":""S-1-5-18""},{""@Name"":""SubjectUserName"",""#text"":""DC01$""},{""@Name"":""SubjectDomainName"",""#text"":""FORELA""},{""@Name"":""SubjectLogonId"",""#text"":""0x3E7""},{""@Name"":""CallerProcessId"",""#text"":""0xB30""},{""@Name"":""CallerProcessName"",""#text"":""C:\\Windows\\System32\\dfsrs.exe""}]}}"
109,5922,2024-05-14 03:42:35.3027218,4799,LogAlways,Microsoft-Windows-Security-Auditing,Security,828,1276,DC01.forela.local,2,,A security-enabled local group membership was enumerated,FORELA\DC01$ (S-1-5-18),,Target: Builtin\Administrators (S-1-5-32-544),SubjectLogonId: 0x3E7,CallerProcessName: C:\Windows\System32\svchost.exe,CallerProcessId: 0x1398,,,,False,C:\Users\quentin\Documents\repo\writeups\CrownJewel-1\Artifacts\SECURITY.evtx,Audit success,0,"{""EventData"":{""Data"":[{""@Name"":""TargetUserName"",""#text"":""Administrators""},{""@Name"":""TargetDomainName"",""#text"":""Builtin""},{""@Name"":""TargetSid"",""#text"":""S-1-5-32-544""},{""@Name"":""SubjectUserSid"",""#text"":""S-1-5-18""},{""@Name"":""SubjectUserName"",""#text"":""DC01$""},{""@Name"":""SubjectDomainName"",""#text"":""FORELA""},{""@Name"":""SubjectLogonId"",""#text"":""0x3E7""},{""@Name"":""CallerProcessId"",""#text"":""0x1398""},{""@Name"":""CallerProcessName"",""#text"":""C:\\Windows\\System32\\svchost.exe""}]}}"
110,5923,2024-05-14 03:42:35.3047736,4799,LogAlways,Microsoft-Windows-Security-Auditing,Security,828,1276,DC01.forela.local,2,,A security-enabled local group membership was enumerated,FORELA\DC01$ (S-1-5-18),,Target: Builtin\Backup Operators (S-1-5-32-551),SubjectLogonId: 0x3E7,CallerProcessName: C:\Windows\System32\svchost.exe,CallerProcessId: 0x1398,,,,False,C:\Users\quentin\Documents\repo\writeups\CrownJewel-1\Artifacts\SECURITY.evtx,Audit success,0,"{""EventData"":{""Data"":[{""@Name"":""TargetUserName"",""#text"":""Backup Operators""},{""@Name"":""TargetDomainName"",""#text"":""Builtin""},{""@Name"":""TargetSid"",""#text"":""S-1-5-32-551""},{""@Name"":""SubjectUserSid"",""#text"":""S-1-5-18""},{""@Name"":""SubjectUserName"",""#text"":""DC01$""},{""@Name"":""SubjectDomainName"",""#text"":""FORELA""},{""@Name"":""SubjectLogonId"",""#text"":""0x3E7""},{""@Name"":""CallerProcessId"",""#text"":""0x1398""},{""@Name"":""CallerProcessName"",""#text"":""C:\\Windows\\System32\\svchost.exe""}]}}"
111,5924,2024-05-14 03:42:36.0913464,4768,LogAlways,Microsoft-Windows-Security-Auditing,Security,828,968,DC01.forela.local,2,,A Kerberos authentication ticket (TGT) was requested,,::1:0,Target: FORELA.LOCAL\DC01$,ServiceName: krbtgt,ServiceSid: S-1-5-21-3239415629-1862073780-2394361899-502,TicketEncryptionType: AES256-CTS-HMAC-SHA1-96,Status: KDC_ERR_NONE - No error - No errors were found.,PreAuthType: PA-ENC-TIMESTAMP - This type is normal for standard password authentication.,,False,C:\Users\quentin\Documents\repo\writeups\CrownJewel-1\Artifacts\SECURITY.evtx,Audit success,0,"{""EventData"":{""Data"":[{""@Name"":""TargetUserName"",""#text"":""DC01$""},{""@Name"":""TargetDomainName"",""#text"":""FORELA.LOCAL""},{""@Name"":""TargetSid"",""#text"":""S-1-5-21-3239415629-1862073780-2394361899-1000""},{""@Name"":""ServiceName"",""#text"":""krbtgt""},{""@Name"":""ServiceSid"",""#text"":""S-1-5-21-3239415629-1862073780-2394361899-502""},{""@Name"":""TicketOptions"",""#text"":""0x40810010""},{""@Name"":""Status"",""#text"":""0x0""},{""@Name"":""TicketEncryptionType"",""#text"":""0x12""},{""@Name"":""PreAuthType"",""#text"":""2""},{""@Name"":""IpAddress"",""#text"":""::1""},{""@Name"":""IpPort"",""#text"":""0""},{""@Name"":""CertIssuerName""},{""@Name"":""CertSerialNumber""},{""@Name"":""CertThumbprint""}]}}"
112,5925,2024-05-14 03:42:36.0920272,4769,LogAlways,Microsoft-Windows-Security-Auditing,Security,828,968,DC01.forela.local,2,,A Kerberos service ticket was requested,,::1:0,Target: FORELA.LOCAL\DC01$@FORELA.LOCAL,ServiceName: DC01$,ServiceSid: S-1-5-21-3239415629-1862073780-2394361899-1000,TicketEncryptionType: AES256-CTS-HMAC-SHA1-96,Status: KDC_ERR_NONE - No error - No errors were found.,,,False,C:\Users\quentin\Documents\repo\writeups\CrownJewel-1\Artifacts\SECURITY.evtx,Audit success,0,"{""EventData"":{""Data"":[{""@Name"":""TargetUserName"",""#text"":""DC01$@FORELA.LOCAL""},{""@Name"":""TargetDomainName"",""#text"":""FORELA.LOCAL""},{""@Name"":""ServiceName"",""#text"":""DC01$""},{""@Name"":""ServiceSid"",""#text"":""S-1-5-21-3239415629-1862073780-2394361899-1000""},{""@Name"":""TicketOptions"",""#text"":""0x40810000""},{""@Name"":""TicketEncryptionType"",""#text"":""0x12""},{""@Name"":""IpAddress"",""#text"":""::1""},{""@Name"":""IpPort"",""#text"":""0""},{""@Name"":""Status"",""#text"":""0x0""},{""@Name"":""LogonGuid"",""#text"":""864d2530-8837-9251-68ce-f960433baed8""},{""@Name"":""TransmittedServices"",""#text"":""-""}]}}"
113,5926,2024-05-14 03:42:36.1177979,4768,LogAlways,Microsoft-Windows-Security-Auditing,Security,828,968,DC01.forela.local,2,,A Kerberos authentication ticket (TGT) was requested,,::1:0,Target: FORELA.LOCAL\DC01$,ServiceName: krbtgt,ServiceSid: S-1-5-21-3239415629-1862073780-2394361899-502,TicketEncryptionType: AES256-CTS-HMAC-SHA1-96,Status: KDC_ERR_NONE - No error - No errors were found.,PreAuthType: PA-ENC-TIMESTAMP - This type is normal for standard password authentication.,,False,C:\Users\quentin\Documents\repo\writeups\CrownJewel-1\Artifacts\SECURITY.evtx,Audit success,0,"{""EventData"":{""Data"":[{""@Name"":""TargetUserName"",""#text"":""DC01$""},{""@Name"":""TargetDomainName"",""#text"":""FORELA.LOCAL""},{""@Name"":""TargetSid"",""#text"":""S-1-5-21-3239415629-1862073780-2394361899-1000""},{""@Name"":""ServiceName"",""#text"":""krbtgt""},{""@Name"":""ServiceSid"",""#text"":""S-1-5-21-3239415629-1862073780-2394361899-502""},{""@Name"":""TicketOptions"",""#text"":""0x40810010""},{""@Name"":""Status"",""#text"":""0x0""},{""@Name"":""TicketEncryptionType"",""#text"":""0x12""},{""@Name"":""PreAuthType"",""#text"":""2""},{""@Name"":""IpAddress"",""#text"":""::1""},{""@Name"":""IpPort"",""#text"":""0""},{""@Name"":""CertIssuerName""},{""@Name"":""CertSerialNumber""},{""@Name"":""CertThumbprint""}]}}"
114,5927,2024-05-14 03:42:36.1185499,4769,LogAlways,Microsoft-Windows-Security-Auditing,Security,828,968,DC01.forela.local,2,,A Kerberos service ticket was requested,,::1:0,Target: FORELA.LOCAL\DC01$@FORELA.LOCAL,ServiceName: DC01$,ServiceSid: S-1-5-21-3239415629-1862073780-2394361899-1000,TicketEncryptionType: AES256-CTS-HMAC-SHA1-96,Status: KDC_ERR_NONE - No error - No errors were found.,,,False,C:\Users\quentin\Documents\repo\writeups\CrownJewel-1\Artifacts\SECURITY.evtx,Audit success,0,"{""EventData"":{""Data"":[{""@Name"":""TargetUserName"",""#text"":""DC01$@FORELA.LOCAL""},{""@Name"":""TargetDomainName"",""#text"":""FORELA.LOCAL""},{""@Name"":""ServiceName"",""#text"":""DC01$""},{""@Name"":""ServiceSid"",""#text"":""S-1-5-21-3239415629-1862073780-2394361899-1000""},{""@Name"":""TicketOptions"",""#text"":""0x40810000""},{""@Name"":""TicketEncryptionType"",""#text"":""0x12""},{""@Name"":""IpAddress"",""#text"":""::1""},{""@Name"":""IpPort"",""#text"":""0""},{""@Name"":""Status"",""#text"":""0x0""},{""@Name"":""LogonGuid"",""#text"":""864d2530-8837-9251-68ce-f960433baed8""},{""@Name"":""TransmittedServices"",""#text"":""-""}]}}"
115,5928,2024-05-14 03:42:43.1204649,4768,LogAlways,Microsoft-Windows-Security-Auditing,Security,828,556,DC01.forela.local,2,,A Kerberos authentication ticket (TGT) was requested,,::1:0,Target: FORELA\Administrator,ServiceName: krbtgt,ServiceSid: S-1-5-21-3239415629-1862073780-2394361899-502,TicketEncryptionType: AES256-CTS-HMAC-SHA1-96,Status: KDC_ERR_NONE - No error - No errors were found.,PreAuthType: PA-ENC-TIMESTAMP - This type is normal for standard password authentication.,,False,C:\Users\quentin\Documents\repo\writeups\CrownJewel-1\Artifacts\SECURITY.evtx,Audit success,0,"{""EventData"":{""Data"":[{""@Name"":""TargetUserName"",""#text"":""Administrator""},{""@Name"":""TargetDomainName"",""#text"":""FORELA""},{""@Name"":""TargetSid"",""#text"":""S-1-5-21-3239415629-1862073780-2394361899-500""},{""@Name"":""ServiceName"",""#text"":""krbtgt""},{""@Name"":""ServiceSid"",""#text"":""S-1-5-21-3239415629-1862073780-2394361899-502""},{""@Name"":""TicketOptions"",""#text"":""0x40810010""},{""@Name"":""Status"",""#text"":""0x0""},{""@Name"":""TicketEncryptionType"",""#text"":""0x12""},{""@Name"":""PreAuthType"",""#text"":""2""},{""@Name"":""IpAddress"",""#text"":""::1""},{""@Name"":""IpPort"",""#text"":""0""},{""@Name"":""CertIssuerName""},{""@Name"":""CertSerialNumber""},{""@Name"":""CertThumbprint""}]}}"
116,5929,2024-05-14 03:42:43.1223754,4769,LogAlways,Microsoft-Windows-Security-Auditing,Security,828,556,DC01.forela.local,2,,A Kerberos service ticket was requested,,::1:0,Target: FORELA.LOCAL\Administrator@FORELA.LOCAL,ServiceName: DC01$,ServiceSid: S-1-5-21-3239415629-1862073780-2394361899-1000,TicketEncryptionType: AES256-CTS-HMAC-SHA1-96,Status: KDC_ERR_NONE - No error - No errors were found.,,,False,C:\Users\quentin\Documents\repo\writeups\CrownJewel-1\Artifacts\SECURITY.evtx,Audit success,0,"{""EventData"":{""Data"":[{""@Name"":""TargetUserName"",""#text"":""Administrator@FORELA.LOCAL""},{""@Name"":""TargetDomainName"",""#text"":""FORELA.LOCAL""},{""@Name"":""ServiceName"",""#text"":""DC01$""},{""@Name"":""ServiceSid"",""#text"":""S-1-5-21-3239415629-1862073780-2394361899-1000""},{""@Name"":""TicketOptions"",""#text"":""0x40810000""},{""@Name"":""TicketEncryptionType"",""#text"":""0x12""},{""@Name"":""IpAddress"",""#text"":""::1""},{""@Name"":""IpPort"",""#text"":""0""},{""@Name"":""Status"",""#text"":""0x0""},{""@Name"":""LogonGuid"",""#text"":""90a7c0df-de8b-8906-39c8-dc4065cf3091""},{""@Name"":""TransmittedServices"",""#text"":""-""}]}}"
117,5930,2024-05-14 03:42:43.3016410,4799,LogAlways,Microsoft-Windows-Security-Auditing,Security,828,556,DC01.forela.local,2,,A security-enabled local group membership was enumerated,FORELA\DC01$ (S-1-5-18),,Target: Builtin\Administrators (S-1-5-32-544),SubjectLogonId: 0x3E7,CallerProcessName: C:\Windows\System32\svchost.exe,CallerProcessId: 0x690,,,,False,C:\Users\quentin\Documents\repo\writeups\CrownJewel-1\Artifacts\SECURITY.evtx,Audit success,0,"{""EventData"":{""Data"":[{""@Name"":""TargetUserName"",""#text"":""Administrators""},{""@Name"":""TargetDomainName"",""#text"":""Builtin""},{""@Name"":""TargetSid"",""#text"":""S-1-5-32-544""},{""@Name"":""SubjectUserSid"",""#text"":""S-1-5-18""},{""@Name"":""SubjectUserName"",""#text"":""DC01$""},{""@Name"":""SubjectDomainName"",""#text"":""FORELA""},{""@Name"":""SubjectLogonId"",""#text"":""0x3E7""},{""@Name"":""CallerProcessId"",""#text"":""0x690""},{""@Name"":""CallerProcessName"",""#text"":""C:\\Windows\\System32\\svchost.exe""}]}}"
118,5931,2024-05-14 03:42:43.3621642,5379,LogAlways,Microsoft-Windows-Security-Auditing,Security,828,556,DC01.forela.local,2,,Credential Manager credentials were read,Administrator,,SID: S-1-5-21-3239415629-1862073780-2394361899-500,Domain: FORELA,LogonID: 0xA8B86,CountOfCredentialsReturned: 0,,ActivityID: 9e03aa9f-a5b0-0005-01ab-039eb0a5da01,WindowsLive:(token):name=02bhxmfidadsefde;serviceuri=*,False,C:\Users\quentin\Documents\repo\writeups\CrownJewel-1\Artifacts\SECURITY.evtx,Audit success,0,"{""EventData"":{""Data"":[{""@Name"":""SubjectUserSid"",""#text"":""S-1-5-21-3239415629-1862073780-2394361899-500""},{""@Name"":""SubjectUserName"",""#text"":""Administrator""},{""@Name"":""SubjectDomainName"",""#text"":""FORELA""},{""@Name"":""SubjectLogonId"",""#text"":""0xA8B86""},{""@Name"":""TargetName"",""#text"":""WindowsLive:(token):name=02bhxmfidadsefde;serviceuri=*""},{""@Name"":""Type"",""#text"":""0""},{""@Name"":""CountOfCredentialsReturned"",""#text"":""0""},{""@Name"":""ReadOperation"",""#text"":""%%8100""},{""@Name"":""ReturnCode"",""#text"":""3221226021""},{""@Name"":""ProcessCreationTime"",""#text"":""2024-05-14 03:42:11.3613791""},{""@Name"":""ClientProcessId"",""#text"":""4328""}]}}"
119,5932,2024-05-14 03:42:43.3625814,5379,LogAlways,Microsoft-Windows-Security-Auditing,Security,828,556,DC01.forela.local,2,,Credential Manager credentials were read,Administrator,,SID: S-1-5-21-3239415629-1862073780-2394361899-500,Domain: FORELA,LogonID: 0xA8B86,CountOfCredentialsReturned: 0,,ActivityID: 9e03aa9f-a5b0-0005-01ab-039eb0a5da01,WindowsLive:(cert):name=02bhxmfidadsefde;serviceuri=*,False,C:\Users\quentin\Documents\repo\writeups\CrownJewel-1\Artifacts\SECURITY.evtx,Audit success,0,"{""EventData"":{""Data"":[{""@Name"":""SubjectUserSid"",""#text"":""S-1-5-21-3239415629-1862073780-2394361899-500""},{""@Name"":""SubjectUserName"",""#text"":""Administrator""},{""@Name"":""SubjectDomainName"",""#text"":""FORELA""},{""@Name"":""SubjectLogonId"",""#text"":""0xA8B86""},{""@Name"":""TargetName"",""#text"":""WindowsLive:(cert):name=02bhxmfidadsefde;serviceuri=*""},{""@Name"":""Type"",""#text"":""0""},{""@Name"":""CountOfCredentialsReturned"",""#text"":""0""},{""@Name"":""ReadOperation"",""#text"":""%%8100""},{""@Name"":""ReturnCode"",""#text"":""3221226021""},{""@Name"":""ProcessCreationTime"",""#text"":""2024-05-14 03:42:11.3613791""},{""@Name"":""ClientProcessId"",""#text"":""4328""}]}}"
120,5933,2024-05-14 03:42:43.3627293,5379,LogAlways,Microsoft-Windows-Security-Auditing,Security,828,556,DC01.forela.local,2,,Credential Manager credentials were read,Administrator,,SID: S-1-5-21-3239415629-1862073780-2394361899-500,Domain: FORELA,LogonID: 0xA8B86,CountOfCredentialsReturned: 1,,ActivityID: 9e03aa9f-a5b0-0005-01ab-039eb0a5da01,WindowsLive:target=virtualapp/didlogical,False,C:\Users\quentin\Documents\repo\writeups\CrownJewel-1\Artifacts\SECURITY.evtx,Audit success,0,"{""EventData"":{""Data"":[{""@Name"":""SubjectUserSid"",""#text"":""S-1-5-21-3239415629-1862073780-2394361899-500""},{""@Name"":""SubjectUserName"",""#text"":""Administrator""},{""@Name"":""SubjectDomainName"",""#text"":""FORELA""},{""@Name"":""SubjectLogonId"",""#text"":""0xA8B86""},{""@Name"":""TargetName"",""#text"":""WindowsLive:target=virtualapp/didlogical""},{""@Name"":""Type"",""#text"":""0""},{""@Name"":""CountOfCredentialsReturned"",""#text"":""1""},{""@Name"":""ReadOperation"",""#text"":""%%8100""},{""@Name"":""ReturnCode"",""#text"":""0""},{""@Name"":""ProcessCreationTime"",""#text"":""2024-05-14 03:42:11.3613791""},{""@Name"":""ClientProcessId"",""#text"":""4328""}]}}"
121,5934,2024-05-14 03:42:43.8449924,4699,LogAlways,Microsoft-Windows-Security-Auditing,Security,828,492,DC01.forela.local,2,,Scheduled Task deleted,FORELA\Administrator,,TaskName: \CreateExplorerShellUnelevatedTask,"TaskContent: ",,,,,,False,C:\Users\quentin\Documents\repo\writeups\CrownJewel-1\Artifacts\SECURITY.evtx,Audit success,0,"{""EventData"":{""Data"":[{""@Name"":""SubjectUserSid"",""#text"":""S-1-5-21-3239415629-1862073780-2394361899-500""},{""@Name"":""SubjectUserName"",""#text"":""Administrator""},{""@Name"":""SubjectDomainName"",""#text"":""FORELA""},{""@Name"":""SubjectLogonId"",""#text"":""0xA8B86""},{""@Name"":""TaskName"",""#text"":""\\CreateExplorerShellUnelevatedTask""},{""@Name"":""TaskContent""},{""@Name"":""ClientProcessStartKey"",""#text"":""2814749767106679""},{""@Name"":""ClientProcessId"",""#text"":""6264""},{""@Name"":""ParentProcessId"",""#text"":""6244""},{""@Name"":""RpcCallClientLocality"",""#text"":""0""},{""@Name"":""FQDN"",""#text"":""DC01.forela.local""}]}}"
122,5935,2024-05-14 03:42:43.8541984,4698,LogAlways,Microsoft-Windows-Security-Auditing,Security,828,968,DC01.forela.local,2,,Scheduled Task created,FORELA\Administrator,,TaskName: \CreateExplorerShellUnelevatedTask,"TaskContent: &lt;?xml version=""1.0"" encoding=""UTF-16""?&gt;, &lt;Task version=""1.3"" xmlns=""http://schemas.microsoft.com/windows/2004/02/mit/task""&gt;,   &lt;RegistrationInfo&gt;,     &lt;Author&gt;ExplorerShellUnelevated&lt;/Author&gt;,     &lt;URI&gt;\CreateExplorerShellUnelevatedTask&lt;/URI&gt;,   &lt;/RegistrationInfo&gt;,   &lt;Triggers&gt;,     &lt;RegistrationTrigger id=""CreateExplorerShell_Trigger""&gt;,       &lt;Enabled&gt;true&lt;/Enabled&gt;,       &lt;Delay&gt;PT0S&lt;/Delay&gt;,     &lt;/RegistrationTrigger&gt;,   &lt;/Triggers&gt;,   &lt;Settings&gt;,     &lt;MultipleInstancesPolicy&gt;IgnoreNew&lt;/MultipleInstancesPolicy&gt;,     &lt;DisallowStartIfOnBatteries&gt;false&lt;/DisallowStartIfOnBatteries&gt;,     &lt;StopIfGoingOnBatteries&gt;false&lt;/StopIfGoingOnBatteries&gt;,     &lt;AllowHardTerminate&gt;true&lt;/AllowHardTerminate&gt;,     &lt;StartWhenAvailable&gt;true&lt;/StartWhenAvailable&gt;,     &lt;RunOnlyIfNetworkAvailable&gt;false&lt;/RunOnlyIfNetworkAvailable&gt;,     &lt;IdleSettings&gt;,       &lt;Duration&gt;PT10M&lt;/Duration&gt;,       &lt;WaitTimeout&gt;PT1H&lt;/WaitTimeout&gt;,       &lt;StopOnIdleEnd&gt;true&lt;/StopOnIdleEnd&gt;,       &lt;RestartOnIdle&gt;false&lt;/RestartOnIdle&gt;,     &lt;/IdleSettings&gt;,     &lt;AllowStartOnDemand&gt;true&lt;/AllowStartOnDemand&gt;,     &lt;Enabled&gt;true&lt;/Enabled&gt;,     &lt;Hidden&gt;false&lt;/Hidden&gt;,     &lt;RunOnlyIfIdle&gt;false&lt;/RunOnlyIfIdle&gt;,     &lt;DisallowStartOnRemoteAppSession&gt;false&lt;/DisallowStartOnRemoteAppSession&gt;,     &lt;UseUnifiedSchedulingEngine&gt;true&lt;/UseUnifiedSchedulingEngine&gt;,     &lt;WakeToRun&gt;false&lt;/WakeToRun&gt;,     &lt;ExecutionTimeLimit&gt;PT72H&lt;/ExecutionTimeLimit&gt;,     &lt;Priority&gt;6&lt;/Priority&gt;,   &lt;/Settings&gt;,   &lt;Actions Context=""Author""&gt;,     &lt;Exec&gt;,       &lt;Command&gt;C:\Windows\Explorer.EXE&lt;/Command&gt;,       &lt;Arguments&gt;/NoUACCheck&lt;/Arguments&gt;,     &lt;/Exec&gt;,   &lt;/Actions&gt;,   &lt;Principals&gt;,     &lt;Principal id=""Author""&gt;,       &lt;UserId&gt;FORELA\Administrator&lt;/UserId&gt;,       &lt;LogonType&gt;InteractiveToken&lt;/LogonType&gt;,       &lt;RunLevel&gt;LeastPrivilege&lt;/RunLevel&gt;,     &lt;/Principal&gt;,   &lt;/Principals&gt;, &lt;/Task&gt;",,,,,,False,C:\Users\quentin\Documents\repo\writeups\CrownJewel-1\Artifacts\SECURITY.evtx,Audit success,0,"{""EventData"":{""Data"":[{""@Name"":""SubjectUserSid"",""#text"":""S-1-5-21-3239415629-1862073780-2394361899-500""},{""@Name"":""SubjectUserName"",""#text"":""Administrator""},{""@Name"":""SubjectDomainName"",""#text"":""FORELA""},{""@Name"":""SubjectLogonId"",""#text"":""0xA8B86""},{""@Name"":""TaskName"",""#text"":""\\CreateExplorerShellUnelevatedTask""},{""@Name"":""TaskContent"",""#text"":""&lt;?xml version=\""1.0\"" encoding=\""UTF-16\""?&gt;, &lt;Task version=\""1.3\"" xmlns=\""http://schemas.microsoft.com/windows/2004/02/mit/task\""&gt;,   &lt;RegistrationInfo&gt;,     &lt;Author&gt;ExplorerShellUnelevated&lt;/Author&gt;,     &lt;URI&gt;\\CreateExplorerShellUnelevatedTask&lt;/URI&gt;,   &lt;/RegistrationInfo&gt;,   &lt;Triggers&gt;,     &lt;RegistrationTrigger id=\""CreateExplorerShell_Trigger\""&gt;,       &lt;Enabled&gt;true&lt;/Enabled&gt;,       &lt;Delay&gt;PT0S&lt;/Delay&gt;,     &lt;/RegistrationTrigger&gt;,   &lt;/Triggers&gt;,   &lt;Settings&gt;,     &lt;MultipleInstancesPolicy&gt;IgnoreNew&lt;/MultipleInstancesPolicy&gt;,     &lt;DisallowStartIfOnBatteries&gt;false&lt;/DisallowStartIfOnBatteries&gt;,     &lt;StopIfGoingOnBatteries&gt;false&lt;/StopIfGoingOnBatteries&gt;,     &lt;AllowHardTerminate&gt;true&lt;/AllowHardTerminate&gt;,     &lt;StartWhenAvailable&gt;true&lt;/StartWhenAvailable&gt;,     &lt;RunOnlyIfNetworkAvailable&gt;false&lt;/RunOnlyIfNetworkAvailable&gt;,     &lt;IdleSettings&gt;,       &lt;Duration&gt;PT10M&lt;/Duration&gt;,       &lt;WaitTimeout&gt;PT1H&lt;/WaitTimeout&gt;,       &lt;StopOnIdleEnd&gt;true&lt;/StopOnIdleEnd&gt;,       &lt;RestartOnIdle&gt;false&lt;/RestartOnIdle&gt;,     &lt;/IdleSettings&gt;,     &lt;AllowStartOnDemand&gt;true&lt;/AllowStartOnDemand&gt;,     &lt;Enabled&gt;true&lt;/Enabled&gt;,     &lt;Hidden&gt;false&lt;/Hidden&gt;,     &lt;RunOnlyIfIdle&gt;false&lt;/RunOnlyIfIdle&gt;,     &lt;DisallowStartOnRemoteAppSession&gt;false&lt;/DisallowStartOnRemoteAppSession&gt;,     &lt;UseUnifiedSchedulingEngine&gt;true&lt;/UseUnifiedSchedulingEngine&gt;,     &lt;WakeToRun&gt;false&lt;/WakeToRun&gt;,     &lt;ExecutionTimeLimit&gt;PT72H&lt;/ExecutionTimeLimit&gt;,     &lt;Priority&gt;6&lt;/Priority&gt;,   &lt;/Settings&gt;,   &lt;Actions Context=\""Author\""&gt;,     &lt;Exec&gt;,       &lt;Command&gt;C:\\Windows\\Explorer.EXE&lt;/Command&gt;,       &lt;Arguments&gt;/NoUACCheck&lt;/Arguments&gt;,     &lt;/Exec&gt;,   &lt;/Actions&gt;,   &lt;Principals&gt;,     &lt;Principal id=\""Author\""&gt;,       &lt;UserId&gt;FORELA\\Administrator&lt;/UserId&gt;,       &lt;LogonType&gt;InteractiveToken&lt;/LogonType&gt;,       &lt;RunLevel&gt;LeastPrivilege&lt;/RunLevel&gt;,     &lt;/Principal&gt;,   &lt;/Principals&gt;, &lt;/Task&gt;""},{""@Name"":""ClientProcessStartKey"",""#text"":""2814749767106679""},{""@Name"":""ClientProcessId"",""#text"":""6264""},{""@Name"":""ParentProcessId"",""#text"":""6244""},{""@Name"":""RpcCallClientLocality"",""#text"":""0""},{""@Name"":""FQDN"",""#text"":""DC01.forela.local""}]}}"
123,5936,2024-05-14 03:42:44.2955097,5379,LogAlways,Microsoft-Windows-Security-Auditing,Security,828,556,DC01.forela.local,2,,Credential Manager credentials were read,LOCAL SERVICE,,SID: S-1-5-19,Domain: NT AUTHORITY,LogonID: 0x3E5,CountOfCredentialsReturned: 0,,ActivityID: 9e03aa9f-a5b0-0005-01ab-039eb0a5da01,WindowsLive:(token):name=02gqqycogetgggtv;serviceuri=*,False,C:\Users\quentin\Documents\repo\writeups\CrownJewel-1\Artifacts\SECURITY.evtx,Audit success,0,"{""EventData"":{""Data"":[{""@Name"":""SubjectUserSid"",""#text"":""S-1-5-19""},{""@Name"":""SubjectUserName"",""#text"":""LOCAL SERVICE""},{""@Name"":""SubjectDomainName"",""#text"":""NT AUTHORITY""},{""@Name"":""SubjectLogonId"",""#text"":""0x3E5""},{""@Name"":""TargetName"",""#text"":""WindowsLive:(token):name=02gqqycogetgggtv;serviceuri=*""},{""@Name"":""Type"",""#text"":""0""},{""@Name"":""CountOfCredentialsReturned"",""#text"":""0""},{""@Name"":""ReadOperation"",""#text"":""%%8100""},{""@Name"":""ReturnCode"",""#text"":""3221226021""},{""@Name"":""ProcessCreationTime"",""#text"":""2024-05-14 03:42:11.3613791""},{""@Name"":""ClientProcessId"",""#text"":""4328""}]}}"
124,5937,2024-05-14 03:42:44.2956991,5379,LogAlways,Microsoft-Windows-Security-Auditing,Security,828,556,DC01.forela.local,2,,Credential Manager credentials were read,LOCAL SERVICE,,SID: S-1-5-19,Domain: NT AUTHORITY,LogonID: 0x3E5,CountOfCredentialsReturned: 0,,ActivityID: 9e03aa9f-a5b0-0005-01ab-039eb0a5da01,WindowsLive:(cert):name=02gqqycogetgggtv;serviceuri=*,False,C:\Users\quentin\Documents\repo\writeups\CrownJewel-1\Artifacts\SECURITY.evtx,Audit success,0,"{""EventData"":{""Data"":[{""@Name"":""SubjectUserSid"",""#text"":""S-1-5-19""},{""@Name"":""SubjectUserName"",""#text"":""LOCAL SERVICE""},{""@Name"":""SubjectDomainName"",""#text"":""NT AUTHORITY""},{""@Name"":""SubjectLogonId"",""#text"":""0x3E5""},{""@Name"":""TargetName"",""#text"":""WindowsLive:(cert):name=02gqqycogetgggtv;serviceuri=*""},{""@Name"":""Type"",""#text"":""0""},{""@Name"":""CountOfCredentialsReturned"",""#text"":""0""},{""@Name"":""ReadOperation"",""#text"":""%%8100""},{""@Name"":""ReturnCode"",""#text"":""3221226021""},{""@Name"":""ProcessCreationTime"",""#text"":""2024-05-14 03:42:11.3613791""},{""@Name"":""ClientProcessId"",""#text"":""4328""}]}}"
125,5938,2024-05-14 03:42:44.2958118,5379,LogAlways,Microsoft-Windows-Security-Auditing,Security,828,556,DC01.forela.local,2,,Credential Manager credentials were read,LOCAL SERVICE,,SID: S-1-5-19,Domain: NT AUTHORITY,LogonID: 0x3E5,CountOfCredentialsReturned: 1,,ActivityID: 9e03aa9f-a5b0-0005-01ab-039eb0a5da01,WindowsLive:target=virtualapp/didlogical,False,C:\Users\quentin\Documents\repo\writeups\CrownJewel-1\Artifacts\SECURITY.evtx,Audit success,0,"{""EventData"":{""Data"":[{""@Name"":""SubjectUserSid"",""#text"":""S-1-5-19""},{""@Name"":""SubjectUserName"",""#text"":""LOCAL SERVICE""},{""@Name"":""SubjectDomainName"",""#text"":""NT AUTHORITY""},{""@Name"":""SubjectLogonId"",""#text"":""0x3E5""},{""@Name"":""TargetName"",""#text"":""WindowsLive:target=virtualapp/didlogical""},{""@Name"":""Type"",""#text"":""0""},{""@Name"":""CountOfCredentialsReturned"",""#text"":""1""},{""@Name"":""ReadOperation"",""#text"":""%%8100""},{""@Name"":""ReturnCode"",""#text"":""0""},{""@Name"":""ProcessCreationTime"",""#text"":""2024-05-14 03:42:11.3613791""},{""@Name"":""ClientProcessId"",""#text"":""4328""}]}}"
126,5939,2024-05-14 03:42:48.4121348,5379,LogAlways,Microsoft-Windows-Security-Auditing,Security,828,556,DC01.forela.local,2,,Credential Manager credentials were read,Administrator,,SID: S-1-5-21-3239415629-1862073780-2394361899-500,Domain: FORELA,LogonID: 0xA8B86,CountOfCredentialsReturned: 0,,ActivityID: 9e03aa9f-a5b0-0005-01ab-039eb0a5da01,ServerManager*,False,C:\Users\quentin\Documents\repo\writeups\CrownJewel-1\Artifacts\SECURITY.evtx,Audit success,0,"{""EventData"":{""Data"":[{""@Name"":""SubjectUserSid"",""#text"":""S-1-5-21-3239415629-1862073780-2394361899-500""},{""@Name"":""SubjectUserName"",""#text"":""Administrator""},{""@Name"":""SubjectDomainName"",""#text"":""FORELA""},{""@Name"":""SubjectLogonId"",""#text"":""0xA8B86""},{""@Name"":""TargetName"",""#text"":""ServerManager*""},{""@Name"":""Type"",""#text"":""0""},{""@Name"":""CountOfCredentialsReturned"",""#text"":""0""},{""@Name"":""ReadOperation"",""#text"":""%%8100""},{""@Name"":""ReturnCode"",""#text"":""3221226021""},{""@Name"":""ProcessCreationTime"",""#text"":""2024-05-14 03:42:45.8019660""},{""@Name"":""ClientProcessId"",""#text"":""6992""}]}}"
1,2850,2024-05-14 03:40:32.8907214,7036,Info,Service Control Manager,System,744,3888,DC01.forela.local,0,,Service started or stopped,,,Name: Windows Modules Installer | Windows Modules Installer,Status: stopped,,,,,,False,C:\Users\quentin\Documents\repo\writeups\CrownJewel-1\Artifacts\SYSTEM.evtx,"Audit success, classic",0,"{""EventData"":{""Data"":[{""@Name"":""param1"",""#text"":""Windows Modules Installer""},{""@Name"":""param2"",""#text"":""stopped""}],""Binary"":""54-00-72-00-75-00-73-00-74-00-65-00-64-00-49-00-6E-00-73-00-74-00-61-00-6C-00-6C-00-65-00-72-00-2F-00-31-00-00-00""}}"
2,2851,2024-05-14 03:41:34.4933071,12,Info,Microsoft-Windows-Kernel-General,System,4,8,DC01.forela.local,0,S-1-5-18,OS was started,,,StartTime: 2024-05-14 03:41:33.5000000,BootMode: Normal boot,,,,,,False,C:\Users\quentin\Documents\repo\writeups\CrownJewel-1\Artifacts\SYSTEM.evtx,State,0,"{""EventData"":{""Data"":[{""@Name"":""MajorVersion"",""#text"":""10""},{""@Name"":""MinorVersion"",""#text"":""0""},{""@Name"":""BuildVersion"",""#text"":""20348""},{""@Name"":""QfeVersion"",""#text"":""587""},{""@Name"":""ServiceVersion"",""#text"":""0""},{""@Name"":""BootMode"",""#text"":""0""},{""@Name"":""StartTime"",""#text"":""2024-05-14 03:41:33.5000000""}]}}"
3,2852,2024-05-14 03:41:34.4934513,153,Info,Microsoft-Windows-Kernel-Boot,System,4,8,DC01.forela.local,0,S-1-5-18,,,,,,,,,,,False,C:\Users\quentin\Documents\repo\writeups\CrownJewel-1\Artifacts\SYSTEM.evtx,Classic,0,"{""EventData"":{""Data"":[{""@Name"":""Status"",""#text"":""0""},{""@Name"":""EnableDisableReason"",""#text"":""0""},{""@Name"":""VsmPolicy"",""#text"":""0""}]}}"
4,2853,2024-05-14 03:41:34.4935616,20,Info,Microsoft-Windows-Kernel-Boot,System,4,8,DC01.forela.local,0,S-1-5-18,,,,,,,,,,,False,C:\Users\quentin\Documents\repo\writeups\CrownJewel-1\Artifacts\SYSTEM.evtx,Classic,0,"{""EventData"":{""Data"":[{""@Name"":""LastShutdownGood"",""#text"":""False""},{""@Name"":""LastBootGood"",""#text"":""True""},{""@Name"":""LastBootId"",""#text"":""9""},{""@Name"":""BootStatusPolicy"",""#text"":""2""}]}}"
5,2854,2024-05-14 03:41:34.4935866,238,Info,Microsoft-Windows-Kernel-Boot,System,4,8,DC01.forela.local,0,S-1-5-18,,,,,,,,,,,False,C:\Users\quentin\Documents\repo\writeups\CrownJewel-1\Artifacts\SYSTEM.evtx,Classic,0,"{""EventData"":{""Data"":[{""@Name"":""EfiTimeZoneBias"",""#text"":""2047""},{""@Name"":""EfiDaylightFlags"",""#text"":""0""},{""@Name"":""EfiTime"",""#text"":""2024-05-14 08:41:33.0000000""}]}}"
6,2855,2024-05-14 03:41:34.4935906,25,Info,Microsoft-Windows-Kernel-Boot,System,4,8,DC01.forela.local,0,S-1-5-18,,,,,,,,,,,False,C:\Users\quentin\Documents\repo\writeups\CrownJewel-1\Artifacts\SYSTEM.evtx,Classic,0,"{""EventData"":{""Data"":{""@Name"":""BootMenuPolicy"",""#text"":""0""}}}"
7,2856,2024-05-14 03:41:34.4935945,27,Info,Microsoft-Windows-Kernel-Boot,System,4,8,DC01.forela.local,0,S-1-5-18,,,,,,,,,,,False,C:\Users\quentin\Documents\repo\writeups\CrownJewel-1\Artifacts\SYSTEM.evtx,Classic,0,"{""EventData"":{""Data"":[{""@Name"":""BootType"",""#text"":""0""},{""@Name"":""LoadOptions"",""#text"":"" NOEXECUTE=OPTOUT  FVEBOOT=2670592""}]}}"
8,2857,2024-05-14 03:41:34.4936323,18,Info,Microsoft-Windows-Kernel-Boot,System,4,8,DC01.forela.local,0,S-1-5-18,,,,,,,,,,,False,C:\Users\quentin\Documents\repo\writeups\CrownJewel-1\Artifacts\SYSTEM.evtx,Classic,0,"{""EventData"":{""Data"":{""@Name"":""EntryCount"",""#text"":""1""}}}"
9,2858,2024-05-14 03:41:34.4936481,32,Info,Microsoft-Windows-Kernel-Boot,System,4,8,DC01.forela.local,0,S-1-5-18,,,,,,,,,,,False,C:\Users\quentin\Documents\repo\writeups\CrownJewel-1\Artifacts\SYSTEM.evtx,Classic,0,"{""EventData"":{""Data"":{""@Name"":""BitlockerUserInputTime"",""#text"":""0""}}}"
10,2859,2024-05-14 03:41:34.4973961,20,Info,Microsoft-Windows-Kernel-General,System,4,8,DC01.forela.local,0,S-1-5-18,,,,,,,,,,,False,C:\Users\quentin\Documents\repo\writeups\CrownJewel-1\Artifacts\SYSTEM.evtx,Time,0,"{""EventData"":{""Data"":[{""@Name"":""UpdateReason"",""#text"":""0""},{""@Name"":""EnabledNew"",""#text"":""True""},{""@Name"":""CountNew"",""#text"":""0""},{""@Name"":""CountOld"",""#text"":""0""}]}}"
11,2860,2024-05-14 03:41:34.5832670,16,Info,Microsoft-Windows-HAL,System,4,8,DC01.forela.local,0,S-1-5-18,,,,,,,,,,,False,C:\Users\quentin\Documents\repo\writeups\CrownJewel-1\Artifacts\SYSTEM.evtx,Classic,0,"{""EventData"":""""}"
12,2861,2024-05-14 03:41:55.0589299,6008,Error,EventLog,System,0,0,DC01.forela.local,0,,Unexpected system shutdown,,,"Timestamp: 8:39:59 AM, ‎5/‎14/‎2024, 850",,,,,,,False,C:\Users\quentin\Documents\repo\writeups\CrownJewel-1\Artifacts\SYSTEM.evtx,0x80000000000000,0,"{""EventData"":{""Data"":""8:39:59 AM, ‎5/‎14/‎2024, 850"",""Binary"":""E8-07-05-00-02-00-0E-00-08-00-27-00-3B-00-3E-00-E8-07-05-00-02-00-0E-00-03-00-27-00-3B-00-3E-00-3C-00-00-00-3C-00-00-00-00-00-00-00-00-00-00-00-00-00-00-00-00-00-00-00-01-00-00-00-C0-37-21-02""}}"
13,2862,2024-05-14 03:41:55.0589299,6009,Info,EventLog,System,0,0,DC01.forela.local,0,,,,,,,,,,,,False,C:\Users\quentin\Documents\repo\writeups\CrownJewel-1\Artifacts\SYSTEM.evtx,0x80000000000000,0,"{""EventData"":{""Data"":""10.00., 20348, Multiprocessor Free, 0"",""Binary"":""""}}"
14,2863,2024-05-14 03:41:55.0589299,6005,Info,EventLog,System,0,0,DC01.forela.local,0,,The Event log service was started,,,Computer: DC01.forela.local,,,,,,,False,C:\Users\quentin\Documents\repo\writeups\CrownJewel-1\Artifacts\SYSTEM.evtx,0x80000000000000,0,"{""EventData"":{""Data"":"""",""Binary"":""E8-07-05-00-02-00-0E-00-03-00-29-00-37-00-3A-00-00-00-00-00-00-00-00-00""}}"
15,2864,2024-05-14 03:41:55.0589299,6013,Info,EventLog,System,0,0,DC01.forela.local,0,,System uptime,,,The system uptime is 21 seconds,"TimeZone: 60, -300 Pakistan Standard Time",,,,,,False,C:\Users\quentin\Documents\repo\writeups\CrownJewel-1\Artifacts\SYSTEM.evtx,0x80000000000000,0,"{""EventData"":{""Data"":""21, 60, -300 Pakistan Standard Time"",""Binary"":""31-00-2E-00-31-00-00-00-30-00-00-00-57-00-69-00-6E-00-64-00-6F-00-77-00-73-00-20-00-53-00-65-00-72-00-76-00-65-00-72-00-20-00-32-00-30-00-32-00-32-00-20-00-53-00-74-00-61-00-6E-00-64-00-61-00-72-00-64-00-20-00-45-00-76-00-61-00-6C-00-75-00-61-00-74-00-69-00-6F-00-6E-00-00-00-31-00-30-00-2E-00-30-00-2E-00-32-00-30-00-33-00-34-00-38-00-20-00-42-00-75-00-69-00-6C-00-64-00-20-00-32-00-30-00-33-00-34-00-38-00-20-00-20-00-00-00-4D-00-75-00-6C-00-74-00-69-00-70-00-72-00-6F-00-63-00-65-00-73-00-73-00-6F-00-72-00-20-00-46-00-72-00-65-00-65-00-00-00-32-00-30-00-33-00-34-00-38-00-2E-00-66-00-65-00-5F-00-72-00-65-00-6C-00-65-00-61-00-73-00-65-00-2E-00-32-00-31-00-30-00-35-00-30-00-37-00-2D-00-31-00-35-00-30-00-30-00-00-00-36-00-34-00-30-00-37-00-39-00-34-00-36-00-31-00-00-00-4E-00-6F-00-74-00-20-00-41-00-76-00-61-00-69-00-6C-00-61-00-62-00-6C-00-65-00-00-00-4E-00-6F-00-74-00-20-00-41-00-76-00-61-00-69-00-6C-00-61-00-62-00-6C-00-65-00-00-00-39-00-00-00-38-00-00-00-36-00-36-00-35-00-36-00-00-00-34-00-30-00-39-00-00-00-44-00-43-00-30-00-31-00-2E-00-66-00-6F-00-72-00-65-00-6C-00-61-00-2E-00-6C-00-6F-00-63-00-61-00-6C-00-00-00-00-00""}}"
16,2865,2024-05-14 03:41:36.4874971,3,Info,vmci,System,4,196,DC01.forela.local,0,,,,,,,,,,,,False,C:\Users\quentin\Documents\repo\writeups\CrownJewel-1\Artifacts\SYSTEM.evtx,0x80000000000000,0,"{""EventData"":{""Data"":""VMCI: Using capabilities (0x1c).\n"",""Binary"":""00-00-00-00-02-00-28-00-00-00-00-00-03-00-08-40-03-00-08-40-00-00-00-00-00-00-00-00-00-00-00-00-00-00-00-00-00-00-00-00""}}"
17,2866,2024-05-14 03:41:38.4474559,6,Info,Microsoft-Windows-FilterManager,System,4,8,DC01.forela.local,0,S-1-5-18,,,,,,,,,,,False,C:\Users\quentin\Documents\repo\writeups\CrownJewel-1\Artifacts\SYSTEM.evtx,Classic,0,"{""EventData"":{""Data"":[{""@Name"":""FinalStatus"",""#text"":""0x0""},{""@Name"":""DeviceVersionMajor"",""#text"":""10""},{""@Name"":""DeviceVersionMinor"",""#text"":""0""},{""@Name"":""DeviceNameLength"",""#text"":""3""},{""@Name"":""DeviceName"",""#text"":""Wof""},{""@Name"":""DeviceTime"",""#text"":""2008-09-17 23:19:58.0000000""}]}}"
18,2867,2024-05-14 03:41:38.4479419,6,Info,Microsoft-Windows-FilterManager,System,4,8,DC01.forela.local,0,S-1-5-18,,,,,,,,,,,False,C:\Users\quentin\Documents\repo\writeups\CrownJewel-1\Artifacts\SYSTEM.evtx,Classic,0,"{""EventData"":{""Data"":[{""@Name"":""FinalStatus"",""#text"":""0x0""},{""@Name"":""DeviceVersionMajor"",""#text"":""10""},{""@Name"":""DeviceVersionMinor"",""#text"":""0""},{""@Name"":""DeviceNameLength"",""#text"":""6""},{""@Name"":""DeviceName"",""#text"":""DfsrRo""},{""@Name"":""DeviceTime"",""#text"":""1999-03-21 06:16:31.0000000""}]}}"
19,2868,2024-05-14 03:41:38.5736967,98,Info,Microsoft-Windows-Ntfs,System,4,200,DC01.forela.local,0,S-1-5-18,,,,,,,,,,,False,C:\Users\quentin\Documents\repo\writeups\CrownJewel-1\Artifacts\SYSTEM.evtx,0x8000000000000002,0,"{""EventData"":{""Data"":[{""@Name"":""DriveName"",""#text"":""C:""},{""@Name"":""DeviceName"",""#text"":""\\Device\\HarddiskVolume3""},{""@Name"":""CorruptionActionState"",""#text"":""0""}]}}"
20,2869,2024-05-14 03:41:38.6450153,162,Error,volmgr,System,4,384,DC01.forela.local,0,,,,,,,,,,,,False,C:\Users\quentin\Documents\repo\writeups\CrownJewel-1\Artifacts\SYSTEM.evtx,0x80000000000000,0,"{""EventData"":{""Data"":""\\Device\\HarddiskVolume3"",""Binary"":""00-00-00-00-01-00-00-00-00-00-00-00-A2-00-04-00-13-47-00-00-00-00-00-00-00-00-00-00-00-00-00-00-00-00-00-00-00-00-00-00""}}"
21,2870,2024-05-14 03:41:38.7004941,6,Info,Microsoft-Windows-FilterManager,System,4,8,DC01.forela.local,0,S-1-5-18,,,,,,,,,,,False,C:\Users\quentin\Documents\repo\writeups\CrownJewel-1\Artifacts\SYSTEM.evtx,Classic,0,"{""EventData"":{""Data"":[{""@Name"":""FinalStatus"",""#text"":""0x0""},{""@Name"":""DeviceVersionMajor"",""#text"":""10""},{""@Name"":""DeviceVersionMinor"",""#text"":""0""},{""@Name"":""DeviceNameLength"",""#text"":""9""},{""@Name"":""DeviceName"",""#text"":""FileCrypt""},{""@Name"":""DeviceTime"",""#text"":""2088-05-24 11:57:52.0000000""}]}}"
22,2871,2024-05-14 03:41:38.7043606,6,Info,Microsoft-Windows-FilterManager,System,4,8,DC01.forela.local,0,S-1-5-18,,,,,,,,,,,False,C:\Users\quentin\Documents\repo\writeups\CrownJewel-1\Artifacts\SYSTEM.evtx,Classic,0,"{""EventData"":{""Data"":[{""@Name"":""FinalStatus"",""#text"":""0x0""},{""@Name"":""DeviceVersionMajor"",""#text"":""10""},{""@Name"":""DeviceVersionMinor"",""#text"":""0""},{""@Name"":""DeviceNameLength"",""#text"":""9""},{""@Name"":""DeviceName"",""#text"":""DfsDriver""},{""@Name"":""DeviceTime"",""#text"":""2053-07-29 14:36:42.0000000""}]}}"
23,2872,2024-05-14 03:41:38.8780813,6,Info,Microsoft-Windows-FilterManager,System,4,8,DC01.forela.local,0,S-1-5-18,,,,,,,,,,,False,C:\Users\quentin\Documents\repo\writeups\CrownJewel-1\Artifacts\SYSTEM.evtx,Classic,0,"{""EventData"":{""Data"":[{""@Name"":""FinalStatus"",""#text"":""0x0""},{""@Name"":""DeviceVersionMajor"",""#text"":""10""},{""@Name"":""DeviceVersionMinor"",""#text"":""0""},{""@Name"":""DeviceNameLength"",""#text"":""9""},{""@Name"":""DeviceName"",""#text"":""npsvctrig""},{""@Name"":""DeviceTime"",""#text"":""2015-04-02 15:42:38.0000000""}]}}"
24,2873,2024-05-14 03:41:38.9298503,41,Critical,Microsoft-Windows-Kernel-Power,System,4,8,DC01.forela.local,0,S-1-5-18,,,,,,,,,,,False,C:\Users\quentin\Documents\repo\writeups\CrownJewel-1\Artifacts\SYSTEM.evtx,0x8000400000000002,0,"{""EventData"":{""Data"":[{""@Name"":""BugcheckCode"",""#text"":""292""},{""@Name"":""BugcheckParameter1"",""#text"":""0x10""},{""@Name"":""BugcheckParameter2"",""#text"":""0xFFFF970B136E9028""},{""@Name"":""BugcheckParameter3"",""#text"":""0xFFFF970B0AD5A09C""},{""@Name"":""BugcheckParameter4"",""#text"":""0xFFFF970B0AA5A1A0""},{""@Name"":""SleepInProgress"",""#text"":""0""},{""@Name"":""PowerButtonTimestamp"",""#text"":""0""},{""@Name"":""BootAppStatus"",""#text"":""0""},{""@Name"":""Checkpoint"",""#text"":""0""},{""@Name"":""ConnectedStandbyInProgress"",""#text"":""False""},{""@Name"":""SystemSleepTransitionsToOn"",""#text"":""0""},{""@Name"":""CsEntryScenarioInstanceId"",""#text"":""0""},{""@Name"":""BugcheckInfoFromEFI"",""#text"":""False""},{""@Name"":""CheckpointStatus"",""#text"":""0""},{""@Name"":""CsEntryScenarioInstanceIdV2"",""#text"":""0""},{""@Name"":""LongPowerButtonPressDetected"",""#text"":""False""}]}}"
25,2874,2024-05-14 03:41:38.9300940,172,Info,Microsoft-Windows-Kernel-Power,System,4,408,DC01.forela.local,0,S-1-5-18,,,,,,,,,,,False,C:\Users\quentin\Documents\repo\writeups\CrownJewel-1\Artifacts\SYSTEM.evtx,0x8000000000000404,0,"{""EventData"":{""Data"":[{""@Name"":""State"",""#text"":""2""},{""@Name"":""Reason"",""#text"":""6""}]}}"
26,2875,2024-05-14 03:41:41.3351978,55,Info,Microsoft-Windows-Kernel-Processor-Power,System,4,384,DC01.forela.local,0,S-1-5-18,,,,,,,,,,,False,C:\Users\quentin\Documents\repo\writeups\CrownJewel-1\Artifacts\SYSTEM.evtx,Classic,0,"{""EventData"":{""Data"":[{""@Name"":""Group"",""#text"":""0""},{""@Name"":""Number"",""#text"":""0""},{""@Name"":""IdleStateCount"",""#text"":""1""},{""@Name"":""IdleImplementation"",""#text"":""1""},{""@Name"":""NominalFrequency"",""#text"":""3693""},{""@Name"":""MaximumPerformancePercent"",""#text"":""100""},{""@Name"":""MinimumPerformancePercent"",""#text"":""100""},{""@Name"":""MinimumThrottlePercent"",""#text"":""100""},{""@Name"":""PerformanceImplementation"",""#text"":""0""}]}}"
27,2876,2024-05-14 03:41:41.3359615,55,Info,Microsoft-Windows-Kernel-Processor-Power,System,4,384,DC01.forela.local,0,S-1-5-18,,,,,,,,,,,False,C:\Users\quentin\Documents\repo\writeups\CrownJewel-1\Artifacts\SYSTEM.evtx,Classic,0,"{""EventData"":{""Data"":[{""@Name"":""Group"",""#text"":""0""},{""@Name"":""Number"",""#text"":""1""},{""@Name"":""IdleStateCount"",""#text"":""1""},{""@Name"":""IdleImplementation"",""#text"":""1""},{""@Name"":""NominalFrequency"",""#text"":""3693""},{""@Name"":""MaximumPerformancePercent"",""#text"":""100""},{""@Name"":""MinimumPerformancePercent"",""#text"":""100""},{""@Name"":""MinimumThrottlePercent"",""#text"":""100""},{""@Name"":""PerformanceImplementation"",""#text"":""0""}]}}"
28,2877,2024-05-14 03:41:41.3364912,55,Info,Microsoft-Windows-Kernel-Processor-Power,System,4,384,DC01.forela.local,0,S-1-5-18,,,,,,,,,,,False,C:\Users\quentin\Documents\repo\writeups\CrownJewel-1\Artifacts\SYSTEM.evtx,Classic,0,"{""EventData"":{""Data"":[{""@Name"":""Group"",""#text"":""0""},{""@Name"":""Number"",""#text"":""2""},{""@Name"":""IdleStateCount"",""#text"":""1""},{""@Name"":""IdleImplementation"",""#text"":""1""},{""@Name"":""NominalFrequency"",""#text"":""3693""},{""@Name"":""MaximumPerformancePercent"",""#text"":""100""},{""@Name"":""MinimumPerformancePercent"",""#text"":""100""},{""@Name"":""MinimumThrottlePercent"",""#text"":""100""},{""@Name"":""PerformanceImplementation"",""#text"":""0""}]}}"
29,2878,2024-05-14 03:41:41.3370457,55,Info,Microsoft-Windows-Kernel-Processor-Power,System,4,384,DC01.forela.local,0,S-1-5-18,,,,,,,,,,,False,C:\Users\quentin\Documents\repo\writeups\CrownJewel-1\Artifacts\SYSTEM.evtx,Classic,0,"{""EventData"":{""Data"":[{""@Name"":""Group"",""#text"":""0""},{""@Name"":""Number"",""#text"":""3""},{""@Name"":""IdleStateCount"",""#text"":""1""},{""@Name"":""IdleImplementation"",""#text"":""1""},{""@Name"":""NominalFrequency"",""#text"":""3693""},{""@Name"":""MaximumPerformancePercent"",""#text"":""100""},{""@Name"":""MinimumPerformancePercent"",""#text"":""100""},{""@Name"":""MinimumThrottlePercent"",""#text"":""100""},{""@Name"":""PerformanceImplementation"",""#text"":""0""}]}}"
30,2879,2024-05-14 03:41:41.3375585,55,Info,Microsoft-Windows-Kernel-Processor-Power,System,4,384,DC01.forela.local,0,S-1-5-18,,,,,,,,,,,False,C:\Users\quentin\Documents\repo\writeups\CrownJewel-1\Artifacts\SYSTEM.evtx,Classic,0,"{""EventData"":{""Data"":[{""@Name"":""Group"",""#text"":""0""},{""@Name"":""Number"",""#text"":""4""},{""@Name"":""IdleStateCount"",""#text"":""1""},{""@Name"":""IdleImplementation"",""#text"":""1""},{""@Name"":""NominalFrequency"",""#text"":""3693""},{""@Name"":""MaximumPerformancePercent"",""#text"":""100""},{""@Name"":""MinimumPerformancePercent"",""#text"":""100""},{""@Name"":""MinimumThrottlePercent"",""#text"":""100""},{""@Name"":""PerformanceImplementation"",""#text"":""0""}]}}"
31,2880,2024-05-14 03:41:41.3380412,55,Info,Microsoft-Windows-Kernel-Processor-Power,System,4,384,DC01.forela.local,0,S-1-5-18,,,,,,,,,,,False,C:\Users\quentin\Documents\repo\writeups\CrownJewel-1\Artifacts\SYSTEM.evtx,Classic,0,"{""EventData"":{""Data"":[{""@Name"":""Group"",""#text"":""0""},{""@Name"":""Number"",""#text"":""5""},{""@Name"":""IdleStateCount"",""#text"":""1""},{""@Name"":""IdleImplementation"",""#text"":""1""},{""@Name"":""NominalFrequency"",""#text"":""3693""},{""@Name"":""MaximumPerformancePercent"",""#text"":""100""},{""@Name"":""MinimumPerformancePercent"",""#text"":""100""},{""@Name"":""MinimumThrottlePercent"",""#text"":""100""},{""@Name"":""PerformanceImplementation"",""#text"":""0""}]}}"
32,2881,2024-05-14 03:41:41.3387537,55,Info,Microsoft-Windows-Kernel-Processor-Power,System,4,384,DC01.forela.local,0,S-1-5-18,,,,,,,,,,,False,C:\Users\quentin\Documents\repo\writeups\CrownJewel-1\Artifacts\SYSTEM.evtx,Classic,0,"{""EventData"":{""Data"":[{""@Name"":""Group"",""#text"":""0""},{""@Name"":""Number"",""#text"":""6""},{""@Name"":""IdleStateCount"",""#text"":""1""},{""@Name"":""IdleImplementation"",""#text"":""1""},{""@Name"":""NominalFrequency"",""#text"":""3693""},{""@Name"":""MaximumPerformancePercent"",""#text"":""100""},{""@Name"":""MinimumPerformancePercent"",""#text"":""100""},{""@Name"":""MinimumThrottlePercent"",""#text"":""100""},{""@Name"":""PerformanceImplementation"",""#text"":""0""}]}}"
33,2882,2024-05-14 03:41:41.3394709,55,Info,Microsoft-Windows-Kernel-Processor-Power,System,4,384,DC01.forela.local,0,S-1-5-18,,,,,,,,,,,False,C:\Users\quentin\Documents\repo\writeups\CrownJewel-1\Artifacts\SYSTEM.evtx,Classic,0,"{""EventData"":{""Data"":[{""@Name"":""Group"",""#text"":""0""},{""@Name"":""Number"",""#text"":""7""},{""@Name"":""IdleStateCount"",""#text"":""1""},{""@Name"":""IdleImplementation"",""#text"":""1""},{""@Name"":""NominalFrequency"",""#text"":""3693""},{""@Name"":""MaximumPerformancePercent"",""#text"":""100""},{""@Name"":""MinimumPerformancePercent"",""#text"":""100""},{""@Name"":""MinimumThrottlePercent"",""#text"":""100""},{""@Name"":""PerformanceImplementation"",""#text"":""0""}]}}"
34,2883,2024-05-14 03:41:41.5691657,32,Info,e1i68x64,System,4,412,DC01.forela.local,0,,,,,,,,,,,,False,C:\Users\quentin\Documents\repo\writeups\CrownJewel-1\Artifacts\SYSTEM.evtx,0x80000000000000,0,"{""EventData"":{""Data"":""Intel(R) 82574L Gigabit Network Connection"",""Binary"":""00-00-04-00-02-00-30-00-00-00-00-00-20-00-04-60-00-00-00-00-00-00-00-00-00-00-00-00-00-00-00-00-00-00-00-00-00-00-00-00-20-00-04-60""}}"
35,2884,2024-05-14 03:41:41.6057956,98,Info,Microsoft-Windows-Ntfs,System,4,384,DC01.forela.local,0,S-1-5-18,,,,,,,,,,,False,C:\Users\quentin\Documents\repo\writeups\CrownJewel-1\Artifacts\SYSTEM.evtx,0x8000000000000002,0,"{""EventData"":{""Data"":[{""@Name"":""DriveName"",""#text"":""\\\\?\\Volume{c526ee1b-ba64-405c-a85b-a486eddd36cb}""},{""@Name"":""DeviceName"",""#text"":""\\Device\\HarddiskVolume4""},{""@Name"":""CorruptionActionState"",""#text"":""0""}]}}"
