68,68,2023-03-09 09:15:21.1276922,10,Info,Microsoft-Windows-Ntfs,Microsoft-Windows-Ntfs/Operational,4,348,DC01.forela.local,1,S-1-5-18,,,,,,,,,,,False,C:\Users\quentin\Documents\repo\writeups\CrownJewel-1\Artifacts\Microsoft-Windows-NTFS.evtx,0x4000000000200000,0,"{""EventData"":{""Data"":[{""@Name"":""VolumeCorrelationId"",""#text"":""17a28535-1e81-4f9f-8b4a-85bb7474b0c9""},{""@Name"":""VolumeId"",""#text"":""C:""},{""@Name"":""VolumeLabel""},{""@Name"":""DeviceName"",""#text"":""\\Device\\HarddiskVolume3""},{""@Name"":""DeviceGuid"",""#text"":""7b6f1752-bd95-6e22-e3a5-6ee8419ecad7""},{""@Name"":""VendorId""},{""@Name"":""ProductId"",""#text"":""VMware Virtual NVMe Disk""},{""@Name"":""ProductRevision"",""#text"":""1.0""},{""@Name"":""DeviceSerialNumber"",""#text"":""VMWare NVME_0000""},{""@Name"":""BusType"",""#text"":""17""},{""@Name"":""AdapterSerialNumber"",""#text"":""VMWare NVME_0000""},{""@Name"":""MediaType"",""#text"":""1""},{""@Name"":""RunsCached"",""#text"":""124""},{""@Name"":""LongestRunCached"",""#text"":""93307809792""},{""@Name"":""LongestRunCachedStr"",""#text"":""86.90 GB""},{""@Name"":""MostPopulatedBinCount"",""#text"":""12""},{""@Name"":""MostPopulatedBinMinLength"",""#text"":""16384""},{""@Name"":""MostPopulatedBinMinLengthStr"",""#text"":""16 KB""},{""@Name"":""MostPopulatedBinMaxLength"",""#text"":""16384""},{""@Name"":""MostPopulatedBinMaxLengthStr"",""#text"":""16 KB""},{""@Name"":""TotalCachedRuns"",""#text"":""1""},{""@Name"":""CachedRunsLogged"",""#text"":""1""},{""@Name"":""CachedRunsAlignment"",""#text"":""1""},{""@Name"":""RunsInCachedRuns"",""#text"":""124""},{""@Name"":""LongestRunInCachedRuns"",""#text"":""93307809792""},{""@Name"":""MostPopulatedBinCountInCachedRuns"",""#text"":""12""},{""@Name"":""MostPopulatedBinMinLengthInCachedRuns"",""#text"":""16384""},{""@Name"":""MostPopulatedBinMaxLengthInCachedRuns"",""#text"":""16384""}]}}"
69,69,2023-03-09 09:15:21.1277030,4,Info,Microsoft-Windows-Ntfs,Microsoft-Windows-Ntfs/Operational,4,32,DC01.forela.local,1,S-1-5-18,,,,,,,,,,,False,C:\Users\quentin\Documents\repo\writeups\CrownJewel-1\Artifacts\Microsoft-Windows-NTFS.evtx,0x4001000000000020,3360,"{""EventData"":{""Data"":[{""@Name"":""VolumeCorrelationId"",""#text"":""17a28535-1e81-4f9f-8b4a-85bb7474b0c9""},{""@Name"":""VolumeIdLength"",""#text"":""2""},{""@Name"":""VolumeId"",""#text"":""C:""},{""@Name"":""VolumeLabelLength"",""#text"":""0""},{""@Name"":""VolumeLabel""},{""@Name"":""DeviceNameLength"",""#text"":""23""},{""@Name"":""DeviceName"",""#text"":""\\Device\\HarddiskVolume3""},{""@Name"":""DeviceGuid"",""#text"":""7b6f1752-bd95-6e22-e3a5-6ee8419ecad7""},{""@Name"":""VendorIdLength"",""#text"":""0""},{""@Name"":""VendorId""},{""@Name"":""ProductIdLength"",""#text"":""24""},{""@Name"":""ProductId"",""#text"":""VMware Virtual NVMe Disk""},{""@Name"":""ProductRevisionLength"",""#text"":""3""},{""@Name"":""ProductRevision"",""#text"":""1.0""},{""@Name"":""DeviceSerialNumberLength"",""#text"":""16""},{""@Name"":""DeviceSerialNumber"",""#text"":""VMWare NVME_0000""},{""@Name"":""BusType"",""#text"":""17""},{""@Name"":""AdapterSerialNumberLength"",""#text"":""16""},{""@Name"":""AdapterSerialNumber"",""#text"":""VMWare NVME_0000""},{""@Name"":""Vcb"",""#text"":""0xFFFFC989E5EEF1B0""},{""@Name"":""MountDurationUs"",""#text"":""31639""},{""@Name"":""MountDuration"",""#text"":""31 ms""},{""@Name"":""LongestStage"",""#text"":""8""},{""@Name"":""LongestStageDuration"",""#text"":""15 ms""},{""@Name"":""LongestStagePercentage"",""#text"":""51""},{""@Name"":""SecondLongestStage"",""#text"":""7""},{""@Name"":""SecondLongestStageDuration"",""#text"":""15 ms""},{""@Name"":""SecondLongestStagePercentage"",""#text"":""49""},{""@Name"":""RestartApplied"",""#text"":""False""},{""@Name"":""IsBootVolume"",""#text"":""True""},{""@Name"":""Stage1DurationUs"",""#text"":""0""},{""@Name"":""Stage2DurationUs"",""#text"":""0""},{""@Name"":""Stage3DurationUs"",""#text"":""0""},{""@Name"":""Stage4DurationUs"",""#text"":""0""},{""@Name"":""Stage5DurationUs"",""#text"":""0""},{""@Name"":""Stage6DurationUs"",""#text"":""0""},{""@Name"":""Stage7DurationUs"",""#text"":""15646""},{""@Name"":""Stage8DurationUs"",""#text"":""15993""},{""@Name"":""Stage9DurationUs"",""#text"":""0""},{""@Name"":""Stage10DurationUs"",""#text"":""0""}]}}"
70,70,2023-03-09 09:15:24.9140672,9,Info,Microsoft-Windows-Ntfs,Microsoft-Windows-Ntfs/Operational,4,176,DC01.forela.local,1,S-1-5-18,,,,,,,,,,,False,C:\Users\quentin\Documents\repo\writeups\CrownJewel-1\Artifacts\Microsoft-Windows-NTFS.evtx,0x4000000000200000,0,"{""EventData"":{""Data"":[{""@Name"":""VolumeCorrelationId"",""#text"":""c526ee1b-ba64-405c-a85b-a486eddd36cb""},{""@Name"":""VolumeIdLength"",""#text"":""48""},{""@Name"":""VolumeId"",""#text"":""\\\\?\\Volume{c526ee1b-ba64-405c-a85b-a486eddd36cb}""},{""@Name"":""VolumeLabelLength"",""#text"":""0""},{""@Name"":""VolumeLabel""},{""@Name"":""DeviceNameLength"",""#text"":""23""},{""@Name"":""DeviceName"",""#text"":""\\Device\\HarddiskVolume4""},{""@Name"":""DeviceGuid"",""#text"":""7b6f1752-bd95-6e22-e3a5-6ee8419ecad7""},{""@Name"":""VendorIdLength"",""#text"":""0""},{""@Name"":""VendorId""},{""@Name"":""ProductIdLength"",""#text"":""24""},{""@Name"":""ProductId"",""#text"":""VMware Virtual NVMe Disk""},{""@Name"":""ProductRevisionLength"",""#text"":""3""},{""@Name"":""ProductRevision"",""#text"":""1.0""},{""@Name"":""DeviceSerialNumberLength"",""#text"":""16""},{""@Name"":""DeviceSerialNumber"",""#text"":""VMWare NVME_0000""},{""@Name"":""BusType"",""#text"":""17""},{""@Name"":""AdapterSerialNumberLength"",""#text"":""16""},{""@Name"":""AdapterSerialNumber"",""#text"":""VMWare NVME_0000""},{""@Name"":""DurationUs"",""#text"":""921""},{""@Name"":""InputFlags"",""#text"":""0xE""},{""@Name"":""Reason"",""#text"":""1""},{""@Name"":""Flags"",""#text"":""0x10""}]}}"
71,71,2023-03-09 09:15:24.9140866,4,Info,Microsoft-Windows-Ntfs,Microsoft-Windows-Ntfs/Operational,4,32,DC01.forela.local,1,S-1-5-18,,,,,,,,,,,False,C:\Users\quentin\Documents\repo\writeups\CrownJewel-1\Artifacts\Microsoft-Windows-NTFS.evtx,0x4001000000000020,0,"{""EventData"":{""Data"":[{""@Name"":""VolumeCorrelationId"",""#text"":""c526ee1b-ba64-405c-a85b-a486eddd36cb""},{""@Name"":""VolumeIdLength"",""#text"":""48""},{""@Name"":""VolumeId"",""#text"":""\\\\?\\Volume{c526ee1b-ba64-405c-a85b-a486eddd36cb}""},{""@Name"":""VolumeLabelLength"",""#text"":""0""},{""@Name"":""VolumeLabel""},{""@Name"":""DeviceNameLength"",""#text"":""23""},{""@Name"":""DeviceName"",""#text"":""\\Device\\HarddiskVolume4""},{""@Name"":""DeviceGuid"",""#text"":""7b6f1752-bd95-6e22-e3a5-6ee8419ecad7""},{""@Name"":""VendorIdLength"",""#text"":""0""},{""@Name"":""VendorId""},{""@Name"":""ProductIdLength"",""#text"":""24""},{""@Name"":""ProductId"",""#text"":""VMware Virtual NVMe Disk""},{""@Name"":""ProductRevisionLength"",""#text"":""3""},{""@Name"":""ProductRevision"",""#text"":""1.0""},{""@Name"":""DeviceSerialNumberLength"",""#text"":""16""},{""@Name"":""DeviceSerialNumber"",""#text"":""VMWare NVME_0000""},{""@Name"":""BusType"",""#text"":""17""},{""@Name"":""AdapterSerialNumberLength"",""#text"":""16""},{""@Name"":""AdapterSerialNumber"",""#text"":""VMWare NVME_0000""},{""@Name"":""Vcb"",""#text"":""0xFFFFC989E77201B0""},{""@Name"":""MountDurationUs"",""#text"":""30994""},{""@Name"":""MountDuration"",""#text"":""30 ms""},{""@Name"":""LongestStage"",""#text"":""8""},{""@Name"":""LongestStageDuration"",""#text"":""15 ms""},{""@Name"":""LongestStagePercentage"",""#text"":""51""},{""@Name"":""SecondLongestStage"",""#text"":""1""},{""@Name"":""SecondLongestStageDuration"",""#text"":""15 ms""},{""@Name"":""SecondLongestStagePercentage"",""#text"":""49""},{""@Name"":""RestartApplied"",""#text"":""False""},{""@Name"":""IsBootVolume"",""#text"":""False""},{""@Name"":""Stage1DurationUs"",""#text"":""15216""},{""@Name"":""Stage2DurationUs"",""#text"":""0""},{""@Name"":""Stage3DurationUs"",""#text"":""0""},{""@Name"":""Stage4DurationUs"",""#text"":""0""},{""@Name"":""Stage5DurationUs"",""#text"":""0""},{""@Name"":""Stage6DurationUs"",""#text"":""0""},{""@Name"":""Stage7DurationUs"",""#text"":""0""},{""@Name"":""Stage8DurationUs"",""#text"":""15777""},{""@Name"":""Stage9DurationUs"",""#text"":""0""},{""@Name"":""Stage10DurationUs"",""#text"":""0""}]}}"
72,72,2023-03-09 09:15:24.9140871,10,Info,Microsoft-Windows-Ntfs,Microsoft-Windows-Ntfs/Operational,4,176,DC01.forela.local,1,S-1-5-18,,,,,,,,,,,False,C:\Users\quentin\Documents\repo\writeups\CrownJewel-1\Artifacts\Microsoft-Windows-NTFS.evtx,0x4000000000200000,0,"{""EventData"":{""Data"":[{""@Name"":""VolumeCorrelationId"",""#text"":""c526ee1b-ba64-405c-a85b-a486eddd36cb""},{""@Name"":""VolumeId"",""#text"":""\\\\?\\Volume{c526ee1b-ba64-405c-a85b-a486eddd36cb}""},{""@Name"":""VolumeLabel""},{""@Name"":""DeviceName"",""#text"":""\\Device\\HarddiskVolume4""},{""@Name"":""DeviceGuid"",""#text"":""7b6f1752-bd95-6e22-e3a5-6ee8419ecad7""},{""@Name"":""VendorId""},{""@Name"":""ProductId"",""#text"":""VMware Virtual NVMe Disk""},{""@Name"":""ProductRevision"",""#text"":""1.0""},{""@Name"":""DeviceSerialNumber"",""#text"":""VMWare NVME_0000""},{""@Name"":""BusType"",""#text"":""17""},{""@Name"":""AdapterSerialNumber"",""#text"":""VMWare NVME_0000""},{""@Name"":""MediaType"",""#text"":""1""},{""@Name"":""RunsCached"",""#text"":""2""},{""@Name"":""LongestRunCached"",""#text"":""25133056""},{""@Name"":""LongestRunCachedStr"",""#text"":""23.97 MB""},{""@Name"":""MostPopulatedBinCount"",""#text"":""1""},{""@Name"":""MostPopulatedBinMinLength"",""#text"":""0""},{""@Name"":""MostPopulatedBinMinLengthStr"",""#text"":""0 Bytes""},{""@Name"":""MostPopulatedBinMaxLength"",""#text"":""4096""},{""@Name"":""MostPopulatedBinMaxLengthStr"",""#text"":""4 KB""},{""@Name"":""TotalCachedRuns"",""#text"":""1""},{""@Name"":""CachedRunsLogged"",""#text"":""1""},{""@Name"":""CachedRunsAlignment"",""#text"":""1""},{""@Name"":""RunsInCachedRuns"",""#text"":""2""},{""@Name"":""LongestRunInCachedRuns"",""#text"":""25133056""},{""@Name"":""MostPopulatedBinCountInCachedRuns"",""#text"":""1""},{""@Name"":""MostPopulatedBinMinLengthInCachedRuns"",""#text"":""0""},{""@Name"":""MostPopulatedBinMaxLengthInCachedRuns"",""#text"":""4096""}]}}"
73,73,2023-03-09 09:15:26.7878920,142,Info,Microsoft-Windows-Ntfs,Microsoft-Windows-Ntfs/Operational,4,184,DC01.forela.local,1,S-1-5-18,NTFS-formatted drive attached,,,VolumeName: C:,IsBootVolume: True,"LowestFreeSpaceInBytes: ","HighestFreeSpaceInBytes: ",,,,False,C:\Users\quentin\Documents\repo\writeups\CrownJewel-1\Artifacts\Microsoft-Windows-NTFS.evtx,0x4000000000200000,0,"{""EventData"":{""Data"":[{""@Name"":""VolumeGuid"",""#text"":""17a28535-1e81-4f9f-8b4a-85bb7474b0c9""},{""@Name"":""VolumeNameLength"",""#text"":""2""},{""@Name"":""VolumeName"",""#text"":""C:""},{""@Name"":""IsBootVolume"",""#text"":""True""},{""@Name"":""ElapsedSeconds"",""#text"":""0""},{""@Name"":""AvailabeSpaceMinStr"",""#text"":""87.01 GB""},{""@Name"":""AvailabeSpaceMaxStr"",""#text"":""87.52 GB""},{""@Name"":""AvailabeSpaceDeltaStr"",""#text"":""522.34 MB""},{""@Name"":""AvailableClustersMin"",""#text"":""22807012""},{""@Name"":""AvailableClustersMax"",""#text"":""22940731""},{""@Name"":""UnallocatedClustersMin"",""#text"":""22940664""},{""@Name"":""UnallocatedClustersMax"",""#text"":""22940771""},{""@Name"":""ReservedClustersMin"",""#text"":""132112""},{""@Name"":""ReservedClustersMax"",""#text"":""132112""},{""@Name"":""TxfAbortReservedClustersMin"",""#text"":""1024""},{""@Name"":""TxfAbortReservedClustersMax"",""#text"":""1024""},{""@Name"":""PageFileSizeInBytes"",""#text"":""1811939328""},{""@Name"":""PageFileSizeStr"",""#text"":""1.69 GB""},{""@Name"":""VolumeSizeInBytes"",""#text"":""106699943936""},{""@Name"":""VolumeSizeStr"",""#text"":""99.38 GB""},{""@Name"":""ClusterSize"",""#text"":""4096""},{""@Name"":""CachedRunsMissCountForMft"",""#text"":""0""},{""@Name"":""CachedRunsMissCountForMftZone"",""#text"":""2""},{""@Name"":""CachedRunsMissCount"",""#text"":""0""}]}}"
74,74,2023-03-09 09:15:26.7885731,142,Info,Microsoft-Windows-Ntfs,Microsoft-Windows-Ntfs/Operational,4,184,DC01.forela.local,1,S-1-5-18,NTFS-formatted drive attached,,,VolumeName: \\?\Volume{c526ee1b-ba64-405c-a85b-a486eddd36cb},IsBootVolume: False,"LowestFreeSpaceInBytes: ","HighestFreeSpaceInBytes: ",,,,False,C:\Users\quentin\Documents\repo\writeups\CrownJewel-1\Artifacts\Microsoft-Windows-NTFS.evtx,0x4000000000200000,0,"{""EventData"":{""Data"":[{""@Name"":""VolumeGuid"",""#text"":""c526ee1b-ba64-405c-a85b-a486eddd36cb""},{""@Name"":""VolumeNameLength"",""#text"":""48""},{""@Name"":""VolumeName"",""#text"":""\\\\?\\Volume{c526ee1b-ba64-405c-a85b-a486eddd36cb}""},{""@Name"":""IsBootVolume"",""#text"":""False""},{""@Name"":""ElapsedSeconds"",""#text"":""0""},{""@Name"":""AvailabeSpaceMinStr"",""#text"":""85.31 MB""},{""@Name"":""AvailabeSpaceMaxStr"",""#text"":""89.31 MB""},{""@Name"":""AvailabeSpaceDeltaStr"",""#text"":""4 MB""},{""@Name"":""AvailableClustersMin"",""#text"":""21839""},{""@Name"":""AvailableClustersMax"",""#text"":""22863""},{""@Name"":""UnallocatedClustersMin"",""#text"":""22863""},{""@Name"":""UnallocatedClustersMax"",""#text"":""22863""},{""@Name"":""ReservedClustersMin"",""#text"":""0""},{""@Name"":""ReservedClustersMax"",""#text"":""0""},{""@Name"":""TxfAbortReservedClustersMin"",""#text"":""1024""},{""@Name"":""TxfAbortReservedClustersMax"",""#text"":""1024""},{""@Name"":""PageFileSizeInBytes"",""#text"":""0""},{""@Name"":""PageFileSizeStr"",""#text"":""0 Bytes""},{""@Name"":""VolumeSizeInBytes"",""#text"":""549449728""},{""@Name"":""VolumeSizeStr"",""#text"":""524 MB""},{""@Name"":""ClusterSize"",""#text"":""4096""},{""@Name"":""CachedRunsMissCountForMft"",""#text"":""0""},{""@Name"":""CachedRunsMissCountForMftZone"",""#text"":""0""},{""@Name"":""CachedRunsMissCount"",""#text"":""0""}]}}"
75,75,2023-03-09 09:30:25.5926044,158,Info,Microsoft-Windows-Ntfs,Microsoft-Windows-Ntfs/Operational,4,184,DC01.forela.local,1,S-1-5-18,,,,,,,,,,,False,C:\Users\quentin\Documents\repo\writeups\CrownJewel-1\Artifacts\Microsoft-Windows-NTFS.evtx,0x4000000000200000,0,"{""EventData"":{""Data"":[{""@Name"":""VolumeCorrelationId"",""#text"":""17a28535-1e81-4f9f-8b4a-85bb7474b0c9""},{""@Name"":""VolumeNameLength"",""#text"":""2""},{""@Name"":""VolumeName"",""#text"":""C:""},{""@Name"":""UserFileReads"",""#text"":""23455""},{""@Name"":""UserFileReadBytes"",""#text"":""647013888""},{""@Name"":""UserDiskReads"",""#text"":""23499""},{""@Name"":""UserFileWrites"",""#text"":""1853""},{""@Name"":""UserFileWriteBytes"",""#text"":""38400000""},{""@Name"":""UserDiskWrites"",""#text"":""1994""},{""@Name"":""MetaDataReads"",""#text"":""3848""},{""@Name"":""MetaDataReadBytes"",""#text"":""20733952""},{""@Name"":""MetaDataDiskReads"",""#text"":""4605""},{""@Name"":""MetaDataWrites"",""#text"":""712""},{""@Name"":""MetaDataWriteBytes"",""#text"":""3739648""},{""@Name"":""MetaDataDiskWrites"",""#text"":""947""},{""@Name"":""MftReads"",""#text"":""3717""},{""@Name"":""MftReadBytes"",""#text"":""15253504""},{""@Name"":""MftWrites"",""#text"":""465""},{""@Name"":""MftWriteBytes"",""#text"":""2306048""},{""@Name"":""Mft2Writes"",""#text"":""0""},{""@Name"":""Mft2WriteBytes"",""#text"":""0""},{""@Name"":""RootIndexReads"",""#text"":""0""},{""@Name"":""RootIndexReadBytes"",""#text"":""0""},{""@Name"":""RootIndexWrites"",""#text"":""0""},{""@Name"":""RootIndexWriteBytes"",""#text"":""0""},{""@Name"":""BitmapReads"",""#text"":""4""},{""@Name"":""BitmapReadBytes"",""#text"":""3256320""},{""@Name"":""BitmapWrites"",""#text"":""169""},{""@Name"":""BitmapWriteBytes"",""#text"":""970752""},{""@Name"":""MftBitmapReads"",""#text"":""1""},{""@Name"":""MftBitmapReadBytes"",""#text"":""20480""},{""@Name"":""MftBitmapWrites"",""#text"":""26""},{""@Name"":""MftBitmapWriteBytes"",""#text"":""122880""},{""@Name"":""UserIndexReads"",""#text"":""800""},{""@Name"":""UserIndexReadBytes"",""#text"":""4513792""},{""@Name"":""UserIndexWrites"",""#text"":""216""},{""@Name"":""UserIndexWriteBytes"",""#text"":""1032192""},{""@Name"":""LogFileReads"",""#text"":""8""},{""@Name"":""LogFileReadBytes"",""#text"":""32768""},{""@Name"":""LogFileWrites"",""#text"":""1394""},{""@Name"":""LogFileWriteBytes"",""#text"":""10002432""},{""@Name"":""LogFileFull"",""#text"":""0""},{""@Name"":""LogFileFullReasonBucket1"",""#text"":""0""},{""@Name"":""LogFileFullReasonBucket2"",""#text"":""0""},{""@Name"":""LogFileFullReasonBucket3"",""#text"":""0""},{""@Name"":""LogFileFullReasonBucket4"",""#text"":""0""},{""@Name"":""LogFileFullReasonBucket5"",""#text"":""0""},{""@Name"":""LogFileFullReasonBucket6"",""#text"":""0""},{""@Name"":""LogFileFullReasonBucket7"",""#text"":""0""},{""@Name"":""LogFileFullReasonBucket8"",""#text"":""0""},{""@Name"":""LogFileFullReasonBucket9"",""#text"":""0""},{""@Name"":""LogFileFullReasonBucket10"",""#text"":""0""},{""@Name"":""LogFileFullReasonBucket11"",""#text"":""0""},{""@Name"":""LogFileFullReasonBucket12"",""#text"":""0""},{""@Name"":""LogFileFullReasonBucket13"",""#text"":""0""},{""@Name"":""LogFileFullReasonBucket14"",""#text"":""0""},{""@Name"":""LogFileFullReasonBucket15"",""#text"":""0""},{""@Name"":""DiskResourceFailure"",""#text"":""0""},{""@Name"":""VolumeTrimCount"",""#text"":""34""},{""@Name"":""VolumeTrimTime"",""#text"":""0""},{""@Name"":""VolumeTrimSize"",""#text"":""120692""},{""@Name"":""AvgVolumeTrimTime"",""#text"":""0""},{""@Name"":""AvgVolumeTrimSize"",""#text"":""3549""},{""@Name"":""VolumeTrimSkippedCount"",""#text"":""0""},{""@Name"":""VolumeTrimSkippedSize"",""#text"":""0""},{""@Name"":""FileLevelTrimCount"",""#text"":""0""},{""@Name"":""FileLevelTrimTime"",""#text"":""0""},{""@Name"":""FileLevelTrimSize"",""#text"":""0""},{""@Name"":""AvgFileLevelTrimTime"",""#text"":""0""},{""@Name"":""AvgFileLevelTrimSize"",""#text"":""0""},{""@Name"":""NtfsFillStatInfoFromMftRecordCalledCount"",""#text"":""0""},{""@Name"":""NtfsFillStatInfoFromMftRecordBailedBecauseOfAttributeListCount"",""#text"":""0""},{""@Name"":""NtfsFillStatInfoFromMftRecordBailedBecauseOfNonResReparsePointCount"",""#text"":""0""}]}}"
76,76,2023-03-09 09:30:25.5931652,158,Info,Microsoft-Windows-Ntfs,Microsoft-Windows-Ntfs/Operational,4,184,DC01.forela.local,1,S-1-5-18,,,,,,,,,,,False,C:\Users\quentin\Documents\repo\writeups\CrownJewel-1\Artifacts\Microsoft-Windows-NTFS.evtx,0x4000000000200000,0,"{""EventData"":{""Data"":[{""@Name"":""VolumeCorrelationId"",""#text"":""c526ee1b-ba64-405c-a85b-a486eddd36cb""},{""@Name"":""VolumeNameLength"",""#text"":""48""},{""@Name"":""VolumeName"",""#text"":""\\\\?\\Volume{c526ee1b-ba64-405c-a85b-a486eddd36cb}""},{""@Name"":""UserFileReads"",""#text"":""0""},{""@Name"":""UserFileReadBytes"",""#text"":""0""},{""@Name"":""UserDiskReads"",""#text"":""0""},{""@Name"":""UserFileWrites"",""#text"":""0""},{""@Name"":""UserFileWriteBytes"",""#text"":""0""},{""@Name"":""UserDiskWrites"",""#text"":""0""},{""@Name"":""MetaDataReads"",""#text"":""13""},{""@Name"":""MetaDataReadBytes"",""#text"":""229376""},{""@Name"":""MetaDataDiskReads"",""#text"":""15""},{""@Name"":""MetaDataWrites"",""#text"":""1""},{""@Name"":""MetaDataWriteBytes"",""#text"":""8192""},{""@Name"":""MetaDataDiskWrites"",""#text"":""2""},{""@Name"":""MftReads"",""#text"":""6""},{""@Name"":""MftReadBytes"",""#text"":""53248""},{""@Name"":""MftWrites"",""#text"":""1""},{""@Name"":""MftWriteBytes"",""#text"":""8192""},{""@Name"":""Mft2Writes"",""#text"":""0""},{""@Name"":""Mft2WriteBytes"",""#text"":""0""},{""@Name"":""RootIndexReads"",""#text"":""0""},{""@Name"":""RootIndexReadBytes"",""#text"":""0""},{""@Name"":""RootIndexWrites"",""#text"":""0""},{""@Name"":""RootIndexWriteBytes"",""#text"":""0""},{""@Name"":""BitmapReads"",""#text"":""1""},{""@Name"":""BitmapReadBytes"",""#text"":""20480""},{""@Name"":""BitmapWrites"",""#text"":""0""},{""@Name"":""BitmapWriteBytes"",""#text"":""0""},{""@Name"":""MftBitmapReads"",""#text"":""1""},{""@Name"":""MftBitmapReadBytes"",""#text"":""8192""},{""@Name"":""MftBitmapWrites"",""#text"":""0""},{""@Name"":""MftBitmapWriteBytes"",""#text"":""0""},{""@Name"":""UserIndexReads"",""#text"":""1""},{""@Name"":""UserIndexReadBytes"",""#text"":""4096""},{""@Name"":""UserIndexWrites"",""#text"":""1""},{""@Name"":""UserIndexWriteBytes"",""#text"":""4096""},{""@Name"":""LogFileReads"",""#text"":""8""},{""@Name"":""LogFileReadBytes"",""#text"":""32768""},{""@Name"":""LogFileWrites"",""#text"":""16""},{""@Name"":""LogFileWriteBytes"",""#text"":""65536""},{""@Name"":""LogFileFull"",""#text"":""0""},{""@Name"":""LogFileFullReasonBucket1"",""#text"":""0""},{""@Name"":""LogFileFullReasonBucket2"",""#text"":""0""},{""@Name"":""LogFileFullReasonBucket3"",""#text"":""0""},{""@Name"":""LogFileFullReasonBucket4"",""#text"":""0""},{""@Name"":""LogFileFullReasonBucket5"",""#text"":""0""},{""@Name"":""LogFileFullReasonBucket6"",""#text"":""0""},{""@Name"":""LogFileFullReasonBucket7"",""#text"":""0""},{""@Name"":""LogFileFullReasonBucket8"",""#text"":""0""},{""@Name"":""LogFileFullReasonBucket9"",""#text"":""0""},{""@Name"":""LogFileFullReasonBucket10"",""#text"":""0""},{""@Name"":""LogFileFullReasonBucket11"",""#text"":""0""},{""@Name"":""LogFileFullReasonBucket12"",""#text"":""0""},{""@Name"":""LogFileFullReasonBucket13"",""#text"":""0""},{""@Name"":""LogFileFullReasonBucket14"",""#text"":""0""},{""@Name"":""LogFileFullReasonBucket15"",""#text"":""0""},{""@Name"":""DiskResourceFailure"",""#text"":""0""},{""@Name"":""VolumeTrimCount"",""#text"":""0""},{""@Name"":""VolumeTrimTime"",""#text"":""0""},{""@Name"":""VolumeTrimSize"",""#text"":""0""},{""@Name"":""AvgVolumeTrimTime"",""#text"":""0""},{""@Name"":""AvgVolumeTrimSize"",""#text"":""0""},{""@Name"":""VolumeTrimSkippedCount"",""#text"":""0""},{""@Name"":""VolumeTrimSkippedSize"",""#text"":""0""},{""@Name"":""FileLevelTrimCount"",""#text"":""0""},{""@Name"":""FileLevelTrimTime"",""#text"":""0""},{""@Name"":""FileLevelTrimSize"",""#text"":""0""},{""@Name"":""AvgFileLevelTrimTime"",""#text"":""0""},{""@Name"":""AvgFileLevelTrimSize"",""#text"":""0""},{""@Name"":""NtfsFillStatInfoFromMftRecordCalledCount"",""#text"":""0""},{""@Name"":""NtfsFillStatInfoFromMftRecordBailedBecauseOfAttributeListCount"",""#text"":""0""},{""@Name"":""NtfsFillStatInfoFromMftRecordBailedBecauseOfNonResReparsePointCount"",""#text"":""0""}]}}"
77,77,2023-03-09 10:15:26.8896936,142,Info,Microsoft-Windows-Ntfs,Microsoft-Windows-Ntfs/Operational,4,176,DC01.forela.local,1,S-1-5-18,NTFS-formatted drive attached,,,VolumeName: C:,IsBootVolume: True,"LowestFreeSpaceInBytes: ","HighestFreeSpaceInBytes: ",,,,False,C:\Users\quentin\Documents\repo\writeups\CrownJewel-1\Artifacts\Microsoft-Windows-NTFS.evtx,0x4000000000200000,0,"{""EventData"":{""Data"":[{""@Name"":""VolumeGuid"",""#text"":""17a28535-1e81-4f9f-8b4a-85bb7474b0c9""},{""@Name"":""VolumeNameLength"",""#text"":""2""},{""@Name"":""VolumeName"",""#text"":""C:""},{""@Name"":""IsBootVolume"",""#text"":""True""},{""@Name"":""ElapsedSeconds"",""#text"":""3600""},{""@Name"":""AvailabeSpaceMinStr"",""#text"":""87.01 GB""},{""@Name"":""AvailabeSpaceMaxStr"",""#text"":""87.11 GB""},{""@Name"":""AvailabeSpaceDeltaStr"",""#text"":""106.05 MB""},{""@Name"":""AvailableClustersMin"",""#text"":""22806763""},{""@Name"":""AvailableClustersMax"",""#text"":""22833911""},{""@Name"":""UnallocatedClustersMin"",""#text"":""22940415""},{""@Name"":""UnallocatedClustersMax"",""#text"":""22967675""},{""@Name"":""ReservedClustersMin"",""#text"":""132112""},{""@Name"":""ReservedClustersMax"",""#text"":""132224""},{""@Name"":""TxfAbortReservedClustersMin"",""#text"":""1024""},{""@Name"":""TxfAbortReservedClustersMax"",""#text"":""1024""},{""@Name"":""PageFileSizeInBytes"",""#text"":""1811939328""},{""@Name"":""PageFileSizeStr"",""#text"":""1.69 GB""},{""@Name"":""VolumeSizeInBytes"",""#text"":""106699943936""},{""@Name"":""VolumeSizeStr"",""#text"":""99.38 GB""},{""@Name"":""ClusterSize"",""#text"":""4096""},{""@Name"":""CachedRunsMissCountForMft"",""#text"":""0""},{""@Name"":""CachedRunsMissCountForMftZone"",""#text"":""0""},{""@Name"":""CachedRunsMissCount"",""#text"":""0""}]}}"
78,78,2023-03-09 11:15:31.4833539,142,Info,Microsoft-Windows-Ntfs,Microsoft-Windows-Ntfs/Operational,4,2748,DC01.forela.local,1,S-1-5-18,NTFS-formatted drive attached,,,VolumeName: C:,IsBootVolume: True,"LowestFreeSpaceInBytes: ","HighestFreeSpaceInBytes: ",,,,False,C:\Users\quentin\Documents\repo\writeups\CrownJewel-1\Artifacts\Microsoft-Windows-NTFS.evtx,0x4000000000200000,0,"{""EventData"":{""Data"":[{""@Name"":""VolumeGuid"",""#text"":""17a28535-1e81-4f9f-8b4a-85bb7474b0c9""},{""@Name"":""VolumeNameLength"",""#text"":""2""},{""@Name"":""VolumeName"",""#text"":""C:""},{""@Name"":""IsBootVolume"",""#text"":""True""},{""@Name"":""ElapsedSeconds"",""#text"":""3604""},{""@Name"":""AvailabeSpaceMinStr"",""#text"":""87.09 GB""},{""@Name"":""AvailabeSpaceMaxStr"",""#text"":""87.10 GB""},{""@Name"":""AvailabeSpaceDeltaStr"",""#text"":""9.36 MB""},{""@Name"":""AvailableClustersMin"",""#text"":""22828851""},{""@Name"":""AvailableClustersMax"",""#text"":""22831247""},{""@Name"":""UnallocatedClustersMin"",""#text"":""22962615""},{""@Name"":""UnallocatedClustersMax"",""#text"":""22965011""},{""@Name"":""ReservedClustersMin"",""#text"":""132224""},{""@Name"":""ReservedClustersMax"",""#text"":""132224""},{""@Name"":""TxfAbortReservedClustersMin"",""#text"":""1024""},{""@Name"":""TxfAbortReservedClustersMax"",""#text"":""1024""},{""@Name"":""PageFileSizeInBytes"",""#text"":""1811939328""},{""@Name"":""PageFileSizeStr"",""#text"":""1.69 GB""},{""@Name"":""VolumeSizeInBytes"",""#text"":""106699943936""},{""@Name"":""VolumeSizeStr"",""#text"":""99.38 GB""},{""@Name"":""ClusterSize"",""#text"":""4096""},{""@Name"":""CachedRunsMissCountForMft"",""#text"":""0""},{""@Name"":""CachedRunsMissCountForMftZone"",""#text"":""0""},{""@Name"":""CachedRunsMissCount"",""#text"":""0""}]}}"
79,79,2023-03-09 12:15:31.6548712,142,Info,Microsoft-Windows-Ntfs,Microsoft-Windows-Ntfs/Operational,4,2748,DC01.forela.local,1,S-1-5-18,NTFS-formatted drive attached,,,VolumeName: C:,IsBootVolume: True,"LowestFreeSpaceInBytes: ","HighestFreeSpaceInBytes: ",,,,False,C:\Users\quentin\Documents\repo\writeups\CrownJewel-1\Artifacts\Microsoft-Windows-NTFS.evtx,0x4000000000200000,0,"{""EventData"":{""Data"":[{""@Name"":""VolumeGuid"",""#text"":""17a28535-1e81-4f9f-8b4a-85bb7474b0c9""},{""@Name"":""VolumeNameLength"",""#text"":""2""},{""@Name"":""VolumeName"",""#text"":""C:""},{""@Name"":""IsBootVolume"",""#text"":""True""},{""@Name"":""ElapsedSeconds"",""#text"":""3600""},{""@Name"":""AvailabeSpaceMinStr"",""#text"":""87.09 GB""},{""@Name"":""AvailabeSpaceMaxStr"",""#text"":""87.09 GB""},{""@Name"":""AvailabeSpaceDeltaStr"",""#text"":""3.38 MB""},{""@Name"":""AvailableClustersMin"",""#text"":""22827992""},{""@Name"":""AvailableClustersMax"",""#text"":""22828855""},{""@Name"":""UnallocatedClustersMin"",""#text"":""22961756""},{""@Name"":""UnallocatedClustersMax"",""#text"":""22962619""},{""@Name"":""ReservedClustersMin"",""#text"":""132224""},{""@Name"":""ReservedClustersMax"",""#text"":""132224""},{""@Name"":""TxfAbortReservedClustersMin"",""#text"":""1024""},{""@Name"":""TxfAbortReservedClustersMax"",""#text"":""1024""},{""@Name"":""PageFileSizeInBytes"",""#text"":""1811939328""},{""@Name"":""PageFileSizeStr"",""#text"":""1.69 GB""},{""@Name"":""VolumeSizeInBytes"",""#text"":""106699943936""},{""@Name"":""VolumeSizeStr"",""#text"":""99.38 GB""},{""@Name"":""ClusterSize"",""#text"":""4096""},{""@Name"":""CachedRunsMissCountForMft"",""#text"":""0""},{""@Name"":""CachedRunsMissCountForMftZone"",""#text"":""0""},{""@Name"":""CachedRunsMissCount"",""#text"":""0""}]}}"
80,80,2023-03-09 13:15:35.5614989,142,Info,Microsoft-Windows-Ntfs,Microsoft-Windows-Ntfs/Operational,4,176,DC01.forela.local,1,S-1-5-18,NTFS-formatted drive attached,,,VolumeName: C:,IsBootVolume: True,"LowestFreeSpaceInBytes: ","HighestFreeSpaceInBytes: ",,,,False,C:\Users\quentin\Documents\repo\writeups\CrownJewel-1\Artifacts\Microsoft-Windows-NTFS.evtx,0x4000000000200000,0,"{""EventData"":{""Data"":[{""@Name"":""VolumeGuid"",""#text"":""17a28535-1e81-4f9f-8b4a-85bb7474b0c9""},{""@Name"":""VolumeNameLength"",""#text"":""2""},{""@Name"":""VolumeName"",""#text"":""C:""},{""@Name"":""IsBootVolume"",""#text"":""True""},{""@Name"":""ElapsedSeconds"",""#text"":""3603""},{""@Name"":""AvailabeSpaceMinStr"",""#text"":""87.08 GB""},{""@Name"":""AvailabeSpaceMaxStr"",""#text"":""87.09 GB""},{""@Name"":""AvailabeSpaceDeltaStr"",""#text"":""3.39 MB""},{""@Name"":""AvailableClustersMin"",""#text"":""22827156""},{""@Name"":""AvailableClustersMax"",""#text"":""22828022""},{""@Name"":""UnallocatedClustersMin"",""#text"":""22960920""},{""@Name"":""UnallocatedClustersMax"",""#text"":""22961786""},{""@Name"":""ReservedClustersMin"",""#text"":""132224""},{""@Name"":""ReservedClustersMax"",""#text"":""132224""},{""@Name"":""TxfAbortReservedClustersMin"",""#text"":""1024""},{""@Name"":""TxfAbortReservedClustersMax"",""#text"":""1024""},{""@Name"":""PageFileSizeInBytes"",""#text"":""1811939328""},{""@Name"":""PageFileSizeStr"",""#text"":""1.69 GB""},{""@Name"":""VolumeSizeInBytes"",""#text"":""106699943936""},{""@Name"":""VolumeSizeStr"",""#text"":""99.38 GB""},{""@Name"":""ClusterSize"",""#text"":""4096""},{""@Name"":""CachedRunsMissCountForMft"",""#text"":""0""},{""@Name"":""CachedRunsMissCountForMftZone"",""#text"":""0""},{""@Name"":""CachedRunsMissCount"",""#text"":""0""}]}}"
81,81,2023-03-10 02:00:13.3185492,9,Info,Microsoft-Windows-Ntfs,Microsoft-Windows-Ntfs/Operational,4,284,DC01.forela.local,1,S-1-5-18,,,,,,,,,,,False,C:\Users\quentin\Documents\repo\writeups\CrownJewel-1\Artifacts\Microsoft-Windows-NTFS.evtx,0x4000000000200000,0,"{""EventData"":{""Data"":[{""@Name"":""VolumeCorrelationId"",""#text"":""17a28535-1e81-4f9f-8b4a-85bb7474b0c9""},{""@Name"":""VolumeIdLength"",""#text"":""2""},{""@Name"":""VolumeId"",""#text"":""C:""},{""@Name"":""VolumeLabelLength"",""#text"":""0""},{""@Name"":""VolumeLabel""},{""@Name"":""DeviceNameLength"",""#text"":""23""},{""@Name"":""DeviceName"",""#text"":""\\Device\\HarddiskVolume3""},{""@Name"":""DeviceGuid"",""#text"":""7b6f1752-bd95-6e22-e3a5-6ee8419ecad7""},{""@Name"":""VendorIdLength"",""#text"":""0""},{""@Name"":""VendorId""},{""@Name"":""ProductIdLength"",""#text"":""24""},{""@Name"":""ProductId"",""#text"":""VMware Virtual NVMe Disk""},{""@Name"":""ProductRevisionLength"",""#text"":""3""},{""@Name"":""ProductRevision"",""#text"":""1.0""},{""@Name"":""DeviceSerialNumberLength"",""#text"":""16""},{""@Name"":""DeviceSerialNumber"",""#text"":""VMWare NVME_0000""},{""@Name"":""BusType"",""#text"":""17""},{""@Name"":""AdapterSerialNumberLength"",""#text"":""16""},{""@Name"":""AdapterSerialNumber"",""#text"":""VMWare NVME_0000""},{""@Name"":""DurationUs"",""#text"":""14363""},{""@Name"":""InputFlags"",""#text"":""0xE""},{""@Name"":""Reason"",""#text"":""1""},{""@Name"":""Flags"",""#text"":""0x10""}]}}"
82,82,2023-03-10 02:00:13.3185635,4,Info,Microsoft-Windows-Ntfs,Microsoft-Windows-Ntfs/Operational,4,196,DC01.forela.local,1,S-1-5-18,,,,,,,,,,,False,C:\Users\quentin\Documents\repo\writeups\CrownJewel-1\Artifacts\Microsoft-Windows-NTFS.evtx,0x4001000000000020,0,"{""EventData"":{""Data"":[{""@Name"":""VolumeCorrelationId"",""#text"":""17a28535-1e81-4f9f-8b4a-85bb7474b0c9""},{""@Name"":""VolumeIdLength"",""#text"":""2""},{""@Name"":""VolumeId"",""#text"":""C:""},{""@Name"":""VolumeLabelLength"",""#text"":""0""},{""@Name"":""VolumeLabel""},{""@Name"":""DeviceNameLength"",""#text"":""23""},{""@Name"":""DeviceName"",""#text"":""\\Device\\HarddiskVolume3""},{""@Name"":""DeviceGuid"",""#text"":""7b6f1752-bd95-6e22-e3a5-6ee8419ecad7""},{""@Name"":""VendorIdLength"",""#text"":""0""},{""@Name"":""VendorId""},{""@Name"":""ProductIdLength"",""#text"":""24""},{""@Name"":""ProductId"",""#text"":""VMware Virtual NVMe Disk""},{""@Name"":""ProductRevisionLength"",""#text"":""3""},{""@Name"":""ProductRevision"",""#text"":""1.0""},{""@Name"":""DeviceSerialNumberLength"",""#text"":""16""},{""@Name"":""DeviceSerialNumber"",""#text"":""VMWare NVME_0000""},{""@Name"":""BusType"",""#text"":""17""},{""@Name"":""AdapterSerialNumberLength"",""#text"":""16""},{""@Name"":""AdapterSerialNumber"",""#text"":""VMWare NVME_0000""},{""@Name"":""Vcb"",""#text"":""0xFFFF9F0C216E91B0""},{""@Name"":""MountDurationUs"",""#text"":""46795""},{""@Name"":""MountDuration"",""#text"":""46 ms""},{""@Name"":""LongestStage"",""#text"":""8""},{""@Name"":""LongestStageDuration"",""#text"":""15 ms""},{""@Name"":""LongestStagePercentage"",""#text"":""34""},{""@Name"":""SecondLongestStage"",""#text"":""4""},{""@Name"":""SecondLongestStageDuration"",""#text"":""15 ms""},{""@Name"":""SecondLongestStagePercentage"",""#text"":""33""},{""@Name"":""RestartApplied"",""#text"":""False""},{""@Name"":""IsBootVolume"",""#text"":""True""},{""@Name"":""Stage1DurationUs"",""#text"":""0""},{""@Name"":""Stage2DurationUs"",""#text"":""0""},{""@Name"":""Stage3DurationUs"",""#text"":""0""},{""@Name"":""Stage4DurationUs"",""#text"":""15501""},{""@Name"":""Stage5DurationUs"",""#text"":""0""},{""@Name"":""Stage6DurationUs"",""#text"":""0""},{""@Name"":""Stage7DurationUs"",""#text"":""15500""},{""@Name"":""Stage8DurationUs"",""#text"":""15792""},{""@Name"":""Stage9DurationUs"",""#text"":""0""},{""@Name"":""Stage10DurationUs"",""#text"":""0""}]}}"
83,83,2023-03-10 02:00:13.3185665,10,Info,Microsoft-Windows-Ntfs,Microsoft-Windows-Ntfs/Operational,4,284,DC01.forela.local,1,S-1-5-18,,,,,,,,,,,False,C:\Users\quentin\Documents\repo\writeups\CrownJewel-1\Artifacts\Microsoft-Windows-NTFS.evtx,0x4000000000200000,0,"{""EventData"":{""Data"":[{""@Name"":""VolumeCorrelationId"",""#text"":""17a28535-1e81-4f9f-8b4a-85bb7474b0c9""},{""@Name"":""VolumeId"",""#text"":""C:""},{""@Name"":""VolumeLabel""},{""@Name"":""DeviceName"",""#text"":""\\Device\\HarddiskVolume3""},{""@Name"":""DeviceGuid"",""#text"":""7b6f1752-bd95-6e22-e3a5-6ee8419ecad7""},{""@Name"":""VendorId""},{""@Name"":""ProductId"",""#text"":""VMware Virtual NVMe Disk""},{""@Name"":""ProductRevision"",""#text"":""1.0""},{""@Name"":""DeviceSerialNumber"",""#text"":""VMWare NVME_0000""},{""@Name"":""BusType"",""#text"":""17""},{""@Name"":""AdapterSerialNumber"",""#text"":""VMWare NVME_0000""},{""@Name"":""MediaType"",""#text"":""1""},{""@Name"":""RunsCached"",""#text"":""164""},{""@Name"":""LongestRunCached"",""#text"":""93307809792""},{""@Name"":""LongestRunCachedStr"",""#text"":""86.90 GB""},{""@Name"":""MostPopulatedBinCount"",""#text"":""45""},{""@Name"":""MostPopulatedBinMinLength"",""#text"":""1019904""},{""@Name"":""MostPopulatedBinMinLengthStr"",""#text"":""996 KB""},{""@Name"":""MostPopulatedBinMaxLength"",""#text"":""1048576""},{""@Name"":""MostPopulatedBinMaxLengthStr"",""#text"":""1024 KB""},{""@Name"":""TotalCachedRuns"",""#text"":""1""},{""@Name"":""CachedRunsLogged"",""#text"":""1""},{""@Name"":""CachedRunsAlignment"",""#text"":""1""},{""@Name"":""RunsInCachedRuns"",""#text"":""164""},{""@Name"":""LongestRunInCachedRuns"",""#text"":""93307809792""},{""@Name"":""MostPopulatedBinCountInCachedRuns"",""#text"":""45""},{""@Name"":""MostPopulatedBinMinLengthInCachedRuns"",""#text"":""1019904""},{""@Name"":""MostPopulatedBinMaxLengthInCachedRuns"",""#text"":""1048576""}]}}"
84,84,2023-03-10 02:00:16.0022222,9,Info,Microsoft-Windows-Ntfs,Microsoft-Windows-Ntfs/Operational,4,196,DC01.forela.local,1,S-1-5-18,,,,,,,,,,,False,C:\Users\quentin\Documents\repo\writeups\CrownJewel-1\Artifacts\Microsoft-Windows-NTFS.evtx,0x4000000000200000,0,"{""EventData"":{""Data"":[{""@Name"":""VolumeCorrelationId"",""#text"":""c526ee1b-ba64-405c-a85b-a486eddd36cb""},{""@Name"":""VolumeIdLength"",""#text"":""48""},{""@Name"":""VolumeId"",""#text"":""\\\\?\\Volume{c526ee1b-ba64-405c-a85b-a486eddd36cb}""},{""@Name"":""VolumeLabelLength"",""#text"":""0""},{""@Name"":""VolumeLabel""},{""@Name"":""DeviceNameLength"",""#text"":""23""},{""@Name"":""DeviceName"",""#text"":""\\Device\\HarddiskVolume4""},{""@Name"":""DeviceGuid"",""#text"":""7b6f1752-bd95-6e22-e3a5-6ee8419ecad7""},{""@Name"":""VendorIdLength"",""#text"":""0""},{""@Name"":""VendorId""},{""@Name"":""ProductIdLength"",""#text"":""24""},{""@Name"":""ProductId"",""#text"":""VMware Virtual NVMe Disk""},{""@Name"":""ProductRevisionLength"",""#text"":""3""},{""@Name"":""ProductRevision"",""#text"":""1.0""},{""@Name"":""DeviceSerialNumberLength"",""#text"":""16""},{""@Name"":""DeviceSerialNumber"",""#text"":""VMWare NVME_0000""},{""@Name"":""BusType"",""#text"":""17""},{""@Name"":""AdapterSerialNumberLength"",""#text"":""16""},{""@Name"":""AdapterSerialNumber"",""#text"":""VMWare NVME_0000""},{""@Name"":""DurationUs"",""#text"":""440""},{""@Name"":""InputFlags"",""#text"":""0xE""},{""@Name"":""Reason"",""#text"":""1""},{""@Name"":""Flags"",""#text"":""0x10""}]}}"
85,85,2023-03-10 02:00:16.0022298,4,Info,Microsoft-Windows-Ntfs,Microsoft-Windows-Ntfs/Operational,4,284,DC01.forela.local,1,S-1-5-18,,,,,,,,,,,False,C:\Users\quentin\Documents\repo\writeups\CrownJewel-1\Artifacts\Microsoft-Windows-NTFS.evtx,0x4001000000000020,0,"{""EventData"":{""Data"":[{""@Name"":""VolumeCorrelationId"",""#text"":""c526ee1b-ba64-405c-a85b-a486eddd36cb""},{""@Name"":""VolumeIdLength"",""#text"":""48""},{""@Name"":""VolumeId"",""#text"":""\\\\?\\Volume{c526ee1b-ba64-405c-a85b-a486eddd36cb}""},{""@Name"":""VolumeLabelLength"",""#text"":""0""},{""@Name"":""VolumeLabel""},{""@Name"":""DeviceNameLength"",""#text"":""23""},{""@Name"":""DeviceName"",""#text"":""\\Device\\HarddiskVolume4""},{""@Name"":""DeviceGuid"",""#text"":""7b6f1752-bd95-6e22-e3a5-6ee8419ecad7""},{""@Name"":""VendorIdLength"",""#text"":""0""},{""@Name"":""VendorId""},{""@Name"":""ProductIdLength"",""#text"":""24""},{""@Name"":""ProductId"",""#text"":""VMware Virtual NVMe Disk""},{""@Name"":""ProductRevisionLength"",""#text"":""3""},{""@Name"":""ProductRevision"",""#text"":""1.0""},{""@Name"":""DeviceSerialNumberLength"",""#text"":""16""},{""@Name"":""DeviceSerialNumber"",""#text"":""VMWare NVME_0000""},{""@Name"":""BusType"",""#text"":""17""},{""@Name"":""AdapterSerialNumberLength"",""#text"":""16""},{""@Name"":""AdapterSerialNumber"",""#text"":""VMWare NVME_0000""},{""@Name"":""Vcb"",""#text"":""0xFFFF9F0C21EE81B0""},{""@Name"":""MountDurationUs"",""#text"":""15665""},{""@Name"":""MountDuration"",""#text"":""15 ms""},{""@Name"":""LongestStage"",""#text"":""4""},{""@Name"":""LongestStageDuration"",""#text"":""15 ms""},{""@Name"":""LongestStagePercentage"",""#text"":""100""},{""@Name"":""SecondLongestStage"",""#text"":""0""},{""@Name"":""SecondLongestStageDuration"",""#text"":""0 us""},{""@Name"":""SecondLongestStagePercentage"",""#text"":""0""},{""@Name"":""RestartApplied"",""#text"":""False""},{""@Name"":""IsBootVolume"",""#text"":""False""},{""@Name"":""Stage1DurationUs"",""#text"":""0""},{""@Name"":""Stage2DurationUs"",""#text"":""0""},{""@Name"":""Stage3DurationUs"",""#text"":""0""},{""@Name"":""Stage4DurationUs"",""#text"":""15665""},{""@Name"":""Stage5DurationUs"",""#text"":""0""},{""@Name"":""Stage6DurationUs"",""#text"":""0""},{""@Name"":""Stage7DurationUs"",""#text"":""0""},{""@Name"":""Stage8DurationUs"",""#text"":""0""},{""@Name"":""Stage9DurationUs"",""#text"":""0""},{""@Name"":""Stage10DurationUs"",""#text"":""0""}]}}"
86,86,2023-03-10 02:00:16.0022418,10,Info,Microsoft-Windows-Ntfs,Microsoft-Windows-Ntfs/Operational,4,196,DC01.forela.local,1,S-1-5-18,,,,,,,,,,,False,C:\Users\quentin\Documents\repo\writeups\CrownJewel-1\Artifacts\Microsoft-Windows-NTFS.evtx,0x4000000000200000,0,"{""EventData"":{""Data"":[{""@Name"":""VolumeCorrelationId"",""#text"":""c526ee1b-ba64-405c-a85b-a486eddd36cb""},{""@Name"":""VolumeId"",""#text"":""\\\\?\\Volume{c526ee1b-ba64-405c-a85b-a486eddd36cb}""},{""@Name"":""VolumeLabel""},{""@Name"":""DeviceName"",""#text"":""\\Device\\HarddiskVolume4""},{""@Name"":""DeviceGuid"",""#text"":""7b6f1752-bd95-6e22-e3a5-6ee8419ecad7""},{""@Name"":""VendorId""},{""@Name"":""ProductId"",""#text"":""VMware Virtual NVMe Disk""},{""@Name"":""ProductRevision"",""#text"":""1.0""},{""@Name"":""DeviceSerialNumber"",""#text"":""VMWare NVME_0000""},{""@Name"":""BusType"",""#text"":""17""},{""@Name"":""AdapterSerialNumber"",""#text"":""VMWare NVME_0000""},{""@Name"":""MediaType"",""#text"":""1""},{""@Name"":""RunsCached"",""#text"":""2""},{""@Name"":""LongestRunCached"",""#text"":""25133056""},{""@Name"":""LongestRunCachedStr"",""#text"":""23.97 MB""},{""@Name"":""MostPopulatedBinCount"",""#text"":""1""},{""@Name"":""MostPopulatedBinMinLength"",""#text"":""0""},{""@Name"":""MostPopulatedBinMinLengthStr"",""#text"":""0 Bytes""},{""@Name"":""MostPopulatedBinMaxLength"",""#text"":""4096""},{""@Name"":""MostPopulatedBinMaxLengthStr"",""#text"":""4 KB""},{""@Name"":""TotalCachedRuns"",""#text"":""1""},{""@Name"":""CachedRunsLogged"",""#text"":""1""},{""@Name"":""CachedRunsAlignment"",""#text"":""1""},{""@Name"":""RunsInCachedRuns"",""#text"":""2""},{""@Name"":""LongestRunInCachedRuns"",""#text"":""25133056""},{""@Name"":""MostPopulatedBinCountInCachedRuns"",""#text"":""1""},{""@Name"":""MostPopulatedBinMinLengthInCachedRuns"",""#text"":""0""},{""@Name"":""MostPopulatedBinMaxLengthInCachedRuns"",""#text"":""4096""}]}}"
87,87,2023-03-10 02:00:18.9322898,142,Info,Microsoft-Windows-Ntfs,Microsoft-Windows-Ntfs/Operational,4,32,DC01.forela.local,1,S-1-5-18,NTFS-formatted drive attached,,,VolumeName: C:,IsBootVolume: True,"LowestFreeSpaceInBytes: ","HighestFreeSpaceInBytes: ",,,,False,C:\Users\quentin\Documents\repo\writeups\CrownJewel-1\Artifacts\Microsoft-Windows-NTFS.evtx,0x4000000000200000,0,"{""EventData"":{""Data"":[{""@Name"":""VolumeGuid"",""#text"":""17a28535-1e81-4f9f-8b4a-85bb7474b0c9""},{""@Name"":""VolumeNameLength"",""#text"":""2""},{""@Name"":""VolumeName"",""#text"":""C:""},{""@Name"":""IsBootVolume"",""#text"":""True""},{""@Name"":""ElapsedSeconds"",""#text"":""0""},{""@Name"":""AvailabeSpaceMinStr"",""#text"":""87.08 GB""},{""@Name"":""AvailabeSpaceMaxStr"",""#text"":""87.59 GB""},{""@Name"":""AvailabeSpaceDeltaStr"",""#text"":""522.27 MB""},{""@Name"":""AvailableClustersMin"",""#text"":""22827349""},{""@Name"":""AvailableClustersMax"",""#text"":""22961049""},{""@Name"":""UnallocatedClustersMin"",""#text"":""22960872""},{""@Name"":""UnallocatedClustersMax"",""#text"":""22961094""},{""@Name"":""ReservedClustersMin"",""#text"":""131984""},{""@Name"":""ReservedClustersMax"",""#text"":""131984""},{""@Name"":""TxfAbortReservedClustersMin"",""#text"":""1024""},{""@Name"":""TxfAbortReservedClustersMax"",""#text"":""1024""},{""@Name"":""PageFileSizeInBytes"",""#text"":""1811939328""},{""@Name"":""PageFileSizeStr"",""#text"":""1.69 GB""},{""@Name"":""VolumeSizeInBytes"",""#text"":""106699943936""},{""@Name"":""VolumeSizeStr"",""#text"":""99.38 GB""},{""@Name"":""ClusterSize"",""#text"":""4096""},{""@Name"":""CachedRunsMissCountForMft"",""#text"":""0""},{""@Name"":""CachedRunsMissCountForMftZone"",""#text"":""2""},{""@Name"":""CachedRunsMissCount"",""#text"":""0""}]}}"
88,88,2023-03-10 02:00:18.9328700,142,Info,Microsoft-Windows-Ntfs,Microsoft-Windows-Ntfs/Operational,4,32,DC01.forela.local,1,S-1-5-18,NTFS-formatted drive attached,,,VolumeName: \\?\Volume{c526ee1b-ba64-405c-a85b-a486eddd36cb},IsBootVolume: False,"LowestFreeSpaceInBytes: ","HighestFreeSpaceInBytes: ",,,,False,C:\Users\quentin\Documents\repo\writeups\CrownJewel-1\Artifacts\Microsoft-Windows-NTFS.evtx,0x4000000000200000,0,"{""EventData"":{""Data"":[{""@Name"":""VolumeGuid"",""#text"":""c526ee1b-ba64-405c-a85b-a486eddd36cb""},{""@Name"":""VolumeNameLength"",""#text"":""48""},{""@Name"":""VolumeName"",""#text"":""\\\\?\\Volume{c526ee1b-ba64-405c-a85b-a486eddd36cb}""},{""@Name"":""IsBootVolume"",""#text"":""False""},{""@Name"":""ElapsedSeconds"",""#text"":""0""},{""@Name"":""AvailabeSpaceMinStr"",""#text"":""85.31 MB""},{""@Name"":""AvailabeSpaceMaxStr"",""#text"":""89.31 MB""},{""@Name"":""AvailabeSpaceDeltaStr"",""#text"":""4 MB""},{""@Name"":""AvailableClustersMin"",""#text"":""21839""},{""@Name"":""AvailableClustersMax"",""#text"":""22863""},{""@Name"":""UnallocatedClustersMin"",""#text"":""22863""},{""@Name"":""UnallocatedClustersMax"",""#text"":""22863""},{""@Name"":""ReservedClustersMin"",""#text"":""0""},{""@Name"":""ReservedClustersMax"",""#text"":""0""},{""@Name"":""TxfAbortReservedClustersMin"",""#text"":""1024""},{""@Name"":""TxfAbortReservedClustersMax"",""#text"":""1024""},{""@Name"":""PageFileSizeInBytes"",""#text"":""0""},{""@Name"":""PageFileSizeStr"",""#text"":""0 Bytes""},{""@Name"":""VolumeSizeInBytes"",""#text"":""549449728""},{""@Name"":""VolumeSizeStr"",""#text"":""524 MB""},{""@Name"":""ClusterSize"",""#text"":""4096""},{""@Name"":""CachedRunsMissCountForMft"",""#text"":""0""},{""@Name"":""CachedRunsMissCountForMftZone"",""#text"":""0""},{""@Name"":""CachedRunsMissCount"",""#text"":""0""}]}}"
89,89,2023-03-10 02:15:17.0497074,158,Info,Microsoft-Windows-Ntfs,Microsoft-Windows-Ntfs/Operational,4,284,DC01.forela.local,1,S-1-5-18,,,,,,,,,,,False,C:\Users\quentin\Documents\repo\writeups\CrownJewel-1\Artifacts\Microsoft-Windows-NTFS.evtx,0x4000000000200000,0,"{""EventData"":{""Data"":[{""@Name"":""VolumeCorrelationId"",""#text"":""17a28535-1e81-4f9f-8b4a-85bb7474b0c9""},{""@Name"":""VolumeNameLength"",""#text"":""2""},{""@Name"":""VolumeName"",""#text"":""C:""},{""@Name"":""UserFileReads"",""#text"":""23484""},{""@Name"":""UserFileReadBytes"",""#text"":""648360960""},{""@Name"":""UserDiskReads"",""#text"":""23598""},{""@Name"":""UserFileWrites"",""#text"":""1420""},{""@Name"":""UserFileWriteBytes"",""#text"":""25235456""},{""@Name"":""UserDiskWrites"",""#text"":""1501""},{""@Name"":""MetaDataReads"",""#text"":""4926""},{""@Name"":""MetaDataReadBytes"",""#text"":""117334016""},{""@Name"":""MetaDataDiskReads"",""#text"":""6088""},{""@Name"":""MetaDataWrites"",""#text"":""619""},{""@Name"":""MetaDataWriteBytes"",""#text"":""3170304""},{""@Name"":""MetaDataDiskWrites"",""#text"":""830""},{""@Name"":""MftReads"",""#text"":""4783""},{""@Name"":""MftReadBytes"",""#text"":""112648192""},{""@Name"":""MftWrites"",""#text"":""402""},{""@Name"":""MftWriteBytes"",""#text"":""1990656""},{""@Name"":""Mft2Writes"",""#text"":""0""},{""@Name"":""Mft2WriteBytes"",""#text"":""0""},{""@Name"":""RootIndexReads"",""#text"":""0""},{""@Name"":""RootIndexReadBytes"",""#text"":""0""},{""@Name"":""RootIndexWrites"",""#text"":""0""},{""@Name"":""RootIndexWriteBytes"",""#text"":""0""},{""@Name"":""BitmapReads"",""#text"":""4""},{""@Name"":""BitmapReadBytes"",""#text"":""3256320""},{""@Name"":""BitmapWrites"",""#text"":""150""},{""@Name"":""BitmapWriteBytes"",""#text"":""802816""},{""@Name"":""MftBitmapReads"",""#text"":""1""},{""@Name"":""MftBitmapReadBytes"",""#text"":""20480""},{""@Name"":""MftBitmapWrites"",""#text"":""21""},{""@Name"":""MftBitmapWriteBytes"",""#text"":""98304""},{""@Name"":""UserIndexReads"",""#text"":""1188""},{""@Name"":""UserIndexReadBytes"",""#text"":""6098944""},{""@Name"":""UserIndexWrites"",""#text"":""177""},{""@Name"":""UserIndexWriteBytes"",""#text"":""901120""},{""@Name"":""LogFileReads"",""#text"":""8""},{""@Name"":""LogFileReadBytes"",""#text"":""32768""},{""@Name"":""LogFileWrites"",""#text"":""1167""},{""@Name"":""LogFileWriteBytes"",""#text"":""8228864""},{""@Name"":""LogFileFull"",""#text"":""0""},{""@Name"":""LogFileFullReasonBucket1"",""#text"":""0""},{""@Name"":""LogFileFullReasonBucket2"",""#text"":""0""},{""@Name"":""LogFileFullReasonBucket3"",""#text"":""0""},{""@Name"":""LogFileFullReasonBucket4"",""#text"":""0""},{""@Name"":""LogFileFullReasonBucket5"",""#text"":""0""},{""@Name"":""LogFileFullReasonBucket6"",""#text"":""0""},{""@Name"":""LogFileFullReasonBucket7"",""#text"":""0""},{""@Name"":""LogFileFullReasonBucket8"",""#text"":""0""},{""@Name"":""LogFileFullReasonBucket9"",""#text"":""0""},{""@Name"":""LogFileFullReasonBucket10"",""#text"":""0""},{""@Name"":""LogFileFullReasonBucket11"",""#text"":""0""},{""@Name"":""LogFileFullReasonBucket12"",""#text"":""0""},{""@Name"":""LogFileFullReasonBucket13"",""#text"":""0""},{""@Name"":""LogFileFullReasonBucket14"",""#text"":""0""},{""@Name"":""LogFileFullReasonBucket15"",""#text"":""0""},{""@Name"":""DiskResourceFailure"",""#text"":""0""},{""@Name"":""VolumeTrimCount"",""#text"":""36""},{""@Name"":""VolumeTrimTime"",""#text"":""0""},{""@Name"":""VolumeTrimSize"",""#text"":""8160""},{""@Name"":""AvgVolumeTrimTime"",""#text"":""0""},{""@Name"":""AvgVolumeTrimSize"",""#text"":""226""},{""@Name"":""VolumeTrimSkippedCount"",""#text"":""0""},{""@Name"":""VolumeTrimSkippedSize"",""#text"":""0""},{""@Name"":""FileLevelTrimCount"",""#text"":""0""},{""@Name"":""FileLevelTrimTime"",""#text"":""0""},{""@Name"":""FileLevelTrimSize"",""#text"":""0""},{""@Name"":""AvgFileLevelTrimTime"",""#text"":""0""},{""@Name"":""AvgFileLevelTrimSize"",""#text"":""0""},{""@Name"":""NtfsFillStatInfoFromMftRecordCalledCount"",""#text"":""0""},{""@Name"":""NtfsFillStatInfoFromMftRecordBailedBecauseOfAttributeListCount"",""#text"":""0""},{""@Name"":""NtfsFillStatInfoFromMftRecordBailedBecauseOfNonResReparsePointCount"",""#text"":""0""}]}}"
