36,2885,2024-05-14 03:41:41.6339549,16,Info,Microsoft-Windows-Kernel-General,System,172,528,DC01.forela.local,0,S-1-5-18,,,,,,,,,,,False,C:\Users\quentin\Documents\repo\writeups\CrownJewel-1\Artifacts\SYSTEM.evtx,Classic,0,"{""EventData"":{""Data"":[{""@Name"":""HiveNameLength"",""#text"":""31""},{""@Name"":""HiveName"",""#text"":""\\SystemRoot\\System32\\Config\\SAM""},{""@Name"":""KeysUpdated"",""#text"":""23""},{""@Name"":""DirtyPages"",""#text"":""3""}]}}"
37,2886,2024-05-14 03:41:41.6489999,16,Info,Microsoft-Windows-Kernel-General,System,172,512,DC01.forela.local,0,S-1-5-18,,,,,,,,,,,False,C:\Users\quentin\Documents\repo\writeups\CrownJewel-1\Artifacts\SYSTEM.evtx,Classic,0,"{""EventData"":{""Data"":[{""@Name"":""HiveNameLength"",""#text"":""36""},{""@Name"":""HiveName"",""#text"":""\\SystemRoot\\System32\\Config\\SECURITY""},{""@Name"":""KeysUpdated"",""#text"":""120""},{""@Name"":""DirtyPages"",""#text"":""5""}]}}"
38,2887,2024-05-14 03:41:41.6499051,16,Info,Microsoft-Windows-Kernel-General,System,172,524,DC01.forela.local,0,S-1-5-18,,,,,,,,,,,False,C:\Users\quentin\Documents\repo\writeups\CrownJewel-1\Artifacts\SYSTEM.evtx,Classic,0,"{""EventData"":{""Data"":[{""@Name"":""HiveNameLength"",""#text"":""35""},{""@Name"":""HiveName"",""#text"":""\\SystemRoot\\System32\\Config\\DEFAULT""},{""@Name"":""KeysUpdated"",""#text"":""183""},{""@Name"":""DirtyPages"",""#text"":""20""}]}}"
39,2888,2024-05-14 03:41:43.7444730,15,Info,Microsoft-Windows-Kernel-General,System,172,516,DC01.forela.local,0,S-1-5-18,,,,,,,,,,,False,C:\Users\quentin\Documents\repo\writeups\CrownJewel-1\Artifacts\SYSTEM.evtx,Classic,0,"{""EventData"":{""Data"":[{""@Name"":""HiveNameLength"",""#text"":""36""},{""@Name"":""HiveName"",""#text"":""\\SystemRoot\\System32\\Config\\SOFTWARE""},{""@Name"":""OriginalSize"",""#text"":""73826304""},{""@Name"":""NewSize"",""#text"":""73797632""}]}}"
40,2889,2024-05-14 03:41:43.7731847,24,Info,Microsoft-Windows-Kernel-General,System,172,548,DC01.forela.local,0,S-1-5-18,,,,,,,,,,,False,C:\Users\quentin\Documents\repo\writeups\CrownJewel-1\Artifacts\SYSTEM.evtx,Time,0,"{""EventData"":{""Data"":[{""@Name"":""ExitReason"",""#text"":""0""},{""@Name"":""CurrentBias"",""#text"":""-300""},{""@Name"":""CurrentTimeZoneID"",""#text"":""0""},{""@Name"":""TimeZoneInfoCacheUpdated"",""#text"":""0""},{""@Name"":""FirstRefresh"",""#text"":""0""}]}}"
41,2890,2024-05-14 03:41:52.6684573,129,Warning,stornvme,System,4,196,DC01.forela.local,0,,,,,,,,,,,,False,C:\Users\quentin\Documents\repo\writeups\CrownJewel-1\Artifacts\SYSTEM.evtx,0x80000000000000,0,"{""EventData"":{""Data"":""\\Device\\RaidPort1"",""Binary"":""0F-00-18-00-01-00-00-00-00-00-00-00-81-00-04-80-01-00-00-00-00-00-00-00-00-00-00-00-00-00-00-00-00-00-00-00-00-00-00-00-00-00-00-00-00-00-00-00-00-00-00-00-81-00-04-80-00-00-00-00-00-00-00-00""}}"
42,2891,2024-05-14 03:41:53.0547576,14,Info,Microsoft-Windows-Wininit,System,644,648,DC01.forela.local,0,S-1-5-18,,,,,,,,,,,False,C:\Users\quentin\Documents\repo\writeups\CrownJewel-1\Artifacts\SYSTEM.evtx,0x4000000000000000,0,"{""EventData"":{""Data"":[{""@Name"":""Config"",""#text"":""0""},{""@Name"":""IsTestConfig"",""#text"":""0""}]}}"
43,2892,2024-05-14 03:41:53.3519188,16962,Info,Microsoft-Windows-Directory-Services-SAM,System,828,832,DC01.forela.local,0,S-1-5-18,,,,,,,,,,,False,C:\Users\quentin\Documents\repo\writeups\CrownJewel-1\Artifacts\SYSTEM.evtx,Classic,0,"{""EventData"":{""@Name"":""SAMMSG_RESTRICT_REMOTE_SAM_DEFAULT_SD"",""Data"":{""@Name"":""Default SD String:""}}}"
44,2893,2024-05-14 03:41:54.7060130,16977,Info,Microsoft-Windows-Directory-Services-SAM,System,828,1004,DC01.forela.local,0,S-1-5-18,,,,,,,,,,,False,C:\Users\quentin\Documents\repo\writeups\CrownJewel-1\Artifacts\SYSTEM.evtx,Classic,0,"{""EventData"":{""@Name"":""SAMMSG_MINPWDLEN_SETTINGS_IN_EFFECT"",""Data"":[{""@Name"":""MinimumPasswordLength"",""#text"":""7""},{""@Name"":""RelaxMinimumPasswordLengthLimits"",""#text"":""0""},{""@Name"":""MinimumPasswordLengthAudit"",""#text"":""0""}]}}"
45,2894,2024-05-14 03:41:54.7178009,16977,Info,Microsoft-Windows-Directory-Services-SAM,System,828,832,DC01.forela.local,0,S-1-5-18,,,,,,,,,,,False,C:\Users\quentin\Documents\repo\writeups\CrownJewel-1\Artifacts\SYSTEM.evtx,Classic,0,"{""EventData"":{""@Name"":""SAMMSG_MINPWDLEN_SETTINGS_IN_EFFECT"",""Data"":[{""@Name"":""MinimumPasswordLength"",""#text"":""7""},{""@Name"":""RelaxMinimumPasswordLengthLimits"",""#text"":""0""},{""@Name"":""MinimumPasswordLengthAudit"",""#text"":""-1""}]}}"
46,2895,2024-05-14 03:41:54.7178076,16983,Info,Microsoft-Windows-Directory-Services-SAM,System,828,832,DC01.forela.local,0,S-1-5-18,,,,,,,,,,,False,C:\Users\quentin\Documents\repo\writeups\CrownJewel-1\Artifacts\SYSTEM.evtx,Classic,0,"{""EventData"":{""@Name"":""SAMMSG_AUDIT_LEGACY_PWD_RPC_METHODS_OFF""}}"
47,2896,2024-05-14 03:41:54.7307127,7036,Info,Service Control Manager,System,784,920,DC01.forela.local,0,,Service started or stopped,,,Name: PlugPlay | PlugPlay,Status: running,,,,,,False,C:\Users\quentin\Documents\repo\writeups\CrownJewel-1\Artifacts\SYSTEM.evtx,"Audit success, classic",0,"{""EventData"":{""Data"":[{""@Name"":""param1"",""#text"":""PlugPlay""},{""@Name"":""param2"",""#text"":""running""}],""Binary"":""50-00-6C-00-75-00-67-00-50-00-6C-00-61-00-79-00-2F-00-34-00-00-00""}}"
48,2897,2024-05-14 03:41:54.7619920,7036,Info,Service Control Manager,System,784,920,DC01.forela.local,0,,Service started or stopped,,,Name: Power | Power,Status: running,,,,,,False,C:\Users\quentin\Documents\repo\writeups\CrownJewel-1\Artifacts\SYSTEM.evtx,"Audit success, classic",0,"{""EventData"":{""Data"":[{""@Name"":""param1"",""#text"":""Power""},{""@Name"":""param2"",""#text"":""running""}],""Binary"":""50-00-6F-00-77-00-65-00-72-00-2F-00-34-00-00-00""}}"
49,2898,2024-05-14 03:41:54.7776554,7036,Info,Service Control Manager,System,784,916,DC01.forela.local,0,,Service started or stopped,,,Name: DcomLaunch | DcomLaunch,Status: running,,,,,,False,C:\Users\quentin\Documents\repo\writeups\CrownJewel-1\Artifacts\SYSTEM.evtx,"Audit success, classic",0,"{""EventData"":{""Data"":[{""@Name"":""param1"",""#text"":""DcomLaunch""},{""@Name"":""param2"",""#text"":""running""}],""Binary"":""44-00-63-00-6F-00-6D-00-4C-00-61-00-75-00-6E-00-63-00-68-00-2F-00-34-00-00-00""}}"
50,2899,2024-05-14 03:41:54.7984947,16,Info,Microsoft-Windows-Kernel-General,System,784,788,DC01.forela.local,0,S-1-5-18,,,,,,,,,,,False,C:\Users\quentin\Documents\repo\writeups\CrownJewel-1\Artifacts\SYSTEM.evtx,Classic,0,"{""EventData"":{""Data"":[{""@Name"":""HiveNameLength"",""#text"":""56""},{""@Name"":""HiveName"",""#text"":""\\??\\C:\\Windows\\ServiceProfiles\\NetworkService\\NTUSER.DAT""},{""@Name"":""KeysUpdated"",""#text"":""89""},{""@Name"":""DirtyPages"",""#text"":""14""}]}}"
51,2900,2024-05-14 03:41:54.8244895,7036,Info,Service Control Manager,System,784,916,DC01.forela.local,0,,Service started or stopped,,,Name: RpcEptMapper | RpcEptMapper,Status: running,,,,,,False,C:\Users\quentin\Documents\repo\writeups\CrownJewel-1\Artifacts\SYSTEM.evtx,"Audit success, classic",0,"{""EventData"":{""Data"":[{""@Name"":""param1"",""#text"":""RpcEptMapper""},{""@Name"":""param2"",""#text"":""running""}],""Binary"":""52-00-70-00-63-00-45-00-70-00-74-00-4D-00-61-00-70-00-70-00-65-00-72-00-2F-00-34-00-00-00""}}"
52,2901,2024-05-14 03:41:54.8402037,7036,Info,Service Control Manager,System,784,916,DC01.forela.local,0,,Service started or stopped,,,Name: RpcSs | RpcSs,Status: running,,,,,,False,C:\Users\quentin\Documents\repo\writeups\CrownJewel-1\Artifacts\SYSTEM.evtx,"Audit success, classic",0,"{""EventData"":{""Data"":[{""@Name"":""param1"",""#text"":""RpcSs""},{""@Name"":""param2"",""#text"":""running""}],""Binary"":""52-00-70-00-63-00-53-00-73-00-2F-00-34-00-00-00""}}"
53,2902,2024-05-14 03:41:54.8870616,7036,Info,Service Control Manager,System,784,920,DC01.forela.local,0,,Service started or stopped,,,Name: LSM | LSM,Status: running,,,,,,False,C:\Users\quentin\Documents\repo\writeups\CrownJewel-1\Artifacts\SYSTEM.evtx,"Audit success, classic",0,"{""EventData"":{""Data"":[{""@Name"":""param1"",""#text"":""LSM""},{""@Name"":""param2"",""#text"":""running""}],""Binary"":""4C-00-53-00-4D-00-2F-00-34-00-00-00""}}"
54,2903,2024-05-14 03:41:54.9027771,7036,Info,Service Control Manager,System,784,920,DC01.forela.local,0,,Service started or stopped,,,Name: BrokerInfrastructure | BrokerInfrastructure,Status: running,,,,,,False,C:\Users\quentin\Documents\repo\writeups\CrownJewel-1\Artifacts\SYSTEM.evtx,"Audit success, classic",0,"{""EventData"":{""Data"":[{""@Name"":""param1"",""#text"":""BrokerInfrastructure""},{""@Name"":""param2"",""#text"":""running""}],""Binary"":""42-00-72-00-6F-00-6B-00-65-00-72-00-49-00-6E-00-66-00-72-00-61-00-73-00-74-00-72-00-75-00-63-00-74-00-75-00-72-00-65-00-2F-00-34-00-00-00""}}"
55,2904,2024-05-14 03:41:54.9182096,7036,Info,Service Control Manager,System,784,920,DC01.forela.local,0,,Service started or stopped,,,Name: SystemEventsBroker | SystemEventsBroker,Status: running,,,,,,False,C:\Users\quentin\Documents\repo\writeups\CrownJewel-1\Artifacts\SYSTEM.evtx,"Audit success, classic",0,"{""EventData"":{""Data"":[{""@Name"":""param1"",""#text"":""SystemEventsBroker""},{""@Name"":""param2"",""#text"":""running""}],""Binary"":""53-00-79-00-73-00-74-00-65-00-6D-00-45-00-76-00-65-00-6E-00-74-00-73-00-42-00-72-00-6F-00-6B-00-65-00-72-00-2F-00-34-00-00-00""}}"
56,2905,2024-05-14 03:41:54.9668042,16,Info,Microsoft-Windows-Kernel-General,System,532,8,DC01.forela.local,0,S-1-5-18,,,,,,,,,,,False,C:\Users\quentin\Documents\repo\writeups\CrownJewel-1\Artifacts\SYSTEM.evtx,Classic,0,"{""EventData"":{""Data"":[{""@Name"":""HiveNameLength"",""#text"":""31""},{""@Name"":""HiveName"",""#text"":""\\SystemRoot\\System32\\Config\\BBI""},{""@Name"":""KeysUpdated"",""#text"":""21""},{""@Name"":""DirtyPages"",""#text"":""5""}]}}"
57,2906,2024-05-14 03:41:54.9714429,16,Info,Microsoft-Windows-Kernel-General,System,784,1116,DC01.forela.local,0,S-1-5-18,,,,,,,,,,,False,C:\Users\quentin\Documents\repo\writeups\CrownJewel-1\Artifacts\SYSTEM.evtx,Classic,0,"{""EventData"":{""Data"":[{""@Name"":""HiveNameLength"",""#text"":""54""},{""@Name"":""HiveName"",""#text"":""\\??\\C:\\Windows\\ServiceProfiles\\LocalService\\NTUSER.DAT""},{""@Name"":""KeysUpdated"",""#text"":""42""},{""@Name"":""DirtyPages"",""#text"":""13""}]}}"
58,2907,2024-05-14 03:41:55.0120656,7036,Info,Service Control Manager,System,784,1104,DC01.forela.local,0,,Service started or stopped,,,Name: nsi | nsi,Status: running,,,,,,False,C:\Users\quentin\Documents\repo\writeups\CrownJewel-1\Artifacts\SYSTEM.evtx,"Audit success, classic",0,"{""EventData"":{""Data"":[{""@Name"":""param1"",""#text"":""nsi""},{""@Name"":""param2"",""#text"":""running""}],""Binary"":""6E-00-73-00-69-00-2F-00-34-00-00-00""}}"
59,2908,2024-05-14 03:41:55.0120656,7036,Info,Service Control Manager,System,784,1104,DC01.forela.local,0,,Service started or stopped,,,Name: lmhosts | lmhosts,Status: running,,,,,,False,C:\Users\quentin\Documents\repo\writeups\CrownJewel-1\Artifacts\SYSTEM.evtx,"Audit success, classic",0,"{""EventData"":{""Data"":[{""@Name"":""param1"",""#text"":""lmhosts""},{""@Name"":""param2"",""#text"":""running""}],""Binary"":""6C-00-6D-00-68-00-6F-00-73-00-74-00-73-00-2F-00-34-00-00-00""}}"
60,2909,2024-05-14 03:41:55.0120656,7036,Info,Service Control Manager,System,784,1100,DC01.forela.local,0,,Service started or stopped,,,Name: TimeBrokerSvc | TimeBrokerSvc,Status: running,,,,,,False,C:\Users\quentin\Documents\repo\writeups\CrownJewel-1\Artifacts\SYSTEM.evtx,"Audit success, classic",0,"{""EventData"":{""Data"":[{""@Name"":""param1"",""#text"":""TimeBrokerSvc""},{""@Name"":""param2"",""#text"":""running""}],""Binary"":""54-00-69-00-6D-00-65-00-42-00-72-00-6F-00-6B-00-65-00-72-00-53-00-76-00-63-00-2F-00-34-00-00-00""}}"
61,2910,2024-05-14 03:41:55.0369212,50036,Info,Microsoft-Windows-Dhcp-Client,System,1364,1408,DC01.forela.local,0,S-1-5-19,,,,,,,,,,,False,C:\Users\quentin\Documents\repo\writeups\CrownJewel-1\Artifacts\SYSTEM.evtx,0x2000000000000000,0,"{""EventData"":""""}"
62,2911,2024-05-14 03:41:55.0369560,50103,Info,Microsoft-Windows-Dhcp-Client,System,1364,1408,DC01.forela.local,0,S-1-5-19,,,,,,,,,,,False,C:\Users\quentin\Documents\repo\writeups\CrownJewel-1\Artifacts\SYSTEM.evtx,0x2000000000000000,0,"{""EventData"":""""}"
63,2912,2024-05-14 03:41:55.0382832,50036,Info,Microsoft-Windows-Dhcp-Client,System,1364,1408,DC01.forela.local,0,S-1-5-19,,,,,,,,,,,False,C:\Users\quentin\Documents\repo\writeups\CrownJewel-1\Artifacts\SYSTEM.evtx,0x2000000000000000,0,"{""EventData"":""""}"
64,2913,2024-05-14 03:41:55.0466544,6,Info,Microsoft-Windows-FilterManager,System,4,184,DC01.forela.local,0,S-1-5-18,,,,,,,,,,,False,C:\Users\quentin\Documents\repo\writeups\CrownJewel-1\Artifacts\SYSTEM.evtx,Classic,0,"{""EventData"":{""Data"":[{""@Name"":""FinalStatus"",""#text"":""0x0""},{""@Name"":""DeviceVersionMajor"",""#text"":""10""},{""@Name"":""DeviceVersionMinor"",""#text"":""0""},{""@Name"":""DeviceNameLength"",""#text"":""5""},{""@Name"":""DeviceName"",""#text"":""wcifs""},{""@Name"":""DeviceTime"",""#text"":""2088-12-15 16:51:43.0000000""}]}}"
65,2914,2024-05-14 03:41:55.0532050,51046,Info,Microsoft-Windows-DHCPv6-Client,System,1364,1500,DC01.forela.local,0,S-1-5-19,,,,,,,,,,,False,C:\Users\quentin\Documents\repo\writeups\CrownJewel-1\Artifacts\SYSTEM.evtx,0x2000000000000000,0,"{""EventData"":""""}"
66,2915,2024-05-14 03:41:55.0432991,7036,Info,Service Control Manager,System,784,896,DC01.forela.local,0,,Service started or stopped,,,Name: Dhcp | Dhcp,Status: running,,,,,,False,C:\Users\quentin\Documents\repo\writeups\CrownJewel-1\Artifacts\SYSTEM.evtx,"Audit success, classic",0,"{""EventData"":{""Data"":[{""@Name"":""param1"",""#text"":""Dhcp""},{""@Name"":""param2"",""#text"":""running""}],""Binary"":""44-00-68-00-63-00-70-00-2F-00-34-00-00-00""}}"
67,2916,2024-05-14 03:41:55.0589299,7036,Info,Service Control Manager,System,784,896,DC01.forela.local,0,,Service started or stopped,,,Name: Dnscache | Dnscache,Status: running,,,,,,False,C:\Users\quentin\Documents\repo\writeups\CrownJewel-1\Artifacts\SYSTEM.evtx,"Audit success, classic",0,"{""EventData"":{""Data"":[{""@Name"":""param1"",""#text"":""Dnscache""},{""@Name"":""param2"",""#text"":""running""}],""Binary"":""44-00-6E-00-73-00-63-00-61-00-63-00-68-00-65-00-2F-00-34-00-00-00""}}"
68,2917,2024-05-14 03:41:55.0589299,7036,Info,Service Control Manager,System,784,1100,DC01.forela.local,0,,Service started or stopped,,,Name: EventLog | EventLog,Status: running,,,,,,False,C:\Users\quentin\Documents\repo\writeups\CrownJewel-1\Artifacts\SYSTEM.evtx,"Audit success, classic",0,"{""EventData"":{""Data"":[{""@Name"":""param1"",""#text"":""EventLog""},{""@Name"":""param2"",""#text"":""running""}],""Binary"":""45-00-76-00-65-00-6E-00-74-00-4C-00-6F-00-67-00-2F-00-34-00-00-00""}}"
69,2918,2024-05-14 03:41:55.0715380,6,Info,Microsoft-Windows-FilterManager,System,4,384,DC01.forela.local,0,S-1-5-18,,,,,,,,,,,False,C:\Users\quentin\Documents\repo\writeups\CrownJewel-1\Artifacts\SYSTEM.evtx,Classic,0,"{""EventData"":{""Data"":[{""@Name"":""FinalStatus"",""#text"":""0x0""},{""@Name"":""DeviceVersionMajor"",""#text"":""10""},{""@Name"":""DeviceVersionMinor"",""#text"":""0""},{""@Name"":""DeviceNameLength"",""#text"":""5""},{""@Name"":""DeviceName"",""#text"":""luafv""},{""@Name"":""DeviceTime"",""#text"":""2068-10-12 03:22:37.0000000""}]}}"
70,2919,2024-05-14 03:41:55.0589299,7036,Info,Service Control Manager,System,784,1108,DC01.forela.local,0,,Service started or stopped,,,Name: WPDBusEnum | WPDBusEnum,Status: running,,,,,,False,C:\Users\quentin\Documents\repo\writeups\CrownJewel-1\Artifacts\SYSTEM.evtx,"Audit success, classic",0,"{""EventData"":{""Data"":[{""@Name"":""param1"",""#text"":""WPDBusEnum""},{""@Name"":""param2"",""#text"":""running""}],""Binary"":""57-00-50-00-44-00-42-00-75-00-73-00-45-00-6E-00-75-00-6D-00-2F-00-34-00-00-00""}}"
71,2920,2024-05-14 03:41:55.0824289,6,Info,Microsoft-Windows-FilterManager,System,4,384,DC01.forela.local,0,S-1-5-18,,,,,,,,,,,False,C:\Users\quentin\Documents\repo\writeups\CrownJewel-1\Artifacts\SYSTEM.evtx,Classic,336,"{""EventData"":{""Data"":[{""@Name"":""FinalStatus"",""#text"":""0x0""},{""@Name"":""DeviceVersionMajor"",""#text"":""10""},{""@Name"":""DeviceVersionMinor"",""#text"":""0""},{""@Name"":""DeviceNameLength"",""#text"":""6""},{""@Name"":""DeviceName"",""#text"":""CldFlt""},{""@Name"":""DeviceTime"",""#text"":""2074-11-09 20:03:12.0000000""}]}}"
72,2921,2024-05-14 03:41:55.0824405,1,Info,Microsoft-Windows-FilterManager,System,4,384,DC01.forela.local,0,S-1-5-18,,,,,,,,,,,False,C:\Users\quentin\Documents\repo\writeups\CrownJewel-1\Artifacts\SYSTEM.evtx,Classic,0,"{""EventData"":{""Data"":[{""@Name"":""FinalStatus"",""#text"":""0x0""},{""@Name"":""DeviceVersionMajor"",""#text"":""10""},{""@Name"":""DeviceVersionMinor"",""#text"":""0""},{""@Name"":""DeviceNameLength"",""#text"":""6""},{""@Name"":""DeviceName"",""#text"":""CldFlt""},{""@Name"":""DeviceTime"",""#text"":""2074-11-09 20:03:12.0000000""}]}}"
73,2922,2024-05-14 03:41:55.0824788,6,Info,Microsoft-Windows-FilterManager,System,4,384,DC01.forela.local,0,S-1-5-18,,,,,,,,,,,False,C:\Users\quentin\Documents\repo\writeups\CrownJewel-1\Artifacts\SYSTEM.evtx,Classic,0,"{""EventData"":{""Data"":[{""@Name"":""FinalStatus"",""#text"":""0x0""},{""@Name"":""DeviceVersionMajor"",""#text"":""10""},{""@Name"":""DeviceVersionMinor"",""#text"":""0""},{""@Name"":""DeviceNameLength"",""#text"":""6""},{""@Name"":""DeviceName"",""#text"":""CldFlt""},{""@Name"":""DeviceTime"",""#text"":""2074-11-09 20:03:12.0000000""}]}}"
74,2923,2024-05-14 03:41:55.0865248,6,Info,Microsoft-Windows-FilterManager,System,4,384,DC01.forela.local,0,S-1-5-18,,,,,,,,,,,False,C:\Users\quentin\Documents\repo\writeups\CrownJewel-1\Artifacts\SYSTEM.evtx,Classic,0,"{""EventData"":{""Data"":[{""@Name"":""FinalStatus"",""#text"":""0x0""},{""@Name"":""DeviceVersionMajor"",""#text"":""10""},{""@Name"":""DeviceVersionMinor"",""#text"":""0""},{""@Name"":""DeviceNameLength"",""#text"":""10""},{""@Name"":""DeviceName"",""#text"":""storqosflt""},{""@Name"":""DeviceTime"",""#text"":""2051-09-21 17:40:20.0000000""}]}}"
75,2924,2024-05-14 03:41:55.0916401,6,Info,Microsoft-Windows-FilterManager,System,4,396,DC01.forela.local,0,S-1-5-18,,,,,,,,,,,False,C:\Users\quentin\Documents\repo\writeups\CrownJewel-1\Artifacts\SYSTEM.evtx,Classic,0,"{""EventData"":{""Data"":[{""@Name"":""FinalStatus"",""#text"":""0x0""},{""@Name"":""DeviceVersionMajor"",""#text"":""10""},{""@Name"":""DeviceVersionMinor"",""#text"":""0""},{""@Name"":""DeviceNameLength"",""#text"":""7""},{""@Name"":""DeviceName"",""#text"":""bindflt""},{""@Name"":""DeviceTime"",""#text"":""2051-03-04 08:45:47.0000000""}]}}"
76,2925,2024-05-14 03:41:55.0901569,7036,Info,Service Control Manager,System,784,896,DC01.forela.local,0,,Service started or stopped,,,Name: NTDS | NTDS,Status: running,,,,,,False,C:\Users\quentin\Documents\repo\writeups\CrownJewel-1\Artifacts\SYSTEM.evtx,"Audit success, classic",0,"{""EventData"":{""Data"":[{""@Name"":""param1"",""#text"":""NTDS""},{""@Name"":""param2"",""#text"":""running""}],""Binary"":""4E-00-54-00-44-00-53-00-2F-00-34-00-00-00""}}"
77,2926,2024-05-14 03:41:55.0901569,7036,Info,Service Control Manager,System,784,1108,DC01.forela.local,0,,Service started or stopped,,,Name: Themes | Themes,Status: running,,,,,,False,C:\Users\quentin\Documents\repo\writeups\CrownJewel-1\Artifacts\SYSTEM.evtx,"Audit success, classic",0,"{""EventData"":{""Data"":[{""@Name"":""param1"",""#text"":""Themes""},{""@Name"":""param2"",""#text"":""running""}],""Binary"":""54-00-68-00-65-00-6D-00-65-00-73-00-2F-00-34-00-00-00""}}"
78,2927,2024-05-14 03:41:55.1057589,7036,Info,Service Control Manager,System,784,1108,DC01.forela.local,0,,Service started or stopped,,,Name: NlaSvc | NlaSvc,Status: running,,,,,,False,C:\Users\quentin\Documents\repo\writeups\CrownJewel-1\Artifacts\SYSTEM.evtx,"Audit success, classic",0,"{""EventData"":{""Data"":[{""@Name"":""param1"",""#text"":""NlaSvc""},{""@Name"":""param2"",""#text"":""running""}],""Binary"":""4E-00-6C-00-61-00-53-00-76-00-63-00-2F-00-34-00-00-00""}}"
79,2928,2024-05-14 03:41:55.1057589,7036,Info,Service Control Manager,System,784,1108,DC01.forela.local,0,,Service started or stopped,,,Name: EventSystem | EventSystem,Status: running,,,,,,False,C:\Users\quentin\Documents\repo\writeups\CrownJewel-1\Artifacts\SYSTEM.evtx,"Audit success, classic",0,"{""EventData"":{""Data"":[{""@Name"":""param1"",""#text"":""EventSystem""},{""@Name"":""param2"",""#text"":""running""}],""Binary"":""45-00-76-00-65-00-6E-00-74-00-53-00-79-00-73-00-74-00-65-00-6D-00-2F-00-34-00-00-00""}}"
80,2929,2024-05-14 03:41:55.1057589,7036,Info,Service Control Manager,System,784,1108,DC01.forela.local,0,,Service started or stopped,,,Name: ProfSvc | ProfSvc,Status: running,,,,,,False,C:\Users\quentin\Documents\repo\writeups\CrownJewel-1\Artifacts\SYSTEM.evtx,"Audit success, classic",0,"{""EventData"":{""Data"":[{""@Name"":""param1"",""#text"":""ProfSvc""},{""@Name"":""param2"",""#text"":""running""}],""Binary"":""50-00-72-00-6F-00-66-00-53-00-76-00-63-00-2F-00-34-00-00-00""}}"
81,2930,2024-05-14 03:41:55.1217400,7036,Info,Service Control Manager,System,784,1108,DC01.forela.local,0,,Service started or stopped,,,Name: gpsvc | gpsvc,Status: running,,,,,,False,C:\Users\quentin\Documents\repo\writeups\CrownJewel-1\Artifacts\SYSTEM.evtx,"Audit success, classic",0,"{""EventData"":{""Data"":[{""@Name"":""param1"",""#text"":""gpsvc""},{""@Name"":""param2"",""#text"":""running""}],""Binary"":""67-00-70-00-73-00-76-00-63-00-2F-00-34-00-00-00""}}"
82,2931,2024-05-14 03:41:55.1339084,1014,Warning,Microsoft-Windows-DNS-Client,System,1412,1524,DC01.forela.local,0,S-1-5-20,,,,,,,,,,,False,C:\Users\quentin\Documents\repo\writeups\CrownJewel-1\Artifacts\SYSTEM.evtx,0x4000000010000000,0,"{""EventData"":{""Data"":[{""@Name"":""QueryName"",""#text"":""_ldap._tcp.dc._msdcs.forela.local.""},{""@Name"":""AddressLength"",""#text"":""128""},{""@Name"":""Address"",""#text"":""17-00-00-00-00-00-00-00-00-00-00-00-00-00-00-00-00-00-00-00-00-00-00-01-00-00-00-00-00-00-00-00-00-00-00-00-00-00-00-00-00-00-00-00-00-00-00-00-00-00-00-00-00-00-00-00-00-00-00-00-00-00-00-00-00-00-00-00-00-00-00-00-00-00-00-00-00-00-00-00-00-00-00-00-00-00-00-00-00-00-00-00-00-00-00-00-00-00-00-00-00-00-00-00-00-00-00-00-00-00-00-00-00-00-00-00-00-00-00-00-00-00-00-00-00-00-00-00""}]}}"
83,2932,2024-05-14 03:41:55.1529023,7036,Info,Service Control Manager,System,784,1108,DC01.forela.local,0,,Service started or stopped,,,Name: SENS | SENS,Status: running,,,,,,False,C:\Users\quentin\Documents\repo\writeups\CrownJewel-1\Artifacts\SYSTEM.evtx,"Audit success, classic",0,"{""EventData"":{""Data"":[{""@Name"":""param1"",""#text"":""SENS""},{""@Name"":""param2"",""#text"":""running""}],""Binary"":""53-00-45-00-4E-00-53-00-2F-00-34-00-00-00""}}"
84,2933,2024-05-14 03:41:55.1529023,7036,Info,Service Control Manager,System,784,1108,DC01.forela.local,0,,Service started or stopped,,,Name: netprofm | netprofm,Status: running,,,,,,False,C:\Users\quentin\Documents\repo\writeups\CrownJewel-1\Artifacts\SYSTEM.evtx,"Audit success, classic",0,"{""EventData"":{""Data"":[{""@Name"":""param1"",""#text"":""netprofm""},{""@Name"":""param2"",""#text"":""running""}],""Binary"":""6E-00-65-00-74-00-70-00-72-00-6F-00-66-00-6D-00-2F-00-34-00-00-00""}}"
85,2934,2024-05-14 03:41:55.1838722,7036,Info,Service Control Manager,System,784,1100,DC01.forela.local,0,,Service started or stopped,,,Name: ShellHWDetection | ShellHWDetection,Status: running,,,,,,False,C:\Users\quentin\Documents\repo\writeups\CrownJewel-1\Artifacts\SYSTEM.evtx,"Audit success, classic",0,"{""EventData"":{""Data"":[{""@Name"":""param1"",""#text"":""ShellHWDetection""},{""@Name"":""param2"",""#text"":""running""}],""Binary"":""53-00-68-00-65-00-6C-00-6C-00-48-00-57-00-44-00-65-00-74-00-65-00-63-00-74-00-69-00-6F-00-6E-00-2F-00-34-00-00-00""}}"
86,2935,2024-05-14 03:41:55.2150795,7036,Info,Service Control Manager,System,784,1112,DC01.forela.local,0,,Service started or stopped,,,Name: Schedule | Schedule,Status: running,,,,,,False,C:\Users\quentin\Documents\repo\writeups\CrownJewel-1\Artifacts\SYSTEM.evtx,"Audit success, classic",0,"{""EventData"":{""Data"":[{""@Name"":""param1"",""#text"":""Schedule""},{""@Name"":""param2"",""#text"":""running""}],""Binary"":""53-00-63-00-68-00-65-00-64-00-75-00-6C-00-65-00-2F-00-34-00-00-00""}}"
87,2936,2024-05-14 03:41:55.2309272,7036,Info,Service Control Manager,System,784,1108,DC01.forela.local,0,,Service started or stopped,,,Name: FontCache | FontCache,Status: running,,,,,,False,C:\Users\quentin\Documents\repo\writeups\CrownJewel-1\Artifacts\SYSTEM.evtx,"Audit success, classic",0,"{""EventData"":{""Data"":[{""@Name"":""param1"",""#text"":""FontCache""},{""@Name"":""param2"",""#text"":""running""}],""Binary"":""46-00-6F-00-6E-00-74-00-43-00-61-00-63-00-68-00-65-00-2F-00-34-00-00-00""}}"
88,2937,2024-05-14 03:41:55.2465018,7036,Info,Service Control Manager,System,784,1108,DC01.forela.local,0,,Service started or stopped,,,Name: WinHttpAutoProxySvc | WinHttpAutoProxySvc,Status: running,,,,,,False,C:\Users\quentin\Documents\repo\writeups\CrownJewel-1\Artifacts\SYSTEM.evtx,"Audit success, classic",0,"{""EventData"":{""Data"":[{""@Name"":""param1"",""#text"":""WinHttpAutoProxySvc""},{""@Name"":""param2"",""#text"":""running""}],""Binary"":""57-00-69-00-6E-00-48-00-74-00-74-00-70-00-41-00-75-00-74-00-6F-00-50-00-72-00-6F-00-78-00-79-00-53-00-76-00-63-00-2F-00-34-00-00-00""}}"
89,2938,2024-05-14 03:41:55.2620612,7036,Info,Service Control Manager,System,784,896,DC01.forela.local,0,,Service started or stopped,,,Name: Wcmsvc | Wcmsvc,Status: running,,,,,,False,C:\Users\quentin\Documents\repo\writeups\CrownJewel-1\Artifacts\SYSTEM.evtx,"Audit success, classic",248,"{""EventData"":{""Data"":[{""@Name"":""param1"",""#text"":""Wcmsvc""},{""@Name"":""param2"",""#text"":""running""}],""Binary"":""57-00-63-00-6D-00-73-00-76-00-63-00-2F-00-34-00-00-00""}}"
90,2939,2024-05-14 03:41:55.2777290,7036,Info,Service Control Manager,System,784,1112,DC01.forela.local,0,,Service started or stopped,,,Name: DsmSvc | DsmSvc,Status: running,,,,,,False,C:\Users\quentin\Documents\repo\writeups\CrownJewel-1\Artifacts\SYSTEM.evtx,"Audit success, classic",0,"{""EventData"":{""Data"":[{""@Name"":""param1"",""#text"":""DsmSvc""},{""@Name"":""param2"",""#text"":""running""}],""Binary"":""44-00-73-00-6D-00-53-00-76-00-63-00-2F-00-34-00-00-00""}}"
91,2940,2024-05-14 03:41:55.2777290,7036,Info,Service Control Manager,System,784,1108,DC01.forela.local,0,,Service started or stopped,,,Name: LanmanWorkstation | LanmanWorkstation,Status: running,,,,,,False,C:\Users\quentin\Documents\repo\writeups\CrownJewel-1\Artifacts\SYSTEM.evtx,"Audit success, classic",0,"{""EventData"":{""Data"":[{""@Name"":""param1"",""#text"":""LanmanWorkstation""},{""@Name"":""param2"",""#text"":""running""}],""Binary"":""4C-00-61-00-6E-00-6D-00-61-00-6E-00-57-00-6F-00-72-00-6B-00-73-00-74-00-61-00-74-00-69-00-6F-00-6E-00-2F-00-34-00-00-00""}}"
92,2941,2024-05-14 03:41:55.2933463,7036,Info,Service Control Manager,System,784,1112,DC01.forela.local,0,,Service started or stopped,,,Name: BFE | BFE,Status: running,,,,,,False,C:\Users\quentin\Documents\repo\writeups\CrownJewel-1\Artifacts\SYSTEM.evtx,"Audit success, classic",0,"{""EventData"":{""Data"":[{""@Name"":""param1"",""#text"":""BFE""},{""@Name"":""param2"",""#text"":""running""}],""Binary"":""42-00-46-00-45-00-2F-00-34-00-00-00""}}"
93,2942,2024-05-14 03:41:55.3017535,1014,Warning,Microsoft-Windows-DNS-Client,System,1412,1532,DC01.forela.local,0,S-1-5-20,,,,,,,,,,,False,C:\Users\quentin\Documents\repo\writeups\CrownJewel-1\Artifacts\SYSTEM.evtx,0x4000000010000000,0,"{""EventData"":{""Data"":[{""@Name"":""QueryName"",""#text"":""_ldap._tcp.dc._msdcs.forela.local.""},{""@Name"":""AddressLength"",""#text"":""128""},{""@Name"":""Address"",""#text"":""17-00-00-00-00-00-00-00-00-00-00-00-00-00-00-00-00-00-00-00-00-00-00-01-00-00-00-00-00-00-00-00-00-00-00-00-00-00-00-00-00-00-00-00-00-00-00-00-00-00-00-00-00-00-00-00-00-00-00-00-00-00-00-00-00-00-00-00-00-00-00-00-00-00-00-00-00-00-00-00-00-00-00-00-00-00-00-00-00-00-00-00-00-00-00-00-00-00-00-00-00-00-00-00-00-00-00-00-00-00-00-00-00-00-00-00-00-00-00-00-00-00-00-00-00-00-00-00""}]}}"
94,2943,2024-05-14 03:41:55.2933463,7036,Info,Service Control Manager,System,784,896,DC01.forela.local,0,,Service started or stopped,,,Name: NcbService | NcbService,Status: running,,,,,,False,C:\Users\quentin\Documents\repo\writeups\CrownJewel-1\Artifacts\SYSTEM.evtx,"Audit success, classic",0,"{""EventData"":{""Data"":[{""@Name"":""param1"",""#text"":""NcbService""},{""@Name"":""param2"",""#text"":""running""}],""Binary"":""4E-00-63-00-62-00-53-00-65-00-72-00-76-00-69-00-63-00-65-00-2F-00-34-00-00-00""}}"
95,2944,2024-05-14 03:41:55.3088392,7036,Info,Service Control Manager,System,784,1112,DC01.forela.local,0,,Service started or stopped,,,Name: UserManager | UserManager,Status: running,,,,,,False,C:\Users\quentin\Documents\repo\writeups\CrownJewel-1\Artifacts\SYSTEM.evtx,"Audit success, classic",0,"{""EventData"":{""Data"":[{""@Name"":""param1"",""#text"":""UserManager""},{""@Name"":""param2"",""#text"":""running""}],""Binary"":""55-00-73-00-65-00-72-00-4D-00-61-00-6E-00-61-00-67-00-65-00-72-00-2F-00-34-00-00-00""}}"
96,2945,2024-05-14 03:41:55.3246150,7036,Info,Service Control Manager,System,784,1112,DC01.forela.local,0,,Service started or stopped,,,Name: Kdc | Kdc,Status: running,,,,,,False,C:\Users\quentin\Documents\repo\writeups\CrownJewel-1\Artifacts\SYSTEM.evtx,"Audit success, classic",0,"{""EventData"":{""Data"":[{""@Name"":""param1"",""#text"":""Kdc""},{""@Name"":""param2"",""#text"":""running""}],""Binary"":""4B-00-64-00-63-00-2F-00-34-00-00-00""}}"
97,2946,2024-05-14 03:41:55.3246150,7036,Info,Service Control Manager,System,784,1112,DC01.forela.local,0,,Service started or stopped,,,Name: iphlpsvc | iphlpsvc,Status: running,,,,,,False,C:\Users\quentin\Documents\repo\writeups\CrownJewel-1\Artifacts\SYSTEM.evtx,"Audit success, classic",0,"{""EventData"":{""Data"":[{""@Name"":""param1"",""#text"":""iphlpsvc""},{""@Name"":""param2"",""#text"":""running""}],""Binary"":""69-00-70-00-68-00-6C-00-70-00-73-00-76-00-63-00-2F-00-34-00-00-00""}}"
98,2947,2024-05-14 03:41:55.3557855,7036,Info,Service Control Manager,System,784,1116,DC01.forela.local,0,,Service started or stopped,,,Name: NcaSvc | NcaSvc,Status: stopped,,,,,,False,C:\Users\quentin\Documents\repo\writeups\CrownJewel-1\Artifacts\SYSTEM.evtx,"Audit success, classic",0,"{""EventData"":{""Data"":[{""@Name"":""param1"",""#text"":""NcaSvc""},{""@Name"":""param2"",""#text"":""stopped""}],""Binary"":""4E-00-63-00-61-00-53-00-76-00-63-00-2F-00-31-00-00-00""}}"
99,2948,2024-05-14 03:41:55.4183697,7036,Info,Service Control Manager,System,784,1116,DC01.forela.local,0,,Service started or stopped,,,Name: mpssvc | mpssvc,Status: running,,,,,,False,C:\Users\quentin\Documents\repo\writeups\CrownJewel-1\Artifacts\SYSTEM.evtx,"Audit success, classic",0,"{""EventData"":{""Data"":[{""@Name"":""param1"",""#text"":""mpssvc""},{""@Name"":""param2"",""#text"":""running""}],""Binary"":""6D-00-70-00-73-00-73-00-76-00-63-00-2F-00-34-00-00-00""}}"
100,2949,2024-05-14 03:41:56.2933211,1001,Error,Microsoft-Windows-WER-SystemErrorReporting,System,0,0,DC01.forela.local,0,,,,,,,,,,,,False,C:\Users\quentin\Documents\repo\writeups\CrownJewel-1\Artifacts\SYSTEM.evtx,0x80000000000000,0,"{""EventData"":{""Data"":[{""@Name"":""param1"",""#text"":""0x00000124 (0x0000000000000010, 0xffff970b136e9028, 0xffff970b0ad5a09c, 0xffff970b0aa5a1a0)""},{""@Name"":""param2"",""#text"":""C:\\Windows\\MEMORY.DMP""},{""@Name"":""param3"",""#text"":""32841378-63bd-41a3-b11f-976be78eec78""}]}}"
101,2950,2024-05-14 03:41:56.3558120,7036,Info,Service Control Manager,System,784,916,DC01.forela.local,0,,Service started or stopped,,,Name: CryptSvc | CryptSvc,Status: running,,,,,,False,C:\Users\quentin\Documents\repo\writeups\CrownJewel-1\Artifacts\SYSTEM.evtx,"Audit success, classic",0,"{""EventData"":{""Data"":[{""@Name"":""param1"",""#text"":""CryptSvc""},{""@Name"":""param2"",""#text"":""running""}],""Binary"":""43-00-72-00-79-00-70-00-74-00-53-00-76-00-63-00-2F-00-34-00-00-00""}}"
102,2951,2024-05-14 03:41:59.7951578,7036,Info,Service Control Manager,System,784,896,DC01.forela.local,0,,Service started or stopped,,,Name: WerSvc | WerSvc,Status: running,,,,,,False,C:\Users\quentin\Documents\repo\writeups\CrownJewel-1\Artifacts\SYSTEM.evtx,"Audit success, classic",0,"{""EventData"":{""Data"":[{""@Name"":""param1"",""#text"":""WerSvc""},{""@Name"":""param2"",""#text"":""running""}],""Binary"":""57-00-65-00-72-00-53-00-76-00-63-00-2F-00-34-00-00-00""}}"
103,2952,2024-05-14 03:42:04.7172460,7036,Info,Service Control Manager,System,784,916,DC01.forela.local,0,,Service started or stopped,,,Name: SamSs | SamSs,Status: running,,,,,,False,C:\Users\quentin\Documents\repo\writeups\CrownJewel-1\Artifacts\SYSTEM.evtx,"Audit success, classic",0,"{""EventData"":{""Data"":[{""@Name"":""param1"",""#text"":""SamSs""},{""@Name"":""param2"",""#text"":""running""}],""Binary"":""53-00-61-00-6D-00-53-00-73-00-2F-00-34-00-00-00""}}"
104,2953,2024-05-14 03:42:04.7952671,7036,Info,Service Control Manager,System,784,1116,DC01.forela.local,0,,Service started or stopped,,,Name: LanmanServer | LanmanServer,Status: running,,,,,,False,C:\Users\quentin\Documents\repo\writeups\CrownJewel-1\Artifacts\SYSTEM.evtx,"Audit success, classic",0,"{""EventData"":{""Data"":[{""@Name"":""param1"",""#text"":""LanmanServer""},{""@Name"":""param2"",""#text"":""running""}],""Binary"":""4C-00-61-00-6E-00-6D-00-61-00-6E-00-53-00-65-00-72-00-76-00-65-00-72-00-2F-00-34-00-00-00""}}"
105,2954,2024-05-14 03:42:05.0138602,7036,Info,Service Control Manager,System,784,896,DC01.forela.local,0,,Service started or stopped,,,Name: CoreMessagingRegistrar | CoreMessagingRegistrar,Status: running,,,,,,False,C:\Users\quentin\Documents\repo\writeups\CrownJewel-1\Artifacts\SYSTEM.evtx,"Audit success, classic",0,"{""EventData"":{""Data"":[{""@Name"":""param1"",""#text"":""CoreMessagingRegistrar""},{""@Name"":""param2"",""#text"":""running""}],""Binary"":""43-00-6F-00-72-00-65-00-4D-00-65-00-73-00-73-00-61-00-67-00-69-00-6E-00-67-00-52-00-65-00-67-00-69-00-73-00-74-00-72-00-61-00-72-00-2F-00-34-00-00-00""}}"
106,2955,2024-05-14 03:42:05.1866423,7036,Info,Service Control Manager,System,784,1112,DC01.forela.local,0,,Service started or stopped,,,Name: Spooler | Spooler,Status: running,,,,,,False,C:\Users\quentin\Documents\repo\writeups\CrownJewel-1\Artifacts\SYSTEM.evtx,"Audit success, classic",0,"{""EventData"":{""Data"":[{""@Name"":""param1"",""#text"":""Spooler""},{""@Name"":""param2"",""#text"":""running""}],""Binary"":""53-00-70-00-6F-00-6F-00-6C-00-65-00-72-00-2F-00-34-00-00-00""}}"
107,2956,2024-05-14 03:42:05.3110253,7036,Info,Service Control Manager,System,784,1112,DC01.forela.local,0,,Service started or stopped,,,Name: RemoteRegistry | RemoteRegistry,Status: running,,,,,,False,C:\Users\quentin\Documents\repo\writeups\CrownJewel-1\Artifacts\SYSTEM.evtx,"Audit success, classic",0,"{""EventData"":{""Data"":[{""@Name"":""param1"",""#text"":""RemoteRegistry""},{""@Name"":""param2"",""#text"":""running""}],""Binary"":""52-00-65-00-6D-00-6F-00-74-00-65-00-52-00-65-00-67-00-69-00-73-00-74-00-72-00-79-00-2F-00-34-00-00-00""}}"
108,2957,2024-05-14 03:42:05.4830235,7036,Info,Service Control Manager,System,784,1112,DC01.forela.local,0,,Service started or stopped,,,Name: IsmServ | IsmServ,Status: running,,,,,,False,C:\Users\quentin\Documents\repo\writeups\CrownJewel-1\Artifacts\SYSTEM.evtx,"Audit success, classic",0,"{""EventData"":{""Data"":[{""@Name"":""param1"",""#text"":""IsmServ""},{""@Name"":""param2"",""#text"":""running""}],""Binary"":""49-00-73-00-6D-00-53-00-65-00-72-00-76-00-2F-00-34-00-00-00""}}"
109,2958,2024-05-14 03:42:06.6701300,14533,Info,Microsoft-Windows-DfsSvc,System,0,0,DC01.forela.local,0,,,,,,,,,,,,False,C:\Users\quentin\Documents\repo\writeups\CrownJewel-1\Artifacts\SYSTEM.evtx,0x80000000000000,0,"{""EventData"":{""@Name"":""DfsFinishBuildingNamespace""}}"
110,2959,2024-05-14 03:42:07.0608466,14531,Info,Microsoft-Windows-DfsSvc,System,0,0,DC01.forela.local,0,,,,,,,,,,,,False,C:\Users\quentin\Documents\repo\writeups\CrownJewel-1\Artifacts\SYSTEM.evtx,0x80000000000000,0,"{""EventData"":{""@Name"":""DfsFinishInit""}}"
111,2960,2024-05-14 03:42:06.0610328,7036,Info,Service Control Manager,System,784,1112,DC01.forela.local,0,,Service started or stopped,,,Name: WLMS | WLMS,Status: running,,,,,,False,C:\Users\quentin\Documents\repo\writeups\CrownJewel-1\Artifacts\SYSTEM.evtx,"Audit success, classic",0,"{""EventData"":{""Data"":[{""@Name"":""param1"",""#text"":""WLMS""},{""@Name"":""param2"",""#text"":""running""}],""Binary"":""57-00-4C-00-4D-00-53-00-2F-00-34-00-00-00""}}"
112,2961,2024-05-14 03:42:06.3270813,7036,Info,Service Control Manager,System,784,916,DC01.forela.local,0,,Service started or stopped,,,Name: SysMain | SysMain,Status: running,,,,,,False,C:\Users\quentin\Documents\repo\writeups\CrownJewel-1\Artifacts\SYSTEM.evtx,"Audit success, classic",0,"{""EventData"":{""Data"":[{""@Name"":""param1"",""#text"":""SysMain""},{""@Name"":""param2"",""#text"":""running""}],""Binary"":""53-00-79-00-73-00-4D-00-61-00-69-00-6E-00-2F-00-34-00-00-00""}}"
113,2962,2024-05-14 03:42:06.6388067,7036,Info,Service Control Manager,System,784,916,DC01.forela.local,0,,Service started or stopped,,,Name: Dfs | Dfs,Status: running,,,,,,False,C:\Users\quentin\Documents\repo\writeups\CrownJewel-1\Artifacts\SYSTEM.evtx,"Audit success, classic",0,"{""EventData"":{""Data"":[{""@Name"":""param1"",""#text"":""Dfs""},{""@Name"":""param2"",""#text"":""running""}],""Binary"":""44-00-66-00-73-00-2F-00-34-00-00-00""}}"
114,2963,2024-05-14 03:42:06.9046142,7036,Info,Service Control Manager,System,784,896,DC01.forela.local,0,,Service started or stopped,,,Name: Winmgmt | Winmgmt,Status: running,,,,,,False,C:\Users\quentin\Documents\repo\writeups\CrownJewel-1\Artifacts\SYSTEM.evtx,"Audit success, classic",0,"{""EventData"":{""Data"":[{""@Name"":""param1"",""#text"":""Winmgmt""},{""@Name"":""param2"",""#text"":""running""}],""Binary"":""57-00-69-00-6E-00-6D-00-67-00-6D-00-74-00-2F-00-34-00-00-00""}}"
115,2964,2024-05-14 03:42:06.9512368,7036,Info,Service Control Manager,System,784,896,DC01.forela.local,0,,Service started or stopped,,,Name: vm3dservice | vm3dservice,Status: running,,,,,,False,C:\Users\quentin\Documents\repo\writeups\CrownJewel-1\Artifacts\SYSTEM.evtx,"Audit success, classic",0,"{""EventData"":{""Data"":[{""@Name"":""param1"",""#text"":""vm3dservice""},{""@Name"":""param2"",""#text"":""running""}],""Binary"":""76-00-6D-00-33-00-64-00-73-00-65-00-72-00-76-00-69-00-63-00-65-00-2F-00-34-00-00-00""}}"
116,2965,2024-05-14 03:42:07.0454637,7036,Info,Service Control Manager,System,784,916,DC01.forela.local,0,,Service started or stopped,,,Name: DFSR | DFSR,Status: running,,,,,,False,C:\Users\quentin\Documents\repo\writeups\CrownJewel-1\Artifacts\SYSTEM.evtx,"Audit success, classic",0,"{""EventData"":{""Data"":[{""@Name"":""param1"",""#text"":""DFSR""},{""@Name"":""param2"",""#text"":""running""}],""Binary"":""44-00-46-00-53-00-52-00-2F-00-34-00-00-00""}}"
117,2966,2024-05-14 03:42:07.5297515,10148,Info,Microsoft-Windows-WinRM,System,0,0,DC01.forela.local,0,,,,,,,,,,,,False,C:\Users\quentin\Documents\repo\writeups\CrownJewel-1\Artifacts\SYSTEM.evtx,0x80000000000000,0,"{""EventData"":{""@Name"":""Started Listening""}}"
118,2967,2024-05-14 03:42:07.2168708,7036,Info,Service Control Manager,System,784,896,DC01.forela.local,0,,Service started or stopped,,,Name: VGAuthService | VGAuthService,Status: running,,,,,,False,C:\Users\quentin\Documents\repo\writeups\CrownJewel-1\Artifacts\SYSTEM.evtx,"Audit success, classic",0,"{""EventData"":{""Data"":[{""@Name"":""param1"",""#text"":""VGAuthService""},{""@Name"":""param2"",""#text"":""running""}],""Binary"":""56-00-47-00-41-00-75-00-74-00-68-00-53-00-65-00-72-00-76-00-69-00-63-00-65-00-2F-00-34-00-00-00""}}"
119,2968,2024-05-14 03:42:07.2168708,7036,Info,Service Control Manager,System,784,896,DC01.forela.local,0,,Service started or stopped,,,Name: WpnService | WpnService,Status: running,,,,,,False,C:\Users\quentin\Documents\repo\writeups\CrownJewel-1\Artifacts\SYSTEM.evtx,"Audit success, classic",0,"{""EventData"":{""Data"":[{""@Name"":""param1"",""#text"":""WpnService""},{""@Name"":""param2"",""#text"":""running""}],""Binary"":""57-00-70-00-6E-00-53-00-65-00-72-00-76-00-69-00-63-00-65-00-2F-00-34-00-00-00""}}"
120,2969,2024-05-14 03:42:07.6559653,7036,Info,Service Control Manager,System,784,896,DC01.forela.local,0,,Service started or stopped,,,Name: VMTools | VMTools,Status: running,,,,,,False,C:\Users\quentin\Documents\repo\writeups\CrownJewel-1\Artifacts\SYSTEM.evtx,"Audit success, classic",0,"{""EventData"":{""Data"":[{""@Name"":""param1"",""#text"":""VMTools""},{""@Name"":""param2"",""#text"":""running""}],""Binary"":""56-00-4D-00-54-00-6F-00-6F-00-6C-00-73-00-2F-00-34-00-00-00""}}"
121,2970,2024-05-14 03:42:07.6803194,7036,Info,Service Control Manager,System,784,896,DC01.forela.local,0,,Service started or stopped,,,Name: WinRM | WinRM,Status: running,,,,,,False,C:\Users\quentin\Documents\repo\writeups\CrownJewel-1\Artifacts\SYSTEM.evtx,"Audit success, classic",0,"{""EventData"":{""Data"":[{""@Name"":""param1"",""#text"":""WinRM""},{""@Name"":""param2"",""#text"":""running""}],""Binary"":""57-00-69-00-6E-00-52-00-4D-00-2F-00-34-00-00-00""}}"
122,2971,2024-05-14 03:42:08.1077928,7036,Info,Service Control Manager,System,784,1116,DC01.forela.local,0,,Service started or stopped,,,Name: SstpSvc | SstpSvc,Status: running,,,,,,False,C:\Users\quentin\Documents\repo\writeups\CrownJewel-1\Artifacts\SYSTEM.evtx,"Audit success, classic",0,"{""EventData"":{""Data"":[{""@Name"":""param1"",""#text"":""SstpSvc""},{""@Name"":""param2"",""#text"":""running""}],""Binary"":""53-00-73-00-74-00-70-00-53-00-76-00-63-00-2F-00-34-00-00-00""}}"
123,2972,2024-05-14 03:42:08.6718471,3,Info,Virtual Disk Service,System,0,0,DC01.forela.local,0,,,,,,,,,,,,False,C:\Users\quentin\Documents\repo\writeups\CrownJewel-1\Artifacts\SYSTEM.evtx,0x80000000000000,0,"{""EventData"":{""Data"":""@2010005"",""Binary"":""""}}"
124,2973,2024-05-14 03:42:08.3265363,7036,Info,Service Control Manager,System,784,916,DC01.forela.local,0,,Service started or stopped,,,Name: StateRepository | StateRepository,Status: running,,,,,,False,C:\Users\quentin\Documents\repo\writeups\CrownJewel-1\Artifacts\SYSTEM.evtx,"Audit success, classic",0,"{""EventData"":{""Data"":[{""@Name"":""param1"",""#text"":""StateRepository""},{""@Name"":""param2"",""#text"":""running""}],""Binary"":""53-00-74-00-61-00-74-00-65-00-52-00-65-00-70-00-6F-00-73-00-69-00-74-00-6F-00-72-00-79-00-2F-00-34-00-00-00""}}"
125,2974,2024-05-14 03:42:08.5311444,7036,Info,Service Control Manager,System,784,916,DC01.forela.local,0,,Service started or stopped,,,Name: DiagTrack | DiagTrack,Status: running,,,,,,False,C:\Users\quentin\Documents\repo\writeups\CrownJewel-1\Artifacts\SYSTEM.evtx,"Audit success, classic",0,"{""EventData"":{""Data"":[{""@Name"":""param1"",""#text"":""DiagTrack""},{""@Name"":""param2"",""#text"":""running""}],""Binary"":""44-00-69-00-61-00-67-00-54-00-72-00-61-00-63-00-6B-00-2F-00-34-00-00-00""}}"
126,2975,2024-05-14 03:42:08.5936106,7036,Info,Service Control Manager,System,784,916,DC01.forela.local,0,,Service started or stopped,,,Name: sppsvc | sppsvc,Status: running,,,,,,False,C:\Users\quentin\Documents\repo\writeups\CrownJewel-1\Artifacts\SYSTEM.evtx,"Audit success, classic",0,"{""EventData"":{""Data"":[{""@Name"":""param1"",""#text"":""sppsvc""},{""@Name"":""param2"",""#text"":""running""}],""Binary"":""73-00-70-00-70-00-73-00-76-00-63-00-2F-00-34-00-00-00""}}"
127,2976,2024-05-14 03:42:08.6718471,7036,Info,Service Control Manager,System,784,880,DC01.forela.local,0,,Service started or stopped,,,Name: vds | vds,Status: running,,,,,,False,C:\Users\quentin\Documents\repo\writeups\CrownJewel-1\Artifacts\SYSTEM.evtx,"Audit success, classic",0,"{""EventData"":{""Data"":[{""@Name"":""param1"",""#text"":""vds""},{""@Name"":""param2"",""#text"":""running""}],""Binary"":""76-00-64-00-73-00-2F-00-34-00-00-00""}}"
128,2977,2024-05-14 03:42:08.7653538,7036,Info,Service Control Manager,System,784,916,DC01.forela.local,0,,Service started or stopped,,,Name: RasMan | RasMan,Status: running,,,,,,False,C:\Users\quentin\Documents\repo\writeups\CrownJewel-1\Artifacts\SYSTEM.evtx,"Audit success, classic",0,"{""EventData"":{""Data"":[{""@Name"":""param1"",""#text"":""RasMan""},{""@Name"":""param2"",""#text"":""running""}],""Binary"":""52-00-61-00-73-00-4D-00-61-00-6E-00-2F-00-34-00-00-00""}}"
129,2978,2024-05-14 03:42:08.7809446,7036,Info,Service Control Manager,System,784,916,DC01.forela.local,0,,Service started or stopped,,,Name: vmvss | vmvss,Status: running,,,,,,False,C:\Users\quentin\Documents\repo\writeups\CrownJewel-1\Artifacts\SYSTEM.evtx,"Audit success, classic",0,"{""EventData"":{""Data"":[{""@Name"":""param1"",""#text"":""vmvss""},{""@Name"":""param2"",""#text"":""running""}],""Binary"":""76-00-6D-00-76-00-73-00-73-00-2F-00-34-00-00-00""}}"
130,2979,2024-05-14 03:42:08.8123209,7036,Info,Service Control Manager,System,784,916,DC01.forela.local,0,,Service started or stopped,,,Name: COMSysApp | COMSysApp,Status: running,,,,,,False,C:\Users\quentin\Documents\repo\writeups\CrownJewel-1\Artifacts\SYSTEM.evtx,"Audit success, classic",0,"{""EventData"":{""Data"":[{""@Name"":""param1"",""#text"":""COMSysApp""},{""@Name"":""param2"",""#text"":""running""}],""Binary"":""43-00-4F-00-4D-00-53-00-79-00-73-00-41-00-70-00-70-00-2F-00-34-00-00-00""}}"
131,2980,2024-05-14 03:42:08.9910114,16,Info,Microsoft-Windows-Kernel-General,System,2632,3676,DC01.forela.local,0,S-1-5-18,,,,,,,,,,,False,C:\Users\quentin\Documents\repo\writeups\CrownJewel-1\Artifacts\SYSTEM.evtx,Classic,0,"{""EventData"":{""Data"":[{""@Name"":""HiveNameLength"",""#text"":""45""},{""@Name"":""HiveName"",""#text"":""\\??\\C:\\Windows\\AppCompat\\Programs\\Amcache.hve""},{""@Name"":""KeysUpdated"",""#text"":""60""},{""@Name"":""DirtyPages"",""#text"":""17""}]}}"
132,2981,2024-05-14 03:42:09.0935255,7036,Info,Service Control Manager,System,784,916,DC01.forela.local,0,,Service started or stopped,,,Name: MSDTC | MSDTC,Status: running,,,,,,False,C:\Users\quentin\Documents\repo\writeups\CrownJewel-1\Artifacts\SYSTEM.evtx,"Audit success, classic",0,"{""EventData"":{""Data"":[{""@Name"":""param1"",""#text"":""MSDTC""},{""@Name"":""param2"",""#text"":""running""}],""Binary"":""4D-00-53-00-44-00-54-00-43-00-2F-00-34-00-00-00""}}"
133,2982,2024-05-14 03:42:14.1739477,7036,Info,Service Control Manager,System,784,880,DC01.forela.local,0,,Service started or stopped,,,Name: wlidsvc | wlidsvc,Status: running,,,,,,False,C:\Users\quentin\Documents\repo\writeups\CrownJewel-1\Artifacts\SYSTEM.evtx,"Audit success, classic",0,"{""EventData"":{""Data"":[{""@Name"":""param1"",""#text"":""wlidsvc""},{""@Name"":""param2"",""#text"":""running""}],""Binary"":""77-00-6C-00-69-00-64-00-73-00-76-00-63-00-2F-00-34-00-00-00""}}"
134,2983,2024-05-14 03:42:14.9237908,7026,Info,Service Control Manager,System,784,788,DC01.forela.local,0,,,,,,,,,,,,False,C:\Users\quentin\Documents\repo\writeups\CrownJewel-1\Artifacts\SYSTEM.evtx,"Audit success, classic",0,"{""EventData"":{""Data"":{""@Name"":""param1"",""#text"":"", dam""}}}"
135,2984,2024-05-14 03:42:16.7831058,7036,Info,Service Control Manager,System,784,916,DC01.forela.local,0,,Service started or stopped,,,Name: Volume Shadow Copy | Volume Shadow Copy,Status: running,,,,,,False,C:\Users\quentin\Documents\repo\writeups\CrownJewel-1\Artifacts\SYSTEM.evtx,"Audit success, classic",0,"{""EventData"":{""Data"":[{""@Name"":""param1"",""#text"":""Volume Shadow Copy""},{""@Name"":""param2"",""#text"":""running""}],""Binary"":""56-00-53-00-53-00-2F-00-34-00-00-00""}}"
136,2985,2024-05-14 03:42:17.2677404,7036,Info,Service Control Manager,System,784,916,DC01.forela.local,0,,Service started or stopped,,,Name: ADWS | ADWS,Status: running,,,,,,False,C:\Users\quentin\Documents\repo\writeups\CrownJewel-1\Artifacts\SYSTEM.evtx,"Audit success, classic",0,"{""EventData"":{""Data"":[{""@Name"":""param1"",""#text"":""ADWS""},{""@Name"":""param2"",""#text"":""running""}],""Binary"":""41-00-44-00-57-00-53-00-2F-00-34-00-00-00""}}"
