90,90,2023-03-10 02:15:17.0502416,158,Info,Microsoft-Windows-Ntfs,Microsoft-Windows-Ntfs/Operational,4,284,DC01.forela.local,1,S-1-5-18,,,,,,,,,,,False,C:\Users\quentin\Documents\repo\writeups\CrownJewel-1\Artifacts\Microsoft-Windows-NTFS.evtx,0x4000000000200000,0,"{""EventData"":{""Data"":[{""@Name"":""VolumeCorrelationId"",""#text"":""c526ee1b-ba64-405c-a85b-a486eddd36cb""},{""@Name"":""VolumeNameLength"",""#text"":""48""},{""@Name"":""VolumeName"",""#text"":""\\\\?\\Volume{c526ee1b-ba64-405c-a85b-a486eddd36cb}""},{""@Name"":""UserFileReads"",""#text"":""0""},{""@Name"":""UserFileReadBytes"",""#text"":""0""},{""@Name"":""UserDiskReads"",""#text"":""0""},{""@Name"":""UserFileWrites"",""#text"":""0""},{""@Name"":""UserFileWriteBytes"",""#text"":""0""},{""@Name"":""UserDiskWrites"",""#text"":""0""},{""@Name"":""MetaDataReads"",""#text"":""13""},{""@Name"":""MetaDataReadBytes"",""#text"":""229376""},{""@Name"":""MetaDataDiskReads"",""#text"":""15""},{""@Name"":""MetaDataWrites"",""#text"":""1""},{""@Name"":""MetaDataWriteBytes"",""#text"":""8192""},{""@Name"":""MetaDataDiskWrites"",""#text"":""2""},{""@Name"":""MftReads"",""#text"":""6""},{""@Name"":""MftReadBytes"",""#text"":""53248""},{""@Name"":""MftWrites"",""#text"":""1""},{""@Name"":""MftWriteBytes"",""#text"":""8192""},{""@Name"":""Mft2Writes"",""#text"":""0""},{""@Name"":""Mft2WriteBytes"",""#text"":""0""},{""@Name"":""RootIndexReads"",""#text"":""0""},{""@Name"":""RootIndexReadBytes"",""#text"":""0""},{""@Name"":""RootIndexWrites"",""#text"":""0""},{""@Name"":""RootIndexWriteBytes"",""#text"":""0""},{""@Name"":""BitmapReads"",""#text"":""1""},{""@Name"":""BitmapReadBytes"",""#text"":""20480""},{""@Name"":""BitmapWrites"",""#text"":""0""},{""@Name"":""BitmapWriteBytes"",""#text"":""0""},{""@Name"":""MftBitmapReads"",""#text"":""1""},{""@Name"":""MftBitmapReadBytes"",""#text"":""8192""},{""@Name"":""MftBitmapWrites"",""#text"":""0""},{""@Name"":""MftBitmapWriteBytes"",""#text"":""0""},{""@Name"":""UserIndexReads"",""#text"":""1""},{""@Name"":""UserIndexReadBytes"",""#text"":""4096""},{""@Name"":""UserIndexWrites"",""#text"":""1""},{""@Name"":""UserIndexWriteBytes"",""#text"":""4096""},{""@Name"":""LogFileReads"",""#text"":""8""},{""@Name"":""LogFileReadBytes"",""#text"":""32768""},{""@Name"":""LogFileWrites"",""#text"":""16""},{""@Name"":""LogFileWriteBytes"",""#text"":""65536""},{""@Name"":""LogFileFull"",""#text"":""0""},{""@Name"":""LogFileFullReasonBucket1"",""#text"":""0""},{""@Name"":""LogFileFullReasonBucket2"",""#text"":""0""},{""@Name"":""LogFileFullReasonBucket3"",""#text"":""0""},{""@Name"":""LogFileFullReasonBucket4"",""#text"":""0""},{""@Name"":""LogFileFullReasonBucket5"",""#text"":""0""},{""@Name"":""LogFileFullReasonBucket6"",""#text"":""0""},{""@Name"":""LogFileFullReasonBucket7"",""#text"":""0""},{""@Name"":""LogFileFullReasonBucket8"",""#text"":""0""},{""@Name"":""LogFileFullReasonBucket9"",""#text"":""0""},{""@Name"":""LogFileFullReasonBucket10"",""#text"":""0""},{""@Name"":""LogFileFullReasonBucket11"",""#text"":""0""},{""@Name"":""LogFileFullReasonBucket12"",""#text"":""0""},{""@Name"":""LogFileFullReasonBucket13"",""#text"":""0""},{""@Name"":""LogFileFullReasonBucket14"",""#text"":""0""},{""@Name"":""LogFileFullReasonBucket15"",""#text"":""0""},{""@Name"":""DiskResourceFailure"",""#text"":""0""},{""@Name"":""VolumeTrimCount"",""#text"":""0""},{""@Name"":""VolumeTrimTime"",""#text"":""0""},{""@Name"":""VolumeTrimSize"",""#text"":""0""},{""@Name"":""AvgVolumeTrimTime"",""#text"":""0""},{""@Name"":""AvgVolumeTrimSize"",""#text"":""0""},{""@Name"":""VolumeTrimSkippedCount"",""#text"":""0""},{""@Name"":""VolumeTrimSkippedSize"",""#text"":""0""},{""@Name"":""FileLevelTrimCount"",""#text"":""0""},{""@Name"":""FileLevelTrimTime"",""#text"":""0""},{""@Name"":""FileLevelTrimSize"",""#text"":""0""},{""@Name"":""AvgFileLevelTrimTime"",""#text"":""0""},{""@Name"":""AvgFileLevelTrimSize"",""#text"":""0""},{""@Name"":""NtfsFillStatInfoFromMftRecordCalledCount"",""#text"":""0""},{""@Name"":""NtfsFillStatInfoFromMftRecordBailedBecauseOfAttributeListCount"",""#text"":""0""},{""@Name"":""NtfsFillStatInfoFromMftRecordBailedBecauseOfNonResReparsePointCount"",""#text"":""0""}]}}"
91,91,2023-03-10 03:00:22.3154988,142,Info,Microsoft-Windows-Ntfs,Microsoft-Windows-Ntfs/Operational,4,512,DC01.forela.local,1,S-1-5-18,NTFS-formatted drive attached,,,VolumeName: C:,IsBootVolume: True,"LowestFreeSpaceInBytes: ","HighestFreeSpaceInBytes: ",,,,False,C:\Users\quentin\Documents\repo\writeups\CrownJewel-1\Artifacts\Microsoft-Windows-NTFS.evtx,0x4000000000200000,0,"{""EventData"":{""Data"":[{""@Name"":""VolumeGuid"",""#text"":""17a28535-1e81-4f9f-8b4a-85bb7474b0c9""},{""@Name"":""VolumeNameLength"",""#text"":""2""},{""@Name"":""VolumeName"",""#text"":""C:""},{""@Name"":""IsBootVolume"",""#text"":""True""},{""@Name"":""ElapsedSeconds"",""#text"":""3603""},{""@Name"":""AvailabeSpaceMinStr"",""#text"":""87.08 GB""},{""@Name"":""AvailabeSpaceMaxStr"",""#text"":""87.09 GB""},{""@Name"":""AvailabeSpaceDeltaStr"",""#text"":""7.83 MB""},{""@Name"":""AvailableClustersMin"",""#text"":""22825595""},{""@Name"":""AvailableClustersMax"",""#text"":""22827597""},{""@Name"":""UnallocatedClustersMin"",""#text"":""22959166""},{""@Name"":""UnallocatedClustersMax"",""#text"":""22961120""},{""@Name"":""ReservedClustersMin"",""#text"":""131984""},{""@Name"":""ReservedClustersMax"",""#text"":""132032""},{""@Name"":""TxfAbortReservedClustersMin"",""#text"":""1024""},{""@Name"":""TxfAbortReservedClustersMax"",""#text"":""1024""},{""@Name"":""PageFileSizeInBytes"",""#text"":""1811939328""},{""@Name"":""PageFileSizeStr"",""#text"":""1.69 GB""},{""@Name"":""VolumeSizeInBytes"",""#text"":""106699943936""},{""@Name"":""VolumeSizeStr"",""#text"":""99.38 GB""},{""@Name"":""ClusterSize"",""#text"":""4096""},{""@Name"":""CachedRunsMissCountForMft"",""#text"":""0""},{""@Name"":""CachedRunsMissCountForMftZone"",""#text"":""0""},{""@Name"":""CachedRunsMissCount"",""#text"":""0""}]}}"
92,92,2023-03-10 04:00:24.4087196,142,Info,Microsoft-Windows-Ntfs,Microsoft-Windows-Ntfs/Operational,4,4564,DC01.forela.local,1,S-1-5-18,NTFS-formatted drive attached,,,VolumeName: C:,IsBootVolume: True,"LowestFreeSpaceInBytes: ","HighestFreeSpaceInBytes: ",,,,False,C:\Users\quentin\Documents\repo\writeups\CrownJewel-1\Artifacts\Microsoft-Windows-NTFS.evtx,0x4000000000200000,0,"{""EventData"":{""Data"":[{""@Name"":""VolumeGuid"",""#text"":""17a28535-1e81-4f9f-8b4a-85bb7474b0c9""},{""@Name"":""VolumeNameLength"",""#text"":""2""},{""@Name"":""VolumeName"",""#text"":""C:""},{""@Name"":""IsBootVolume"",""#text"":""True""},{""@Name"":""ElapsedSeconds"",""#text"":""3602""},{""@Name"":""AvailabeSpaceMinStr"",""#text"":""87.07 GB""},{""@Name"":""AvailabeSpaceMaxStr"",""#text"":""87.08 GB""},{""@Name"":""AvailabeSpaceDeltaStr"",""#text"":""3.59 MB""},{""@Name"":""AvailableClustersMin"",""#text"":""22824708""},{""@Name"":""AvailableClustersMax"",""#text"":""22825627""},{""@Name"":""UnallocatedClustersMin"",""#text"":""22958279""},{""@Name"":""UnallocatedClustersMax"",""#text"":""22959198""},{""@Name"":""ReservedClustersMin"",""#text"":""132032""},{""@Name"":""ReservedClustersMax"",""#text"":""132032""},{""@Name"":""TxfAbortReservedClustersMin"",""#text"":""1024""},{""@Name"":""TxfAbortReservedClustersMax"",""#text"":""1024""},{""@Name"":""PageFileSizeInBytes"",""#text"":""1811939328""},{""@Name"":""PageFileSizeStr"",""#text"":""1.69 GB""},{""@Name"":""VolumeSizeInBytes"",""#text"":""106699943936""},{""@Name"":""VolumeSizeStr"",""#text"":""99.38 GB""},{""@Name"":""ClusterSize"",""#text"":""4096""},{""@Name"":""CachedRunsMissCountForMft"",""#text"":""0""},{""@Name"":""CachedRunsMissCountForMftZone"",""#text"":""0""},{""@Name"":""CachedRunsMissCount"",""#text"":""0""}]}}"
93,93,2023-03-10 05:00:29.2841449,142,Info,Microsoft-Windows-Ntfs,Microsoft-Windows-Ntfs/Operational,4,4564,DC01.forela.local,1,S-1-5-18,NTFS-formatted drive attached,,,VolumeName: C:,IsBootVolume: True,"LowestFreeSpaceInBytes: ","HighestFreeSpaceInBytes: ",,,,False,C:\Users\quentin\Documents\repo\writeups\CrownJewel-1\Artifacts\Microsoft-Windows-NTFS.evtx,0x4000000000200000,0,"{""EventData"":{""Data"":[{""@Name"":""VolumeGuid"",""#text"":""17a28535-1e81-4f9f-8b4a-85bb7474b0c9""},{""@Name"":""VolumeNameLength"",""#text"":""2""},{""@Name"":""VolumeName"",""#text"":""C:""},{""@Name"":""IsBootVolume"",""#text"":""True""},{""@Name"":""ElapsedSeconds"",""#text"":""3604""},{""@Name"":""AvailabeSpaceMinStr"",""#text"":""87.07 GB""},{""@Name"":""AvailabeSpaceMaxStr"",""#text"":""87.07 GB""},{""@Name"":""AvailabeSpaceDeltaStr"",""#text"":""5.75 MB""},{""@Name"":""AvailableClustersMin"",""#text"":""22823269""},{""@Name"":""AvailableClustersMax"",""#text"":""22824739""},{""@Name"":""UnallocatedClustersMin"",""#text"":""22956840""},{""@Name"":""UnallocatedClustersMax"",""#text"":""22958310""},{""@Name"":""ReservedClustersMin"",""#text"":""132032""},{""@Name"":""ReservedClustersMax"",""#text"":""132032""},{""@Name"":""TxfAbortReservedClustersMin"",""#text"":""1024""},{""@Name"":""TxfAbortReservedClustersMax"",""#text"":""1024""},{""@Name"":""PageFileSizeInBytes"",""#text"":""1811939328""},{""@Name"":""PageFileSizeStr"",""#text"":""1.69 GB""},{""@Name"":""VolumeSizeInBytes"",""#text"":""106699943936""},{""@Name"":""VolumeSizeStr"",""#text"":""99.38 GB""},{""@Name"":""ClusterSize"",""#text"":""4096""},{""@Name"":""CachedRunsMissCountForMft"",""#text"":""0""},{""@Name"":""CachedRunsMissCountForMftZone"",""#text"":""0""},{""@Name"":""CachedRunsMissCount"",""#text"":""0""}]}}"
94,94,2023-03-10 06:00:29.3932853,142,Info,Microsoft-Windows-Ntfs,Microsoft-Windows-Ntfs/Operational,4,32,DC01.forela.local,1,S-1-5-18,NTFS-formatted drive attached,,,VolumeName: C:,IsBootVolume: True,"LowestFreeSpaceInBytes: ","HighestFreeSpaceInBytes: ",,,,False,C:\Users\quentin\Documents\repo\writeups\CrownJewel-1\Artifacts\Microsoft-Windows-NTFS.evtx,0x4000000000200000,0,"{""EventData"":{""Data"":[{""@Name"":""VolumeGuid"",""#text"":""17a28535-1e81-4f9f-8b4a-85bb7474b0c9""},{""@Name"":""VolumeNameLength"",""#text"":""2""},{""@Name"":""VolumeName"",""#text"":""C:""},{""@Name"":""IsBootVolume"",""#text"":""True""},{""@Name"":""ElapsedSeconds"",""#text"":""3600""},{""@Name"":""AvailabeSpaceMinStr"",""#text"":""87.07 GB""},{""@Name"":""AvailabeSpaceMaxStr"",""#text"":""87.07 GB""},{""@Name"":""AvailabeSpaceDeltaStr"",""#text"":""3.15 MB""},{""@Name"":""AvailableClustersMin"",""#text"":""22822493""},{""@Name"":""AvailableClustersMax"",""#text"":""22823299""},{""@Name"":""UnallocatedClustersMin"",""#text"":""22956064""},{""@Name"":""UnallocatedClustersMax"",""#text"":""22956870""},{""@Name"":""ReservedClustersMin"",""#text"":""132032""},{""@Name"":""ReservedClustersMax"",""#text"":""132032""},{""@Name"":""TxfAbortReservedClustersMin"",""#text"":""1024""},{""@Name"":""TxfAbortReservedClustersMax"",""#text"":""1024""},{""@Name"":""PageFileSizeInBytes"",""#text"":""1811939328""},{""@Name"":""PageFileSizeStr"",""#text"":""1.69 GB""},{""@Name"":""VolumeSizeInBytes"",""#text"":""106699943936""},{""@Name"":""VolumeSizeStr"",""#text"":""99.38 GB""},{""@Name"":""ClusterSize"",""#text"":""4096""},{""@Name"":""CachedRunsMissCountForMft"",""#text"":""0""},{""@Name"":""CachedRunsMissCountForMftZone"",""#text"":""0""},{""@Name"":""CachedRunsMissCount"",""#text"":""0""}]}}"
95,95,2023-03-10 07:00:30.5655527,142,Info,Microsoft-Windows-Ntfs,Microsoft-Windows-Ntfs/Operational,4,4844,DC01.forela.local,1,S-1-5-18,NTFS-formatted drive attached,,,VolumeName: C:,IsBootVolume: True,"LowestFreeSpaceInBytes: ","HighestFreeSpaceInBytes: ",,,,False,C:\Users\quentin\Documents\repo\writeups\CrownJewel-1\Artifacts\Microsoft-Windows-NTFS.evtx,0x4000000000200000,0,"{""EventData"":{""Data"":[{""@Name"":""VolumeGuid"",""#text"":""17a28535-1e81-4f9f-8b4a-85bb7474b0c9""},{""@Name"":""VolumeNameLength"",""#text"":""2""},{""@Name"":""VolumeName"",""#text"":""C:""},{""@Name"":""IsBootVolume"",""#text"":""True""},{""@Name"":""ElapsedSeconds"",""#text"":""3601""},{""@Name"":""AvailabeSpaceMinStr"",""#text"":""87.05 GB""},{""@Name"":""AvailabeSpaceMaxStr"",""#text"":""87.07 GB""},{""@Name"":""AvailabeSpaceDeltaStr"",""#text"":""11.58 MB""},{""@Name"":""AvailableClustersMin"",""#text"":""22819533""},{""@Name"":""AvailableClustersMax"",""#text"":""22822495""},{""@Name"":""UnallocatedClustersMin"",""#text"":""22953104""},{""@Name"":""UnallocatedClustersMax"",""#text"":""22956066""},{""@Name"":""ReservedClustersMin"",""#text"":""132032""},{""@Name"":""ReservedClustersMax"",""#text"":""132032""},{""@Name"":""TxfAbortReservedClustersMin"",""#text"":""1024""},{""@Name"":""TxfAbortReservedClustersMax"",""#text"":""1024""},{""@Name"":""PageFileSizeInBytes"",""#text"":""1811939328""},{""@Name"":""PageFileSizeStr"",""#text"":""1.69 GB""},{""@Name"":""VolumeSizeInBytes"",""#text"":""106699943936""},{""@Name"":""VolumeSizeStr"",""#text"":""99.38 GB""},{""@Name"":""ClusterSize"",""#text"":""4096""},{""@Name"":""CachedRunsMissCountForMft"",""#text"":""0""},{""@Name"":""CachedRunsMissCountForMftZone"",""#text"":""0""},{""@Name"":""CachedRunsMissCount"",""#text"":""0""}]}}"
96,96,2023-03-10 08:00:35.3779041,142,Info,Microsoft-Windows-Ntfs,Microsoft-Windows-Ntfs/Operational,4,4844,DC01.forela.local,1,S-1-5-18,NTFS-formatted drive attached,,,VolumeName: C:,IsBootVolume: True,"LowestFreeSpaceInBytes: ","HighestFreeSpaceInBytes: ",,,,False,C:\Users\quentin\Documents\repo\writeups\CrownJewel-1\Artifacts\Microsoft-Windows-NTFS.evtx,0x4000000000200000,0,"{""EventData"":{""Data"":[{""@Name"":""VolumeGuid"",""#text"":""17a28535-1e81-4f9f-8b4a-85bb7474b0c9""},{""@Name"":""VolumeNameLength"",""#text"":""2""},{""@Name"":""VolumeName"",""#text"":""C:""},{""@Name"":""IsBootVolume"",""#text"":""True""},{""@Name"":""ElapsedSeconds"",""#text"":""3604""},{""@Name"":""AvailabeSpaceMinStr"",""#text"":""87.05 GB""},{""@Name"":""AvailabeSpaceMaxStr"",""#text"":""87.05 GB""},{""@Name"":""AvailabeSpaceDeltaStr"",""#text"":""4.01 MB""},{""@Name"":""AvailableClustersMin"",""#text"":""22818538""},{""@Name"":""AvailableClustersMax"",""#text"":""22819563""},{""@Name"":""UnallocatedClustersMin"",""#text"":""22952109""},{""@Name"":""UnallocatedClustersMax"",""#text"":""22953134""},{""@Name"":""ReservedClustersMin"",""#text"":""132032""},{""@Name"":""ReservedClustersMax"",""#text"":""132032""},{""@Name"":""TxfAbortReservedClustersMin"",""#text"":""1024""},{""@Name"":""TxfAbortReservedClustersMax"",""#text"":""1024""},{""@Name"":""PageFileSizeInBytes"",""#text"":""1811939328""},{""@Name"":""PageFileSizeStr"",""#text"":""1.69 GB""},{""@Name"":""VolumeSizeInBytes"",""#text"":""106699943936""},{""@Name"":""VolumeSizeStr"",""#text"":""99.38 GB""},{""@Name"":""ClusterSize"",""#text"":""4096""},{""@Name"":""CachedRunsMissCountForMft"",""#text"":""0""},{""@Name"":""CachedRunsMissCountForMftZone"",""#text"":""0""},{""@Name"":""CachedRunsMissCount"",""#text"":""0""}]}}"
97,97,2023-03-25 14:27:46.1946160,9,Info,Microsoft-Windows-Ntfs,Microsoft-Windows-Ntfs/Operational,4,32,DC01.forela.local,1,S-1-5-18,,,,,,,,,,,False,C:\Users\quentin\Documents\repo\writeups\CrownJewel-1\Artifacts\Microsoft-Windows-NTFS.evtx,0x4000000000200000,0,"{""EventData"":{""Data"":[{""@Name"":""VolumeCorrelationId"",""#text"":""17a28535-1e81-4f9f-8b4a-85bb7474b0c9""},{""@Name"":""VolumeIdLength"",""#text"":""2""},{""@Name"":""VolumeId"",""#text"":""C:""},{""@Name"":""VolumeLabelLength"",""#text"":""0""},{""@Name"":""VolumeLabel""},{""@Name"":""DeviceNameLength"",""#text"":""23""},{""@Name"":""DeviceName"",""#text"":""\\Device\\HarddiskVolume3""},{""@Name"":""DeviceGuid"",""#text"":""7b6f1752-bd95-6e22-e3a5-6ee8419ecad7""},{""@Name"":""VendorIdLength"",""#text"":""0""},{""@Name"":""VendorId""},{""@Name"":""ProductIdLength"",""#text"":""24""},{""@Name"":""ProductId"",""#text"":""VMware Virtual NVMe Disk""},{""@Name"":""ProductRevisionLength"",""#text"":""3""},{""@Name"":""ProductRevision"",""#text"":""1.0""},{""@Name"":""DeviceSerialNumberLength"",""#text"":""16""},{""@Name"":""DeviceSerialNumber"",""#text"":""VMWare NVME_0000""},{""@Name"":""BusType"",""#text"":""17""},{""@Name"":""AdapterSerialNumberLength"",""#text"":""16""},{""@Name"":""AdapterSerialNumber"",""#text"":""VMWare NVME_0000""},{""@Name"":""DurationUs"",""#text"":""15501""},{""@Name"":""InputFlags"",""#text"":""0xE""},{""@Name"":""Reason"",""#text"":""1""},{""@Name"":""Flags"",""#text"":""0x10""}]}}"
98,98,2023-03-25 14:27:46.1946219,4,Info,Microsoft-Windows-Ntfs,Microsoft-Windows-Ntfs/Operational,4,196,DC01.forela.local,1,S-1-5-18,,,,,,,,,,,False,C:\Users\quentin\Documents\repo\writeups\CrownJewel-1\Artifacts\Microsoft-Windows-NTFS.evtx,0x4001000000000020,0,"{""EventData"":{""Data"":[{""@Name"":""VolumeCorrelationId"",""#text"":""17a28535-1e81-4f9f-8b4a-85bb7474b0c9""},{""@Name"":""VolumeIdLength"",""#text"":""2""},{""@Name"":""VolumeId"",""#text"":""C:""},{""@Name"":""VolumeLabelLength"",""#text"":""0""},{""@Name"":""VolumeLabel""},{""@Name"":""DeviceNameLength"",""#text"":""23""},{""@Name"":""DeviceName"",""#text"":""\\Device\\HarddiskVolume3""},{""@Name"":""DeviceGuid"",""#text"":""7b6f1752-bd95-6e22-e3a5-6ee8419ecad7""},{""@Name"":""VendorIdLength"",""#text"":""0""},{""@Name"":""VendorId""},{""@Name"":""ProductIdLength"",""#text"":""24""},{""@Name"":""ProductId"",""#text"":""VMware Virtual NVMe Disk""},{""@Name"":""ProductRevisionLength"",""#text"":""3""},{""@Name"":""ProductRevision"",""#text"":""1.0""},{""@Name"":""DeviceSerialNumberLength"",""#text"":""16""},{""@Name"":""DeviceSerialNumber"",""#text"":""VMWare NVME_0000""},{""@Name"":""BusType"",""#text"":""17""},{""@Name"":""AdapterSerialNumberLength"",""#text"":""16""},{""@Name"":""AdapterSerialNumber"",""#text"":""VMWare NVME_0000""},{""@Name"":""Vcb"",""#text"":""0xFFFFB30D0F71D1B0""},{""@Name"":""MountDurationUs"",""#text"":""46741""},{""@Name"":""MountDuration"",""#text"":""46 ms""},{""@Name"":""LongestStage"",""#text"":""8""},{""@Name"":""LongestStageDuration"",""#text"":""15 ms""},{""@Name"":""LongestStagePercentage"",""#text"":""34""},{""@Name"":""SecondLongestStage"",""#text"":""2""},{""@Name"":""SecondLongestStageDuration"",""#text"":""15 ms""},{""@Name"":""SecondLongestStagePercentage"",""#text"":""33""},{""@Name"":""RestartApplied"",""#text"":""False""},{""@Name"":""IsBootVolume"",""#text"":""True""},{""@Name"":""Stage1DurationUs"",""#text"":""0""},{""@Name"":""Stage2DurationUs"",""#text"":""15503""},{""@Name"":""Stage3DurationUs"",""#text"":""0""},{""@Name"":""Stage4DurationUs"",""#text"":""0""},{""@Name"":""Stage5DurationUs"",""#text"":""0""},{""@Name"":""Stage6DurationUs"",""#text"":""0""},{""@Name"":""Stage7DurationUs"",""#text"":""15477""},{""@Name"":""Stage8DurationUs"",""#text"":""15760""},{""@Name"":""Stage9DurationUs"",""#text"":""0""},{""@Name"":""Stage10DurationUs"",""#text"":""0""}]}}"
99,99,2023-03-25 14:27:46.1946269,10,Info,Microsoft-Windows-Ntfs,Microsoft-Windows-Ntfs/Operational,4,32,DC01.forela.local,1,S-1-5-18,,,,,,,,,,,False,C:\Users\quentin\Documents\repo\writeups\CrownJewel-1\Artifacts\Microsoft-Windows-NTFS.evtx,0x4000000000200000,0,"{""EventData"":{""Data"":[{""@Name"":""VolumeCorrelationId"",""#text"":""17a28535-1e81-4f9f-8b4a-85bb7474b0c9""},{""@Name"":""VolumeId"",""#text"":""C:""},{""@Name"":""VolumeLabel""},{""@Name"":""DeviceName"",""#text"":""\\Device\\HarddiskVolume3""},{""@Name"":""DeviceGuid"",""#text"":""7b6f1752-bd95-6e22-e3a5-6ee8419ecad7""},{""@Name"":""VendorId""},{""@Name"":""ProductId"",""#text"":""VMware Virtual NVMe Disk""},{""@Name"":""ProductRevision"",""#text"":""1.0""},{""@Name"":""DeviceSerialNumber"",""#text"":""VMWare NVME_0000""},{""@Name"":""BusType"",""#text"":""17""},{""@Name"":""AdapterSerialNumber"",""#text"":""VMWare NVME_0000""},{""@Name"":""MediaType"",""#text"":""1""},{""@Name"":""RunsCached"",""#text"":""108""},{""@Name"":""LongestRunCached"",""#text"":""93307809792""},{""@Name"":""LongestRunCachedStr"",""#text"":""86.90 GB""},{""@Name"":""MostPopulatedBinCount"",""#text"":""15""},{""@Name"":""MostPopulatedBinMinLength"",""#text"":""1019904""},{""@Name"":""MostPopulatedBinMinLengthStr"",""#text"":""996 KB""},{""@Name"":""MostPopulatedBinMaxLength"",""#text"":""1048576""},{""@Name"":""MostPopulatedBinMaxLengthStr"",""#text"":""1024 KB""},{""@Name"":""TotalCachedRuns"",""#text"":""1""},{""@Name"":""CachedRunsLogged"",""#text"":""1""},{""@Name"":""CachedRunsAlignment"",""#text"":""1""},{""@Name"":""RunsInCachedRuns"",""#text"":""108""},{""@Name"":""LongestRunInCachedRuns"",""#text"":""93307809792""},{""@Name"":""MostPopulatedBinCountInCachedRuns"",""#text"":""15""},{""@Name"":""MostPopulatedBinMinLengthInCachedRuns"",""#text"":""1019904""},{""@Name"":""MostPopulatedBinMaxLengthInCachedRuns"",""#text"":""1048576""}]}}"
100,100,2023-03-25 14:27:49.7463576,9,Info,Microsoft-Windows-Ntfs,Microsoft-Windows-Ntfs/Operational,4,32,DC01.forela.local,1,S-1-5-18,,,,,,,,,,,False,C:\Users\quentin\Documents\repo\writeups\CrownJewel-1\Artifacts\Microsoft-Windows-NTFS.evtx,0x4000000000200000,0,"{""EventData"":{""Data"":[{""@Name"":""VolumeCorrelationId"",""#text"":""c526ee1b-ba64-405c-a85b-a486eddd36cb""},{""@Name"":""VolumeIdLength"",""#text"":""48""},{""@Name"":""VolumeId"",""#text"":""\\\\?\\Volume{c526ee1b-ba64-405c-a85b-a486eddd36cb}""},{""@Name"":""VolumeLabelLength"",""#text"":""0""},{""@Name"":""VolumeLabel""},{""@Name"":""DeviceNameLength"",""#text"":""23""},{""@Name"":""DeviceName"",""#text"":""\\Device\\HarddiskVolume4""},{""@Name"":""DeviceGuid"",""#text"":""7b6f1752-bd95-6e22-e3a5-6ee8419ecad7""},{""@Name"":""VendorIdLength"",""#text"":""0""},{""@Name"":""VendorId""},{""@Name"":""ProductIdLength"",""#text"":""24""},{""@Name"":""ProductId"",""#text"":""VMware Virtual NVMe Disk""},{""@Name"":""ProductRevisionLength"",""#text"":""3""},{""@Name"":""ProductRevision"",""#text"":""1.0""},{""@Name"":""DeviceSerialNumberLength"",""#text"":""16""},{""@Name"":""DeviceSerialNumber"",""#text"":""VMWare NVME_0000""},{""@Name"":""BusType"",""#text"":""17""},{""@Name"":""AdapterSerialNumberLength"",""#text"":""16""},{""@Name"":""AdapterSerialNumber"",""#text"":""VMWare NVME_0000""},{""@Name"":""DurationUs"",""#text"":""793""},{""@Name"":""InputFlags"",""#text"":""0xE""},{""@Name"":""Reason"",""#text"":""1""},{""@Name"":""Flags"",""#text"":""0x10""}]}}"
101,101,2023-03-25 14:27:49.7463664,4,Info,Microsoft-Windows-Ntfs,Microsoft-Windows-Ntfs/Operational,4,176,DC01.forela.local,1,S-1-5-18,,,,,,,,,,,False,C:\Users\quentin\Documents\repo\writeups\CrownJewel-1\Artifacts\Microsoft-Windows-NTFS.evtx,0x4001000000000020,0,"{""EventData"":{""Data"":[{""@Name"":""VolumeCorrelationId"",""#text"":""c526ee1b-ba64-405c-a85b-a486eddd36cb""},{""@Name"":""VolumeIdLength"",""#text"":""48""},{""@Name"":""VolumeId"",""#text"":""\\\\?\\Volume{c526ee1b-ba64-405c-a85b-a486eddd36cb}""},{""@Name"":""VolumeLabelLength"",""#text"":""0""},{""@Name"":""VolumeLabel""},{""@Name"":""DeviceNameLength"",""#text"":""23""},{""@Name"":""DeviceName"",""#text"":""\\Device\\HarddiskVolume4""},{""@Name"":""DeviceGuid"",""#text"":""7b6f1752-bd95-6e22-e3a5-6ee8419ecad7""},{""@Name"":""VendorIdLength"",""#text"":""0""},{""@Name"":""VendorId""},{""@Name"":""ProductIdLength"",""#text"":""24""},{""@Name"":""ProductId"",""#text"":""VMware Virtual NVMe Disk""},{""@Name"":""ProductRevisionLength"",""#text"":""3""},{""@Name"":""ProductRevision"",""#text"":""1.0""},{""@Name"":""DeviceSerialNumberLength"",""#text"":""16""},{""@Name"":""DeviceSerialNumber"",""#text"":""VMWare NVME_0000""},{""@Name"":""BusType"",""#text"":""17""},{""@Name"":""AdapterSerialNumberLength"",""#text"":""16""},{""@Name"":""AdapterSerialNumber"",""#text"":""VMWare NVME_0000""},{""@Name"":""Vcb"",""#text"":""0xFFFFB30D0FF191B0""},{""@Name"":""MountDurationUs"",""#text"":""31000""},{""@Name"":""MountDuration"",""#text"":""31 ms""},{""@Name"":""LongestStage"",""#text"":""2""},{""@Name"":""LongestStageDuration"",""#text"":""15 ms""},{""@Name"":""LongestStagePercentage"",""#text"":""50""},{""@Name"":""SecondLongestStage"",""#text"":""8""},{""@Name"":""SecondLongestStageDuration"",""#text"":""15 ms""},{""@Name"":""SecondLongestStagePercentage"",""#text"":""50""},{""@Name"":""RestartApplied"",""#text"":""False""},{""@Name"":""IsBootVolume"",""#text"":""False""},{""@Name"":""Stage1DurationUs"",""#text"":""0""},{""@Name"":""Stage2DurationUs"",""#text"":""15567""},{""@Name"":""Stage3DurationUs"",""#text"":""0""},{""@Name"":""Stage4DurationUs"",""#text"":""0""},{""@Name"":""Stage5DurationUs"",""#text"":""0""},{""@Name"":""Stage6DurationUs"",""#text"":""0""},{""@Name"":""Stage7DurationUs"",""#text"":""0""},{""@Name"":""Stage8DurationUs"",""#text"":""15432""},{""@Name"":""Stage9DurationUs"",""#text"":""0""},{""@Name"":""Stage10DurationUs"",""#text"":""0""}]}}"
102,102,2023-03-25 14:27:49.7463752,10,Info,Microsoft-Windows-Ntfs,Microsoft-Windows-Ntfs/Operational,4,32,DC01.forela.local,1,S-1-5-18,,,,,,,,,,,False,C:\Users\quentin\Documents\repo\writeups\CrownJewel-1\Artifacts\Microsoft-Windows-NTFS.evtx,0x4000000000200000,0,"{""EventData"":{""Data"":[{""@Name"":""VolumeCorrelationId"",""#text"":""c526ee1b-ba64-405c-a85b-a486eddd36cb""},{""@Name"":""VolumeId"",""#text"":""\\\\?\\Volume{c526ee1b-ba64-405c-a85b-a486eddd36cb}""},{""@Name"":""VolumeLabel""},{""@Name"":""DeviceName"",""#text"":""\\Device\\HarddiskVolume4""},{""@Name"":""DeviceGuid"",""#text"":""7b6f1752-bd95-6e22-e3a5-6ee8419ecad7""},{""@Name"":""VendorId""},{""@Name"":""ProductId"",""#text"":""VMware Virtual NVMe Disk""},{""@Name"":""ProductRevision"",""#text"":""1.0""},{""@Name"":""DeviceSerialNumber"",""#text"":""VMWare NVME_0000""},{""@Name"":""BusType"",""#text"":""17""},{""@Name"":""AdapterSerialNumber"",""#text"":""VMWare NVME_0000""},{""@Name"":""MediaType"",""#text"":""1""},{""@Name"":""RunsCached"",""#text"":""2""},{""@Name"":""LongestRunCached"",""#text"":""25133056""},{""@Name"":""LongestRunCachedStr"",""#text"":""23.97 MB""},{""@Name"":""MostPopulatedBinCount"",""#text"":""1""},{""@Name"":""MostPopulatedBinMinLength"",""#text"":""0""},{""@Name"":""MostPopulatedBinMinLengthStr"",""#text"":""0 Bytes""},{""@Name"":""MostPopulatedBinMaxLength"",""#text"":""4096""},{""@Name"":""MostPopulatedBinMaxLengthStr"",""#text"":""4 KB""},{""@Name"":""TotalCachedRuns"",""#text"":""1""},{""@Name"":""CachedRunsLogged"",""#text"":""1""},{""@Name"":""CachedRunsAlignment"",""#text"":""1""},{""@Name"":""RunsInCachedRuns"",""#text"":""2""},{""@Name"":""LongestRunInCachedRuns"",""#text"":""25133056""},{""@Name"":""MostPopulatedBinCountInCachedRuns"",""#text"":""1""},{""@Name"":""MostPopulatedBinMinLengthInCachedRuns"",""#text"":""0""},{""@Name"":""MostPopulatedBinMaxLengthInCachedRuns"",""#text"":""4096""}]}}"
103,103,2023-03-25 14:27:51.8703232,142,Info,Microsoft-Windows-Ntfs,Microsoft-Windows-Ntfs/Operational,4,200,DC01.forela.local,1,S-1-5-18,NTFS-formatted drive attached,,,VolumeName: C:,IsBootVolume: True,"LowestFreeSpaceInBytes: ","HighestFreeSpaceInBytes: ",,,,False,C:\Users\quentin\Documents\repo\writeups\CrownJewel-1\Artifacts\Microsoft-Windows-NTFS.evtx,0x4000000000200000,0,"{""EventData"":{""Data"":[{""@Name"":""VolumeGuid"",""#text"":""17a28535-1e81-4f9f-8b4a-85bb7474b0c9""},{""@Name"":""VolumeNameLength"",""#text"":""2""},{""@Name"":""VolumeName"",""#text"":""C:""},{""@Name"":""IsBootVolume"",""#text"":""True""},{""@Name"":""ElapsedSeconds"",""#text"":""0""},{""@Name"":""AvailabeSpaceMinStr"",""#text"":""87.04 GB""},{""@Name"":""AvailabeSpaceMaxStr"",""#text"":""87.66 GB""},{""@Name"":""AvailabeSpaceDeltaStr"",""#text"":""640 MB""},{""@Name"":""AvailableClustersMin"",""#text"":""22815033""},{""@Name"":""AvailableClustersMax"",""#text"":""22978873""},{""@Name"":""UnallocatedClustersMin"",""#text"":""22948299""},{""@Name"":""UnallocatedClustersMax"",""#text"":""23112139""},{""@Name"":""ReservedClustersMin"",""#text"":""131728""},{""@Name"":""ReservedClustersMax"",""#text"":""131728""},{""@Name"":""TxfAbortReservedClustersMin"",""#text"":""1024""},{""@Name"":""TxfAbortReservedClustersMax"",""#text"":""1024""},{""@Name"":""PageFileSizeInBytes"",""#text"":""1140850688""},{""@Name"":""PageFileSizeStr"",""#text"":""1.07 GB""},{""@Name"":""VolumeSizeInBytes"",""#text"":""106699943936""},{""@Name"":""VolumeSizeStr"",""#text"":""99.38 GB""},{""@Name"":""ClusterSize"",""#text"":""4096""},{""@Name"":""CachedRunsMissCountForMft"",""#text"":""0""},{""@Name"":""CachedRunsMissCountForMftZone"",""#text"":""2""},{""@Name"":""CachedRunsMissCount"",""#text"":""0""}]}}"
104,104,2023-03-25 14:27:51.8709039,142,Info,Microsoft-Windows-Ntfs,Microsoft-Windows-Ntfs/Operational,4,200,DC01.forela.local,1,S-1-5-18,NTFS-formatted drive attached,,,VolumeName: \\?\Volume{c526ee1b-ba64-405c-a85b-a486eddd36cb},IsBootVolume: False,"LowestFreeSpaceInBytes: ","HighestFreeSpaceInBytes: ",,,,False,C:\Users\quentin\Documents\repo\writeups\CrownJewel-1\Artifacts\Microsoft-Windows-NTFS.evtx,0x4000000000200000,0,"{""EventData"":{""Data"":[{""@Name"":""VolumeGuid"",""#text"":""c526ee1b-ba64-405c-a85b-a486eddd36cb""},{""@Name"":""VolumeNameLength"",""#text"":""48""},{""@Name"":""VolumeName"",""#text"":""\\\\?\\Volume{c526ee1b-ba64-405c-a85b-a486eddd36cb}""},{""@Name"":""IsBootVolume"",""#text"":""False""},{""@Name"":""ElapsedSeconds"",""#text"":""0""},{""@Name"":""AvailabeSpaceMinStr"",""#text"":""85.31 MB""},{""@Name"":""AvailabeSpaceMaxStr"",""#text"":""89.31 MB""},{""@Name"":""AvailabeSpaceDeltaStr"",""#text"":""4 MB""},{""@Name"":""AvailableClustersMin"",""#text"":""21839""},{""@Name"":""AvailableClustersMax"",""#text"":""22863""},{""@Name"":""UnallocatedClustersMin"",""#text"":""22863""},{""@Name"":""UnallocatedClustersMax"",""#text"":""22863""},{""@Name"":""ReservedClustersMin"",""#text"":""0""},{""@Name"":""ReservedClustersMax"",""#text"":""0""},{""@Name"":""TxfAbortReservedClustersMin"",""#text"":""1024""},{""@Name"":""TxfAbortReservedClustersMax"",""#text"":""1024""},{""@Name"":""PageFileSizeInBytes"",""#text"":""0""},{""@Name"":""PageFileSizeStr"",""#text"":""0 Bytes""},{""@Name"":""VolumeSizeInBytes"",""#text"":""549449728""},{""@Name"":""VolumeSizeStr"",""#text"":""524 MB""},{""@Name"":""ClusterSize"",""#text"":""4096""},{""@Name"":""CachedRunsMissCountForMft"",""#text"":""0""},{""@Name"":""CachedRunsMissCountForMftZone"",""#text"":""0""},{""@Name"":""CachedRunsMissCount"",""#text"":""0""}]}}"
105,105,2023-03-27 14:02:40.1004770,9,Info,Microsoft-Windows-Ntfs,Microsoft-Windows-Ntfs/Operational,4,196,DC01.forela.local,1,S-1-5-18,,,,,,,,,,,False,C:\Users\quentin\Documents\repo\writeups\CrownJewel-1\Artifacts\Microsoft-Windows-NTFS.evtx,0x4000000000200000,0,"{""EventData"":{""Data"":[{""@Name"":""VolumeCorrelationId"",""#text"":""17a28535-1e81-4f9f-8b4a-85bb7474b0c9""},{""@Name"":""VolumeIdLength"",""#text"":""2""},{""@Name"":""VolumeId"",""#text"":""C:""},{""@Name"":""VolumeLabelLength"",""#text"":""0""},{""@Name"":""VolumeLabel""},{""@Name"":""DeviceNameLength"",""#text"":""23""},{""@Name"":""DeviceName"",""#text"":""\\Device\\HarddiskVolume3""},{""@Name"":""DeviceGuid"",""#text"":""7b6f1752-bd95-6e22-e3a5-6ee8419ecad7""},{""@Name"":""VendorIdLength"",""#text"":""0""},{""@Name"":""VendorId""},{""@Name"":""ProductIdLength"",""#text"":""24""},{""@Name"":""ProductId"",""#text"":""VMware Virtual NVMe Disk""},{""@Name"":""ProductRevisionLength"",""#text"":""3""},{""@Name"":""ProductRevision"",""#text"":""1.0""},{""@Name"":""DeviceSerialNumberLength"",""#text"":""16""},{""@Name"":""DeviceSerialNumber"",""#text"":""VMWare NVME_0000""},{""@Name"":""BusType"",""#text"":""17""},{""@Name"":""AdapterSerialNumberLength"",""#text"":""16""},{""@Name"":""AdapterSerialNumber"",""#text"":""VMWare NVME_0000""},{""@Name"":""DurationUs"",""#text"":""13426""},{""@Name"":""InputFlags"",""#text"":""0xE""},{""@Name"":""Reason"",""#text"":""1""},{""@Name"":""Flags"",""#text"":""0x10""}]}}"
106,106,2023-03-27 14:02:40.1004809,4,Info,Microsoft-Windows-Ntfs,Microsoft-Windows-Ntfs/Operational,4,300,DC01.forela.local,1,S-1-5-18,,,,,,,,,,,False,C:\Users\quentin\Documents\repo\writeups\CrownJewel-1\Artifacts\Microsoft-Windows-NTFS.evtx,0x4001000000000020,0,"{""EventData"":{""Data"":[{""@Name"":""VolumeCorrelationId"",""#text"":""17a28535-1e81-4f9f-8b4a-85bb7474b0c9""},{""@Name"":""VolumeIdLength"",""#text"":""2""},{""@Name"":""VolumeId"",""#text"":""C:""},{""@Name"":""VolumeLabelLength"",""#text"":""0""},{""@Name"":""VolumeLabel""},{""@Name"":""DeviceNameLength"",""#text"":""23""},{""@Name"":""DeviceName"",""#text"":""\\Device\\HarddiskVolume3""},{""@Name"":""DeviceGuid"",""#text"":""7b6f1752-bd95-6e22-e3a5-6ee8419ecad7""},{""@Name"":""VendorIdLength"",""#text"":""0""},{""@Name"":""VendorId""},{""@Name"":""ProductIdLength"",""#text"":""24""},{""@Name"":""ProductId"",""#text"":""VMware Virtual NVMe Disk""},{""@Name"":""ProductRevisionLength"",""#text"":""3""},{""@Name"":""ProductRevision"",""#text"":""1.0""},{""@Name"":""DeviceSerialNumberLength"",""#text"":""16""},{""@Name"":""DeviceSerialNumber"",""#text"":""VMWare NVME_0000""},{""@Name"":""BusType"",""#text"":""17""},{""@Name"":""AdapterSerialNumberLength"",""#text"":""16""},{""@Name"":""AdapterSerialNumber"",""#text"":""VMWare NVME_0000""},{""@Name"":""Vcb"",""#text"":""0xFFFF970B0C2DE1B0""},{""@Name"":""MountDurationUs"",""#text"":""46455""},{""@Name"":""MountDuration"",""#text"":""46 ms""},{""@Name"":""LongestStage"",""#text"":""7""},{""@Name"":""LongestStageDuration"",""#text"":""15 ms""},{""@Name"":""LongestStagePercentage"",""#text"":""34""},{""@Name"":""SecondLongestStage"",""#text"":""8""},{""@Name"":""SecondLongestStageDuration"",""#text"":""15 ms""},{""@Name"":""SecondLongestStagePercentage"",""#text"":""33""},{""@Name"":""RestartApplied"",""#text"":""False""},{""@Name"":""IsBootVolume"",""#text"":""True""},{""@Name"":""Stage1DurationUs"",""#text"":""0""},{""@Name"":""Stage2DurationUs"",""#text"":""0""},{""@Name"":""Stage3DurationUs"",""#text"":""0""},{""@Name"":""Stage4DurationUs"",""#text"":""15313""},{""@Name"":""Stage5DurationUs"",""#text"":""0""},{""@Name"":""Stage6DurationUs"",""#text"":""0""},{""@Name"":""Stage7DurationUs"",""#text"":""15684""},{""@Name"":""Stage8DurationUs"",""#text"":""15458""},{""@Name"":""Stage9DurationUs"",""#text"":""0""},{""@Name"":""Stage10DurationUs"",""#text"":""0""}]}}"
107,107,2023-03-27 14:02:40.1004900,10,Info,Microsoft-Windows-Ntfs,Microsoft-Windows-Ntfs/Operational,4,196,DC01.forela.local,1,S-1-5-18,,,,,,,,,,,False,C:\Users\quentin\Documents\repo\writeups\CrownJewel-1\Artifacts\Microsoft-Windows-NTFS.evtx,0x4000000000200000,0,"{""EventData"":{""Data"":[{""@Name"":""VolumeCorrelationId"",""#text"":""17a28535-1e81-4f9f-8b4a-85bb7474b0c9""},{""@Name"":""VolumeId"",""#text"":""C:""},{""@Name"":""VolumeLabel""},{""@Name"":""DeviceName"",""#text"":""\\Device\\HarddiskVolume3""},{""@Name"":""DeviceGuid"",""#text"":""7b6f1752-bd95-6e22-e3a5-6ee8419ecad7""},{""@Name"":""VendorId""},{""@Name"":""ProductId"",""#text"":""VMware Virtual NVMe Disk""},{""@Name"":""ProductRevision"",""#text"":""1.0""},{""@Name"":""DeviceSerialNumber"",""#text"":""VMWare NVME_0000""},{""@Name"":""BusType"",""#text"":""17""},{""@Name"":""AdapterSerialNumber"",""#text"":""VMWare NVME_0000""},{""@Name"":""MediaType"",""#text"":""1""},{""@Name"":""RunsCached"",""#text"":""454""},{""@Name"":""LongestRunCached"",""#text"":""92574527488""},{""@Name"":""LongestRunCachedStr"",""#text"":""86.22 GB""},{""@Name"":""MostPopulatedBinCount"",""#text"":""45""},{""@Name"":""MostPopulatedBinMinLength"",""#text"":""24576""},{""@Name"":""MostPopulatedBinMinLengthStr"",""#text"":""24 KB""},{""@Name"":""MostPopulatedBinMaxLength"",""#text"":""24576""},{""@Name"":""MostPopulatedBinMaxLengthStr"",""#text"":""24 KB""},{""@Name"":""TotalCachedRuns"",""#text"":""1""},{""@Name"":""CachedRunsLogged"",""#text"":""1""},{""@Name"":""CachedRunsAlignment"",""#text"":""1""},{""@Name"":""RunsInCachedRuns"",""#text"":""454""},{""@Name"":""LongestRunInCachedRuns"",""#text"":""92574527488""},{""@Name"":""MostPopulatedBinCountInCachedRuns"",""#text"":""45""},{""@Name"":""MostPopulatedBinMinLengthInCachedRuns"",""#text"":""24576""},{""@Name"":""MostPopulatedBinMaxLengthInCachedRuns"",""#text"":""24576""}]}}"
108,108,2023-03-27 14:02:42.6754161,9,Info,Microsoft-Windows-Ntfs,Microsoft-Windows-Ntfs/Operational,4,196,DC01.forela.local,1,S-1-5-18,,,,,,,,,,,False,C:\Users\quentin\Documents\repo\writeups\CrownJewel-1\Artifacts\Microsoft-Windows-NTFS.evtx,0x4000000000200000,0,"{""EventData"":{""Data"":[{""@Name"":""VolumeCorrelationId"",""#text"":""c526ee1b-ba64-405c-a85b-a486eddd36cb""},{""@Name"":""VolumeIdLength"",""#text"":""48""},{""@Name"":""VolumeId"",""#text"":""\\\\?\\Volume{c526ee1b-ba64-405c-a85b-a486eddd36cb}""},{""@Name"":""VolumeLabelLength"",""#text"":""0""},{""@Name"":""VolumeLabel""},{""@Name"":""DeviceNameLength"",""#text"":""23""},{""@Name"":""DeviceName"",""#text"":""\\Device\\HarddiskVolume4""},{""@Name"":""DeviceGuid"",""#text"":""7b6f1752-bd95-6e22-e3a5-6ee8419ecad7""},{""@Name"":""VendorIdLength"",""#text"":""0""},{""@Name"":""VendorId""},{""@Name"":""ProductIdLength"",""#text"":""24""},{""@Name"":""ProductId"",""#text"":""VMware Virtual NVMe Disk""},{""@Name"":""ProductRevisionLength"",""#text"":""3""},{""@Name"":""ProductRevision"",""#text"":""1.0""},{""@Name"":""DeviceSerialNumberLength"",""#text"":""16""},{""@Name"":""DeviceSerialNumber"",""#text"":""VMWare NVME_0000""},{""@Name"":""BusType"",""#text"":""17""},{""@Name"":""AdapterSerialNumberLength"",""#text"":""16""},{""@Name"":""AdapterSerialNumber"",""#text"":""VMWare NVME_0000""},{""@Name"":""DurationUs"",""#text"":""532""},{""@Name"":""InputFlags"",""#text"":""0xE""},{""@Name"":""Reason"",""#text"":""1""},{""@Name"":""Flags"",""#text"":""0x10""}]}}"
109,109,2023-03-27 14:02:42.6754343,10,Info,Microsoft-Windows-Ntfs,Microsoft-Windows-Ntfs/Operational,4,196,DC01.forela.local,1,S-1-5-18,,,,,,,,,,,False,C:\Users\quentin\Documents\repo\writeups\CrownJewel-1\Artifacts\Microsoft-Windows-NTFS.evtx,0x4000000000200000,0,"{""EventData"":{""Data"":[{""@Name"":""VolumeCorrelationId"",""#text"":""c526ee1b-ba64-405c-a85b-a486eddd36cb""},{""@Name"":""VolumeId"",""#text"":""\\\\?\\Volume{c526ee1b-ba64-405c-a85b-a486eddd36cb}""},{""@Name"":""VolumeLabel""},{""@Name"":""DeviceName"",""#text"":""\\Device\\HarddiskVolume4""},{""@Name"":""DeviceGuid"",""#text"":""7b6f1752-bd95-6e22-e3a5-6ee8419ecad7""},{""@Name"":""VendorId""},{""@Name"":""ProductId"",""#text"":""VMware Virtual NVMe Disk""},{""@Name"":""ProductRevision"",""#text"":""1.0""},{""@Name"":""DeviceSerialNumber"",""#text"":""VMWare NVME_0000""},{""@Name"":""BusType"",""#text"":""17""},{""@Name"":""AdapterSerialNumber"",""#text"":""VMWare NVME_0000""},{""@Name"":""MediaType"",""#text"":""1""},{""@Name"":""RunsCached"",""#text"":""2""},{""@Name"":""LongestRunCached"",""#text"":""25133056""},{""@Name"":""LongestRunCachedStr"",""#text"":""23.97 MB""},{""@Name"":""MostPopulatedBinCount"",""#text"":""1""},{""@Name"":""MostPopulatedBinMinLength"",""#text"":""0""},{""@Name"":""MostPopulatedBinMinLengthStr"",""#text"":""0 Bytes""},{""@Name"":""MostPopulatedBinMaxLength"",""#text"":""4096""},{""@Name"":""MostPopulatedBinMaxLengthStr"",""#text"":""4 KB""},{""@Name"":""TotalCachedRuns"",""#text"":""1""},{""@Name"":""CachedRunsLogged"",""#text"":""1""},{""@Name"":""CachedRunsAlignment"",""#text"":""1""},{""@Name"":""RunsInCachedRuns"",""#text"":""2""},{""@Name"":""LongestRunInCachedRuns"",""#text"":""25133056""},{""@Name"":""MostPopulatedBinCountInCachedRuns"",""#text"":""1""},{""@Name"":""MostPopulatedBinMinLengthInCachedRuns"",""#text"":""0""},{""@Name"":""MostPopulatedBinMaxLengthInCachedRuns"",""#text"":""4096""}]}}"
110,110,2023-03-27 14:02:42.6754470,4,Info,Microsoft-Windows-Ntfs,Microsoft-Windows-Ntfs/Operational,4,356,DC01.forela.local,1,S-1-5-18,,,,,,,,,,,False,C:\Users\quentin\Documents\repo\writeups\CrownJewel-1\Artifacts\Microsoft-Windows-NTFS.evtx,0x4001000000000020,0,"{""EventData"":{""Data"":[{""@Name"":""VolumeCorrelationId"",""#text"":""c526ee1b-ba64-405c-a85b-a486eddd36cb""},{""@Name"":""VolumeIdLength"",""#text"":""48""},{""@Name"":""VolumeId"",""#text"":""\\\\?\\Volume{c526ee1b-ba64-405c-a85b-a486eddd36cb}""},{""@Name"":""VolumeLabelLength"",""#text"":""0""},{""@Name"":""VolumeLabel""},{""@Name"":""DeviceNameLength"",""#text"":""23""},{""@Name"":""DeviceName"",""#text"":""\\Device\\HarddiskVolume4""},{""@Name"":""DeviceGuid"",""#text"":""7b6f1752-bd95-6e22-e3a5-6ee8419ecad7""},{""@Name"":""VendorIdLength"",""#text"":""0""},{""@Name"":""VendorId""},{""@Name"":""ProductIdLength"",""#text"":""24""},{""@Name"":""ProductId"",""#text"":""VMware Virtual NVMe Disk""},{""@Name"":""ProductRevisionLength"",""#text"":""3""},{""@Name"":""ProductRevision"",""#text"":""1.0""},{""@Name"":""DeviceSerialNumberLength"",""#text"":""16""},{""@Name"":""DeviceSerialNumber"",""#text"":""VMWare NVME_0000""},{""@Name"":""BusType"",""#text"":""17""},{""@Name"":""AdapterSerialNumberLength"",""#text"":""16""},{""@Name"":""AdapterSerialNumber"",""#text"":""VMWare NVME_0000""},{""@Name"":""Vcb"",""#text"":""0xFFFF970B0CAD51B0""},{""@Name"":""MountDurationUs"",""#text"":""0""},{""@Name"":""MountDuration"",""#text"":""0 us""},{""@Name"":""LongestStage"",""#text"":""0""},{""@Name"":""LongestStageDuration"",""#text"":""0 us""},{""@Name"":""LongestStagePercentage"",""#text"":""0""},{""@Name"":""SecondLongestStage"",""#text"":""0""},{""@Name"":""SecondLongestStageDuration"",""#text"":""0 us""},{""@Name"":""SecondLongestStagePercentage"",""#text"":""0""},{""@Name"":""RestartApplied"",""#text"":""False""},{""@Name"":""IsBootVolume"",""#text"":""False""},{""@Name"":""Stage1DurationUs"",""#text"":""0""},{""@Name"":""Stage2DurationUs"",""#text"":""0""},{""@Name"":""Stage3DurationUs"",""#text"":""0""},{""@Name"":""Stage4DurationUs"",""#text"":""0""},{""@Name"":""Stage5DurationUs"",""#text"":""0""},{""@Name"":""Stage6DurationUs"",""#text"":""0""},{""@Name"":""Stage7DurationUs"",""#text"":""0""},{""@Name"":""Stage8DurationUs"",""#text"":""0""},{""@Name"":""Stage9DurationUs"",""#text"":""0""},{""@Name"":""Stage10DurationUs"",""#text"":""0""}]}}"
111,111,2023-03-27 14:02:45.7142371,142,Info,Microsoft-Windows-Ntfs,Microsoft-Windows-Ntfs/Operational,4,508,DC01.forela.local,1,S-1-5-18,NTFS-formatted drive attached,,,VolumeName: C:,IsBootVolume: True,"LowestFreeSpaceInBytes: ","HighestFreeSpaceInBytes: ",,,,False,C:\Users\quentin\Documents\repo\writeups\CrownJewel-1\Artifacts\Microsoft-Windows-NTFS.evtx,0x4000000000200000,0,"{""EventData"":{""Data"":[{""@Name"":""VolumeGuid"",""#text"":""17a28535-1e81-4f9f-8b4a-85bb7474b0c9""},{""@Name"":""VolumeNameLength"",""#text"":""2""},{""@Name"":""VolumeName"",""#text"":""C:""},{""@Name"":""IsBootVolume"",""#text"":""True""},{""@Name"":""ElapsedSeconds"",""#text"":""0""},{""@Name"":""AvailabeSpaceMinStr"",""#text"":""87.65 GB""},{""@Name"":""AvailabeSpaceMaxStr"",""#text"":""88.15 GB""},{""@Name"":""AvailabeSpaceDeltaStr"",""#text"":""519.65 MB""},{""@Name"":""AvailableClustersMin"",""#text"":""22974590""},{""@Name"":""AvailableClustersMax"",""#text"":""23107620""},{""@Name"":""UnallocatedClustersMin"",""#text"":""23107599""},{""@Name"":""UnallocatedClustersMax"",""#text"":""23108600""},{""@Name"":""ReservedClustersMin"",""#text"":""131472""},{""@Name"":""ReservedClustersMax"",""#text"":""131472""},{""@Name"":""TxfAbortReservedClustersMin"",""#text"":""1024""},{""@Name"":""TxfAbortReservedClustersMax"",""#text"":""1024""},{""@Name"":""PageFileSizeInBytes"",""#text"":""1140850688""},{""@Name"":""PageFileSizeStr"",""#text"":""1.07 GB""},{""@Name"":""VolumeSizeInBytes"",""#text"":""106699943936""},{""@Name"":""VolumeSizeStr"",""#text"":""99.38 GB""},{""@Name"":""ClusterSize"",""#text"":""4096""},{""@Name"":""CachedRunsMissCountForMft"",""#text"":""0""},{""@Name"":""CachedRunsMissCountForMftZone"",""#text"":""2""},{""@Name"":""CachedRunsMissCount"",""#text"":""0""}]}}"
112,112,2023-03-27 14:02:45.7148264,142,Info,Microsoft-Windows-Ntfs,Microsoft-Windows-Ntfs/Operational,4,508,DC01.forela.local,1,S-1-5-18,NTFS-formatted drive attached,,,VolumeName: \\?\Volume{c526ee1b-ba64-405c-a85b-a486eddd36cb},IsBootVolume: False,"LowestFreeSpaceInBytes: ","HighestFreeSpaceInBytes: ",,,,False,C:\Users\quentin\Documents\repo\writeups\CrownJewel-1\Artifacts\Microsoft-Windows-NTFS.evtx,0x4000000000200000,0,"{""EventData"":{""Data"":[{""@Name"":""VolumeGuid"",""#text"":""c526ee1b-ba64-405c-a85b-a486eddd36cb""},{""@Name"":""VolumeNameLength"",""#text"":""48""},{""@Name"":""VolumeName"",""#text"":""\\\\?\\Volume{c526ee1b-ba64-405c-a85b-a486eddd36cb}""},{""@Name"":""IsBootVolume"",""#text"":""False""},{""@Name"":""ElapsedSeconds"",""#text"":""0""},{""@Name"":""AvailabeSpaceMinStr"",""#text"":""85.31 MB""},{""@Name"":""AvailabeSpaceMaxStr"",""#text"":""89.31 MB""},{""@Name"":""AvailabeSpaceDeltaStr"",""#text"":""4 MB""},{""@Name"":""AvailableClustersMin"",""#text"":""21839""},{""@Name"":""AvailableClustersMax"",""#text"":""22863""},{""@Name"":""UnallocatedClustersMin"",""#text"":""22863""},{""@Name"":""UnallocatedClustersMax"",""#text"":""22863""},{""@Name"":""ReservedClustersMin"",""#text"":""0""},{""@Name"":""ReservedClustersMax"",""#text"":""0""},{""@Name"":""TxfAbortReservedClustersMin"",""#text"":""1024""},{""@Name"":""TxfAbortReservedClustersMax"",""#text"":""1024""},{""@Name"":""PageFileSizeInBytes"",""#text"":""0""},{""@Name"":""PageFileSizeStr"",""#text"":""0 Bytes""},{""@Name"":""VolumeSizeInBytes"",""#text"":""549449728""},{""@Name"":""VolumeSizeStr"",""#text"":""524 MB""},{""@Name"":""ClusterSize"",""#text"":""4096""},{""@Name"":""CachedRunsMissCountForMft"",""#text"":""0""},{""@Name"":""CachedRunsMissCountForMftZone"",""#text"":""0""},{""@Name"":""CachedRunsMissCount"",""#text"":""0""}]}}"
