137,2986,2024-05-14 03:42:23.1374323,10154,Warning,Microsoft-Windows-WinRM,System,0,0,DC01.forela.local,0,,,,,,,,,,,,False,C:\Users\quentin\Documents\repo\writeups\CrownJewel-1\Artifacts\SYSTEM.evtx,0x80000000000000,0,"{""EventData"":{""Data"":[{""@Name"":""spn1"",""#text"":""WSMAN/DC01.forela.local""},{""@Name"":""spn2"",""#text"":""WSMAN/DC01""},{""@Name"":""error"",""#text"":""1355""}]}}"
138,2987,2024-05-14 03:42:27.2838737,7036,Info,Service Control Manager,System,784,1112,DC01.forela.local,0,,Service started or stopped,,,Name: Netlogon | Netlogon,Status: running,,,,,,False,C:\Users\quentin\Documents\repo\writeups\CrownJewel-1\Artifacts\SYSTEM.evtx,"Audit success, classic",0,"{""EventData"":{""Data"":[{""@Name"":""param1"",""#text"":""Netlogon""},{""@Name"":""param2"",""#text"":""running""}],""Binary"":""4E-00-65-00-74-00-6C-00-6F-00-67-00-6F-00-6E-00-2F-00-34-00-00-00""}}"
139,2988,2024-05-14 03:42:28.6119525,7036,Info,Service Control Manager,System,784,1112,DC01.forela.local,0,,Service started or stopped,,,Name: Display Policy Service | Display Policy Service,Status: running,,,,,,False,C:\Users\quentin\Documents\repo\writeups\CrownJewel-1\Artifacts\SYSTEM.evtx,"Audit success, classic",0,"{""EventData"":{""Data"":[{""@Name"":""param1"",""#text"":""Display Policy Service""},{""@Name"":""param2"",""#text"":""running""}],""Binary"":""44-00-69-00-73-00-70-00-42-00-72-00-6F-00-6B-00-65-00-72-00-44-00-65-00-73-00-6B-00-74-00-6F-00-70-00-53-00-76-00-63-00-2F-00-34-00-00-00""}}"
140,2989,2024-05-14 03:42:29.2055823,7040,Info,Service Control Manager,System,784,1112,DC01.forela.local,0,S-1-5-18,Start type of a service has changed,,,The start type of the Background Intelligent Transfer Service was changed from demand start to auto start,,,,,,BITS,False,C:\Users\quentin\Documents\repo\writeups\CrownJewel-1\Artifacts\SYSTEM.evtx,"Audit success, classic",0,"{""EventData"":{""Data"":[{""@Name"":""param1"",""#text"":""Background Intelligent Transfer Service""},{""@Name"":""param2"",""#text"":""demand start""},{""@Name"":""param3"",""#text"":""auto start""},{""@Name"":""param4"",""#text"":""BITS""}]}}"
141,2990,2024-05-14 03:42:34.8151091,7036,Info,Service Control Manager,System,784,1112,DC01.forela.local,0,,Service started or stopped,,,Name: DNS | DNS,Status: running,,,,,,False,C:\Users\quentin\Documents\repo\writeups\CrownJewel-1\Artifacts\SYSTEM.evtx,"Audit success, classic",0,"{""EventData"":{""Data"":[{""@Name"":""param1"",""#text"":""DNS""},{""@Name"":""param2"",""#text"":""running""}],""Binary"":""44-00-4E-00-53-00-2F-00-34-00-00-00""}}"
142,2991,2024-05-14 03:42:35.0671082,139,Info,Microsoft-Windows-Time-Service,System,1232,4552,DC01.forela.local,0,S-1-5-19,,,,,,,,,,,False,C:\Users\quentin\Documents\repo\writeups\CrownJewel-1\Artifacts\SYSTEM.evtx,Classic,0,"{""EventData"":{""@Name"":""TMP_EVENT_START_ADVERTISING""}}"
143,2992,2024-05-14 03:42:35.0671138,143,Info,Microsoft-Windows-Time-Service,System,1232,4552,DC01.forela.local,0,S-1-5-19,,,,,,,,,,,False,C:\Users\quentin\Documents\repo\writeups\CrownJewel-1\Artifacts\SYSTEM.evtx,Classic,0,"{""EventData"":{""@Name"":""TMP_EVENT_START_ADVERTISING_GT""}}"
144,2993,2024-05-14 03:42:35.1526406,12,Warning,Microsoft-Windows-Time-Service,System,1232,1420,DC01.forela.local,0,S-1-5-19,,,,,,,,,,,False,C:\Users\quentin\Documents\repo\writeups\CrownJewel-1\Artifacts\SYSTEM.evtx,Classic,0,"{""EventData"":{""@Name"":""TMP_EVENT_DOMAIN_HIERARCHY_ROOT""}}"
145,2994,2024-05-14 03:42:35.1430758,7036,Info,Service Control Manager,System,784,1112,DC01.forela.local,0,,Service started or stopped,,,Name: W32Time | W32Time,Status: running,,,,,,False,C:\Users\quentin\Documents\repo\writeups\CrownJewel-1\Artifacts\SYSTEM.evtx,"Audit success, classic",0,"{""EventData"":{""Data"":[{""@Name"":""param1"",""#text"":""W32Time""},{""@Name"":""param2"",""#text"":""running""}],""Binary"":""57-00-33-00-32-00-54-00-69-00-6D-00-65-00-2F-00-34-00-00-00""}}"
146,2995,2024-05-14 03:42:35.2839991,7036,Info,Service Control Manager,System,784,1112,DC01.forela.local,0,,Service started or stopped,,,Name: Network Connectivity Assistant | Network Connectivity Assistant,Status: stopped,,,,,,False,C:\Users\quentin\Documents\repo\writeups\CrownJewel-1\Artifacts\SYSTEM.evtx,"Audit success, classic",0,"{""EventData"":{""Data"":[{""@Name"":""param1"",""#text"":""Network Connectivity Assistant""},{""@Name"":""param2"",""#text"":""stopped""}],""Binary"":""4E-00-63-00-61-00-53-00-76-00-63-00-2F-00-31-00-00-00""}}"
147,2996,2024-05-14 03:42:35.3461686,7036,Info,Service Control Manager,System,784,916,DC01.forela.local,0,,Service started or stopped,,,Name: Background Intelligent Transfer Service | Background Intelligent Transfer Service,Status: running,,,,,,False,C:\Users\quentin\Documents\repo\writeups\CrownJewel-1\Artifacts\SYSTEM.evtx,"Audit success, classic",0,"{""EventData"":{""Data"":[{""@Name"":""param1"",""#text"":""Background Intelligent Transfer Service""},{""@Name"":""param2"",""#text"":""running""}],""Binary"":""42-00-49-00-54-00-53-00-2F-00-34-00-00-00""}}"
148,2997,2024-05-14 03:42:35.3619799,7036,Info,Service Control Manager,System,784,916,DC01.forela.local,0,,Service started or stopped,,,Name: Windows Update Medic Service | Windows Update Medic Service,Status: running,,,,,,False,C:\Users\quentin\Documents\repo\writeups\CrownJewel-1\Artifacts\SYSTEM.evtx,"Audit success, classic",0,"{""EventData"":{""Data"":[{""@Name"":""param1"",""#text"":""Windows Update Medic Service""},{""@Name"":""param2"",""#text"":""running""}],""Binary"":""57-00-61-00-61-00-53-00-4D-00-65-00-64-00-69-00-63-00-53-00-76-00-63-00-2F-00-34-00-00-00""}}"
149,2998,2024-05-14 03:42:35.3619799,7036,Info,Service Control Manager,System,784,916,DC01.forela.local,0,,Service started or stopped,,,Name: Delivery Optimization | Delivery Optimization,Status: running,,,,,,False,C:\Users\quentin\Documents\repo\writeups\CrownJewel-1\Artifacts\SYSTEM.evtx,"Audit success, classic",0,"{""EventData"":{""Data"":[{""@Name"":""param1"",""#text"":""Delivery Optimization""},{""@Name"":""param2"",""#text"":""running""}],""Binary"":""44-00-6F-00-53-00-76-00-63-00-2F-00-34-00-00-00""}}"
150,2999,2024-05-14 03:42:35.7369108,7036,Info,Service Control Manager,System,784,916,DC01.forela.local,0,,Service started or stopped,,,Name: Storage Service | Storage Service,Status: running,,,,,,False,C:\Users\quentin\Documents\repo\writeups\CrownJewel-1\Artifacts\SYSTEM.evtx,"Audit success, classic",0,"{""EventData"":{""Data"":[{""@Name"":""param1"",""#text"":""Storage Service""},{""@Name"":""param2"",""#text"":""running""}],""Binary"":""53-00-74-00-6F-00-72-00-53-00-76-00-63-00-2F-00-34-00-00-00""}}"
151,3000,2024-05-14 03:42:35.8462325,7036,Info,Service Control Manager,System,784,1100,DC01.forela.local,0,,Service started or stopped,,,Name: Delivery Optimization | Delivery Optimization,Status: stopped,,,,,,False,C:\Users\quentin\Documents\repo\writeups\CrownJewel-1\Artifacts\SYSTEM.evtx,"Audit success, classic",0,"{""EventData"":{""Data"":[{""@Name"":""param1"",""#text"":""Delivery Optimization""},{""@Name"":""param2"",""#text"":""stopped""}],""Binary"":""44-00-6F-00-53-00-76-00-63-00-2F-00-31-00-00-00""}}"
152,3001,2024-05-14 03:42:35.8462325,7036,Info,Service Control Manager,System,784,896,DC01.forela.local,0,,Service started or stopped,,,Name: WMI Performance Adapter | WMI Performance Adapter,Status: running,,,,,,False,C:\Users\quentin\Documents\repo\writeups\CrownJewel-1\Artifacts\SYSTEM.evtx,"Audit success, classic",0,"{""EventData"":{""Data"":[{""@Name"":""param1"",""#text"":""WMI Performance Adapter""},{""@Name"":""param2"",""#text"":""running""}],""Binary"":""77-00-6D-00-69-00-41-00-70-00-53-00-72-00-76-00-2F-00-34-00-00-00""}}"
153,3002,2024-05-14 03:42:35.9087414,7036,Info,Service Control Manager,System,784,1112,DC01.forela.local,0,,Service started or stopped,,,Name: AppX Deployment Service (AppXSVC) | AppX Deployment Service (AppXSVC),Status: running,,,,,,False,C:\Users\quentin\Documents\repo\writeups\CrownJewel-1\Artifacts\SYSTEM.evtx,"Audit success, classic",0,"{""EventData"":{""Data"":[{""@Name"":""param1"",""#text"":""AppX Deployment Service (AppXSVC)""},{""@Name"":""param2"",""#text"":""running""}],""Binary"":""41-00-70-00-70-00-58-00-53-00-76-00-63-00-2F-00-34-00-00-00""}}"
154,3003,2024-05-14 03:42:35.9245098,7036,Info,Service Control Manager,System,784,916,DC01.forela.local,0,,Service started or stopped,,,Name: Client License Service (ClipSVC) | Client License Service (ClipSVC),Status: running,,,,,,False,C:\Users\quentin\Documents\repo\writeups\CrownJewel-1\Artifacts\SYSTEM.evtx,"Audit success, classic",0,"{""EventData"":{""Data"":[{""@Name"":""param1"",""#text"":""Client License Service (ClipSVC)""},{""@Name"":""param2"",""#text"":""running""}],""Binary"":""43-00-6C-00-69-00-70-00-53-00-56-00-43-00-2F-00-34-00-00-00""}}"
155,3004,2024-05-14 03:42:36.3148545,7036,Info,Service Control Manager,System,784,896,DC01.forela.local,0,,Service started or stopped,,,Name: Windows Update | Windows Update,Status: running,,,,,,False,C:\Users\quentin\Documents\repo\writeups\CrownJewel-1\Artifacts\SYSTEM.evtx,"Audit success, classic",0,"{""EventData"":{""Data"":[{""@Name"":""param1"",""#text"":""Windows Update""},{""@Name"":""param2"",""#text"":""running""}],""Binary"":""77-00-75-00-61-00-75-00-73-00-65-00-72-00-76-00-2F-00-34-00-00-00""}}"
156,3005,2024-05-14 03:42:36.6273613,7036,Info,Service Control Manager,System,784,896,DC01.forela.local,0,,Service started or stopped,,,Name: Delivery Optimization | Delivery Optimization,Status: running,,,,,,False,C:\Users\quentin\Documents\repo\writeups\CrownJewel-1\Artifacts\SYSTEM.evtx,"Audit success, classic",0,"{""EventData"":{""Data"":[{""@Name"":""param1"",""#text"":""Delivery Optimization""},{""@Name"":""param2"",""#text"":""running""}],""Binary"":""44-00-6F-00-53-00-76-00-63-00-2F-00-34-00-00-00""}}"
157,3006,2024-05-14 03:42:38.9868146,7036,Info,Service Control Manager,System,784,896,DC01.forela.local,0,,Service started or stopped,,,Name: sppsvc | sppsvc,Status: running,,,,,,False,C:\Users\quentin\Documents\repo\writeups\CrownJewel-1\Artifacts\SYSTEM.evtx,"Audit success, classic",0,"{""EventData"":{""Data"":[{""@Name"":""param1"",""#text"":""sppsvc""},{""@Name"":""param2"",""#text"":""running""}],""Binary"":""73-00-70-00-70-00-73-00-76-00-63-00-2F-00-34-00-00-00""}}"
158,3007,2024-05-14 03:42:43.1389620,7001,Info,Microsoft-Windows-Winlogon,System,712,1060,DC01.forela.local,0,S-1-5-18,User logon,,,UserSID: S-1-5-21-3239415629-1862073780-2394361899-500,,,,,,,False,C:\Users\quentin\Documents\repo\writeups\CrownJewel-1\Artifacts\SYSTEM.evtx,0x2000200000000000,0,"{""EventData"":{""Data"":[{""@Name"":""TSId"",""#text"":""1""},{""@Name"":""UserSid"",""#text"":""S-1-5-21-3239415629-1862073780-2394361899-500""}]}}"
159,3008,2024-05-14 03:42:43.1665336,16,Info,Microsoft-Windows-Kernel-General,System,1680,1840,DC01.forela.local,0,S-1-5-18,,,,,,,,,,,False,C:\Users\quentin\Documents\repo\writeups\CrownJewel-1\Artifacts\SYSTEM.evtx,Classic,0,"{""EventData"":{""Data"":[{""@Name"":""HiveNameLength"",""#text"":""37""},{""@Name"":""HiveName"",""#text"":""\\??\\C:\\Users\\Administrator\\ntuser.dat""},{""@Name"":""KeysUpdated"",""#text"":""1050""},{""@Name"":""DirtyPages"",""#text"":""108""}]}}"
160,3009,2024-05-14 03:42:43.2301247,16,Info,Microsoft-Windows-Kernel-General,System,1680,1840,DC01.forela.local,0,S-1-5-18,,,,,,,,,,,False,C:\Users\quentin\Documents\repo\writeups\CrownJewel-1\Artifacts\SYSTEM.evtx,Classic,0,"{""EventData"":{""Data"":[{""@Name"":""HiveNameLength"",""#text"":""71""},{""@Name"":""HiveName"",""#text"":""\\??\\C:\\Users\\Administrator\\AppData\\Local\\Microsoft\\Windows\\UsrClass.dat""},{""@Name"":""KeysUpdated"",""#text"":""587""},{""@Name"":""DirtyPages"",""#text"":""117""}]}}"
161,3010,2024-05-14 03:42:43.4555366,7036,Info,Service Control Manager,System,784,1112,DC01.forela.local,0,,Service started or stopped,,,Name: Windows Push Notifications User Service_aa21a | Windows Push Notifications User Service_aa21a,Status: running,,,,,,False,C:\Users\quentin\Documents\repo\writeups\CrownJewel-1\Artifacts\SYSTEM.evtx,"Audit success, classic",0,"{""EventData"":{""Data"":[{""@Name"":""param1"",""#text"":""Windows Push Notifications User Service_aa21a""},{""@Name"":""param2"",""#text"":""running""}],""Binary"":""57-00-70-00-6E-00-55-00-73-00-65-00-72-00-53-00-65-00-72-00-76-00-69-00-63-00-65-00-5F-00-61-00-61-00-32-00-31-00-61-00-2F-00-34-00-00-00""}}"
162,3011,2024-05-14 03:42:43.4711443,7036,Info,Service Control Manager,System,784,1116,DC01.forela.local,0,,Service started or stopped,,,Name: Connected Devices Platform User Service_aa21a | Connected Devices Platform User Service_aa21a,Status: running,,,,,,False,C:\Users\quentin\Documents\repo\writeups\CrownJewel-1\Artifacts\SYSTEM.evtx,"Audit success, classic",0,"{""EventData"":{""Data"":[{""@Name"":""param1"",""#text"":""Connected Devices Platform User Service_aa21a""},{""@Name"":""param2"",""#text"":""running""}],""Binary"":""43-00-44-00-50-00-55-00-73-00-65-00-72-00-53-00-76-00-63-00-5F-00-61-00-61-00-32-00-31-00-61-00-2F-00-34-00-00-00""}}"
163,3012,2024-05-14 03:42:43.4868230,7036,Info,Service Control Manager,System,784,1112,DC01.forela.local,0,,Service started or stopped,,,Name: Touch Keyboard and Handwriting Panel Service | Touch Keyboard and Handwriting Panel Service,Status: running,,,,,,False,C:\Users\quentin\Documents\repo\writeups\CrownJewel-1\Artifacts\SYSTEM.evtx,"Audit success, classic",0,"{""EventData"":{""Data"":[{""@Name"":""param1"",""#text"":""Touch Keyboard and Handwriting Panel Service""},{""@Name"":""param2"",""#text"":""running""}],""Binary"":""54-00-61-00-62-00-6C-00-65-00-74-00-49-00-6E-00-70-00-75-00-74-00-53-00-65-00-72-00-76-00-69-00-63-00-65-00-2F-00-34-00-00-00""}}"
164,3013,2024-05-14 03:42:43.5337859,7036,Info,Service Control Manager,System,784,916,DC01.forela.local,0,,Service started or stopped,,,Name: Web Account Manager | Web Account Manager,Status: running,,,,,,False,C:\Users\quentin\Documents\repo\writeups\CrownJewel-1\Artifacts\SYSTEM.evtx,"Audit success, classic",0,"{""EventData"":{""Data"":[{""@Name"":""param1"",""#text"":""Web Account Manager""},{""@Name"":""param2"",""#text"":""running""}],""Binary"":""54-00-6F-00-6B-00-65-00-6E-00-42-00-72-00-6F-00-6B-00-65-00-72-00-2F-00-34-00-00-00""}}"
165,3014,2024-05-14 03:42:43.6587717,7036,Info,Service Control Manager,System,784,1112,DC01.forela.local,0,,Service started or stopped,,,Name: CNG Key Isolation | CNG Key Isolation,Status: running,,,,,,False,C:\Users\quentin\Documents\repo\writeups\CrownJewel-1\Artifacts\SYSTEM.evtx,"Audit success, classic",0,"{""EventData"":{""Data"":[{""@Name"":""param1"",""#text"":""CNG Key Isolation""},{""@Name"":""param2"",""#text"":""running""}],""Binary"":""4B-00-65-00-79-00-49-00-73-00-6F-00-2F-00-34-00-00-00""}}"
166,3015,2024-05-14 03:42:43.6587717,7036,Info,Service Control Manager,System,784,916,DC01.forela.local,1,,Service started or stopped,,,Name: Capability Access Manager Service | Capability Access Manager Service,Status: running,,,,,,False,C:\Users\quentin\Documents\repo\writeups\CrownJewel-1\Artifacts\SYSTEM.evtx,"Audit success, classic",0,"{""EventData"":{""Data"":[{""@Name"":""param1"",""#text"":""Capability Access Manager Service""},{""@Name"":""param2"",""#text"":""running""}],""Binary"":""63-00-61-00-6D-00-73-00-76-00-63-00-2F-00-34-00-00-00""}}"
167,3016,2024-05-14 03:42:43.7524369,7036,Info,Service Control Manager,System,784,1104,DC01.forela.local,1,,Service started or stopped,,,Name: Connected Devices Platform Service | Connected Devices Platform Service,Status: running,,,,,,False,C:\Users\quentin\Documents\repo\writeups\CrownJewel-1\Artifacts\SYSTEM.evtx,"Audit success, classic",0,"{""EventData"":{""Data"":[{""@Name"":""param1"",""#text"":""Connected Devices Platform Service""},{""@Name"":""param2"",""#text"":""running""}],""Binary"":""43-00-44-00-50-00-53-00-76-00-63-00-2F-00-34-00-00-00""}}"
168,3017,2024-05-14 03:42:43.7524369,10016,Warning,Microsoft-Windows-DistributedCOM,System,564,980,DC01.forela.local,1,S-1-5-21-3239415629-1862073780-2394361899-500,,,,,,,,,,,False,C:\Users\quentin\Documents\repo\writeups\CrownJewel-1\Artifacts\SYSTEM.evtx,"Audit success, classic",0,"{""EventData"":{""Data"":[{""@Name"":""param1"",""#text"":""application-specific""},{""@Name"":""param2"",""#text"":""Local""},{""@Name"":""param3"",""#text"":""Launch""},{""@Name"":""param4"",""#text"":""{21B896BF-008D-4D01-A27B-26061B960DD7}""},{""@Name"":""param5"",""#text"":""{03E09F3B-DCE4-44FE-A9CF-82D050827E1C}""},{""@Name"":""param6"",""#text"":""FORELA""},{""@Name"":""param7"",""#text"":""Administrator""},{""@Name"":""param8"",""#text"":""S-1-5-21-3239415629-1862073780-2394361899-500""},{""@Name"":""param9"",""#text"":""LocalHost (Using LRPC)""},{""@Name"":""param10"",""#text"":""Unavailable""},{""@Name"":""param11"",""#text"":""Unavailable""}]}}"
169,3018,2024-05-14 03:42:44.1903228,7036,Info,Service Control Manager,System,784,1104,DC01.forela.local,1,,Service started or stopped,,,Name: Windows License Manager Service | Windows License Manager Service,Status: running,,,,,,False,C:\Users\quentin\Documents\repo\writeups\CrownJewel-1\Artifacts\SYSTEM.evtx,"Audit success, classic",0,"{""EventData"":{""Data"":[{""@Name"":""param1"",""#text"":""Windows License Manager Service""},{""@Name"":""param2"",""#text"":""running""}],""Binary"":""4C-00-69-00-63-00-65-00-6E-00-73-00-65-00-4D-00-61-00-6E-00-61-00-67-00-65-00-72-00-2F-00-34-00-00-00""}}"
170,3019,2024-05-14 03:42:45.6644347,16,Info,Microsoft-Windows-Kernel-General,System,6820,6856,DC01.forela.local,1,S-1-5-18,,,,,,,,,,,False,C:\Users\quentin\Documents\repo\writeups\CrownJewel-1\Artifacts\SYSTEM.evtx,Classic,0,"{""EventData"":{""Data"":[{""@Name"":""HiveNameLength"",""#text"":""127""},{""@Name"":""HiveName"",""#text"":""\\??\\C:\\Users\\Administrator\\AppData\\Local\\Packages\\Microsoft.Windows.StartMenuExperienceHost_cw5n1h2txyewy\\Settings\\settings.dat""},{""@Name"":""KeysUpdated"",""#text"":""3""},{""@Name"":""DirtyPages"",""#text"":""1""}]}}"
171,3020,2024-05-14 03:42:46.0321489,16,Info,Microsoft-Windows-Kernel-General,System,7052,7072,DC01.forela.local,1,S-1-5-18,,,,,,,,,,,False,C:\Users\quentin\Documents\repo\writeups\CrownJewel-1\Artifacts\SYSTEM.evtx,Classic,0,"{""EventData"":{""Data"":[{""@Name"":""HiveNameLength"",""#text"":""110""},{""@Name"":""HiveName"",""#text"":""\\??\\C:\\Users\\Administrator\\AppData\\Local\\Packages\\Microsoft.Windows.Search_cw5n1h2txyewy\\Settings\\settings.dat""},{""@Name"":""KeysUpdated"",""#text"":""31""},{""@Name"":""DirtyPages"",""#text"":""6""}]}}"
172,3021,2024-05-14 03:42:49.3152830,7036,Info,Service Control Manager,System,784,6668,DC01.forela.local,1,,Service started or stopped,,,Name: Network Setup Service | Network Setup Service,Status: running,,,,,,False,C:\Users\quentin\Documents\repo\writeups\CrownJewel-1\Artifacts\SYSTEM.evtx,"Audit success, classic",0,"{""EventData"":{""Data"":[{""@Name"":""param1"",""#text"":""Network Setup Service""},{""@Name"":""param2"",""#text"":""running""}],""Binary"":""4E-00-65-00-74-00-53-00-65-00-74-00-75-00-70-00-53-00-76-00-63-00-2F-00-34-00-00-00""}}"
173,3022,2024-05-14 03:42:50.3885029,7036,Info,Service Control Manager,System,784,6668,DC01.forela.local,1,,Service started or stopped,,,Name: Windows Modules Installer | Windows Modules Installer,Status: running,,,,,,False,C:\Users\quentin\Documents\repo\writeups\CrownJewel-1\Artifacts\SYSTEM.evtx,"Audit success, classic",0,"{""EventData"":{""Data"":[{""@Name"":""param1"",""#text"":""Windows Modules Installer""},{""@Name"":""param2"",""#text"":""running""}],""Binary"":""54-00-72-00-75-00-73-00-74-00-65-00-64-00-49-00-6E-00-73-00-74-00-61-00-6C-00-6C-00-65-00-72-00-2F-00-34-00-00-00""}}"
174,3023,2024-05-14 03:42:52.3874576,7036,Info,Service Control Manager,System,784,6668,DC01.forela.local,1,,Service started or stopped,,,Name: Clipboard User Service_aa21a | Clipboard User Service_aa21a,Status: running,,,,,,False,C:\Users\quentin\Documents\repo\writeups\CrownJewel-1\Artifacts\SYSTEM.evtx,"Audit success, classic",0,"{""EventData"":{""Data"":[{""@Name"":""param1"",""#text"":""Clipboard User Service_aa21a""},{""@Name"":""param2"",""#text"":""running""}],""Binary"":""63-00-62-00-64-00-68-00-73-00-76-00-63-00-5F-00-61-00-61-00-32-00-31-00-61-00-2F-00-34-00-00-00""}}"
175,3024,2024-05-14 03:43:07.3296604,7036,Info,Service Control Manager,System,784,6668,DC01.forela.local,1,,Service started or stopped,,,Name: Microsoft Edge Update Service (edgeupdate) | Microsoft Edge Update Service (edgeupdate),Status: running,,,,,,False,C:\Users\quentin\Documents\repo\writeups\CrownJewel-1\Artifacts\SYSTEM.evtx,"Audit success, classic",0,"{""EventData"":{""Data"":[{""@Name"":""param1"",""#text"":""Microsoft Edge Update Service (edgeupdate)""},{""@Name"":""param2"",""#text"":""running""}],""Binary"":""65-00-64-00-67-00-65-00-75-00-70-00-64-00-61-00-74-00-65-00-2F-00-34-00-00-00""}}"
176,3025,2024-05-14 03:43:19.0793925,7036,Info,Service Control Manager,System,784,6664,DC01.forela.local,1,,Service started or stopped,,,Name: Update Orchestrator Service | Update Orchestrator Service,Status: running,,,,,,False,C:\Users\quentin\Documents\repo\writeups\CrownJewel-1\Artifacts\SYSTEM.evtx,"Audit success, classic",0,"{""EventData"":{""Data"":[{""@Name"":""param1"",""#text"":""Update Orchestrator Service""},{""@Name"":""param2"",""#text"":""running""}],""Binary"":""55-00-73-00-6F-00-53-00-76-00-63-00-2F-00-34-00-00-00""}}"
177,3026,2024-05-14 03:43:23.7828241,7036,Info,Service Control Manager,System,784,6664,DC01.forela.local,1,,Service started or stopped,,,Name: Software Protection | Software Protection,Status: running,,,,,,False,C:\Users\quentin\Documents\repo\writeups\CrownJewel-1\Artifacts\SYSTEM.evtx,"Audit success, classic",0,"{""EventData"":{""Data"":[{""@Name"":""param1"",""#text"":""Software Protection""},{""@Name"":""param2"",""#text"":""running""}],""Binary"":""73-00-70-00-70-00-73-00-76-00-63-00-2F-00-34-00-00-00""}}"
178,3027,2024-05-14 03:43:35.3918166,7036,Info,Service Control Manager,System,784,6668,DC01.forela.local,1,,Service started or stopped,,,Name: Windows Update Medic Service | Windows Update Medic Service,Status: stopped,,,,,,False,C:\Users\quentin\Documents\repo\writeups\CrownJewel-1\Artifacts\SYSTEM.evtx,"Audit success, classic",0,"{""EventData"":{""Data"":[{""@Name"":""param1"",""#text"":""Windows Update Medic Service""},{""@Name"":""param2"",""#text"":""stopped""}],""Binary"":""57-00-61-00-61-00-53-00-4D-00-65-00-64-00-69-00-63-00-53-00-76-00-63-00-2F-00-31-00-00-00""}}"
179,3028,2024-05-14 03:43:53.7983338,7036,Info,Service Control Manager,System,784,6664,DC01.forela.local,1,,Service started or stopped,,,Name: Software Protection | Software Protection,Status: running,,,,,,False,C:\Users\quentin\Documents\repo\writeups\CrownJewel-1\Artifacts\SYSTEM.evtx,"Audit success, classic",0,"{""EventData"":{""Data"":[{""@Name"":""param1"",""#text"":""Software Protection""},{""@Name"":""param2"",""#text"":""running""}],""Binary"":""73-00-70-00-70-00-73-00-76-00-63-00-2F-00-34-00-00-00""}}"
180,3029,2024-05-14 03:43:59.8295618,7036,Info,Service Control Manager,System,784,6668,DC01.forela.local,1,,Service started or stopped,,,Name: Windows Error Reporting Service | Windows Error Reporting Service,Status: stopped,,,,,,False,C:\Users\quentin\Documents\repo\writeups\CrownJewel-1\Artifacts\SYSTEM.evtx,"Audit success, classic",0,"{""EventData"":{""Data"":[{""@Name"":""param1"",""#text"":""Windows Error Reporting Service""},{""@Name"":""param2"",""#text"":""stopped""}],""Binary"":""57-00-65-00-72-00-53-00-76-00-63-00-2F-00-31-00-00-00""}}"
181,3030,2024-05-14 03:44:14.9544916,7036,Info,Service Control Manager,System,784,6728,DC01.forela.local,1,,Service started or stopped,,,Name: Diagnostic Policy Service | Diagnostic Policy Service,Status: running,,,,,,False,C:\Users\quentin\Documents\repo\writeups\CrownJewel-1\Artifacts\SYSTEM.evtx,"Audit success, classic",0,"{""EventData"":{""Data"":[{""@Name"":""param1"",""#text"":""Diagnostic Policy Service""},{""@Name"":""param2"",""#text"":""running""}],""Binary"":""44-00-50-00-53-00-2F-00-34-00-00-00""}}"
182,3031,2024-05-14 03:44:15.1418040,7036,Info,Service Control Manager,System,784,6664,DC01.forela.local,1,,Service started or stopped,,,Name: Program Compatibility Assistant Service | Program Compatibility Assistant Service,Status: running,,,,,,False,C:\Users\quentin\Documents\repo\writeups\CrownJewel-1\Artifacts\SYSTEM.evtx,"Audit success, classic",0,"{""EventData"":{""Data"":[{""@Name"":""param1"",""#text"":""Program Compatibility Assistant Service""},{""@Name"":""param2"",""#text"":""running""}],""Binary"":""50-00-63-00-61-00-53-00-76-00-63-00-2F-00-34-00-00-00""}}"
183,3032,2024-05-14 03:44:18.1418603,7036,Info,Service Control Manager,System,784,6664,DC01.forela.local,1,,Service started or stopped,,,Name: User Access Logging Service | User Access Logging Service,Status: running,,,,,,False,C:\Users\quentin\Documents\repo\writeups\CrownJewel-1\Artifacts\SYSTEM.evtx,"Audit success, classic",0,"{""EventData"":{""Data"":[{""@Name"":""param1"",""#text"":""User Access Logging Service""},{""@Name"":""param2"",""#text"":""running""}],""Binary"":""55-00-41-00-4C-00-53-00-56-00-43-00-2F-00-34-00-00-00""}}"
184,3033,2024-05-14 03:44:23.7984987,7036,Info,Service Control Manager,System,784,6668,DC01.forela.local,1,,Service started or stopped,,,Name: Software Protection | Software Protection,Status: running,,,,,,False,C:\Users\quentin\Documents\repo\writeups\CrownJewel-1\Artifacts\SYSTEM.evtx,"Audit success, classic",0,"{""EventData"":{""Data"":[{""@Name"":""param1"",""#text"":""Software Protection""},{""@Name"":""param2"",""#text"":""running""}],""Binary"":""73-00-70-00-70-00-73-00-76-00-63-00-2F-00-34-00-00-00""}}"
185,3034,2024-05-14 03:44:36.3292580,7036,Info,Service Control Manager,System,784,6668,DC01.forela.local,1,,Service started or stopped,,,Name: WMI Performance Adapter | WMI Performance Adapter,Status: stopped,,,,,,False,C:\Users\quentin\Documents\repo\writeups\CrownJewel-1\Artifacts\SYSTEM.evtx,"Audit success, classic",0,"{""EventData"":{""Data"":[{""@Name"":""param1"",""#text"":""WMI Performance Adapter""},{""@Name"":""param2"",""#text"":""stopped""}],""Binary"":""77-00-6D-00-69-00-41-00-70-00-53-00-72-00-76-00-2F-00-31-00-00-00""}}"
