113,113,2024-05-14 03:36:52.6759580,158,Info,Microsoft-Windows-Ntfs,Microsoft-Windows-Ntfs/Operational,4,176,DC01.forela.local,1,S-1-5-18,,,,,,,,,,,False,C:\Users\quentin\Documents\repo\writeups\CrownJewel-1\Artifacts\Microsoft-Windows-NTFS.evtx,0x4000000000200000,0,"{""EventData"":{""Data"":[{""@Name"":""VolumeCorrelationId"",""#text"":""17a28535-1e81-4f9f-8b4a-85bb7474b0c9""},{""@Name"":""VolumeNameLength"",""#text"":""2""},{""@Name"":""VolumeName"",""#text"":""C:""},{""@Name"":""UserFileReads"",""#text"":""41546""},{""@Name"":""UserFileReadBytes"",""#text"":""2932582400""},{""@Name"":""UserDiskReads"",""#text"":""39292""},{""@Name"":""UserFileWrites"",""#text"":""12081""},{""@Name"":""UserFileWriteBytes"",""#text"":""1620336640""},{""@Name"":""UserDiskWrites"",""#text"":""12307""},{""@Name"":""MetaDataReads"",""#text"":""5360""},{""@Name"":""MetaDataReadBytes"",""#text"":""26480640""},{""@Name"":""MetaDataDiskReads"",""#text"":""6666""},{""@Name"":""MetaDataWrites"",""#text"":""885""},{""@Name"":""MetaDataWriteBytes"",""#text"":""5906432""},{""@Name"":""MetaDataDiskWrites"",""#text"":""1214""},{""@Name"":""MftReads"",""#text"":""5118""},{""@Name"":""MftReadBytes"",""#text"":""20992000""},{""@Name"":""MftWrites"",""#text"":""669""},{""@Name"":""MftWriteBytes"",""#text"":""3956736""},{""@Name"":""Mft2Writes"",""#text"":""0""},{""@Name"":""Mft2WriteBytes"",""#text"":""0""},{""@Name"":""RootIndexReads"",""#text"":""0""},{""@Name"":""RootIndexReadBytes"",""#text"":""0""},{""@Name"":""RootIndexWrites"",""#text"":""0""},{""@Name"":""RootIndexWriteBytes"",""#text"":""0""},{""@Name"":""BitmapReads"",""#text"":""4""},{""@Name"":""BitmapReadBytes"",""#text"":""3256320""},{""@Name"":""BitmapWrites"",""#text"":""157""},{""@Name"":""BitmapWriteBytes"",""#text"":""1191936""},{""@Name"":""MftBitmapReads"",""#text"":""1""},{""@Name"":""MftBitmapReadBytes"",""#text"":""20480""},{""@Name"":""MftBitmapWrites"",""#text"":""24""},{""@Name"":""MftBitmapWriteBytes"",""#text"":""118784""},{""@Name"":""UserIndexReads"",""#text"":""1437""},{""@Name"":""UserIndexReadBytes"",""#text"":""7118848""},{""@Name"":""UserIndexWrites"",""#text"":""269""},{""@Name"":""UserIndexWriteBytes"",""#text"":""1445888""},{""@Name"":""LogFileReads"",""#text"":""8""},{""@Name"":""LogFileReadBytes"",""#text"":""32768""},{""@Name"":""LogFileWrites"",""#text"":""1797""},{""@Name"":""LogFileWriteBytes"",""#text"":""19267584""},{""@Name"":""LogFileFull"",""#text"":""0""},{""@Name"":""LogFileFullReasonBucket1"",""#text"":""0""},{""@Name"":""LogFileFullReasonBucket2"",""#text"":""0""},{""@Name"":""LogFileFullReasonBucket3"",""#text"":""0""},{""@Name"":""LogFileFullReasonBucket4"",""#text"":""0""},{""@Name"":""LogFileFullReasonBucket5"",""#text"":""0""},{""@Name"":""LogFileFullReasonBucket6"",""#text"":""0""},{""@Name"":""LogFileFullReasonBucket7"",""#text"":""0""},{""@Name"":""LogFileFullReasonBucket8"",""#text"":""0""},{""@Name"":""LogFileFullReasonBucket9"",""#text"":""0""},{""@Name"":""LogFileFullReasonBucket10"",""#text"":""0""},{""@Name"":""LogFileFullReasonBucket11"",""#text"":""0""},{""@Name"":""LogFileFullReasonBucket12"",""#text"":""0""},{""@Name"":""LogFileFullReasonBucket13"",""#text"":""0""},{""@Name"":""LogFileFullReasonBucket14"",""#text"":""0""},{""@Name"":""LogFileFullReasonBucket15"",""#text"":""0""},{""@Name"":""DiskResourceFailure"",""#text"":""0""},{""@Name"":""VolumeTrimCount"",""#text"":""42""},{""@Name"":""VolumeTrimTime"",""#text"":""0""},{""@Name"":""VolumeTrimSize"",""#text"":""1564964""},{""@Name"":""AvgVolumeTrimTime"",""#text"":""0""},{""@Name"":""AvgVolumeTrimSize"",""#text"":""37261""},{""@Name"":""VolumeTrimSkippedCount"",""#text"":""0""},{""@Name"":""VolumeTrimSkippedSize"",""#text"":""0""},{""@Name"":""FileLevelTrimCount"",""#text"":""0""},{""@Name"":""FileLevelTrimTime"",""#text"":""0""},{""@Name"":""FileLevelTrimSize"",""#text"":""0""},{""@Name"":""AvgFileLevelTrimTime"",""#text"":""0""},{""@Name"":""AvgFileLevelTrimSize"",""#text"":""0""},{""@Name"":""NtfsFillStatInfoFromMftRecordCalledCount"",""#text"":""0""},{""@Name"":""NtfsFillStatInfoFromMftRecordBailedBecauseOfAttributeListCount"",""#text"":""0""},{""@Name"":""NtfsFillStatInfoFromMftRecordBailedBecauseOfNonResReparsePointCount"",""#text"":""0""}]}}"
114,114,2024-05-14 03:36:52.6763996,142,Info,Microsoft-Windows-Ntfs,Microsoft-Windows-Ntfs/Operational,4,184,DC01.forela.local,1,S-1-5-18,NTFS-formatted drive attached,,,VolumeName: C:,IsBootVolume: True,"LowestFreeSpaceInBytes: ","HighestFreeSpaceInBytes: ",,,,False,C:\Users\quentin\Documents\repo\writeups\CrownJewel-1\Artifacts\Microsoft-Windows-NTFS.evtx,0x4000000000200000,0,"{""EventData"":{""Data"":[{""@Name"":""VolumeGuid"",""#text"":""17a28535-1e81-4f9f-8b4a-85bb7474b0c9""},{""@Name"":""VolumeNameLength"",""#text"":""2""},{""@Name"":""VolumeName"",""#text"":""C:""},{""@Name"":""IsBootVolume"",""#text"":""True""},{""@Name"":""ElapsedSeconds"",""#text"":""35732046""},{""@Name"":""AvailabeSpaceMinStr"",""#text"":""86.68 GB""},{""@Name"":""AvailabeSpaceMaxStr"",""#text"":""87.68 GB""},{""@Name"":""AvailabeSpaceDeltaStr"",""#text"":""1.01 GB""},{""@Name"":""AvailableClustersMin"",""#text"":""22721006""},{""@Name"":""AvailableClustersMax"",""#text"":""22984167""},{""@Name"":""UnallocatedClustersMin"",""#text"":""22854047""},{""@Name"":""UnallocatedClustersMax"",""#text"":""23117208""},{""@Name"":""ReservedClustersMin"",""#text"":""131472""},{""@Name"":""ReservedClustersMax"",""#text"":""131760""},{""@Name"":""TxfAbortReservedClustersMin"",""#text"":""1024""},{""@Name"":""TxfAbortReservedClustersMax"",""#text"":""1024""},{""@Name"":""PageFileSizeInBytes"",""#text"":""1140850688""},{""@Name"":""PageFileSizeStr"",""#text"":""1.07 GB""},{""@Name"":""VolumeSizeInBytes"",""#text"":""106699943936""},{""@Name"":""VolumeSizeStr"",""#text"":""99.38 GB""},{""@Name"":""ClusterSize"",""#text"":""4096""},{""@Name"":""CachedRunsMissCountForMft"",""#text"":""0""},{""@Name"":""CachedRunsMissCountForMftZone"",""#text"":""0""},{""@Name"":""CachedRunsMissCount"",""#text"":""0""}]}}"
115,115,2024-05-14 03:36:53.0120992,158,Info,Microsoft-Windows-Ntfs,Microsoft-Windows-Ntfs/Operational,4,176,DC01.forela.local,1,S-1-5-18,,,,,,,,,,,False,C:\Users\quentin\Documents\repo\writeups\CrownJewel-1\Artifacts\Microsoft-Windows-NTFS.evtx,0x4000000000200000,0,"{""EventData"":{""Data"":[{""@Name"":""VolumeCorrelationId"",""#text"":""c526ee1b-ba64-405c-a85b-a486eddd36cb""},{""@Name"":""VolumeNameLength"",""#text"":""48""},{""@Name"":""VolumeName"",""#text"":""\\\\?\\Volume{c526ee1b-ba64-405c-a85b-a486eddd36cb}""},{""@Name"":""UserFileReads"",""#text"":""0""},{""@Name"":""UserFileReadBytes"",""#text"":""0""},{""@Name"":""UserDiskReads"",""#text"":""0""},{""@Name"":""UserFileWrites"",""#text"":""0""},{""@Name"":""UserFileWriteBytes"",""#text"":""0""},{""@Name"":""UserDiskWrites"",""#text"":""0""},{""@Name"":""MetaDataReads"",""#text"":""13""},{""@Name"":""MetaDataReadBytes"",""#text"":""229376""},{""@Name"":""MetaDataDiskReads"",""#text"":""15""},{""@Name"":""MetaDataWrites"",""#text"":""1""},{""@Name"":""MetaDataWriteBytes"",""#text"":""8192""},{""@Name"":""MetaDataDiskWrites"",""#text"":""2""},{""@Name"":""MftReads"",""#text"":""6""},{""@Name"":""MftReadBytes"",""#text"":""53248""},{""@Name"":""MftWrites"",""#text"":""1""},{""@Name"":""MftWriteBytes"",""#text"":""8192""},{""@Name"":""Mft2Writes"",""#text"":""0""},{""@Name"":""Mft2WriteBytes"",""#text"":""0""},{""@Name"":""RootIndexReads"",""#text"":""0""},{""@Name"":""RootIndexReadBytes"",""#text"":""0""},{""@Name"":""RootIndexWrites"",""#text"":""0""},{""@Name"":""RootIndexWriteBytes"",""#text"":""0""},{""@Name"":""BitmapReads"",""#text"":""1""},{""@Name"":""BitmapReadBytes"",""#text"":""20480""},{""@Name"":""BitmapWrites"",""#text"":""0""},{""@Name"":""BitmapWriteBytes"",""#text"":""0""},{""@Name"":""MftBitmapReads"",""#text"":""1""},{""@Name"":""MftBitmapReadBytes"",""#text"":""8192""},{""@Name"":""MftBitmapWrites"",""#text"":""0""},{""@Name"":""MftBitmapWriteBytes"",""#text"":""0""},{""@Name"":""UserIndexReads"",""#text"":""1""},{""@Name"":""UserIndexReadBytes"",""#text"":""4096""},{""@Name"":""UserIndexWrites"",""#text"":""1""},{""@Name"":""UserIndexWriteBytes"",""#text"":""4096""},{""@Name"":""LogFileReads"",""#text"":""8""},{""@Name"":""LogFileReadBytes"",""#text"":""32768""},{""@Name"":""LogFileWrites"",""#text"":""16""},{""@Name"":""LogFileWriteBytes"",""#text"":""65536""},{""@Name"":""LogFileFull"",""#text"":""0""},{""@Name"":""LogFileFullReasonBucket1"",""#text"":""0""},{""@Name"":""LogFileFullReasonBucket2"",""#text"":""0""},{""@Name"":""LogFileFullReasonBucket3"",""#text"":""0""},{""@Name"":""LogFileFullReasonBucket4"",""#text"":""0""},{""@Name"":""LogFileFullReasonBucket5"",""#text"":""0""},{""@Name"":""LogFileFullReasonBucket6"",""#text"":""0""},{""@Name"":""LogFileFullReasonBucket7"",""#text"":""0""},{""@Name"":""LogFileFullReasonBucket8"",""#text"":""0""},{""@Name"":""LogFileFullReasonBucket9"",""#text"":""0""},{""@Name"":""LogFileFullReasonBucket10"",""#text"":""0""},{""@Name"":""LogFileFullReasonBucket11"",""#text"":""0""},{""@Name"":""LogFileFullReasonBucket12"",""#text"":""0""},{""@Name"":""LogFileFullReasonBucket13"",""#text"":""0""},{""@Name"":""LogFileFullReasonBucket14"",""#text"":""0""},{""@Name"":""LogFileFullReasonBucket15"",""#text"":""0""},{""@Name"":""DiskResourceFailure"",""#text"":""0""},{""@Name"":""VolumeTrimCount"",""#text"":""0""},{""@Name"":""VolumeTrimTime"",""#text"":""0""},{""@Name"":""VolumeTrimSize"",""#text"":""0""},{""@Name"":""AvgVolumeTrimTime"",""#text"":""0""},{""@Name"":""AvgVolumeTrimSize"",""#text"":""0""},{""@Name"":""VolumeTrimSkippedCount"",""#text"":""0""},{""@Name"":""VolumeTrimSkippedSize"",""#text"":""0""},{""@Name"":""FileLevelTrimCount"",""#text"":""0""},{""@Name"":""FileLevelTrimTime"",""#text"":""0""},{""@Name"":""FileLevelTrimSize"",""#text"":""0""},{""@Name"":""AvgFileLevelTrimTime"",""#text"":""0""},{""@Name"":""AvgFileLevelTrimSize"",""#text"":""0""},{""@Name"":""NtfsFillStatInfoFromMftRecordCalledCount"",""#text"":""0""},{""@Name"":""NtfsFillStatInfoFromMftRecordBailedBecauseOfAttributeListCount"",""#text"":""0""},{""@Name"":""NtfsFillStatInfoFromMftRecordBailedBecauseOfNonResReparsePointCount"",""#text"":""0""}]}}"
116,116,2024-05-14 03:41:38.5736574,9,Info,Microsoft-Windows-Ntfs,Microsoft-Windows-Ntfs/Operational,4,396,DC01.forela.local,1,S-1-5-18,,,,,,,,,,,False,C:\Users\quentin\Documents\repo\writeups\CrownJewel-1\Artifacts\Microsoft-Windows-NTFS.evtx,0x4000000000200000,0,"{""EventData"":{""Data"":[{""@Name"":""VolumeCorrelationId"",""#text"":""17a28535-1e81-4f9f-8b4a-85bb7474b0c9""},{""@Name"":""VolumeIdLength"",""#text"":""2""},{""@Name"":""VolumeId"",""#text"":""C:""},{""@Name"":""VolumeLabelLength"",""#text"":""0""},{""@Name"":""VolumeLabel""},{""@Name"":""DeviceNameLength"",""#text"":""23""},{""@Name"":""DeviceName"",""#text"":""\\Device\\HarddiskVolume3""},{""@Name"":""DeviceGuid"",""#text"":""7b6f1752-bd95-6e22-e3a5-6ee8419ecad7""},{""@Name"":""VendorIdLength"",""#text"":""0""},{""@Name"":""VendorId""},{""@Name"":""ProductIdLength"",""#text"":""24""},{""@Name"":""ProductId"",""#text"":""VMware Virtual NVMe Disk""},{""@Name"":""ProductRevisionLength"",""#text"":""3""},{""@Name"":""ProductRevision"",""#text"":""1.0""},{""@Name"":""DeviceSerialNumberLength"",""#text"":""16""},{""@Name"":""DeviceSerialNumber"",""#text"":""VMWare NVME_0000""},{""@Name"":""BusType"",""#text"":""17""},{""@Name"":""AdapterSerialNumberLength"",""#text"":""16""},{""@Name"":""AdapterSerialNumber"",""#text"":""VMWare NVME_0000""},{""@Name"":""DurationUs"",""#text"":""13190""},{""@Name"":""InputFlags"",""#text"":""0xE""},{""@Name"":""Reason"",""#text"":""1""},{""@Name"":""Flags"",""#text"":""0x10""}]}}"
117,117,2024-05-14 03:41:38.5736739,10,Info,Microsoft-Windows-Ntfs,Microsoft-Windows-Ntfs/Operational,4,396,DC01.forela.local,1,S-1-5-18,,,,,,,,,,,False,C:\Users\quentin\Documents\repo\writeups\CrownJewel-1\Artifacts\Microsoft-Windows-NTFS.evtx,0x4000000000200000,0,"{""EventData"":{""Data"":[{""@Name"":""VolumeCorrelationId"",""#text"":""17a28535-1e81-4f9f-8b4a-85bb7474b0c9""},{""@Name"":""VolumeId"",""#text"":""C:""},{""@Name"":""VolumeLabel""},{""@Name"":""DeviceName"",""#text"":""\\Device\\HarddiskVolume3""},{""@Name"":""DeviceGuid"",""#text"":""7b6f1752-bd95-6e22-e3a5-6ee8419ecad7""},{""@Name"":""VendorId""},{""@Name"":""ProductId"",""#text"":""VMware Virtual NVMe Disk""},{""@Name"":""ProductRevision"",""#text"":""1.0""},{""@Name"":""DeviceSerialNumber"",""#text"":""VMWare NVME_0000""},{""@Name"":""BusType"",""#text"":""17""},{""@Name"":""AdapterSerialNumber"",""#text"":""VMWare NVME_0000""},{""@Name"":""MediaType"",""#text"":""1""},{""@Name"":""RunsCached"",""#text"":""347""},{""@Name"":""LongestRunCached"",""#text"":""92817195008""},{""@Name"":""LongestRunCachedStr"",""#text"":""86.45 GB""},{""@Name"":""MostPopulatedBinCount"",""#text"":""104""},{""@Name"":""MostPopulatedBinMinLength"",""#text"":""16384""},{""@Name"":""MostPopulatedBinMinLengthStr"",""#text"":""16 KB""},{""@Name"":""MostPopulatedBinMaxLength"",""#text"":""16384""},{""@Name"":""MostPopulatedBinMaxLengthStr"",""#text"":""16 KB""},{""@Name"":""TotalCachedRuns"",""#text"":""1""},{""@Name"":""CachedRunsLogged"",""#text"":""1""},{""@Name"":""CachedRunsAlignment"",""#text"":""1""},{""@Name"":""RunsInCachedRuns"",""#text"":""347""},{""@Name"":""LongestRunInCachedRuns"",""#text"":""92817195008""},{""@Name"":""MostPopulatedBinCountInCachedRuns"",""#text"":""104""},{""@Name"":""MostPopulatedBinMinLengthInCachedRuns"",""#text"":""16384""},{""@Name"":""MostPopulatedBinMaxLengthInCachedRuns"",""#text"":""16384""}]}}"
118,118,2024-05-14 03:41:38.5736792,4,Info,Microsoft-Windows-Ntfs,Microsoft-Windows-Ntfs/Operational,4,200,DC01.forela.local,1,S-1-5-18,,,,,,,,,,,False,C:\Users\quentin\Documents\repo\writeups\CrownJewel-1\Artifacts\Microsoft-Windows-NTFS.evtx,0x4001000000000020,0,"{""EventData"":{""Data"":[{""@Name"":""VolumeCorrelationId"",""#text"":""17a28535-1e81-4f9f-8b4a-85bb7474b0c9""},{""@Name"":""VolumeIdLength"",""#text"":""2""},{""@Name"":""VolumeId"",""#text"":""C:""},{""@Name"":""VolumeLabelLength"",""#text"":""0""},{""@Name"":""VolumeLabel""},{""@Name"":""DeviceNameLength"",""#text"":""23""},{""@Name"":""DeviceName"",""#text"":""\\Device\\HarddiskVolume3""},{""@Name"":""DeviceGuid"",""#text"":""7b6f1752-bd95-6e22-e3a5-6ee8419ecad7""},{""@Name"":""VendorIdLength"",""#text"":""0""},{""@Name"":""VendorId""},{""@Name"":""ProductIdLength"",""#text"":""24""},{""@Name"":""ProductId"",""#text"":""VMware Virtual NVMe Disk""},{""@Name"":""ProductRevisionLength"",""#text"":""3""},{""@Name"":""ProductRevision"",""#text"":""1.0""},{""@Name"":""DeviceSerialNumberLength"",""#text"":""16""},{""@Name"":""DeviceSerialNumber"",""#text"":""VMWare NVME_0000""},{""@Name"":""BusType"",""#text"":""17""},{""@Name"":""AdapterSerialNumberLength"",""#text"":""16""},{""@Name"":""AdapterSerialNumber"",""#text"":""VMWare NVME_0000""},{""@Name"":""Vcb"",""#text"":""0xFFFF800F8C3B31B0""},{""@Name"":""MountDurationUs"",""#text"":""77783""},{""@Name"":""MountDuration"",""#text"":""77 ms""},{""@Name"":""LongestStage"",""#text"":""4""},{""@Name"":""LongestStageDuration"",""#text"":""46 ms""},{""@Name"":""LongestStagePercentage"",""#text"":""60""},{""@Name"":""SecondLongestStage"",""#text"":""5""},{""@Name"":""SecondLongestStageDuration"",""#text"":""15 ms""},{""@Name"":""SecondLongestStagePercentage"",""#text"":""20""},{""@Name"":""RestartApplied"",""#text"":""True""},{""@Name"":""IsBootVolume"",""#text"":""True""},{""@Name"":""Stage1DurationUs"",""#text"":""0""},{""@Name"":""Stage2DurationUs"",""#text"":""0""},{""@Name"":""Stage3DurationUs"",""#text"":""0""},{""@Name"":""Stage4DurationUs"",""#text"":""46563""},{""@Name"":""Stage5DurationUs"",""#text"":""15686""},{""@Name"":""Stage6DurationUs"",""#text"":""0""},{""@Name"":""Stage7DurationUs"",""#text"":""15533""},{""@Name"":""Stage8DurationUs"",""#text"":""0""},{""@Name"":""Stage9DurationUs"",""#text"":""0""},{""@Name"":""Stage10DurationUs"",""#text"":""0""}]}}"
119,119,2024-05-14 03:41:41.6057772,4,Info,Microsoft-Windows-Ntfs,Microsoft-Windows-Ntfs/Operational,4,384,DC01.forela.local,1,S-1-5-18,,,,,,,,,,,False,C:\Users\quentin\Documents\repo\writeups\CrownJewel-1\Artifacts\Microsoft-Windows-NTFS.evtx,0x4001000000000020,0,"{""EventData"":{""Data"":[{""@Name"":""VolumeCorrelationId"",""#text"":""c526ee1b-ba64-405c-a85b-a486eddd36cb""},{""@Name"":""VolumeIdLength"",""#text"":""48""},{""@Name"":""VolumeId"",""#text"":""\\\\?\\Volume{c526ee1b-ba64-405c-a85b-a486eddd36cb}""},{""@Name"":""VolumeLabelLength"",""#text"":""0""},{""@Name"":""VolumeLabel""},{""@Name"":""DeviceNameLength"",""#text"":""23""},{""@Name"":""DeviceName"",""#text"":""\\Device\\HarddiskVolume4""},{""@Name"":""DeviceGuid"",""#text"":""7b6f1752-bd95-6e22-e3a5-6ee8419ecad7""},{""@Name"":""VendorIdLength"",""#text"":""0""},{""@Name"":""VendorId""},{""@Name"":""ProductIdLength"",""#text"":""24""},{""@Name"":""ProductId"",""#text"":""VMware Virtual NVMe Disk""},{""@Name"":""ProductRevisionLength"",""#text"":""3""},{""@Name"":""ProductRevision"",""#text"":""1.0""},{""@Name"":""DeviceSerialNumberLength"",""#text"":""16""},{""@Name"":""DeviceSerialNumber"",""#text"":""VMWare NVME_0000""},{""@Name"":""BusType"",""#text"":""17""},{""@Name"":""AdapterSerialNumberLength"",""#text"":""16""},{""@Name"":""AdapterSerialNumber"",""#text"":""VMWare NVME_0000""},{""@Name"":""Vcb"",""#text"":""0xFFFF800F8CBCD1B0""},{""@Name"":""MountDurationUs"",""#text"":""15724""},{""@Name"":""MountDuration"",""#text"":""15 ms""},{""@Name"":""LongestStage"",""#text"":""5""},{""@Name"":""LongestStageDuration"",""#text"":""15 ms""},{""@Name"":""LongestStagePercentage"",""#text"":""100""},{""@Name"":""SecondLongestStage"",""#text"":""0""},{""@Name"":""SecondLongestStageDuration"",""#text"":""0 us""},{""@Name"":""SecondLongestStagePercentage"",""#text"":""0""},{""@Name"":""RestartApplied"",""#text"":""True""},{""@Name"":""IsBootVolume"",""#text"":""False""},{""@Name"":""Stage1DurationUs"",""#text"":""0""},{""@Name"":""Stage2DurationUs"",""#text"":""0""},{""@Name"":""Stage3DurationUs"",""#text"":""0""},{""@Name"":""Stage4DurationUs"",""#text"":""0""},{""@Name"":""Stage5DurationUs"",""#text"":""15724""},{""@Name"":""Stage6DurationUs"",""#text"":""0""},{""@Name"":""Stage7DurationUs"",""#text"":""0""},{""@Name"":""Stage8DurationUs"",""#text"":""0""},{""@Name"":""Stage9DurationUs"",""#text"":""0""},{""@Name"":""Stage10DurationUs"",""#text"":""0""}]}}"
120,120,2024-05-14 03:41:41.6057829,9,Info,Microsoft-Windows-Ntfs,Microsoft-Windows-Ntfs/Operational,4,408,DC01.forela.local,1,S-1-5-18,,,,,,,,,,,False,C:\Users\quentin\Documents\repo\writeups\CrownJewel-1\Artifacts\Microsoft-Windows-NTFS.evtx,0x4000000000200000,0,"{""EventData"":{""Data"":[{""@Name"":""VolumeCorrelationId"",""#text"":""c526ee1b-ba64-405c-a85b-a486eddd36cb""},{""@Name"":""VolumeIdLength"",""#text"":""48""},{""@Name"":""VolumeId"",""#text"":""\\\\?\\Volume{c526ee1b-ba64-405c-a85b-a486eddd36cb}""},{""@Name"":""VolumeLabelLength"",""#text"":""0""},{""@Name"":""VolumeLabel""},{""@Name"":""DeviceNameLength"",""#text"":""23""},{""@Name"":""DeviceName"",""#text"":""\\Device\\HarddiskVolume4""},{""@Name"":""DeviceGuid"",""#text"":""7b6f1752-bd95-6e22-e3a5-6ee8419ecad7""},{""@Name"":""VendorIdLength"",""#text"":""0""},{""@Name"":""VendorId""},{""@Name"":""ProductIdLength"",""#text"":""24""},{""@Name"":""ProductId"",""#text"":""VMware Virtual NVMe Disk""},{""@Name"":""ProductRevisionLength"",""#text"":""3""},{""@Name"":""ProductRevision"",""#text"":""1.0""},{""@Name"":""DeviceSerialNumberLength"",""#text"":""16""},{""@Name"":""DeviceSerialNumber"",""#text"":""VMWare NVME_0000""},{""@Name"":""BusType"",""#text"":""17""},{""@Name"":""AdapterSerialNumberLength"",""#text"":""16""},{""@Name"":""AdapterSerialNumber"",""#text"":""VMWare NVME_0000""},{""@Name"":""DurationUs"",""#text"":""646""},{""@Name"":""InputFlags"",""#text"":""0xE""},{""@Name"":""Reason"",""#text"":""1""},{""@Name"":""Flags"",""#text"":""0x10""}]}}"
121,121,2024-05-14 03:41:41.6057899,10,Info,Microsoft-Windows-Ntfs,Microsoft-Windows-Ntfs/Operational,4,408,DC01.forela.local,1,S-1-5-18,,,,,,,,,,,False,C:\Users\quentin\Documents\repo\writeups\CrownJewel-1\Artifacts\Microsoft-Windows-NTFS.evtx,0x4000000000200000,0,"{""EventData"":{""Data"":[{""@Name"":""VolumeCorrelationId"",""#text"":""c526ee1b-ba64-405c-a85b-a486eddd36cb""},{""@Name"":""VolumeId"",""#text"":""\\\\?\\Volume{c526ee1b-ba64-405c-a85b-a486eddd36cb}""},{""@Name"":""VolumeLabel""},{""@Name"":""DeviceName"",""#text"":""\\Device\\HarddiskVolume4""},{""@Name"":""DeviceGuid"",""#text"":""7b6f1752-bd95-6e22-e3a5-6ee8419ecad7""},{""@Name"":""VendorId""},{""@Name"":""ProductId"",""#text"":""VMware Virtual NVMe Disk""},{""@Name"":""ProductRevision"",""#text"":""1.0""},{""@Name"":""DeviceSerialNumber"",""#text"":""VMWare NVME_0000""},{""@Name"":""BusType"",""#text"":""17""},{""@Name"":""AdapterSerialNumber"",""#text"":""VMWare NVME_0000""},{""@Name"":""MediaType"",""#text"":""1""},{""@Name"":""RunsCached"",""#text"":""2""},{""@Name"":""LongestRunCached"",""#text"":""25133056""},{""@Name"":""LongestRunCachedStr"",""#text"":""23.97 MB""},{""@Name"":""MostPopulatedBinCount"",""#text"":""1""},{""@Name"":""MostPopulatedBinMinLength"",""#text"":""0""},{""@Name"":""MostPopulatedBinMinLengthStr"",""#text"":""0 Bytes""},{""@Name"":""MostPopulatedBinMaxLength"",""#text"":""4096""},{""@Name"":""MostPopulatedBinMaxLengthStr"",""#text"":""4 KB""},{""@Name"":""TotalCachedRuns"",""#text"":""1""},{""@Name"":""CachedRunsLogged"",""#text"":""1""},{""@Name"":""CachedRunsAlignment"",""#text"":""1""},{""@Name"":""RunsInCachedRuns"",""#text"":""2""},{""@Name"":""LongestRunInCachedRuns"",""#text"":""25133056""},{""@Name"":""MostPopulatedBinCountInCachedRuns"",""#text"":""1""},{""@Name"":""MostPopulatedBinMinLengthInCachedRuns"",""#text"":""0""},{""@Name"":""MostPopulatedBinMaxLengthInCachedRuns"",""#text"":""4096""}]}}"
122,122,2024-05-14 03:41:44.3081393,142,Info,Microsoft-Windows-Ntfs,Microsoft-Windows-Ntfs/Operational,4,396,DC01.forela.local,1,S-1-5-18,NTFS-formatted drive attached,,,VolumeName: C:,IsBootVolume: True,"LowestFreeSpaceInBytes: ","HighestFreeSpaceInBytes: ",,,,False,C:\Users\quentin\Documents\repo\writeups\CrownJewel-1\Artifacts\Microsoft-Windows-NTFS.evtx,0x4000000000200000,0,"{""EventData"":{""Data"":[{""@Name"":""VolumeGuid"",""#text"":""17a28535-1e81-4f9f-8b4a-85bb7474b0c9""},{""@Name"":""VolumeNameLength"",""#text"":""2""},{""@Name"":""VolumeName"",""#text"":""C:""},{""@Name"":""IsBootVolume"",""#text"":""True""},{""@Name"":""ElapsedSeconds"",""#text"":""0""},{""@Name"":""AvailabeSpaceMinStr"",""#text"":""86.66 GB""},{""@Name"":""AvailabeSpaceMaxStr"",""#text"":""87.79 GB""},{""@Name"":""AvailabeSpaceDeltaStr"",""#text"":""1.13 GB""},{""@Name"":""AvailableClustersMin"",""#text"":""22715355""},{""@Name"":""AvailableClustersMax"",""#text"":""23011325""},{""@Name"":""UnallocatedClustersMin"",""#text"":""22848107""},{""@Name"":""UnallocatedClustersMax"",""#text"":""23144077""},{""@Name"":""ReservedClustersMin"",""#text"":""131216""},{""@Name"":""ReservedClustersMax"",""#text"":""131216""},{""@Name"":""TxfAbortReservedClustersMin"",""#text"":""1024""},{""@Name"":""TxfAbortReservedClustersMax"",""#text"":""1024""},{""@Name"":""PageFileSizeInBytes"",""#text"":""1140850688""},{""@Name"":""PageFileSizeStr"",""#text"":""1.07 GB""},{""@Name"":""VolumeSizeInBytes"",""#text"":""106699943936""},{""@Name"":""VolumeSizeStr"",""#text"":""99.38 GB""},{""@Name"":""ClusterSize"",""#text"":""4096""},{""@Name"":""CachedRunsMissCountForMft"",""#text"":""0""},{""@Name"":""CachedRunsMissCountForMftZone"",""#text"":""2""},{""@Name"":""CachedRunsMissCount"",""#text"":""0""}]}}"
123,123,2024-05-14 03:41:44.3535215,142,Info,Microsoft-Windows-Ntfs,Microsoft-Windows-Ntfs/Operational,4,396,DC01.forela.local,1,S-1-5-18,NTFS-formatted drive attached,,,VolumeName: \\?\Volume{c526ee1b-ba64-405c-a85b-a486eddd36cb},IsBootVolume: False,"LowestFreeSpaceInBytes: ","HighestFreeSpaceInBytes: ",,,,False,C:\Users\quentin\Documents\repo\writeups\CrownJewel-1\Artifacts\Microsoft-Windows-NTFS.evtx,0x4000000000200000,0,"{""EventData"":{""Data"":[{""@Name"":""VolumeGuid"",""#text"":""c526ee1b-ba64-405c-a85b-a486eddd36cb""},{""@Name"":""VolumeNameLength"",""#text"":""48""},{""@Name"":""VolumeName"",""#text"":""\\\\?\\Volume{c526ee1b-ba64-405c-a85b-a486eddd36cb}""},{""@Name"":""IsBootVolume"",""#text"":""False""},{""@Name"":""ElapsedSeconds"",""#text"":""0""},{""@Name"":""AvailabeSpaceMinStr"",""#text"":""85.31 MB""},{""@Name"":""AvailabeSpaceMaxStr"",""#text"":""89.31 MB""},{""@Name"":""AvailabeSpaceDeltaStr"",""#text"":""4 MB""},{""@Name"":""AvailableClustersMin"",""#text"":""21839""},{""@Name"":""AvailableClustersMax"",""#text"":""22863""},{""@Name"":""UnallocatedClustersMin"",""#text"":""22863""},{""@Name"":""UnallocatedClustersMax"",""#text"":""22863""},{""@Name"":""ReservedClustersMin"",""#text"":""0""},{""@Name"":""ReservedClustersMax"",""#text"":""0""},{""@Name"":""TxfAbortReservedClustersMin"",""#text"":""1024""},{""@Name"":""TxfAbortReservedClustersMax"",""#text"":""1024""},{""@Name"":""PageFileSizeInBytes"",""#text"":""0""},{""@Name"":""PageFileSizeStr"",""#text"":""0 Bytes""},{""@Name"":""VolumeSizeInBytes"",""#text"":""549449728""},{""@Name"":""VolumeSizeStr"",""#text"":""524 MB""},{""@Name"":""ClusterSize"",""#text"":""4096""},{""@Name"":""CachedRunsMissCountForMft"",""#text"":""0""},{""@Name"":""CachedRunsMissCountForMftZone"",""#text"":""0""},{""@Name"":""CachedRunsMissCount"",""#text"":""0""}]}}"
124,124,2024-05-14 03:44:22.8129312,4,Info,Microsoft-Windows-Ntfs,Microsoft-Windows-Ntfs/Operational,4,344,DC01.forela.local,1,S-1-5-18,,,,,,,,,,,False,C:\Users\quentin\Documents\repo\writeups\CrownJewel-1\Artifacts\Microsoft-Windows-NTFS.evtx,0x4001000000000020,0,"{""EventData"":{""Data"":[{""@Name"":""VolumeCorrelationId"",""#text"":""06c4a997-cca8-11ed-a90f-000c295644f9""},{""@Name"":""VolumeIdLength"",""#text"":""0""},{""@Name"":""VolumeId""},{""@Name"":""VolumeLabelLength"",""#text"":""0""},{""@Name"":""VolumeLabel""},{""@Name"":""DeviceNameLength"",""#text"":""33""},{""@Name"":""DeviceName"",""#text"":""\\Device\\HarddiskVolumeShadowCopy1""},{""@Name"":""DeviceGuid"",""#text"":""00000000-0000-0000-0000-000000000000""},{""@Name"":""VendorIdLength"",""#text"":""0""},{""@Name"":""VendorId""},{""@Name"":""ProductIdLength"",""#text"":""0""},{""@Name"":""ProductId""},{""@Name"":""ProductRevisionLength"",""#text"":""0""},{""@Name"":""ProductRevision""},{""@Name"":""DeviceSerialNumberLength"",""#text"":""0""},{""@Name"":""DeviceSerialNumber""},{""@Name"":""BusType"",""#text"":""0""},{""@Name"":""AdapterSerialNumberLength"",""#text"":""0""},{""@Name"":""AdapterSerialNumber""},{""@Name"":""Vcb"",""#text"":""0xFFFF800F93FD41B0""},{""@Name"":""MountDurationUs"",""#text"":""0""},{""@Name"":""MountDuration"",""#text"":""0 us""},{""@Name"":""LongestStage"",""#text"":""0""},{""@Name"":""LongestStageDuration"",""#text"":""0 us""},{""@Name"":""LongestStagePercentage"",""#text"":""0""},{""@Name"":""SecondLongestStage"",""#text"":""0""},{""@Name"":""SecondLongestStageDuration"",""#text"":""0 us""},{""@Name"":""SecondLongestStagePercentage"",""#text"":""0""},{""@Name"":""RestartApplied"",""#text"":""False""},{""@Name"":""IsBootVolume"",""#text"":""False""},{""@Name"":""Stage1DurationUs"",""#text"":""0""},{""@Name"":""Stage2DurationUs"",""#text"":""0""},{""@Name"":""Stage3DurationUs"",""#text"":""0""},{""@Name"":""Stage4DurationUs"",""#text"":""0""},{""@Name"":""Stage5DurationUs"",""#text"":""0""},{""@Name"":""Stage6DurationUs"",""#text"":""0""},{""@Name"":""Stage7DurationUs"",""#text"":""0""},{""@Name"":""Stage8DurationUs"",""#text"":""0""},{""@Name"":""Stage9DurationUs"",""#text"":""0""},{""@Name"":""Stage10DurationUs"",""#text"":""0""}]}}"
125,125,2024-05-14 03:44:22.8130354,9,Info,Microsoft-Windows-Ntfs,Microsoft-Windows-Ntfs/Operational,4,2896,DC01.forela.local,2,S-1-5-18,,,,,,,,,,,False,C:\Users\quentin\Documents\repo\writeups\CrownJewel-1\Artifacts\Microsoft-Windows-NTFS.evtx,0x4000000000200000,0,"{""EventData"":{""Data"":[{""@Name"":""VolumeCorrelationId"",""#text"":""06c4a997-cca8-11ed-a90f-000c295644f9""},{""@Name"":""VolumeIdLength"",""#text"":""0""},{""@Name"":""VolumeId""},{""@Name"":""VolumeLabelLength"",""#text"":""0""},{""@Name"":""VolumeLabel""},{""@Name"":""DeviceNameLength"",""#text"":""33""},{""@Name"":""DeviceName"",""#text"":""\\Device\\HarddiskVolumeShadowCopy1""},{""@Name"":""DeviceGuid"",""#text"":""00000000-0000-0000-0000-000000000000""},{""@Name"":""VendorIdLength"",""#text"":""0""},{""@Name"":""VendorId""},{""@Name"":""ProductIdLength"",""#text"":""0""},{""@Name"":""ProductId""},{""@Name"":""ProductRevisionLength"",""#text"":""0""},{""@Name"":""ProductRevision""},{""@Name"":""DeviceSerialNumberLength"",""#text"":""0""},{""@Name"":""DeviceSerialNumber""},{""@Name"":""BusType"",""#text"":""0""},{""@Name"":""AdapterSerialNumberLength"",""#text"":""0""},{""@Name"":""AdapterSerialNumber""},{""@Name"":""DurationUs"",""#text"":""7361""},{""@Name"":""InputFlags"",""#text"":""0xE""},{""@Name"":""Reason"",""#text"":""1""},{""@Name"":""Flags"",""#text"":""0x10""}]}}"
126,126,2024-05-14 03:44:22.8130457,10,Info,Microsoft-Windows-Ntfs,Microsoft-Windows-Ntfs/Operational,4,2896,DC01.forela.local,2,S-1-5-18,,,,,,,,,,,False,C:\Users\quentin\Documents\repo\writeups\CrownJewel-1\Artifacts\Microsoft-Windows-NTFS.evtx,0x4000000000200000,0,"{""EventData"":{""Data"":[{""@Name"":""VolumeCorrelationId"",""#text"":""06c4a997-cca8-11ed-a90f-000c295644f9""},{""@Name"":""VolumeId""},{""@Name"":""VolumeLabel""},{""@Name"":""DeviceName"",""#text"":""\\Device\\HarddiskVolumeShadowCopy1""},{""@Name"":""DeviceGuid"",""#text"":""00000000-0000-0000-0000-000000000000""},{""@Name"":""VendorId""},{""@Name"":""ProductId""},{""@Name"":""ProductRevision""},{""@Name"":""DeviceSerialNumber""},{""@Name"":""BusType"",""#text"":""0""},{""@Name"":""AdapterSerialNumber""},{""@Name"":""MediaType"",""#text"":""1""},{""@Name"":""RunsCached"",""#text"":""563""},{""@Name"":""LongestRunCached"",""#text"":""92817211392""},{""@Name"":""LongestRunCachedStr"",""#text"":""86.45 GB""},{""@Name"":""MostPopulatedBinCount"",""#text"":""80""},{""@Name"":""MostPopulatedBinMinLength"",""#text"":""0""},{""@Name"":""MostPopulatedBinMinLengthStr"",""#text"":""0 Bytes""},{""@Name"":""MostPopulatedBinMaxLength"",""#text"":""4096""},{""@Name"":""MostPopulatedBinMaxLengthStr"",""#text"":""4 KB""},{""@Name"":""TotalCachedRuns"",""#text"":""1""},{""@Name"":""CachedRunsLogged"",""#text"":""1""},{""@Name"":""CachedRunsAlignment"",""#text"":""1""},{""@Name"":""RunsInCachedRuns"",""#text"":""563""},{""@Name"":""LongestRunInCachedRuns"",""#text"":""92817211392""},{""@Name"":""MostPopulatedBinCountInCachedRuns"",""#text"":""80""},{""@Name"":""MostPopulatedBinMinLengthInCachedRuns"",""#text"":""0""},{""@Name"":""MostPopulatedBinMaxLengthInCachedRuns"",""#text"":""4096""}]}}"
127,127,2024-05-14 03:46:47.5023296,300,Info,Microsoft-Windows-Ntfs,Microsoft-Windows-Ntfs/Operational,1736,1436,DC01.forela.local,2,S-1-5-18,,,,,,,,,,,False,C:\Users\quentin\Documents\repo\writeups\CrownJewel-1\Artifacts\Microsoft-Windows-NTFS.evtx,0x4000000000000020,0,"{""EventData"":{""Data"":[{""@Name"":""VolumeCorrelationId"",""#text"":""06c4a997-cca8-11ed-a90f-000c295644f9""},{""@Name"":""VolumeIdLength"",""#text"":""0""},{""@Name"":""VolumeId""},{""@Name"":""VolumeLabelLength"",""#text"":""0""},{""@Name"":""VolumeLabel""},{""@Name"":""DeviceNameLength"",""#text"":""33""},{""@Name"":""DeviceName"",""#text"":""\\Device\\HarddiskVolumeShadowCopy1""},{""@Name"":""DeviceGuid"",""#text"":""00000000-0000-0000-0000-000000000000""},{""@Name"":""VendorIdLength"",""#text"":""0""},{""@Name"":""VendorId""},{""@Name"":""ProductIdLength"",""#text"":""0""},{""@Name"":""ProductId""},{""@Name"":""ProductRevisionLength"",""#text"":""0""},{""@Name"":""ProductRevision""},{""@Name"":""DeviceSerialNumberLength"",""#text"":""0""},{""@Name"":""DeviceSerialNumber""},{""@Name"":""BusType"",""#text"":""0""},{""@Name"":""AdapterSerialNumberLength"",""#text"":""0""},{""@Name"":""AdapterSerialNumber""},{""@Name"":""Vcb"",""#text"":""0xFFFF800F93FD41B0""},{""@Name"":""ProcessId"",""#text"":""1736""},{""@Name"":""ProcessName"",""#text"":""svchost.exe""},{""@Name"":""DismountReason"",""#text"":""User request""}]}}"
128,128,2024-05-14 03:46:47.5023347,301,Info,Microsoft-Windows-Ntfs,Microsoft-Windows-Ntfs/Operational,1736,1436,DC01.forela.local,2,S-1-5-18,,,,,,,,,,,False,C:\Users\quentin\Documents\repo\writeups\CrownJewel-1\Artifacts\Microsoft-Windows-NTFS.evtx,0x4000000000000020,0,"{""EventData"":""""}"
129,129,2024-05-14 03:46:47.5024622,302,Info,Microsoft-Windows-Ntfs,Microsoft-Windows-Ntfs/Operational,1736,1436,DC01.forela.local,2,S-1-5-18,,,,,,,,,,,False,C:\Users\quentin\Documents\repo\writeups\CrownJewel-1\Artifacts\Microsoft-Windows-NTFS.evtx,0x4000000000000020,0,"{""EventData"":""""}"
130,130,2024-05-14 03:46:47.5038524,303,Info,Microsoft-Windows-Ntfs,Microsoft-Windows-Ntfs/Operational,1736,1436,DC01.forela.local,2,S-1-5-18,,,,,,,,,,,False,C:\Users\quentin\Documents\repo\writeups\CrownJewel-1\Artifacts\Microsoft-Windows-NTFS.evtx,0x4000000000000020,0,"{""EventData"":{""Data"":[{""@Name"":""VolumeCorrelationId"",""#text"":""06c4a997-cca8-11ed-a90f-000c295644f9""},{""@Name"":""VolumeIdLength"",""#text"":""0""},{""@Name"":""VolumeId""},{""@Name"":""VolumeLabelLength"",""#text"":""0""},{""@Name"":""VolumeLabel""},{""@Name"":""DeviceNameLength"",""#text"":""33""},{""@Name"":""DeviceName"",""#text"":""\\Device\\HarddiskVolumeShadowCopy1""},{""@Name"":""DeviceGuid"",""#text"":""00000000-0000-0000-0000-000000000000""},{""@Name"":""VendorIdLength"",""#text"":""0""},{""@Name"":""VendorId""},{""@Name"":""ProductIdLength"",""#text"":""0""},{""@Name"":""ProductId""},{""@Name"":""ProductRevisionLength"",""#text"":""0""},{""@Name"":""ProductRevision""},{""@Name"":""DeviceSerialNumberLength"",""#text"":""0""},{""@Name"":""DeviceSerialNumber""},{""@Name"":""BusType"",""#text"":""0""},{""@Name"":""AdapterSerialNumberLength"",""#text"":""0""},{""@Name"":""AdapterSerialNumber""},{""@Name"":""Vcb"",""#text"":""0xFFFF800F93FD41B0""},{""@Name"":""ProcessId"",""#text"":""1736""},{""@Name"":""ProcessName"",""#text"":""svchost.exe""},{""@Name"":""DismountReason"",""#text"":""User request""}]}}"
131,131,2024-05-14 03:56:39.4263163,158,Info,Microsoft-Windows-Ntfs,Microsoft-Windows-Ntfs/Operational,4,200,DC01.forela.local,2,S-1-5-18,,,,,,,,,,,False,C:\Users\quentin\Documents\repo\writeups\CrownJewel-1\Artifacts\Microsoft-Windows-NTFS.evtx,0x4000000000200000,0,"{""EventData"":{""Data"":[{""@Name"":""VolumeCorrelationId"",""#text"":""17a28535-1e81-4f9f-8b4a-85bb7474b0c9""},{""@Name"":""VolumeNameLength"",""#text"":""2""},{""@Name"":""VolumeName"",""#text"":""C:""},{""@Name"":""UserFileReads"",""#text"":""54136""},{""@Name"":""UserFileReadBytes"",""#text"":""2423021056""},{""@Name"":""UserDiskReads"",""#text"":""51937""},{""@Name"":""UserFileWrites"",""#text"":""6360""},{""@Name"":""UserFileWriteBytes"",""#text"":""2237779968""},{""@Name"":""UserDiskWrites"",""#text"":""6768""},{""@Name"":""MetaDataReads"",""#text"":""6115""},{""@Name"":""MetaDataReadBytes"",""#text"":""28762112""},{""@Name"":""MetaDataDiskReads"",""#text"":""6895""},{""@Name"":""MetaDataWrites"",""#text"":""1242""},{""@Name"":""MetaDataWriteBytes"",""#text"":""11505664""},{""@Name"":""MetaDataDiskWrites"",""#text"":""1773""},{""@Name"":""MftReads"",""#text"":""5604""},{""@Name"":""MftReadBytes"",""#text"":""22982656""},{""@Name"":""MftWrites"",""#text"":""937""},{""@Name"":""MftWriteBytes"",""#text"":""7786496""},{""@Name"":""Mft2Writes"",""#text"":""1""},{""@Name"":""Mft2WriteBytes"",""#text"":""4096""},{""@Name"":""RootIndexReads"",""#text"":""0""},{""@Name"":""RootIndexReadBytes"",""#text"":""0""},{""@Name"":""RootIndexWrites"",""#text"":""0""},{""@Name"":""RootIndexWriteBytes"",""#text"":""0""},{""@Name"":""BitmapReads"",""#text"":""4""},{""@Name"":""BitmapReadBytes"",""#text"":""3256320""},{""@Name"":""BitmapWrites"",""#text"":""200""},{""@Name"":""BitmapWriteBytes"",""#text"":""1687552""},{""@Name"":""MftBitmapReads"",""#text"":""1""},{""@Name"":""MftBitmapReadBytes"",""#text"":""20480""},{""@Name"":""MftBitmapWrites"",""#text"":""26""},{""@Name"":""MftBitmapWriteBytes"",""#text"":""159744""},{""@Name"":""UserIndexReads"",""#text"":""1158""},{""@Name"":""UserIndexReadBytes"",""#text"":""5976064""},{""@Name"":""UserIndexWrites"",""#text"":""391""},{""@Name"":""UserIndexWriteBytes"",""#text"":""2555904""},{""@Name"":""LogFileReads"",""#text"":""46""},{""@Name"":""LogFileReadBytes"",""#text"":""188416""},{""@Name"":""LogFileWrites"",""#text"":""2338""},{""@Name"":""LogFileWriteBytes"",""#text"":""37625856""},{""@Name"":""LogFileFull"",""#text"":""0""},{""@Name"":""LogFileFullReasonBucket1"",""#text"":""0""},{""@Name"":""LogFileFullReasonBucket2"",""#text"":""0""},{""@Name"":""LogFileFullReasonBucket3"",""#text"":""0""},{""@Name"":""LogFileFullReasonBucket4"",""#text"":""0""},{""@Name"":""LogFileFullReasonBucket5"",""#text"":""0""},{""@Name"":""LogFileFullReasonBucket6"",""#text"":""0""},{""@Name"":""LogFileFullReasonBucket7"",""#text"":""0""},{""@Name"":""LogFileFullReasonBucket8"",""#text"":""0""},{""@Name"":""LogFileFullReasonBucket9"",""#text"":""0""},{""@Name"":""LogFileFullReasonBucket10"",""#text"":""0""},{""@Name"":""LogFileFullReasonBucket11"",""#text"":""0""},{""@Name"":""LogFileFullReasonBucket12"",""#text"":""0""},{""@Name"":""LogFileFullReasonBucket13"",""#text"":""0""},{""@Name"":""LogFileFullReasonBucket14"",""#text"":""0""},{""@Name"":""LogFileFullReasonBucket15"",""#text"":""0""},{""@Name"":""DiskResourceFailure"",""#text"":""0""},{""@Name"":""VolumeTrimCount"",""#text"":""54""},{""@Name"":""VolumeTrimTime"",""#text"":""10""},{""@Name"":""VolumeTrimSize"",""#text"":""2016992""},{""@Name"":""AvgVolumeTrimTime"",""#text"":""0""},{""@Name"":""AvgVolumeTrimSize"",""#text"":""37351""},{""@Name"":""VolumeTrimSkippedCount"",""#text"":""0""},{""@Name"":""VolumeTrimSkippedSize"",""#text"":""0""},{""@Name"":""FileLevelTrimCount"",""#text"":""0""},{""@Name"":""FileLevelTrimTime"",""#text"":""0""},{""@Name"":""FileLevelTrimSize"",""#text"":""0""},{""@Name"":""AvgFileLevelTrimTime"",""#text"":""0""},{""@Name"":""AvgFileLevelTrimSize"",""#text"":""0""},{""@Name"":""NtfsFillStatInfoFromMftRecordCalledCount"",""#text"":""0""},{""@Name"":""NtfsFillStatInfoFromMftRecordBailedBecauseOfAttributeListCount"",""#text"":""0""},{""@Name"":""NtfsFillStatInfoFromMftRecordBailedBecauseOfNonResReparsePointCount"",""#text"":""0""}]}}"
132,132,2024-05-14 03:56:39.4267509,158,Info,Microsoft-Windows-Ntfs,Microsoft-Windows-Ntfs/Operational,4,200,DC01.forela.local,2,S-1-5-18,,,,,,,,,,,False,C:\Users\quentin\Documents\repo\writeups\CrownJewel-1\Artifacts\Microsoft-Windows-NTFS.evtx,0x4000000000200000,0,"{""EventData"":{""Data"":[{""@Name"":""VolumeCorrelationId"",""#text"":""c526ee1b-ba64-405c-a85b-a486eddd36cb""},{""@Name"":""VolumeNameLength"",""#text"":""48""},{""@Name"":""VolumeName"",""#text"":""\\\\?\\Volume{c526ee1b-ba64-405c-a85b-a486eddd36cb}""},{""@Name"":""UserFileReads"",""#text"":""0""},{""@Name"":""UserFileReadBytes"",""#text"":""0""},{""@Name"":""UserDiskReads"",""#text"":""0""},{""@Name"":""UserFileWrites"",""#text"":""0""},{""@Name"":""UserFileWriteBytes"",""#text"":""0""},{""@Name"":""UserDiskWrites"",""#text"":""0""},{""@Name"":""MetaDataReads"",""#text"":""13""},{""@Name"":""MetaDataReadBytes"",""#text"":""229376""},{""@Name"":""MetaDataDiskReads"",""#text"":""15""},{""@Name"":""MetaDataWrites"",""#text"":""1""},{""@Name"":""MetaDataWriteBytes"",""#text"":""8192""},{""@Name"":""MetaDataDiskWrites"",""#text"":""2""},{""@Name"":""MftReads"",""#text"":""6""},{""@Name"":""MftReadBytes"",""#text"":""53248""},{""@Name"":""MftWrites"",""#text"":""1""},{""@Name"":""MftWriteBytes"",""#text"":""8192""},{""@Name"":""Mft2Writes"",""#text"":""0""},{""@Name"":""Mft2WriteBytes"",""#text"":""0""},{""@Name"":""RootIndexReads"",""#text"":""0""},{""@Name"":""RootIndexReadBytes"",""#text"":""0""},{""@Name"":""RootIndexWrites"",""#text"":""0""},{""@Name"":""RootIndexWriteBytes"",""#text"":""0""},{""@Name"":""BitmapReads"",""#text"":""1""},{""@Name"":""BitmapReadBytes"",""#text"":""20480""},{""@Name"":""BitmapWrites"",""#text"":""0""},{""@Name"":""BitmapWriteBytes"",""#text"":""0""},{""@Name"":""MftBitmapReads"",""#text"":""1""},{""@Name"":""MftBitmapReadBytes"",""#text"":""8192""},{""@Name"":""MftBitmapWrites"",""#text"":""0""},{""@Name"":""MftBitmapWriteBytes"",""#text"":""0""},{""@Name"":""UserIndexReads"",""#text"":""1""},{""@Name"":""UserIndexReadBytes"",""#text"":""4096""},{""@Name"":""UserIndexWrites"",""#text"":""1""},{""@Name"":""UserIndexWriteBytes"",""#text"":""4096""},{""@Name"":""LogFileReads"",""#text"":""9""},{""@Name"":""LogFileReadBytes"",""#text"":""36864""},{""@Name"":""LogFileWrites"",""#text"":""19""},{""@Name"":""LogFileWriteBytes"",""#text"":""81920""},{""@Name"":""LogFileFull"",""#text"":""0""},{""@Name"":""LogFileFullReasonBucket1"",""#text"":""0""},{""@Name"":""LogFileFullReasonBucket2"",""#text"":""0""},{""@Name"":""LogFileFullReasonBucket3"",""#text"":""0""},{""@Name"":""LogFileFullReasonBucket4"",""#text"":""0""},{""@Name"":""LogFileFullReasonBucket5"",""#text"":""0""},{""@Name"":""LogFileFullReasonBucket6"",""#text"":""0""},{""@Name"":""LogFileFullReasonBucket7"",""#text"":""0""},{""@Name"":""LogFileFullReasonBucket8"",""#text"":""0""},{""@Name"":""LogFileFullReasonBucket9"",""#text"":""0""},{""@Name"":""LogFileFullReasonBucket10"",""#text"":""0""},{""@Name"":""LogFileFullReasonBucket11"",""#text"":""0""},{""@Name"":""LogFileFullReasonBucket12"",""#text"":""0""},{""@Name"":""LogFileFullReasonBucket13"",""#text"":""0""},{""@Name"":""LogFileFullReasonBucket14"",""#text"":""0""},{""@Name"":""LogFileFullReasonBucket15"",""#text"":""0""},{""@Name"":""DiskResourceFailure"",""#text"":""0""},{""@Name"":""VolumeTrimCount"",""#text"":""0""},{""@Name"":""VolumeTrimTime"",""#text"":""0""},{""@Name"":""VolumeTrimSize"",""#text"":""0""},{""@Name"":""AvgVolumeTrimTime"",""#text"":""0""},{""@Name"":""AvgVolumeTrimSize"",""#text"":""0""},{""@Name"":""VolumeTrimSkippedCount"",""#text"":""0""},{""@Name"":""VolumeTrimSkippedSize"",""#text"":""0""},{""@Name"":""FileLevelTrimCount"",""#text"":""0""},{""@Name"":""FileLevelTrimTime"",""#text"":""0""},{""@Name"":""FileLevelTrimSize"",""#text"":""0""},{""@Name"":""AvgFileLevelTrimTime"",""#text"":""0""},{""@Name"":""AvgFileLevelTrimSize"",""#text"":""0""},{""@Name"":""NtfsFillStatInfoFromMftRecordCalledCount"",""#text"":""0""},{""@Name"":""NtfsFillStatInfoFromMftRecordBailedBecauseOfAttributeListCount"",""#text"":""0""},{""@Name"":""NtfsFillStatInfoFromMftRecordBailedBecauseOfNonResReparsePointCount"",""#text"":""0""}]}}"
1,5814,2024-05-14 03:36:49.6755534,521,LogAlways,Security,Security,0,0,DC01.forela.local,0,S-1-5-18,,,,,,,,,,,False,C:\Users\quentin\Documents\repo\writeups\CrownJewel-1\Artifacts\SECURITY.evtx,0xA0000000000000,0,"{""EventData"":{""Data"":""0xc0000078, 0, 1"",""Binary"":""""}}"
2,5815,2024-05-14 03:36:49.4604421,4616,LogAlways,Microsoft-Windows-Security-Auditing,Security,4,516,DC01.forela.local,0,,The system time was changed,FORELA\DC01$ (S-1-5-18),,PreviousTime: 2023-03-27 14:13:36.8606699,NewTime: 2024-05-14 03:36:49.4380000,LogonId: 0x3E7,,,,C:\Program Files\VMware\VMware Tools\vmtoolsd.exe,False,C:\Users\quentin\Documents\repo\writeups\CrownJewel-1\Artifacts\SECURITY.evtx,Audit success,0,"{""EventData"":{""Data"":[{""@Name"":""SubjectUserSid"",""#text"":""S-1-5-18""},{""@Name"":""SubjectUserName"",""#text"":""DC01$""},{""@Name"":""SubjectDomainName"",""#text"":""FORELA""},{""@Name"":""SubjectLogonId"",""#text"":""0x3E7""},{""@Name"":""PreviousTime"",""#text"":""2023-03-27 14:13:36.8606699""},{""@Name"":""NewTime"",""#text"":""2024-05-14 03:36:49.4380000""},{""@Name"":""ProcessId"",""#text"":""0xBF8""},{""@Name"":""ProcessName"",""#text"":""C:\\Program Files\\VMware\\VMware Tools\\vmtoolsd.exe""}]}}"
3,5816,2024-05-14 03:36:49.6980321,4768,LogAlways,Microsoft-Windows-Security-Auditing,Security,764,6488,DC01.forela.local,0,,A Kerberos authentication ticket (TGT) was requested,,::1:0,Target: FORELA.LOCAL\DC01$,ServiceName: krbtgt,ServiceSid: S-1-5-21-3239415629-1862073780-2394361899-502,TicketEncryptionType: AES256-CTS-HMAC-SHA1-96,Status: KDC_ERR_NONE - No error - No errors were found.,PreAuthType: PA-ENC-TIMESTAMP - This type is normal for standard password authentication.,,False,C:\Users\quentin\Documents\repo\writeups\CrownJewel-1\Artifacts\SECURITY.evtx,Audit success,0,"{""EventData"":{""Data"":[{""@Name"":""TargetUserName"",""#text"":""DC01$""},{""@Name"":""TargetDomainName"",""#text"":""FORELA.LOCAL""},{""@Name"":""TargetSid"",""#text"":""S-1-5-21-3239415629-1862073780-2394361899-1000""},{""@Name"":""ServiceName"",""#text"":""krbtgt""},{""@Name"":""ServiceSid"",""#text"":""S-1-5-21-3239415629-1862073780-2394361899-502""},{""@Name"":""TicketOptions"",""#text"":""0x40810010""},{""@Name"":""Status"",""#text"":""0x0""},{""@Name"":""TicketEncryptionType"",""#text"":""0x12""},{""@Name"":""PreAuthType"",""#text"":""2""},{""@Name"":""IpAddress"",""#text"":""::1""},{""@Name"":""IpPort"",""#text"":""0""},{""@Name"":""CertIssuerName""},{""@Name"":""CertSerialNumber""},{""@Name"":""CertThumbprint""}]}}"
4,5817,2024-05-14 03:36:49.7023233,4769,LogAlways,Microsoft-Windows-Security-Auditing,Security,764,6488,DC01.forela.local,0,,A Kerberos service ticket was requested,,::1:0,Target: FORELA.LOCAL\DC01$@FORELA.LOCAL,ServiceName: DC01$,ServiceSid: S-1-5-21-3239415629-1862073780-2394361899-1000,TicketEncryptionType: AES256-CTS-HMAC-SHA1-96,Status: KDC_ERR_NONE - No error - No errors were found.,,,False,C:\Users\quentin\Documents\repo\writeups\CrownJewel-1\Artifacts\SECURITY.evtx,Audit success,0,"{""EventData"":{""Data"":[{""@Name"":""TargetUserName"",""#text"":""DC01$@FORELA.LOCAL""},{""@Name"":""TargetDomainName"",""#text"":""FORELA.LOCAL""},{""@Name"":""ServiceName"",""#text"":""DC01$""},{""@Name"":""ServiceSid"",""#text"":""S-1-5-21-3239415629-1862073780-2394361899-1000""},{""@Name"":""TicketOptions"",""#text"":""0x40810000""},{""@Name"":""TicketEncryptionType"",""#text"":""0x12""},{""@Name"":""IpAddress"",""#text"":""::1""},{""@Name"":""IpPort"",""#text"":""0""},{""@Name"":""Status"",""#text"":""0x0""},{""@Name"":""LogonGuid"",""#text"":""6c252259-1974-dec6-b2d5-984aff094889""},{""@Name"":""TransmittedServices"",""#text"":""-""}]}}"
5,5818,2024-05-14 03:36:49.7148492,4769,LogAlways,Microsoft-Windows-Security-Auditing,Security,764,7148,DC01.forela.local,0,,A Kerberos service ticket was requested,,::1:0,Target: FORELA.LOCAL\DC01$@FORELA.LOCAL,ServiceName: DC01$,ServiceSid: S-1-5-21-3239415629-1862073780-2394361899-1000,TicketEncryptionType: AES256-CTS-HMAC-SHA1-96,Status: KDC_ERR_NONE - No error - No errors were found.,,,False,C:\Users\quentin\Documents\repo\writeups\CrownJewel-1\Artifacts\SECURITY.evtx,Audit success,0,"{""EventData"":{""Data"":[{""@Name"":""TargetUserName"",""#text"":""DC01$@FORELA.LOCAL""},{""@Name"":""TargetDomainName"",""#text"":""FORELA.LOCAL""},{""@Name"":""ServiceName"",""#text"":""DC01$""},{""@Name"":""ServiceSid"",""#text"":""S-1-5-21-3239415629-1862073780-2394361899-1000""},{""@Name"":""TicketOptions"",""#text"":""0x40810000""},{""@Name"":""TicketEncryptionType"",""#text"":""0x12""},{""@Name"":""IpAddress"",""#text"":""::1""},{""@Name"":""IpPort"",""#text"":""0""},{""@Name"":""Status"",""#text"":""0x0""},{""@Name"":""LogonGuid"",""#text"":""6c252259-1974-dec6-b2d5-984aff094889""},{""@Name"":""TransmittedServices"",""#text"":""-""}]}}"
