25,25,2023-03-07 19:38:11.4350701,158,Info,Microsoft-Windows-Ntfs,Microsoft-Windows-Ntfs/Operational,4,32,WIN-D7MHOC9OLC8,0,S-1-5-18,,,,,,,,,,,False,C:\Users\quentin\Documents\repo\writeups\CrownJewel-1\Artifacts\Microsoft-Windows-NTFS.evtx,0x4000000000200000,0,"{""EventData"":{""Data"":[{""@Name"":""VolumeCorrelationId"",""#text"":""c526ee1b-ba64-405c-a85b-a486eddd36cb""},{""@Name"":""VolumeNameLength"",""#text"":""48""},{""@Name"":""VolumeName"",""#text"":""\\\\?\\Volume{c526ee1b-ba64-405c-a85b-a486eddd36cb}""},{""@Name"":""UserFileReads"",""#text"":""229""},{""@Name"":""UserFileReadBytes"",""#text"":""442183680""},{""@Name"":""UserDiskReads"",""#text"":""225""},{""@Name"":""UserFileWrites"",""#text"":""2""},{""@Name"":""UserFileWriteBytes"",""#text"":""24576""},{""@Name"":""UserDiskWrites"",""#text"":""2""},{""@Name"":""MetaDataReads"",""#text"":""16""},{""@Name"":""MetaDataReadBytes"",""#text"":""241664""},{""@Name"":""MetaDataDiskReads"",""#text"":""18""},{""@Name"":""MetaDataWrites"",""#text"":""0""},{""@Name"":""MetaDataWriteBytes"",""#text"":""0""},{""@Name"":""MetaDataDiskWrites"",""#text"":""0""},{""@Name"":""MftReads"",""#text"":""7""},{""@Name"":""MftReadBytes"",""#text"":""57344""},{""@Name"":""MftWrites"",""#text"":""0""},{""@Name"":""MftWriteBytes"",""#text"":""0""},{""@Name"":""Mft2Writes"",""#text"":""0""},{""@Name"":""Mft2WriteBytes"",""#text"":""0""},{""@Name"":""RootIndexReads"",""#text"":""0""},{""@Name"":""RootIndexReadBytes"",""#text"":""0""},{""@Name"":""RootIndexWrites"",""#text"":""0""},{""@Name"":""RootIndexWriteBytes"",""#text"":""0""},{""@Name"":""BitmapReads"",""#text"":""1""},{""@Name"":""BitmapReadBytes"",""#text"":""20480""},{""@Name"":""BitmapWrites"",""#text"":""0""},{""@Name"":""BitmapWriteBytes"",""#text"":""0""},{""@Name"":""MftBitmapReads"",""#text"":""1""},{""@Name"":""MftBitmapReadBytes"",""#text"":""8192""},{""@Name"":""MftBitmapWrites"",""#text"":""0""},{""@Name"":""MftBitmapWriteBytes"",""#text"":""0""},{""@Name"":""UserIndexReads"",""#text"":""1""},{""@Name"":""UserIndexReadBytes"",""#text"":""4096""},{""@Name"":""UserIndexWrites"",""#text"":""0""},{""@Name"":""UserIndexWriteBytes"",""#text"":""0""},{""@Name"":""LogFileReads"",""#text"":""8""},{""@Name"":""LogFileReadBytes"",""#text"":""32768""},{""@Name"":""LogFileWrites"",""#text"":""14""},{""@Name"":""LogFileWriteBytes"",""#text"":""65536""},{""@Name"":""LogFileFull"",""#text"":""0""},{""@Name"":""LogFileFullReasonBucket1"",""#text"":""0""},{""@Name"":""LogFileFullReasonBucket2"",""#text"":""0""},{""@Name"":""LogFileFullReasonBucket3"",""#text"":""0""},{""@Name"":""LogFileFullReasonBucket4"",""#text"":""0""},{""@Name"":""LogFileFullReasonBucket5"",""#text"":""0""},{""@Name"":""LogFileFullReasonBucket6"",""#text"":""0""},{""@Name"":""LogFileFullReasonBucket7"",""#text"":""0""},{""@Name"":""LogFileFullReasonBucket8"",""#text"":""0""},{""@Name"":""LogFileFullReasonBucket9"",""#text"":""0""},{""@Name"":""LogFileFullReasonBucket10"",""#text"":""0""},{""@Name"":""LogFileFullReasonBucket11"",""#text"":""0""},{""@Name"":""LogFileFullReasonBucket12"",""#text"":""0""},{""@Name"":""LogFileFullReasonBucket13"",""#text"":""0""},{""@Name"":""LogFileFullReasonBucket14"",""#text"":""0""},{""@Name"":""LogFileFullReasonBucket15"",""#text"":""0""},{""@Name"":""DiskResourceFailure"",""#text"":""0""},{""@Name"":""VolumeTrimCount"",""#text"":""0""},{""@Name"":""VolumeTrimTime"",""#text"":""0""},{""@Name"":""VolumeTrimSize"",""#text"":""0""},{""@Name"":""AvgVolumeTrimTime"",""#text"":""0""},{""@Name"":""AvgVolumeTrimSize"",""#text"":""0""},{""@Name"":""VolumeTrimSkippedCount"",""#text"":""0""},{""@Name"":""VolumeTrimSkippedSize"",""#text"":""0""},{""@Name"":""FileLevelTrimCount"",""#text"":""0""},{""@Name"":""FileLevelTrimTime"",""#text"":""0""},{""@Name"":""FileLevelTrimSize"",""#text"":""0""},{""@Name"":""AvgFileLevelTrimTime"",""#text"":""0""},{""@Name"":""AvgFileLevelTrimSize"",""#text"":""0""},{""@Name"":""NtfsFillStatInfoFromMftRecordCalledCount"",""#text"":""0""},{""@Name"":""NtfsFillStatInfoFromMftRecordBailedBecauseOfAttributeListCount"",""#text"":""0""},{""@Name"":""NtfsFillStatInfoFromMftRecordBailedBecauseOfNonResReparsePointCount"",""#text"":""0""}]}}"
26,26,2023-03-07 19:48:39.2083403,9,Info,Microsoft-Windows-Ntfs,Microsoft-Windows-Ntfs/Operational,4,388,WIN-D7MHOC9OLC8,0,S-1-5-18,,,,,,,,,,,False,C:\Users\quentin\Documents\repo\writeups\CrownJewel-1\Artifacts\Microsoft-Windows-NTFS.evtx,0x4000000000200000,0,"{""EventData"":{""Data"":[{""@Name"":""VolumeCorrelationId"",""#text"":""17a28535-1e81-4f9f-8b4a-85bb7474b0c9""},{""@Name"":""VolumeIdLength"",""#text"":""2""},{""@Name"":""VolumeId"",""#text"":""C:""},{""@Name"":""VolumeLabelLength"",""#text"":""0""},{""@Name"":""VolumeLabel""},{""@Name"":""DeviceNameLength"",""#text"":""23""},{""@Name"":""DeviceName"",""#text"":""\\Device\\HarddiskVolume3""},{""@Name"":""DeviceGuid"",""#text"":""7b6f1752-bd95-6e22-e3a5-6ee8419ecad7""},{""@Name"":""VendorIdLength"",""#text"":""0""},{""@Name"":""VendorId""},{""@Name"":""ProductIdLength"",""#text"":""24""},{""@Name"":""ProductId"",""#text"":""VMware Virtual NVMe Disk""},{""@Name"":""ProductRevisionLength"",""#text"":""3""},{""@Name"":""ProductRevision"",""#text"":""1.0""},{""@Name"":""DeviceSerialNumberLength"",""#text"":""16""},{""@Name"":""DeviceSerialNumber"",""#text"":""VMWare NVME_0000""},{""@Name"":""BusType"",""#text"":""17""},{""@Name"":""AdapterSerialNumberLength"",""#text"":""16""},{""@Name"":""AdapterSerialNumber"",""#text"":""VMWare NVME_0000""},{""@Name"":""DurationUs"",""#text"":""9574""},{""@Name"":""InputFlags"",""#text"":""0xE""},{""@Name"":""Reason"",""#text"":""1""},{""@Name"":""Flags"",""#text"":""0x10""}]}}"
27,27,2023-03-07 19:48:39.2083452,4,Info,Microsoft-Windows-Ntfs,Microsoft-Windows-Ntfs/Operational,4,196,WIN-D7MHOC9OLC8,0,S-1-5-18,,,,,,,,,,,False,C:\Users\quentin\Documents\repo\writeups\CrownJewel-1\Artifacts\Microsoft-Windows-NTFS.evtx,0x4001000000000020,0,"{""EventData"":{""Data"":[{""@Name"":""VolumeCorrelationId"",""#text"":""17a28535-1e81-4f9f-8b4a-85bb7474b0c9""},{""@Name"":""VolumeIdLength"",""#text"":""2""},{""@Name"":""VolumeId"",""#text"":""C:""},{""@Name"":""VolumeLabelLength"",""#text"":""0""},{""@Name"":""VolumeLabel""},{""@Name"":""DeviceNameLength"",""#text"":""23""},{""@Name"":""DeviceName"",""#text"":""\\Device\\HarddiskVolume3""},{""@Name"":""DeviceGuid"",""#text"":""7b6f1752-bd95-6e22-e3a5-6ee8419ecad7""},{""@Name"":""VendorIdLength"",""#text"":""0""},{""@Name"":""VendorId""},{""@Name"":""ProductIdLength"",""#text"":""24""},{""@Name"":""ProductId"",""#text"":""VMware Virtual NVMe Disk""},{""@Name"":""ProductRevisionLength"",""#text"":""3""},{""@Name"":""ProductRevision"",""#text"":""1.0""},{""@Name"":""DeviceSerialNumberLength"",""#text"":""16""},{""@Name"":""DeviceSerialNumber"",""#text"":""VMWare NVME_0000""},{""@Name"":""BusType"",""#text"":""17""},{""@Name"":""AdapterSerialNumberLength"",""#text"":""16""},{""@Name"":""AdapterSerialNumber"",""#text"":""VMWare NVME_0000""},{""@Name"":""Vcb"",""#text"":""0xFFFF878CE77191B0""},{""@Name"":""MountDurationUs"",""#text"":""31010""},{""@Name"":""MountDuration"",""#text"":""31 ms""},{""@Name"":""LongestStage"",""#text"":""8""},{""@Name"":""LongestStageDuration"",""#text"":""15 ms""},{""@Name"":""LongestStagePercentage"",""#text"":""50""},{""@Name"":""SecondLongestStage"",""#text"":""1""},{""@Name"":""SecondLongestStageDuration"",""#text"":""15 ms""},{""@Name"":""SecondLongestStagePercentage"",""#text"":""50""},{""@Name"":""RestartApplied"",""#text"":""False""},{""@Name"":""IsBootVolume"",""#text"":""True""},{""@Name"":""Stage1DurationUs"",""#text"":""15502""},{""@Name"":""Stage2DurationUs"",""#text"":""0""},{""@Name"":""Stage3DurationUs"",""#text"":""0""},{""@Name"":""Stage4DurationUs"",""#text"":""0""},{""@Name"":""Stage5DurationUs"",""#text"":""0""},{""@Name"":""Stage6DurationUs"",""#text"":""0""},{""@Name"":""Stage7DurationUs"",""#text"":""0""},{""@Name"":""Stage8DurationUs"",""#text"":""15508""},{""@Name"":""Stage9DurationUs"",""#text"":""0""},{""@Name"":""Stage10DurationUs"",""#text"":""0""}]}}"
28,28,2023-03-07 19:48:39.2083514,10,Info,Microsoft-Windows-Ntfs,Microsoft-Windows-Ntfs/Operational,4,388,WIN-D7MHOC9OLC8,0,S-1-5-18,,,,,,,,,,,False,C:\Users\quentin\Documents\repo\writeups\CrownJewel-1\Artifacts\Microsoft-Windows-NTFS.evtx,0x4000000000200000,0,"{""EventData"":{""Data"":[{""@Name"":""VolumeCorrelationId"",""#text"":""17a28535-1e81-4f9f-8b4a-85bb7474b0c9""},{""@Name"":""VolumeId"",""#text"":""C:""},{""@Name"":""VolumeLabel""},{""@Name"":""DeviceName"",""#text"":""\\Device\\HarddiskVolume3""},{""@Name"":""DeviceGuid"",""#text"":""7b6f1752-bd95-6e22-e3a5-6ee8419ecad7""},{""@Name"":""VendorId""},{""@Name"":""ProductId"",""#text"":""VMware Virtual NVMe Disk""},{""@Name"":""ProductRevision"",""#text"":""1.0""},{""@Name"":""DeviceSerialNumber"",""#text"":""VMWare NVME_0000""},{""@Name"":""BusType"",""#text"":""17""},{""@Name"":""AdapterSerialNumber"",""#text"":""VMWare NVME_0000""},{""@Name"":""MediaType"",""#text"":""1""},{""@Name"":""RunsCached"",""#text"":""239""},{""@Name"":""LongestRunCached"",""#text"":""94942334976""},{""@Name"":""LongestRunCachedStr"",""#text"":""88.43 GB""},{""@Name"":""MostPopulatedBinCount"",""#text"":""32""},{""@Name"":""MostPopulatedBinMinLength"",""#text"":""65536""},{""@Name"":""MostPopulatedBinMinLengthStr"",""#text"":""64 KB""},{""@Name"":""MostPopulatedBinMaxLength"",""#text"":""65536""},{""@Name"":""MostPopulatedBinMaxLengthStr"",""#text"":""64 KB""},{""@Name"":""TotalCachedRuns"",""#text"":""1""},{""@Name"":""CachedRunsLogged"",""#text"":""1""},{""@Name"":""CachedRunsAlignment"",""#text"":""1""},{""@Name"":""RunsInCachedRuns"",""#text"":""239""},{""@Name"":""LongestRunInCachedRuns"",""#text"":""94942334976""},{""@Name"":""MostPopulatedBinCountInCachedRuns"",""#text"":""32""},{""@Name"":""MostPopulatedBinMinLengthInCachedRuns"",""#text"":""65536""},{""@Name"":""MostPopulatedBinMaxLengthInCachedRuns"",""#text"":""65536""}]}}"
29,29,2023-03-07 19:48:40.8266631,9,Info,Microsoft-Windows-Ntfs,Microsoft-Windows-Ntfs/Operational,4,196,WIN-D7MHOC9OLC8,0,S-1-5-18,,,,,,,,,,,False,C:\Users\quentin\Documents\repo\writeups\CrownJewel-1\Artifacts\Microsoft-Windows-NTFS.evtx,0x4000000000200000,0,"{""EventData"":{""Data"":[{""@Name"":""VolumeCorrelationId"",""#text"":""c526ee1b-ba64-405c-a85b-a486eddd36cb""},{""@Name"":""VolumeIdLength"",""#text"":""48""},{""@Name"":""VolumeId"",""#text"":""\\\\?\\Volume{c526ee1b-ba64-405c-a85b-a486eddd36cb}""},{""@Name"":""VolumeLabelLength"",""#text"":""0""},{""@Name"":""VolumeLabel""},{""@Name"":""DeviceNameLength"",""#text"":""23""},{""@Name"":""DeviceName"",""#text"":""\\Device\\HarddiskVolume4""},{""@Name"":""DeviceGuid"",""#text"":""7b6f1752-bd95-6e22-e3a5-6ee8419ecad7""},{""@Name"":""VendorIdLength"",""#text"":""0""},{""@Name"":""VendorId""},{""@Name"":""ProductIdLength"",""#text"":""24""},{""@Name"":""ProductId"",""#text"":""VMware Virtual NVMe Disk""},{""@Name"":""ProductRevisionLength"",""#text"":""3""},{""@Name"":""ProductRevision"",""#text"":""1.0""},{""@Name"":""DeviceSerialNumberLength"",""#text"":""16""},{""@Name"":""DeviceSerialNumber"",""#text"":""VMWare NVME_0000""},{""@Name"":""BusType"",""#text"":""17""},{""@Name"":""AdapterSerialNumberLength"",""#text"":""16""},{""@Name"":""AdapterSerialNumber"",""#text"":""VMWare NVME_0000""},{""@Name"":""DurationUs"",""#text"":""171""},{""@Name"":""InputFlags"",""#text"":""0xE""},{""@Name"":""Reason"",""#text"":""1""},{""@Name"":""Flags"",""#text"":""0x10""}]}}"
30,30,2023-03-07 19:48:40.8266678,10,Info,Microsoft-Windows-Ntfs,Microsoft-Windows-Ntfs/Operational,4,196,WIN-D7MHOC9OLC8,0,S-1-5-18,,,,,,,,,,,False,C:\Users\quentin\Documents\repo\writeups\CrownJewel-1\Artifacts\Microsoft-Windows-NTFS.evtx,0x4000000000200000,0,"{""EventData"":{""Data"":[{""@Name"":""VolumeCorrelationId"",""#text"":""c526ee1b-ba64-405c-a85b-a486eddd36cb""},{""@Name"":""VolumeId"",""#text"":""\\\\?\\Volume{c526ee1b-ba64-405c-a85b-a486eddd36cb}""},{""@Name"":""VolumeLabel""},{""@Name"":""DeviceName"",""#text"":""\\Device\\HarddiskVolume4""},{""@Name"":""DeviceGuid"",""#text"":""7b6f1752-bd95-6e22-e3a5-6ee8419ecad7""},{""@Name"":""VendorId""},{""@Name"":""ProductId"",""#text"":""VMware Virtual NVMe Disk""},{""@Name"":""ProductRevision"",""#text"":""1.0""},{""@Name"":""DeviceSerialNumber"",""#text"":""VMWare NVME_0000""},{""@Name"":""BusType"",""#text"":""17""},{""@Name"":""AdapterSerialNumber"",""#text"":""VMWare NVME_0000""},{""@Name"":""MediaType"",""#text"":""1""},{""@Name"":""RunsCached"",""#text"":""2""},{""@Name"":""LongestRunCached"",""#text"":""25133056""},{""@Name"":""LongestRunCachedStr"",""#text"":""23.97 MB""},{""@Name"":""MostPopulatedBinCount"",""#text"":""1""},{""@Name"":""MostPopulatedBinMinLength"",""#text"":""0""},{""@Name"":""MostPopulatedBinMinLengthStr"",""#text"":""0 Bytes""},{""@Name"":""MostPopulatedBinMaxLength"",""#text"":""4096""},{""@Name"":""MostPopulatedBinMaxLengthStr"",""#text"":""4 KB""},{""@Name"":""TotalCachedRuns"",""#text"":""1""},{""@Name"":""CachedRunsLogged"",""#text"":""1""},{""@Name"":""CachedRunsAlignment"",""#text"":""1""},{""@Name"":""RunsInCachedRuns"",""#text"":""2""},{""@Name"":""LongestRunInCachedRuns"",""#text"":""25133056""},{""@Name"":""MostPopulatedBinCountInCachedRuns"",""#text"":""1""},{""@Name"":""MostPopulatedBinMinLengthInCachedRuns"",""#text"":""0""},{""@Name"":""MostPopulatedBinMaxLengthInCachedRuns"",""#text"":""4096""}]}}"
31,31,2023-03-07 19:48:40.8266765,4,Info,Microsoft-Windows-Ntfs,Microsoft-Windows-Ntfs/Operational,4,420,WIN-D7MHOC9OLC8,0,S-1-5-18,,,,,,,,,,,False,C:\Users\quentin\Documents\repo\writeups\CrownJewel-1\Artifacts\Microsoft-Windows-NTFS.evtx,0x4001000000000020,0,"{""EventData"":{""Data"":[{""@Name"":""VolumeCorrelationId"",""#text"":""c526ee1b-ba64-405c-a85b-a486eddd36cb""},{""@Name"":""VolumeIdLength"",""#text"":""48""},{""@Name"":""VolumeId"",""#text"":""\\\\?\\Volume{c526ee1b-ba64-405c-a85b-a486eddd36cb}""},{""@Name"":""VolumeLabelLength"",""#text"":""0""},{""@Name"":""VolumeLabel""},{""@Name"":""DeviceNameLength"",""#text"":""23""},{""@Name"":""DeviceName"",""#text"":""\\Device\\HarddiskVolume4""},{""@Name"":""DeviceGuid"",""#text"":""7b6f1752-bd95-6e22-e3a5-6ee8419ecad7""},{""@Name"":""VendorIdLength"",""#text"":""0""},{""@Name"":""VendorId""},{""@Name"":""ProductIdLength"",""#text"":""24""},{""@Name"":""ProductId"",""#text"":""VMware Virtual NVMe Disk""},{""@Name"":""ProductRevisionLength"",""#text"":""3""},{""@Name"":""ProductRevision"",""#text"":""1.0""},{""@Name"":""DeviceSerialNumberLength"",""#text"":""16""},{""@Name"":""DeviceSerialNumber"",""#text"":""VMWare NVME_0000""},{""@Name"":""BusType"",""#text"":""17""},{""@Name"":""AdapterSerialNumberLength"",""#text"":""16""},{""@Name"":""AdapterSerialNumber"",""#text"":""VMWare NVME_0000""},{""@Name"":""Vcb"",""#text"":""0xFFFF878CE7F5A1B0""},{""@Name"":""MountDurationUs"",""#text"":""0""},{""@Name"":""MountDuration"",""#text"":""0 us""},{""@Name"":""LongestStage"",""#text"":""0""},{""@Name"":""LongestStageDuration"",""#text"":""0 us""},{""@Name"":""LongestStagePercentage"",""#text"":""0""},{""@Name"":""SecondLongestStage"",""#text"":""0""},{""@Name"":""SecondLongestStageDuration"",""#text"":""0 us""},{""@Name"":""SecondLongestStagePercentage"",""#text"":""0""},{""@Name"":""RestartApplied"",""#text"":""False""},{""@Name"":""IsBootVolume"",""#text"":""False""},{""@Name"":""Stage1DurationUs"",""#text"":""0""},{""@Name"":""Stage2DurationUs"",""#text"":""0""},{""@Name"":""Stage3DurationUs"",""#text"":""0""},{""@Name"":""Stage4DurationUs"",""#text"":""0""},{""@Name"":""Stage5DurationUs"",""#text"":""0""},{""@Name"":""Stage6DurationUs"",""#text"":""0""},{""@Name"":""Stage7DurationUs"",""#text"":""0""},{""@Name"":""Stage8DurationUs"",""#text"":""0""},{""@Name"":""Stage9DurationUs"",""#text"":""0""},{""@Name"":""Stage10DurationUs"",""#text"":""0""}]}}"
32,32,2023-03-07 19:48:44.8582948,142,Info,Microsoft-Windows-Ntfs,Microsoft-Windows-Ntfs/Operational,4,388,WIN-D7MHOC9OLC8,0,S-1-5-18,NTFS-formatted drive attached,,,VolumeName: C:,IsBootVolume: True,"LowestFreeSpaceInBytes: ","HighestFreeSpaceInBytes: ",,,,False,C:\Users\quentin\Documents\repo\writeups\CrownJewel-1\Artifacts\Microsoft-Windows-NTFS.evtx,0x4000000000200000,0,"{""EventData"":{""Data"":[{""@Name"":""VolumeGuid"",""#text"":""17a28535-1e81-4f9f-8b4a-85bb7474b0c9""},{""@Name"":""VolumeNameLength"",""#text"":""2""},{""@Name"":""VolumeName"",""#text"":""C:""},{""@Name"":""IsBootVolume"",""#text"":""True""},{""@Name"":""ElapsedSeconds"",""#text"":""0""},{""@Name"":""AvailabeSpaceMinStr"",""#text"":""88.82 GB""},{""@Name"":""AvailabeSpaceMaxStr"",""#text"":""88.94 GB""},{""@Name"":""AvailabeSpaceDeltaStr"",""#text"":""115.80 MB""},{""@Name"":""AvailableClustersMin"",""#text"":""23283473""},{""@Name"":""AvailableClustersMax"",""#text"":""23313116""},{""@Name"":""UnallocatedClustersMin"",""#text"":""23296078""},{""@Name"":""UnallocatedClustersMax"",""#text"":""23313116""},{""@Name"":""ReservedClustersMin"",""#text"":""11536""},{""@Name"":""ReservedClustersMax"",""#text"":""11536""},{""@Name"":""TxfAbortReservedClustersMin"",""#text"":""1024""},{""@Name"":""TxfAbortReservedClustersMax"",""#text"":""1024""},{""@Name"":""PageFileSizeInBytes"",""#text"":""1811939328""},{""@Name"":""PageFileSizeStr"",""#text"":""1.69 GB""},{""@Name"":""VolumeSizeInBytes"",""#text"":""106699943936""},{""@Name"":""VolumeSizeStr"",""#text"":""99.38 GB""},{""@Name"":""ClusterSize"",""#text"":""4096""},{""@Name"":""CachedRunsMissCountForMft"",""#text"":""0""},{""@Name"":""CachedRunsMissCountForMftZone"",""#text"":""2""},{""@Name"":""CachedRunsMissCount"",""#text"":""0""}]}}"
33,33,2023-03-07 19:48:44.8589346,142,Info,Microsoft-Windows-Ntfs,Microsoft-Windows-Ntfs/Operational,4,388,WIN-D7MHOC9OLC8,0,S-1-5-18,NTFS-formatted drive attached,,,VolumeName: \\?\Volume{c526ee1b-ba64-405c-a85b-a486eddd36cb},IsBootVolume: False,"LowestFreeSpaceInBytes: ","HighestFreeSpaceInBytes: ",,,,False,C:\Users\quentin\Documents\repo\writeups\CrownJewel-1\Artifacts\Microsoft-Windows-NTFS.evtx,0x4000000000200000,0,"{""EventData"":{""Data"":[{""@Name"":""VolumeGuid"",""#text"":""c526ee1b-ba64-405c-a85b-a486eddd36cb""},{""@Name"":""VolumeNameLength"",""#text"":""48""},{""@Name"":""VolumeName"",""#text"":""\\\\?\\Volume{c526ee1b-ba64-405c-a85b-a486eddd36cb}""},{""@Name"":""IsBootVolume"",""#text"":""False""},{""@Name"":""ElapsedSeconds"",""#text"":""0""},{""@Name"":""AvailabeSpaceMinStr"",""#text"":""85.31 MB""},{""@Name"":""AvailabeSpaceMaxStr"",""#text"":""89.31 MB""},{""@Name"":""AvailabeSpaceDeltaStr"",""#text"":""4 MB""},{""@Name"":""AvailableClustersMin"",""#text"":""21839""},{""@Name"":""AvailableClustersMax"",""#text"":""22863""},{""@Name"":""UnallocatedClustersMin"",""#text"":""22863""},{""@Name"":""UnallocatedClustersMax"",""#text"":""22863""},{""@Name"":""ReservedClustersMin"",""#text"":""0""},{""@Name"":""ReservedClustersMax"",""#text"":""0""},{""@Name"":""TxfAbortReservedClustersMin"",""#text"":""1024""},{""@Name"":""TxfAbortReservedClustersMax"",""#text"":""1024""},{""@Name"":""PageFileSizeInBytes"",""#text"":""0""},{""@Name"":""PageFileSizeStr"",""#text"":""0 Bytes""},{""@Name"":""VolumeSizeInBytes"",""#text"":""549449728""},{""@Name"":""VolumeSizeStr"",""#text"":""524 MB""},{""@Name"":""ClusterSize"",""#text"":""4096""},{""@Name"":""CachedRunsMissCountForMft"",""#text"":""0""},{""@Name"":""CachedRunsMissCountForMftZone"",""#text"":""0""},{""@Name"":""CachedRunsMissCount"",""#text"":""0""}]}}"
34,34,2023-03-08 07:54:47.0911362,9,Info,Microsoft-Windows-Ntfs,Microsoft-Windows-Ntfs/Operational,4,392,WIN-D7MHOC9OLC8,0,S-1-5-18,,,,,,,,,,,False,C:\Users\quentin\Documents\repo\writeups\CrownJewel-1\Artifacts\Microsoft-Windows-NTFS.evtx,0x4000000000200000,0,"{""EventData"":{""Data"":[{""@Name"":""VolumeCorrelationId"",""#text"":""17a28535-1e81-4f9f-8b4a-85bb7474b0c9""},{""@Name"":""VolumeIdLength"",""#text"":""2""},{""@Name"":""VolumeId"",""#text"":""C:""},{""@Name"":""VolumeLabelLength"",""#text"":""0""},{""@Name"":""VolumeLabel""},{""@Name"":""DeviceNameLength"",""#text"":""23""},{""@Name"":""DeviceName"",""#text"":""\\Device\\HarddiskVolume3""},{""@Name"":""DeviceGuid"",""#text"":""7b6f1752-bd95-6e22-e3a5-6ee8419ecad7""},{""@Name"":""VendorIdLength"",""#text"":""0""},{""@Name"":""VendorId""},{""@Name"":""ProductIdLength"",""#text"":""24""},{""@Name"":""ProductId"",""#text"":""VMware Virtual NVMe Disk""},{""@Name"":""ProductRevisionLength"",""#text"":""3""},{""@Name"":""ProductRevision"",""#text"":""1.0""},{""@Name"":""DeviceSerialNumberLength"",""#text"":""16""},{""@Name"":""DeviceSerialNumber"",""#text"":""VMWare NVME_0000""},{""@Name"":""BusType"",""#text"":""17""},{""@Name"":""AdapterSerialNumberLength"",""#text"":""16""},{""@Name"":""AdapterSerialNumber"",""#text"":""VMWare NVME_0000""},{""@Name"":""DurationUs"",""#text"":""12175""},{""@Name"":""InputFlags"",""#text"":""0xE""},{""@Name"":""Reason"",""#text"":""1""},{""@Name"":""Flags"",""#text"":""0x10""}]}}"
35,35,2023-03-08 07:54:47.0911475,10,Info,Microsoft-Windows-Ntfs,Microsoft-Windows-Ntfs/Operational,4,392,WIN-D7MHOC9OLC8,0,S-1-5-18,,,,,,,,,,,False,C:\Users\quentin\Documents\repo\writeups\CrownJewel-1\Artifacts\Microsoft-Windows-NTFS.evtx,0x4000000000200000,0,"{""EventData"":{""Data"":[{""@Name"":""VolumeCorrelationId"",""#text"":""17a28535-1e81-4f9f-8b4a-85bb7474b0c9""},{""@Name"":""VolumeId"",""#text"":""C:""},{""@Name"":""VolumeLabel""},{""@Name"":""DeviceName"",""#text"":""\\Device\\HarddiskVolume3""},{""@Name"":""DeviceGuid"",""#text"":""7b6f1752-bd95-6e22-e3a5-6ee8419ecad7""},{""@Name"":""VendorId""},{""@Name"":""ProductId"",""#text"":""VMware Virtual NVMe Disk""},{""@Name"":""ProductRevision"",""#text"":""1.0""},{""@Name"":""DeviceSerialNumber"",""#text"":""VMWare NVME_0000""},{""@Name"":""BusType"",""#text"":""17""},{""@Name"":""AdapterSerialNumber"",""#text"":""VMWare NVME_0000""},{""@Name"":""MediaType"",""#text"":""1""},{""@Name"":""RunsCached"",""#text"":""109""},{""@Name"":""LongestRunCached"",""#text"":""94942334976""},{""@Name"":""LongestRunCachedStr"",""#text"":""88.43 GB""},{""@Name"":""MostPopulatedBinCount"",""#text"":""10""},{""@Name"":""MostPopulatedBinMinLength"",""#text"":""0""},{""@Name"":""MostPopulatedBinMinLengthStr"",""#text"":""0 Bytes""},{""@Name"":""MostPopulatedBinMaxLength"",""#text"":""4096""},{""@Name"":""MostPopulatedBinMaxLengthStr"",""#text"":""4 KB""},{""@Name"":""TotalCachedRuns"",""#text"":""1""},{""@Name"":""CachedRunsLogged"",""#text"":""1""},{""@Name"":""CachedRunsAlignment"",""#text"":""1""},{""@Name"":""RunsInCachedRuns"",""#text"":""109""},{""@Name"":""LongestRunInCachedRuns"",""#text"":""94942334976""},{""@Name"":""MostPopulatedBinCountInCachedRuns"",""#text"":""10""},{""@Name"":""MostPopulatedBinMinLengthInCachedRuns"",""#text"":""0""},{""@Name"":""MostPopulatedBinMaxLengthInCachedRuns"",""#text"":""4096""}]}}"
36,36,2023-03-08 07:54:47.0911747,4,Info,Microsoft-Windows-Ntfs,Microsoft-Windows-Ntfs/Operational,4,292,WIN-D7MHOC9OLC8,0,S-1-5-18,,,,,,,,,,,False,C:\Users\quentin\Documents\repo\writeups\CrownJewel-1\Artifacts\Microsoft-Windows-NTFS.evtx,0x4001000000000020,0,"{""EventData"":{""Data"":[{""@Name"":""VolumeCorrelationId"",""#text"":""17a28535-1e81-4f9f-8b4a-85bb7474b0c9""},{""@Name"":""VolumeIdLength"",""#text"":""2""},{""@Name"":""VolumeId"",""#text"":""C:""},{""@Name"":""VolumeLabelLength"",""#text"":""0""},{""@Name"":""VolumeLabel""},{""@Name"":""DeviceNameLength"",""#text"":""23""},{""@Name"":""DeviceName"",""#text"":""\\Device\\HarddiskVolume3""},{""@Name"":""DeviceGuid"",""#text"":""7b6f1752-bd95-6e22-e3a5-6ee8419ecad7""},{""@Name"":""VendorIdLength"",""#text"":""0""},{""@Name"":""VendorId""},{""@Name"":""ProductIdLength"",""#text"":""24""},{""@Name"":""ProductId"",""#text"":""VMware Virtual NVMe Disk""},{""@Name"":""ProductRevisionLength"",""#text"":""3""},{""@Name"":""ProductRevision"",""#text"":""1.0""},{""@Name"":""DeviceSerialNumberLength"",""#text"":""16""},{""@Name"":""DeviceSerialNumber"",""#text"":""VMWare NVME_0000""},{""@Name"":""BusType"",""#text"":""17""},{""@Name"":""AdapterSerialNumberLength"",""#text"":""16""},{""@Name"":""AdapterSerialNumber"",""#text"":""VMWare NVME_0000""},{""@Name"":""Vcb"",""#text"":""0xFFFFC78E11CBF1B0""},{""@Name"":""MountDurationUs"",""#text"":""78003""},{""@Name"":""MountDuration"",""#text"":""78 ms""},{""@Name"":""LongestStage"",""#text"":""8""},{""@Name"":""LongestStageDuration"",""#text"":""30 ms""},{""@Name"":""LongestStagePercentage"",""#text"":""40""},{""@Name"":""SecondLongestStage"",""#text"":""7""},{""@Name"":""SecondLongestStageDuration"",""#text"":""16 ms""},{""@Name"":""SecondLongestStagePercentage"",""#text"":""21""},{""@Name"":""RestartApplied"",""#text"":""True""},{""@Name"":""IsBootVolume"",""#text"":""True""},{""@Name"":""Stage1DurationUs"",""#text"":""15503""},{""@Name"":""Stage2DurationUs"",""#text"":""0""},{""@Name"":""Stage3DurationUs"",""#text"":""0""},{""@Name"":""Stage4DurationUs"",""#text"":""15504""},{""@Name"":""Stage5DurationUs"",""#text"":""0""},{""@Name"":""Stage6DurationUs"",""#text"":""0""},{""@Name"":""Stage7DurationUs"",""#text"":""16006""},{""@Name"":""Stage8DurationUs"",""#text"":""30989""},{""@Name"":""Stage9DurationUs"",""#text"":""0""},{""@Name"":""Stage10DurationUs"",""#text"":""0""}]}}"
37,37,2023-03-08 07:54:49.3802017,9,Info,Microsoft-Windows-Ntfs,Microsoft-Windows-Ntfs/Operational,4,176,WIN-D7MHOC9OLC8,0,S-1-5-18,,,,,,,,,,,False,C:\Users\quentin\Documents\repo\writeups\CrownJewel-1\Artifacts\Microsoft-Windows-NTFS.evtx,0x4000000000200000,0,"{""EventData"":{""Data"":[{""@Name"":""VolumeCorrelationId"",""#text"":""c526ee1b-ba64-405c-a85b-a486eddd36cb""},{""@Name"":""VolumeIdLength"",""#text"":""48""},{""@Name"":""VolumeId"",""#text"":""\\\\?\\Volume{c526ee1b-ba64-405c-a85b-a486eddd36cb}""},{""@Name"":""VolumeLabelLength"",""#text"":""0""},{""@Name"":""VolumeLabel""},{""@Name"":""DeviceNameLength"",""#text"":""23""},{""@Name"":""DeviceName"",""#text"":""\\Device\\HarddiskVolume4""},{""@Name"":""DeviceGuid"",""#text"":""7b6f1752-bd95-6e22-e3a5-6ee8419ecad7""},{""@Name"":""VendorIdLength"",""#text"":""0""},{""@Name"":""VendorId""},{""@Name"":""ProductIdLength"",""#text"":""24""},{""@Name"":""ProductId"",""#text"":""VMware Virtual NVMe Disk""},{""@Name"":""ProductRevisionLength"",""#text"":""3""},{""@Name"":""ProductRevision"",""#text"":""1.0""},{""@Name"":""DeviceSerialNumberLength"",""#text"":""16""},{""@Name"":""DeviceSerialNumber"",""#text"":""VMWare NVME_0000""},{""@Name"":""BusType"",""#text"":""17""},{""@Name"":""AdapterSerialNumberLength"",""#text"":""16""},{""@Name"":""AdapterSerialNumber"",""#text"":""VMWare NVME_0000""},{""@Name"":""DurationUs"",""#text"":""366""},{""@Name"":""InputFlags"",""#text"":""0xE""},{""@Name"":""Reason"",""#text"":""1""},{""@Name"":""Flags"",""#text"":""0x10""}]}}"
38,38,2023-03-08 07:54:49.3802068,10,Info,Microsoft-Windows-Ntfs,Microsoft-Windows-Ntfs/Operational,4,176,WIN-D7MHOC9OLC8,0,S-1-5-18,,,,,,,,,,,False,C:\Users\quentin\Documents\repo\writeups\CrownJewel-1\Artifacts\Microsoft-Windows-NTFS.evtx,0x4000000000200000,0,"{""EventData"":{""Data"":[{""@Name"":""VolumeCorrelationId"",""#text"":""c526ee1b-ba64-405c-a85b-a486eddd36cb""},{""@Name"":""VolumeId"",""#text"":""\\\\?\\Volume{c526ee1b-ba64-405c-a85b-a486eddd36cb}""},{""@Name"":""VolumeLabel""},{""@Name"":""DeviceName"",""#text"":""\\Device\\HarddiskVolume4""},{""@Name"":""DeviceGuid"",""#text"":""7b6f1752-bd95-6e22-e3a5-6ee8419ecad7""},{""@Name"":""VendorId""},{""@Name"":""ProductId"",""#text"":""VMware Virtual NVMe Disk""},{""@Name"":""ProductRevision"",""#text"":""1.0""},{""@Name"":""DeviceSerialNumber"",""#text"":""VMWare NVME_0000""},{""@Name"":""BusType"",""#text"":""17""},{""@Name"":""AdapterSerialNumber"",""#text"":""VMWare NVME_0000""},{""@Name"":""MediaType"",""#text"":""1""},{""@Name"":""RunsCached"",""#text"":""2""},{""@Name"":""LongestRunCached"",""#text"":""25133056""},{""@Name"":""LongestRunCachedStr"",""#text"":""23.97 MB""},{""@Name"":""MostPopulatedBinCount"",""#text"":""1""},{""@Name"":""MostPopulatedBinMinLength"",""#text"":""0""},{""@Name"":""MostPopulatedBinMinLengthStr"",""#text"":""0 Bytes""},{""@Name"":""MostPopulatedBinMaxLength"",""#text"":""4096""},{""@Name"":""MostPopulatedBinMaxLengthStr"",""#text"":""4 KB""},{""@Name"":""TotalCachedRuns"",""#text"":""1""},{""@Name"":""CachedRunsLogged"",""#text"":""1""},{""@Name"":""CachedRunsAlignment"",""#text"":""1""},{""@Name"":""RunsInCachedRuns"",""#text"":""2""},{""@Name"":""LongestRunInCachedRuns"",""#text"":""25133056""},{""@Name"":""MostPopulatedBinCountInCachedRuns"",""#text"":""1""},{""@Name"":""MostPopulatedBinMinLengthInCachedRuns"",""#text"":""0""},{""@Name"":""MostPopulatedBinMaxLengthInCachedRuns"",""#text"":""4096""}]}}"
39,39,2023-03-08 07:54:49.3802097,4,Info,Microsoft-Windows-Ntfs,Microsoft-Windows-Ntfs/Operational,4,292,WIN-D7MHOC9OLC8,0,S-1-5-18,,,,,,,,,,,False,C:\Users\quentin\Documents\repo\writeups\CrownJewel-1\Artifacts\Microsoft-Windows-NTFS.evtx,0x4001000000000020,0,"{""EventData"":{""Data"":[{""@Name"":""VolumeCorrelationId"",""#text"":""c526ee1b-ba64-405c-a85b-a486eddd36cb""},{""@Name"":""VolumeIdLength"",""#text"":""48""},{""@Name"":""VolumeId"",""#text"":""\\\\?\\Volume{c526ee1b-ba64-405c-a85b-a486eddd36cb}""},{""@Name"":""VolumeLabelLength"",""#text"":""0""},{""@Name"":""VolumeLabel""},{""@Name"":""DeviceNameLength"",""#text"":""23""},{""@Name"":""DeviceName"",""#text"":""\\Device\\HarddiskVolume4""},{""@Name"":""DeviceGuid"",""#text"":""7b6f1752-bd95-6e22-e3a5-6ee8419ecad7""},{""@Name"":""VendorIdLength"",""#text"":""0""},{""@Name"":""VendorId""},{""@Name"":""ProductIdLength"",""#text"":""24""},{""@Name"":""ProductId"",""#text"":""VMware Virtual NVMe Disk""},{""@Name"":""ProductRevisionLength"",""#text"":""3""},{""@Name"":""ProductRevision"",""#text"":""1.0""},{""@Name"":""DeviceSerialNumberLength"",""#text"":""16""},{""@Name"":""DeviceSerialNumber"",""#text"":""VMWare NVME_0000""},{""@Name"":""BusType"",""#text"":""17""},{""@Name"":""AdapterSerialNumberLength"",""#text"":""16""},{""@Name"":""AdapterSerialNumber"",""#text"":""VMWare NVME_0000""},{""@Name"":""Vcb"",""#text"":""0xFFFFC78E135681B0""},{""@Name"":""MountDurationUs"",""#text"":""0""},{""@Name"":""MountDuration"",""#text"":""0 us""},{""@Name"":""LongestStage"",""#text"":""0""},{""@Name"":""LongestStageDuration"",""#text"":""0 us""},{""@Name"":""LongestStagePercentage"",""#text"":""0""},{""@Name"":""SecondLongestStage"",""#text"":""0""},{""@Name"":""SecondLongestStageDuration"",""#text"":""0 us""},{""@Name"":""SecondLongestStagePercentage"",""#text"":""0""},{""@Name"":""RestartApplied"",""#text"":""True""},{""@Name"":""IsBootVolume"",""#text"":""False""},{""@Name"":""Stage1DurationUs"",""#text"":""0""},{""@Name"":""Stage2DurationUs"",""#text"":""0""},{""@Name"":""Stage3DurationUs"",""#text"":""0""},{""@Name"":""Stage4DurationUs"",""#text"":""0""},{""@Name"":""Stage5DurationUs"",""#text"":""0""},{""@Name"":""Stage6DurationUs"",""#text"":""0""},{""@Name"":""Stage7DurationUs"",""#text"":""0""},{""@Name"":""Stage8DurationUs"",""#text"":""0""},{""@Name"":""Stage9DurationUs"",""#text"":""0""},{""@Name"":""Stage10DurationUs"",""#text"":""0""}]}}"
40,40,2023-03-08 07:54:52.6992495,142,Info,Microsoft-Windows-Ntfs,Microsoft-Windows-Ntfs/Operational,4,3460,WIN-D7MHOC9OLC8,0,S-1-5-18,NTFS-formatted drive attached,,,VolumeName: C:,IsBootVolume: True,"LowestFreeSpaceInBytes: ","HighestFreeSpaceInBytes: ",,,,False,C:\Users\quentin\Documents\repo\writeups\CrownJewel-1\Artifacts\Microsoft-Windows-NTFS.evtx,0x4000000000200000,0,"{""EventData"":{""Data"":[{""@Name"":""VolumeGuid"",""#text"":""17a28535-1e81-4f9f-8b4a-85bb7474b0c9""},{""@Name"":""VolumeNameLength"",""#text"":""2""},{""@Name"":""VolumeName"",""#text"":""C:""},{""@Name"":""IsBootVolume"",""#text"":""True""},{""@Name"":""ElapsedSeconds"",""#text"":""0""},{""@Name"":""AvailabeSpaceMinStr"",""#text"":""88.84 GB""},{""@Name"":""AvailabeSpaceMaxStr"",""#text"":""88.90 GB""},{""@Name"":""AvailabeSpaceDeltaStr"",""#text"":""63.77 MB""},{""@Name"":""AvailableClustersMin"",""#text"":""23288080""},{""@Name"":""AvailableClustersMax"",""#text"":""23304404""},{""@Name"":""UnallocatedClustersMin"",""#text"":""23300556""},{""@Name"":""UnallocatedClustersMax"",""#text"":""23314922""},{""@Name"":""ReservedClustersMin"",""#text"":""11408""},{""@Name"":""ReservedClustersMax"",""#text"":""11408""},{""@Name"":""TxfAbortReservedClustersMin"",""#text"":""1024""},{""@Name"":""TxfAbortReservedClustersMax"",""#text"":""1024""},{""@Name"":""PageFileSizeInBytes"",""#text"":""1811939328""},{""@Name"":""PageFileSizeStr"",""#text"":""1.69 GB""},{""@Name"":""VolumeSizeInBytes"",""#text"":""106699943936""},{""@Name"":""VolumeSizeStr"",""#text"":""99.38 GB""},{""@Name"":""ClusterSize"",""#text"":""4096""},{""@Name"":""CachedRunsMissCountForMft"",""#text"":""0""},{""@Name"":""CachedRunsMissCountForMftZone"",""#text"":""2""},{""@Name"":""CachedRunsMissCount"",""#text"":""0""}]}}"
41,41,2023-03-08 07:54:52.7002440,142,Info,Microsoft-Windows-Ntfs,Microsoft-Windows-Ntfs/Operational,4,3460,WIN-D7MHOC9OLC8,0,S-1-5-18,NTFS-formatted drive attached,,,VolumeName: \\?\Volume{c526ee1b-ba64-405c-a85b-a486eddd36cb},IsBootVolume: False,"LowestFreeSpaceInBytes: ","HighestFreeSpaceInBytes: ",,,,False,C:\Users\quentin\Documents\repo\writeups\CrownJewel-1\Artifacts\Microsoft-Windows-NTFS.evtx,0x4000000000200000,0,"{""EventData"":{""Data"":[{""@Name"":""VolumeGuid"",""#text"":""c526ee1b-ba64-405c-a85b-a486eddd36cb""},{""@Name"":""VolumeNameLength"",""#text"":""48""},{""@Name"":""VolumeName"",""#text"":""\\\\?\\Volume{c526ee1b-ba64-405c-a85b-a486eddd36cb}""},{""@Name"":""IsBootVolume"",""#text"":""False""},{""@Name"":""ElapsedSeconds"",""#text"":""0""},{""@Name"":""AvailabeSpaceMinStr"",""#text"":""85.31 MB""},{""@Name"":""AvailabeSpaceMaxStr"",""#text"":""89.31 MB""},{""@Name"":""AvailabeSpaceDeltaStr"",""#text"":""4 MB""},{""@Name"":""AvailableClustersMin"",""#text"":""21839""},{""@Name"":""AvailableClustersMax"",""#text"":""22863""},{""@Name"":""UnallocatedClustersMin"",""#text"":""22863""},{""@Name"":""UnallocatedClustersMax"",""#text"":""22863""},{""@Name"":""ReservedClustersMin"",""#text"":""0""},{""@Name"":""ReservedClustersMax"",""#text"":""0""},{""@Name"":""TxfAbortReservedClustersMin"",""#text"":""1024""},{""@Name"":""TxfAbortReservedClustersMax"",""#text"":""1024""},{""@Name"":""PageFileSizeInBytes"",""#text"":""0""},{""@Name"":""PageFileSizeStr"",""#text"":""0 Bytes""},{""@Name"":""VolumeSizeInBytes"",""#text"":""549449728""},{""@Name"":""VolumeSizeStr"",""#text"":""524 MB""},{""@Name"":""ClusterSize"",""#text"":""4096""},{""@Name"":""CachedRunsMissCountForMft"",""#text"":""0""},{""@Name"":""CachedRunsMissCountForMftZone"",""#text"":""0""},{""@Name"":""CachedRunsMissCount"",""#text"":""0""}]}}"
42,42,2023-03-08 08:09:47.8597845,158,Info,Microsoft-Windows-Ntfs,Microsoft-Windows-Ntfs/Operational,4,184,WIN-D7MHOC9OLC8,0,S-1-5-18,,,,,,,,,,,False,C:\Users\quentin\Documents\repo\writeups\CrownJewel-1\Artifacts\Microsoft-Windows-NTFS.evtx,0x4000000000200000,0,"{""EventData"":{""Data"":[{""@Name"":""VolumeCorrelationId"",""#text"":""17a28535-1e81-4f9f-8b4a-85bb7474b0c9""},{""@Name"":""VolumeNameLength"",""#text"":""2""},{""@Name"":""VolumeName"",""#text"":""C:""},{""@Name"":""UserFileReads"",""#text"":""49787""},{""@Name"":""UserFileReadBytes"",""#text"":""1877563392""},{""@Name"":""UserDiskReads"",""#text"":""49385""},{""@Name"":""UserFileWrites"",""#text"":""32141""},{""@Name"":""UserFileWriteBytes"",""#text"":""1993039872""},{""@Name"":""UserDiskWrites"",""#text"":""32920""},{""@Name"":""MetaDataReads"",""#text"":""6312""},{""@Name"":""MetaDataReadBytes"",""#text"":""117485568""},{""@Name"":""MetaDataDiskReads"",""#text"":""7204""},{""@Name"":""MetaDataWrites"",""#text"":""1379""},{""@Name"":""MetaDataWriteBytes"",""#text"":""13361152""},{""@Name"":""MetaDataDiskWrites"",""#text"":""1998""},{""@Name"":""MftReads"",""#text"":""5596""},{""@Name"":""MftReadBytes"",""#text"":""110747648""},{""@Name"":""MftWrites"",""#text"":""1104""},{""@Name"":""MftWriteBytes"",""#text"":""9371648""},{""@Name"":""Mft2Writes"",""#text"":""2""},{""@Name"":""Mft2WriteBytes"",""#text"":""8192""},{""@Name"":""RootIndexReads"",""#text"":""0""},{""@Name"":""RootIndexReadBytes"",""#text"":""0""},{""@Name"":""RootIndexWrites"",""#text"":""0""},{""@Name"":""RootIndexWriteBytes"",""#text"":""0""},{""@Name"":""BitmapReads"",""#text"":""4""},{""@Name"":""BitmapReadBytes"",""#text"":""3256320""},{""@Name"":""BitmapWrites"",""#text"":""160""},{""@Name"":""BitmapWriteBytes"",""#text"":""1064960""},{""@Name"":""MftBitmapReads"",""#text"":""1""},{""@Name"":""MftBitmapReadBytes"",""#text"":""20480""},{""@Name"":""MftBitmapWrites"",""#text"":""30""},{""@Name"":""MftBitmapWriteBytes"",""#text"":""131072""},{""@Name"":""UserIndexReads"",""#text"":""1511""},{""@Name"":""UserIndexReadBytes"",""#text"":""7434240""},{""@Name"":""UserIndexWrites"",""#text"":""514""},{""@Name"":""UserIndexWriteBytes"",""#text"":""3223552""},{""@Name"":""LogFileReads"",""#text"":""46""},{""@Name"":""LogFileReadBytes"",""#text"":""188416""},{""@Name"":""LogFileWrites"",""#text"":""3598""},{""@Name"":""LogFileWriteBytes"",""#text"":""57954304""},{""@Name"":""LogFileFull"",""#text"":""0""},{""@Name"":""LogFileFullReasonBucket1"",""#text"":""0""},{""@Name"":""LogFileFullReasonBucket2"",""#text"":""0""},{""@Name"":""LogFileFullReasonBucket3"",""#text"":""0""},{""@Name"":""LogFileFullReasonBucket4"",""#text"":""0""},{""@Name"":""LogFileFullReasonBucket5"",""#text"":""0""},{""@Name"":""LogFileFullReasonBucket6"",""#text"":""0""},{""@Name"":""LogFileFullReasonBucket7"",""#text"":""0""},{""@Name"":""LogFileFullReasonBucket8"",""#text"":""0""},{""@Name"":""LogFileFullReasonBucket9"",""#text"":""0""},{""@Name"":""LogFileFullReasonBucket10"",""#text"":""0""},{""@Name"":""LogFileFullReasonBucket11"",""#text"":""0""},{""@Name"":""LogFileFullReasonBucket12"",""#text"":""0""},{""@Name"":""LogFileFullReasonBucket13"",""#text"":""0""},{""@Name"":""LogFileFullReasonBucket14"",""#text"":""0""},{""@Name"":""LogFileFullReasonBucket15"",""#text"":""0""},{""@Name"":""DiskResourceFailure"",""#text"":""0""},{""@Name"":""VolumeTrimCount"",""#text"":""71""},{""@Name"":""VolumeTrimTime"",""#text"":""11""},{""@Name"":""VolumeTrimSize"",""#text"":""1154800""},{""@Name"":""AvgVolumeTrimTime"",""#text"":""0""},{""@Name"":""AvgVolumeTrimSize"",""#text"":""16264""},{""@Name"":""VolumeTrimSkippedCount"",""#text"":""0""},{""@Name"":""VolumeTrimSkippedSize"",""#text"":""0""},{""@Name"":""FileLevelTrimCount"",""#text"":""0""},{""@Name"":""FileLevelTrimTime"",""#text"":""0""},{""@Name"":""FileLevelTrimSize"",""#text"":""0""},{""@Name"":""AvgFileLevelTrimTime"",""#text"":""0""},{""@Name"":""AvgFileLevelTrimSize"",""#text"":""0""},{""@Name"":""NtfsFillStatInfoFromMftRecordCalledCount"",""#text"":""0""},{""@Name"":""NtfsFillStatInfoFromMftRecordBailedBecauseOfAttributeListCount"",""#text"":""0""},{""@Name"":""NtfsFillStatInfoFromMftRecordBailedBecauseOfNonResReparsePointCount"",""#text"":""0""}]}}"
43,43,2023-03-08 08:09:47.8636119,158,Info,Microsoft-Windows-Ntfs,Microsoft-Windows-Ntfs/Operational,4,184,WIN-D7MHOC9OLC8,0,S-1-5-18,,,,,,,,,,,False,C:\Users\quentin\Documents\repo\writeups\CrownJewel-1\Artifacts\Microsoft-Windows-NTFS.evtx,0x4000000000200000,0,"{""EventData"":{""Data"":[{""@Name"":""VolumeCorrelationId"",""#text"":""c526ee1b-ba64-405c-a85b-a486eddd36cb""},{""@Name"":""VolumeNameLength"",""#text"":""48""},{""@Name"":""VolumeName"",""#text"":""\\\\?\\Volume{c526ee1b-ba64-405c-a85b-a486eddd36cb}""},{""@Name"":""UserFileReads"",""#text"":""11""},{""@Name"":""UserFileReadBytes"",""#text"":""217088""},{""@Name"":""UserDiskReads"",""#text"":""11""},{""@Name"":""UserFileWrites"",""#text"":""0""},{""@Name"":""UserFileWriteBytes"",""#text"":""0""},{""@Name"":""UserDiskWrites"",""#text"":""0""},{""@Name"":""MetaDataReads"",""#text"":""14""},{""@Name"":""MetaDataReadBytes"",""#text"":""233472""},{""@Name"":""MetaDataDiskReads"",""#text"":""16""},{""@Name"":""MetaDataWrites"",""#text"":""1""},{""@Name"":""MetaDataWriteBytes"",""#text"":""8192""},{""@Name"":""MetaDataDiskWrites"",""#text"":""2""},{""@Name"":""MftReads"",""#text"":""7""},{""@Name"":""MftReadBytes"",""#text"":""57344""},{""@Name"":""MftWrites"",""#text"":""1""},{""@Name"":""MftWriteBytes"",""#text"":""8192""},{""@Name"":""Mft2Writes"",""#text"":""0""},{""@Name"":""Mft2WriteBytes"",""#text"":""0""},{""@Name"":""RootIndexReads"",""#text"":""0""},{""@Name"":""RootIndexReadBytes"",""#text"":""0""},{""@Name"":""RootIndexWrites"",""#text"":""0""},{""@Name"":""RootIndexWriteBytes"",""#text"":""0""},{""@Name"":""BitmapReads"",""#text"":""1""},{""@Name"":""BitmapReadBytes"",""#text"":""20480""},{""@Name"":""BitmapWrites"",""#text"":""0""},{""@Name"":""BitmapWriteBytes"",""#text"":""0""},{""@Name"":""MftBitmapReads"",""#text"":""1""},{""@Name"":""MftBitmapReadBytes"",""#text"":""8192""},{""@Name"":""MftBitmapWrites"",""#text"":""0""},{""@Name"":""MftBitmapWriteBytes"",""#text"":""0""},{""@Name"":""UserIndexReads"",""#text"":""1""},{""@Name"":""UserIndexReadBytes"",""#text"":""4096""},{""@Name"":""UserIndexWrites"",""#text"":""1""},{""@Name"":""UserIndexWriteBytes"",""#text"":""4096""},{""@Name"":""LogFileReads"",""#text"":""9""},{""@Name"":""LogFileReadBytes"",""#text"":""36864""},{""@Name"":""LogFileWrites"",""#text"":""19""},{""@Name"":""LogFileWriteBytes"",""#text"":""81920""},{""@Name"":""LogFileFull"",""#text"":""0""},{""@Name"":""LogFileFullReasonBucket1"",""#text"":""0""},{""@Name"":""LogFileFullReasonBucket2"",""#text"":""0""},{""@Name"":""LogFileFullReasonBucket3"",""#text"":""0""},{""@Name"":""LogFileFullReasonBucket4"",""#text"":""0""},{""@Name"":""LogFileFullReasonBucket5"",""#text"":""0""},{""@Name"":""LogFileFullReasonBucket6"",""#text"":""0""},{""@Name"":""LogFileFullReasonBucket7"",""#text"":""0""},{""@Name"":""LogFileFullReasonBucket8"",""#text"":""0""},{""@Name"":""LogFileFullReasonBucket9"",""#text"":""0""},{""@Name"":""LogFileFullReasonBucket10"",""#text"":""0""},{""@Name"":""LogFileFullReasonBucket11"",""#text"":""0""},{""@Name"":""LogFileFullReasonBucket12"",""#text"":""0""},{""@Name"":""LogFileFullReasonBucket13"",""#text"":""0""},{""@Name"":""LogFileFullReasonBucket14"",""#text"":""0""},{""@Name"":""LogFileFullReasonBucket15"",""#text"":""0""},{""@Name"":""DiskResourceFailure"",""#text"":""0""},{""@Name"":""VolumeTrimCount"",""#text"":""0""},{""@Name"":""VolumeTrimTime"",""#text"":""0""},{""@Name"":""VolumeTrimSize"",""#text"":""0""},{""@Name"":""AvgVolumeTrimTime"",""#text"":""0""},{""@Name"":""AvgVolumeTrimSize"",""#text"":""0""},{""@Name"":""VolumeTrimSkippedCount"",""#text"":""0""},{""@Name"":""VolumeTrimSkippedSize"",""#text"":""0""},{""@Name"":""FileLevelTrimCount"",""#text"":""0""},{""@Name"":""FileLevelTrimTime"",""#text"":""0""},{""@Name"":""FileLevelTrimSize"",""#text"":""0""},{""@Name"":""AvgFileLevelTrimTime"",""#text"":""0""},{""@Name"":""AvgFileLevelTrimSize"",""#text"":""0""},{""@Name"":""NtfsFillStatInfoFromMftRecordCalledCount"",""#text"":""0""},{""@Name"":""NtfsFillStatInfoFromMftRecordBailedBecauseOfAttributeListCount"",""#text"":""0""},{""@Name"":""NtfsFillStatInfoFromMftRecordBailedBecauseOfNonResReparsePointCount"",""#text"":""0""}]}}"
44,44,2023-03-08 08:54:53.5358085,142,Info,Microsoft-Windows-Ntfs,Microsoft-Windows-Ntfs/Operational,4,196,WIN-D7MHOC9OLC8,0,S-1-5-18,NTFS-formatted drive attached,,,VolumeName: C:,IsBootVolume: True,"LowestFreeSpaceInBytes: ","HighestFreeSpaceInBytes: ",,,,False,C:\Users\quentin\Documents\repo\writeups\CrownJewel-1\Artifacts\Microsoft-Windows-NTFS.evtx,0x4000000000200000,0,"{""EventData"":{""Data"":[{""@Name"":""VolumeGuid"",""#text"":""17a28535-1e81-4f9f-8b4a-85bb7474b0c9""},{""@Name"":""VolumeNameLength"",""#text"":""2""},{""@Name"":""VolumeName"",""#text"":""C:""},{""@Name"":""IsBootVolume"",""#text"":""True""},{""@Name"":""ElapsedSeconds"",""#text"":""3600""},{""@Name"":""AvailabeSpaceMinStr"",""#text"":""87.93 GB""},{""@Name"":""AvailabeSpaceMaxStr"",""#text"":""88.90 GB""},{""@Name"":""AvailabeSpaceDeltaStr"",""#text"":""998.08 MB""},{""@Name"":""AvailableClustersMin"",""#text"":""23047996""},{""@Name"":""AvailableClustersMax"",""#text"":""23303503""},{""@Name"":""UnallocatedClustersMin"",""#text"":""23060649""},{""@Name"":""UnallocatedClustersMax"",""#text"":""23315979""},{""@Name"":""ReservedClustersMin"",""#text"":""11408""},{""@Name"":""ReservedClustersMax"",""#text"":""27776""},{""@Name"":""TxfAbortReservedClustersMin"",""#text"":""1024""},{""@Name"":""TxfAbortReservedClustersMax"",""#text"":""1024""},{""@Name"":""PageFileSizeInBytes"",""#text"":""1811939328""},{""@Name"":""PageFileSizeStr"",""#text"":""1.69 GB""},{""@Name"":""VolumeSizeInBytes"",""#text"":""106699943936""},{""@Name"":""VolumeSizeStr"",""#text"":""99.38 GB""},{""@Name"":""ClusterSize"",""#text"":""4096""},{""@Name"":""CachedRunsMissCountForMft"",""#text"":""0""},{""@Name"":""CachedRunsMissCountForMftZone"",""#text"":""0""},{""@Name"":""CachedRunsMissCount"",""#text"":""0""}]}}"
45,45,2023-03-08 09:41:14.1155654,9,Info,Microsoft-Windows-Ntfs,Microsoft-Windows-Ntfs/Operational,4,384,DC01,0,S-1-5-18,,,,,,,,,,,False,C:\Users\quentin\Documents\repo\writeups\CrownJewel-1\Artifacts\Microsoft-Windows-NTFS.evtx,0x4000000000200000,0,"{""EventData"":{""Data"":[{""@Name"":""VolumeCorrelationId"",""#text"":""17a28535-1e81-4f9f-8b4a-85bb7474b0c9""},{""@Name"":""VolumeIdLength"",""#text"":""2""},{""@Name"":""VolumeId"",""#text"":""C:""},{""@Name"":""VolumeLabelLength"",""#text"":""0""},{""@Name"":""VolumeLabel""},{""@Name"":""DeviceNameLength"",""#text"":""23""},{""@Name"":""DeviceName"",""#text"":""\\Device\\HarddiskVolume3""},{""@Name"":""DeviceGuid"",""#text"":""7b6f1752-bd95-6e22-e3a5-6ee8419ecad7""},{""@Name"":""VendorIdLength"",""#text"":""0""},{""@Name"":""VendorId""},{""@Name"":""ProductIdLength"",""#text"":""24""},{""@Name"":""ProductId"",""#text"":""VMware Virtual NVMe Disk""},{""@Name"":""ProductRevisionLength"",""#text"":""3""},{""@Name"":""ProductRevision"",""#text"":""1.0""},{""@Name"":""DeviceSerialNumberLength"",""#text"":""16""},{""@Name"":""DeviceSerialNumber"",""#text"":""VMWare NVME_0000""},{""@Name"":""BusType"",""#text"":""17""},{""@Name"":""AdapterSerialNumberLength"",""#text"":""16""},{""@Name"":""AdapterSerialNumber"",""#text"":""VMWare NVME_0000""},{""@Name"":""DurationUs"",""#text"":""15161""},{""@Name"":""InputFlags"",""#text"":""0xE""},{""@Name"":""Reason"",""#text"":""1""},{""@Name"":""Flags"",""#text"":""0x10""}]}}"
46,46,2023-03-08 09:41:14.1155796,10,Info,Microsoft-Windows-Ntfs,Microsoft-Windows-Ntfs/Operational,4,384,DC01,0,S-1-5-18,,,,,,,,,,,False,C:\Users\quentin\Documents\repo\writeups\CrownJewel-1\Artifacts\Microsoft-Windows-NTFS.evtx,0x4000000000200000,0,"{""EventData"":{""Data"":[{""@Name"":""VolumeCorrelationId"",""#text"":""17a28535-1e81-4f9f-8b4a-85bb7474b0c9""},{""@Name"":""VolumeId"",""#text"":""C:""},{""@Name"":""VolumeLabel""},{""@Name"":""DeviceName"",""#text"":""\\Device\\HarddiskVolume3""},{""@Name"":""DeviceGuid"",""#text"":""7b6f1752-bd95-6e22-e3a5-6ee8419ecad7""},{""@Name"":""VendorId""},{""@Name"":""ProductId"",""#text"":""VMware Virtual NVMe Disk""},{""@Name"":""ProductRevision"",""#text"":""1.0""},{""@Name"":""DeviceSerialNumber"",""#text"":""VMWare NVME_0000""},{""@Name"":""BusType"",""#text"":""17""},{""@Name"":""AdapterSerialNumber"",""#text"":""VMWare NVME_0000""},{""@Name"":""MediaType"",""#text"":""1""},{""@Name"":""RunsCached"",""#text"":""192""},{""@Name"":""LongestRunCached"",""#text"":""93307809792""},{""@Name"":""LongestRunCachedStr"",""#text"":""86.90 GB""},{""@Name"":""MostPopulatedBinCount"",""#text"":""36""},{""@Name"":""MostPopulatedBinMinLength"",""#text"":""65536""},{""@Name"":""MostPopulatedBinMinLengthStr"",""#text"":""64 KB""},{""@Name"":""MostPopulatedBinMaxLength"",""#text"":""65536""},{""@Name"":""MostPopulatedBinMaxLengthStr"",""#text"":""64 KB""},{""@Name"":""TotalCachedRuns"",""#text"":""1""},{""@Name"":""CachedRunsLogged"",""#text"":""1""},{""@Name"":""CachedRunsAlignment"",""#text"":""1""},{""@Name"":""RunsInCachedRuns"",""#text"":""192""},{""@Name"":""LongestRunInCachedRuns"",""#text"":""93307809792""},{""@Name"":""MostPopulatedBinCountInCachedRuns"",""#text"":""36""},{""@Name"":""MostPopulatedBinMinLengthInCachedRuns"",""#text"":""65536""},{""@Name"":""MostPopulatedBinMaxLengthInCachedRuns"",""#text"":""65536""}]}}"
